CRITICAL - 2024-12-23 04:50:20 --> Undefined array key "category_name"
in APPPATH\Views\index.php on line 131.
 1 APPPATH\Views\index.php(131): CodeIgniter\Debug\Exceptions->errorHandler(2, 'Undefined array key "category_name"', 'C:\\xampp\\htdocs\\CukNuk\\app\\Views\\index.php', 131)
 2 SYSTEMPATH\View\View.php(228): include('C:\\xampp\\htdocs\\CukNuk\\app\\Views\\index.php')
 3 SYSTEMPATH\View\View.php(231): CodeIgniter\View\View->CodeIgniter\View\{closure}()
 4 SYSTEMPATH\Common.php(1190): CodeIgniter\View\View->render('index', [], true)
 5 APPPATH\Controllers\Home.php(30): view('index', [...])
 6 SYSTEMPATH\CodeIgniter.php(942): App\Controllers\Home->index()
 7 SYSTEMPATH\CodeIgniter.php(502): CodeIgniter\CodeIgniter->runController(Object(App\Controllers\Home))
 8 SYSTEMPATH\CodeIgniter.php(361): CodeIgniter\CodeIgniter->handleRequest(null, Object(Config\Cache), false)
 9 FCPATH\index.php(79): CodeIgniter\CodeIgniter->run()
CRITICAL - 2024-12-23 06:19:07 --> Undefined variable $sliderDIndex3
in APPPATH\Views\index.php on line 69.
 1 APPPATH\Views\index.php(69): CodeIgniter\Debug\Exceptions->errorHandler(2, 'Undefined variable $sliderDIndex3', 'C:\\xampp\\htdocs\\CukNuk\\app\\Views\\index.php', 69)
 2 SYSTEMPATH\View\View.php(228): include('C:\\xampp\\htdocs\\CukNuk\\app\\Views\\index.php')
 3 SYSTEMPATH\View\View.php(231): CodeIgniter\View\View->CodeIgniter\View\{closure}()
 4 SYSTEMPATH\Common.php(1190): CodeIgniter\View\View->render('index', [], true)
 5 APPPATH\Controllers\Home.php(32): view('index', [...])
 6 SYSTEMPATH\CodeIgniter.php(942): App\Controllers\Home->index()
 7 SYSTEMPATH\CodeIgniter.php(502): CodeIgniter\CodeIgniter->runController(Object(App\Controllers\Home))
 8 SYSTEMPATH\CodeIgniter.php(361): CodeIgniter\CodeIgniter->handleRequest(null, Object(Config\Cache), false)
 9 FCPATH\index.php(79): CodeIgniter\CodeIgniter->run()
CRITICAL - 2024-12-23 06:31:33 --> Undefined variable $productD
in APPPATH\Views\Product.php on line 29.
 1 APPPATH\Views\Product.php(29): CodeIgniter\Debug\Exceptions->errorHandler(2, 'Undefined variable $productD', 'C:\\xampp\\htdocs\\CukNuk\\app\\Views\\Product.php', 29)
 2 SYSTEMPATH\View\View.php(228): include('C:\\xampp\\htdocs\\CukNuk\\app\\Views\\Product.php')
 3 SYSTEMPATH\View\View.php(231): CodeIgniter\View\View->CodeIgniter\View\{closure}()
 4 SYSTEMPATH\Common.php(1190): CodeIgniter\View\View->render('Product', [], true)
 5 APPPATH\Controllers\Home.php(56): view('Product', [...])
 6 SYSTEMPATH\CodeIgniter.php(942): App\Controllers\Home->Product()
 7 SYSTEMPATH\CodeIgniter.php(502): CodeIgniter\CodeIgniter->runController(Object(App\Controllers\Home))
 8 SYSTEMPATH\CodeIgniter.php(361): CodeIgniter\CodeIgniter->handleRequest(null, Object(Config\Cache), false)
 9 FCPATH\index.php(79): CodeIgniter\CodeIgniter->run()
CRITICAL - 2024-12-23 06:42:06 --> Undefined variable $category
in APPPATH\Views\index.php on line 239.
 1 APPPATH\Views\index.php(239): CodeIgniter\Debug\Exceptions->errorHandler(2, 'Undefined variable $category', 'C:\\xampp\\htdocs\\CukNuk\\app\\Views\\index.php', 239)
 2 SYSTEMPATH\View\View.php(228): include('C:\\xampp\\htdocs\\CukNuk\\app\\Views\\index.php')
 3 SYSTEMPATH\View\View.php(231): CodeIgniter\View\View->CodeIgniter\View\{closure}()
 4 SYSTEMPATH\Common.php(1190): CodeIgniter\View\View->render('index', [], true)
 5 APPPATH\Controllers\Home.php(32): view('index', [...])
 6 SYSTEMPATH\CodeIgniter.php(942): App\Controllers\Home->index()
 7 SYSTEMPATH\CodeIgniter.php(502): CodeIgniter\CodeIgniter->runController(Object(App\Controllers\Home))
 8 SYSTEMPATH\CodeIgniter.php(361): CodeIgniter\CodeIgniter->handleRequest(null, Object(Config\Cache), false)
 9 FCPATH\index.php(79): CodeIgniter\CodeIgniter->run()
ERROR - 2024-12-23 06:49:44 --> mysqli_sql_exception: Unknown column 'active' in 'where clause' in C:\xampp\htdocs\CukNuk\system\Database\MySQLi\Connection.php:306
Stack trace:
#0 C:\xampp\htdocs\CukNuk\system\Database\MySQLi\Connection.php(306): mysqli->query('SELECT * FROM `...', 0)
#1 C:\xampp\htdocs\CukNuk\system\Database\BaseConnection.php(693): CodeIgniter\Database\MySQLi\Connection->execute('SELECT * FROM `...')
#2 C:\xampp\htdocs\CukNuk\system\Database\BaseConnection.php(607): CodeIgniter\Database\BaseConnection->simpleQuery('SELECT * FROM `...')
#3 C:\xampp\htdocs\CukNuk\app\Models\CategoryModel.php(21): CodeIgniter\Database\BaseConnection->query('SELECT * FROM `...')
#4 C:\xampp\htdocs\CukNuk\app\Controllers\Home.php(31): App\Models\CategoryModel->getCategoryList()
#5 C:\xampp\htdocs\CukNuk\system\CodeIgniter.php(942): App\Controllers\Home->index()
#6 C:\xampp\htdocs\CukNuk\system\CodeIgniter.php(502): CodeIgniter\CodeIgniter->runController(Object(App\Controllers\Home))
#7 C:\xampp\htdocs\CukNuk\system\CodeIgniter.php(361): CodeIgniter\CodeIgniter->handleRequest(NULL, Object(Config\Cache), false)
#8 C:\xampp\htdocs\CukNuk\index.php(79): CodeIgniter\CodeIgniter->run()
#9 {main}
CRITICAL - 2024-12-23 06:49:44 --> Unknown column 'active' in 'where clause'
in SYSTEMPATH\Database\BaseConnection.php on line 647.
 1 APPPATH\Models\CategoryModel.php(21): CodeIgniter\Database\BaseConnection->query('SELECT * FROM `tbl_category` where active=1 order by id desc ')
 2 APPPATH\Controllers\Home.php(31): App\Models\CategoryModel->getCategoryList()
 3 SYSTEMPATH\CodeIgniter.php(942): App\Controllers\Home->index()
 4 SYSTEMPATH\CodeIgniter.php(502): CodeIgniter\CodeIgniter->runController(Object(App\Controllers\Home))
 5 SYSTEMPATH\CodeIgniter.php(361): CodeIgniter\CodeIgniter->handleRequest(null, Object(Config\Cache), false)
 6 FCPATH\index.php(79): CodeIgniter\CodeIgniter->run()
ERROR - 2024-12-23 06:50:04 --> mysqli_sql_exception: Unknown column 'category' in 'field list' in C:\xampp\htdocs\CukNuk\system\Database\MySQLi\Connection.php:306
Stack trace:
#0 C:\xampp\htdocs\CukNuk\system\Database\MySQLi\Connection.php(306): mysqli->query('SELECT id,categ...', 0)
#1 C:\xampp\htdocs\CukNuk\system\Database\BaseConnection.php(693): CodeIgniter\Database\MySQLi\Connection->execute('SELECT id,categ...')
#2 C:\xampp\htdocs\CukNuk\system\Database\BaseConnection.php(607): CodeIgniter\Database\BaseConnection->simpleQuery('SELECT id,categ...')
#3 C:\xampp\htdocs\CukNuk\app\Models\CategoryModel.php(27): CodeIgniter\Database\BaseConnection->query('SELECT id,categ...')
#4 C:\xampp\htdocs\CukNuk\app\Controllers\Home.php(32): App\Models\CategoryModel->getCategory()
#5 C:\xampp\htdocs\CukNuk\system\CodeIgniter.php(942): App\Controllers\Home->index()
#6 C:\xampp\htdocs\CukNuk\system\CodeIgniter.php(502): CodeIgniter\CodeIgniter->runController(Object(App\Controllers\Home))
#7 C:\xampp\htdocs\CukNuk\system\CodeIgniter.php(361): CodeIgniter\CodeIgniter->handleRequest(NULL, Object(Config\Cache), false)
#8 C:\xampp\htdocs\CukNuk\index.php(79): CodeIgniter\CodeIgniter->run()
#9 {main}
CRITICAL - 2024-12-23 06:50:04 --> Unknown column 'category' in 'field list'
in SYSTEMPATH\Database\BaseConnection.php on line 647.
 1 APPPATH\Models\CategoryModel.php(27): CodeIgniter\Database\BaseConnection->query('SELECT id,category FROM `tbl_category` ORDER BY id DESC LIMIT 5')
 2 APPPATH\Controllers\Home.php(32): App\Models\CategoryModel->getCategory()
 3 SYSTEMPATH\CodeIgniter.php(942): App\Controllers\Home->index()
 4 SYSTEMPATH\CodeIgniter.php(502): CodeIgniter\CodeIgniter->runController(Object(App\Controllers\Home))
 5 SYSTEMPATH\CodeIgniter.php(361): CodeIgniter\CodeIgniter->handleRequest(null, Object(Config\Cache), false)
 6 FCPATH\index.php(79): CodeIgniter\CodeIgniter->run()
ERROR - 2024-12-23 06:50:05 --> mysqli_sql_exception: Unknown column 'category' in 'field list' in C:\xampp\htdocs\CukNuk\system\Database\MySQLi\Connection.php:306
Stack trace:
#0 C:\xampp\htdocs\CukNuk\system\Database\MySQLi\Connection.php(306): mysqli->query('SELECT id,categ...', 0)
#1 C:\xampp\htdocs\CukNuk\system\Database\BaseConnection.php(693): CodeIgniter\Database\MySQLi\Connection->execute('SELECT id,categ...')
#2 C:\xampp\htdocs\CukNuk\system\Database\BaseConnection.php(607): CodeIgniter\Database\BaseConnection->simpleQuery('SELECT id,categ...')
#3 C:\xampp\htdocs\CukNuk\app\Models\CategoryModel.php(27): CodeIgniter\Database\BaseConnection->query('SELECT id,categ...')
#4 C:\xampp\htdocs\CukNuk\app\Controllers\Home.php(32): App\Models\CategoryModel->getCategory()
#5 C:\xampp\htdocs\CukNuk\system\CodeIgniter.php(942): App\Controllers\Home->index()
#6 C:\xampp\htdocs\CukNuk\system\CodeIgniter.php(502): CodeIgniter\CodeIgniter->runController(Object(App\Controllers\Home))
#7 C:\xampp\htdocs\CukNuk\system\CodeIgniter.php(361): CodeIgniter\CodeIgniter->handleRequest(NULL, Object(Config\Cache), false)
#8 C:\xampp\htdocs\CukNuk\index.php(79): CodeIgniter\CodeIgniter->run()
#9 {main}
CRITICAL - 2024-12-23 06:50:05 --> Unknown column 'category' in 'field list'
in SYSTEMPATH\Database\BaseConnection.php on line 647.
 1 APPPATH\Models\CategoryModel.php(27): CodeIgniter\Database\BaseConnection->query('SELECT id,category FROM `tbl_category` ORDER BY id DESC LIMIT 5')
 2 APPPATH\Controllers\Home.php(32): App\Models\CategoryModel->getCategory()
 3 SYSTEMPATH\CodeIgniter.php(942): App\Controllers\Home->index()
 4 SYSTEMPATH\CodeIgniter.php(502): CodeIgniter\CodeIgniter->runController(Object(App\Controllers\Home))
 5 SYSTEMPATH\CodeIgniter.php(361): CodeIgniter\CodeIgniter->handleRequest(null, Object(Config\Cache), false)
 6 FCPATH\index.php(79): CodeIgniter\CodeIgniter->run()
CRITICAL - 2024-12-23 07:08:56 --> Undefined variable $category
in APPPATH\Views\index.php on line 252.
 1 APPPATH\Views\index.php(252): CodeIgniter\Debug\Exceptions->errorHandler(2, 'Undefined variable $category', 'C:\\xampp\\htdocs\\CukNuk\\app\\Views\\index.php', 252)
 2 SYSTEMPATH\View\View.php(228): include('C:\\xampp\\htdocs\\CukNuk\\app\\Views\\index.php')
 3 SYSTEMPATH\View\View.php(231): CodeIgniter\View\View->CodeIgniter\View\{closure}()
 4 SYSTEMPATH\Common.php(1190): CodeIgniter\View\View->render('index', [], true)
 5 APPPATH\Controllers\Home.php(33): view('index', [...])
 6 SYSTEMPATH\CodeIgniter.php(942): App\Controllers\Home->index()
 7 SYSTEMPATH\CodeIgniter.php(502): CodeIgniter\CodeIgniter->runController(Object(App\Controllers\Home))
 8 SYSTEMPATH\CodeIgniter.php(361): CodeIgniter\CodeIgniter->handleRequest(null, Object(Config\Cache), false)
 9 FCPATH\index.php(79): CodeIgniter\CodeIgniter->run()
ERROR - 2024-12-23 07:09:08 --> mysqli_sql_exception: Table 'anujyot_industries.menu' doesn't exist in C:\xampp\htdocs\CukNuk\system\Database\MySQLi\Connection.php:306
Stack trace:
#0 C:\xampp\htdocs\CukNuk\system\Database\MySQLi\Connection.php(306): mysqli->query('SELECT * FROM `...', 0)
#1 C:\xampp\htdocs\CukNuk\system\Database\BaseConnection.php(693): CodeIgniter\Database\MySQLi\Connection->execute('SELECT * FROM `...')
#2 C:\xampp\htdocs\CukNuk\system\Database\BaseConnection.php(607): CodeIgniter\Database\BaseConnection->simpleQuery('SELECT * FROM `...')
#3 C:\xampp\htdocs\CukNuk\app\Views\index.php(255): CodeIgniter\Database\BaseConnection->query('SELECT * FROM `...')
#4 C:\xampp\htdocs\CukNuk\system\View\View.php(228): include('C:\\xampp\\htdocs...')
#5 C:\xampp\htdocs\CukNuk\system\View\View.php(231): CodeIgniter\View\View->CodeIgniter\View\{closure}()
#6 C:\xampp\htdocs\CukNuk\system\Common.php(1190): CodeIgniter\View\View->render('index', Array, true)
#7 C:\xampp\htdocs\CukNuk\app\Controllers\Home.php(33): view('index', Array)
#8 C:\xampp\htdocs\CukNuk\system\CodeIgniter.php(942): App\Controllers\Home->index()
#9 C:\xampp\htdocs\CukNuk\system\CodeIgniter.php(502): CodeIgniter\CodeIgniter->runController(Object(App\Controllers\Home))
#10 C:\xampp\htdocs\CukNuk\system\CodeIgniter.php(361): CodeIgniter\CodeIgniter->handleRequest(NULL, Object(Config\Cache), false)
#11 C:\xampp\htdocs\CukNuk\index.php(79): CodeIgniter\CodeIgniter->run()
#12 {main}
CRITICAL - 2024-12-23 07:09:08 --> Table 'anujyot_industries.menu' doesn't exist
in SYSTEMPATH\Database\BaseConnection.php on line 647.
 1 APPPATH\Views\index.php(255): CodeIgniter\Database\BaseConnection->query('SELECT * FROM `menu` WHERE is_deleted=0 And category_id=18 ')
 2 SYSTEMPATH\View\View.php(228): include('C:\\xampp\\htdocs\\CukNuk\\app\\Views\\index.php')
 3 SYSTEMPATH\View\View.php(231): CodeIgniter\View\View->CodeIgniter\View\{closure}()
 4 SYSTEMPATH\Common.php(1190): CodeIgniter\View\View->render('index', [], true)
 5 APPPATH\Controllers\Home.php(33): view('index', [...])
 6 SYSTEMPATH\CodeIgniter.php(942): App\Controllers\Home->index()
 7 SYSTEMPATH\CodeIgniter.php(502): CodeIgniter\CodeIgniter->runController(Object(App\Controllers\Home))
 8 SYSTEMPATH\CodeIgniter.php(361): CodeIgniter\CodeIgniter->handleRequest(null, Object(Config\Cache), false)
 9 FCPATH\index.php(79): CodeIgniter\CodeIgniter->run()
CRITICAL - 2024-12-23 07:13:48 --> Undefined array key "product_name"
in APPPATH\Views\index.php on line 287.
 1 APPPATH\Views\index.php(287): CodeIgniter\Debug\Exceptions->errorHandler(2, 'Undefined array key "product_name"', 'C:\\xampp\\htdocs\\CukNuk\\app\\Views\\index.php', 287)
 2 SYSTEMPATH\View\View.php(228): include('C:\\xampp\\htdocs\\CukNuk\\app\\Views\\index.php')
 3 SYSTEMPATH\View\View.php(231): CodeIgniter\View\View->CodeIgniter\View\{closure}()
 4 SYSTEMPATH\Common.php(1190): CodeIgniter\View\View->render('index', [], true)
 5 APPPATH\Controllers\Home.php(33): view('index', [...])
 6 SYSTEMPATH\CodeIgniter.php(942): App\Controllers\Home->index()
 7 SYSTEMPATH\CodeIgniter.php(502): CodeIgniter\CodeIgniter->runController(Object(App\Controllers\Home))
 8 SYSTEMPATH\CodeIgniter.php(361): CodeIgniter\CodeIgniter->handleRequest(null, Object(Config\Cache), false)
 9 FCPATH\index.php(79): CodeIgniter\CodeIgniter->run()
CRITICAL - 2024-12-23 07:14:42 --> Undefined array key "category_name"
in APPPATH\Views\index.php on line 282.
 1 APPPATH\Views\index.php(282): CodeIgniter\Debug\Exceptions->errorHandler(2, 'Undefined array key "category_name"', 'C:\\xampp\\htdocs\\CukNuk\\app\\Views\\index.php', 282)
 2 SYSTEMPATH\View\View.php(228): include('C:\\xampp\\htdocs\\CukNuk\\app\\Views\\index.php')
 3 SYSTEMPATH\View\View.php(231): CodeIgniter\View\View->CodeIgniter\View\{closure}()
 4 SYSTEMPATH\Common.php(1190): CodeIgniter\View\View->render('index', [], true)
 5 APPPATH\Controllers\Home.php(33): view('index', [...])
 6 SYSTEMPATH\CodeIgniter.php(942): App\Controllers\Home->index()
 7 SYSTEMPATH\CodeIgniter.php(502): CodeIgniter\CodeIgniter->runController(Object(App\Controllers\Home))
 8 SYSTEMPATH\CodeIgniter.php(361): CodeIgniter\CodeIgniter->handleRequest(null, Object(Config\Cache), false)
 9 FCPATH\index.php(79): CodeIgniter\CodeIgniter->run()
CRITICAL - 2024-12-23 07:16:10 --> Undefined variable $categoryId
in APPPATH\Views\index.php on line 250.
 1 APPPATH\Views\index.php(250): CodeIgniter\Debug\Exceptions->errorHandler(2, 'Undefined variable $categoryId', 'C:\\xampp\\htdocs\\CukNuk\\app\\Views\\index.php', 250)
 2 SYSTEMPATH\View\View.php(228): include('C:\\xampp\\htdocs\\CukNuk\\app\\Views\\index.php')
 3 SYSTEMPATH\View\View.php(231): CodeIgniter\View\View->CodeIgniter\View\{closure}()
 4 SYSTEMPATH\Common.php(1190): CodeIgniter\View\View->render('index', [], true)
 5 APPPATH\Controllers\Home.php(33): view('index', [...])
 6 SYSTEMPATH\CodeIgniter.php(942): App\Controllers\Home->index()
 7 SYSTEMPATH\CodeIgniter.php(502): CodeIgniter\CodeIgniter->runController(Object(App\Controllers\Home))
 8 SYSTEMPATH\CodeIgniter.php(361): CodeIgniter\CodeIgniter->handleRequest(null, Object(Config\Cache), false)
 9 FCPATH\index.php(79): CodeIgniter\CodeIgniter->run()
CRITICAL - 2024-12-23 07:18:01 --> Undefined variable $categoryId
in APPPATH\Views\index.php on line 250.
 1 APPPATH\Views\index.php(250): CodeIgniter\Debug\Exceptions->errorHandler(2, 'Undefined variable $categoryId', 'C:\\xampp\\htdocs\\CukNuk\\app\\Views\\index.php', 250)
 2 SYSTEMPATH\View\View.php(228): include('C:\\xampp\\htdocs\\CukNuk\\app\\Views\\index.php')
 3 SYSTEMPATH\View\View.php(231): CodeIgniter\View\View->CodeIgniter\View\{closure}()
 4 SYSTEMPATH\Common.php(1190): CodeIgniter\View\View->render('index', [], true)
 5 APPPATH\Controllers\Home.php(33): view('index', [...])
 6 SYSTEMPATH\CodeIgniter.php(942): App\Controllers\Home->index()
 7 SYSTEMPATH\CodeIgniter.php(502): CodeIgniter\CodeIgniter->runController(Object(App\Controllers\Home))
 8 SYSTEMPATH\CodeIgniter.php(361): CodeIgniter\CodeIgniter->handleRequest(null, Object(Config\Cache), false)
 9 FCPATH\index.php(79): CodeIgniter\CodeIgniter->run()
CRITICAL - 2024-12-23 07:22:05 --> Undefined array key "category_name"
in APPPATH\Views\index.php on line 282.
 1 APPPATH\Views\index.php(282): CodeIgniter\Debug\Exceptions->errorHandler(2, 'Undefined array key "category_name"', 'C:\\xampp\\htdocs\\CukNuk\\app\\Views\\index.php', 282)
 2 SYSTEMPATH\View\View.php(228): include('C:\\xampp\\htdocs\\CukNuk\\app\\Views\\index.php')
 3 SYSTEMPATH\View\View.php(231): CodeIgniter\View\View->CodeIgniter\View\{closure}()
 4 SYSTEMPATH\Common.php(1190): CodeIgniter\View\View->render('index', [], true)
 5 APPPATH\Controllers\Home.php(33): view('index', [...])
 6 SYSTEMPATH\CodeIgniter.php(942): App\Controllers\Home->index()
 7 SYSTEMPATH\CodeIgniter.php(502): CodeIgniter\CodeIgniter->runController(Object(App\Controllers\Home))
 8 SYSTEMPATH\CodeIgniter.php(361): CodeIgniter\CodeIgniter->handleRequest(null, Object(Config\Cache), false)
 9 FCPATH\index.php(79): CodeIgniter\CodeIgniter->run()
CRITICAL - 2024-12-23 07:23:00 --> Undefined variable $categoryId
in APPPATH\Views\index.php on line 258.
 1 APPPATH\Views\index.php(258): CodeIgniter\Debug\Exceptions->errorHandler(2, 'Undefined variable $categoryId', 'C:\\xampp\\htdocs\\CukNuk\\app\\Views\\index.php', 258)
 2 SYSTEMPATH\View\View.php(228): include('C:\\xampp\\htdocs\\CukNuk\\app\\Views\\index.php')
 3 SYSTEMPATH\View\View.php(231): CodeIgniter\View\View->CodeIgniter\View\{closure}()
 4 SYSTEMPATH\Common.php(1190): CodeIgniter\View\View->render('index', [], true)
 5 APPPATH\Controllers\Home.php(33): view('index', [...])
 6 SYSTEMPATH\CodeIgniter.php(942): App\Controllers\Home->index()
 7 SYSTEMPATH\CodeIgniter.php(502): CodeIgniter\CodeIgniter->runController(Object(App\Controllers\Home))
 8 SYSTEMPATH\CodeIgniter.php(361): CodeIgniter\CodeIgniter->handleRequest(null, Object(Config\Cache), false)
 9 FCPATH\index.php(79): CodeIgniter\CodeIgniter->run()
CRITICAL - 2024-12-23 07:23:18 --> Undefined variable $cat
in APPPATH\Views\index.php on line 242.
 1 APPPATH\Views\index.php(242): CodeIgniter\Debug\Exceptions->errorHandler(2, 'Undefined variable $cat', 'C:\\xampp\\htdocs\\CukNuk\\app\\Views\\index.php', 242)
 2 SYSTEMPATH\View\View.php(228): include('C:\\xampp\\htdocs\\CukNuk\\app\\Views\\index.php')
 3 SYSTEMPATH\View\View.php(231): CodeIgniter\View\View->CodeIgniter\View\{closure}()
 4 SYSTEMPATH\Common.php(1190): CodeIgniter\View\View->render('index', [], true)
 5 APPPATH\Controllers\Home.php(33): view('index', [...])
 6 SYSTEMPATH\CodeIgniter.php(942): App\Controllers\Home->index()
 7 SYSTEMPATH\CodeIgniter.php(502): CodeIgniter\CodeIgniter->runController(Object(App\Controllers\Home))
 8 SYSTEMPATH\CodeIgniter.php(361): CodeIgniter\CodeIgniter->handleRequest(null, Object(Config\Cache), false)
 9 FCPATH\index.php(79): CodeIgniter\CodeIgniter->run()
CRITICAL - 2024-12-23 07:23:29 --> Undefined variable $counter
in APPPATH\Views\index.php on line 242.
 1 APPPATH\Views\index.php(242): CodeIgniter\Debug\Exceptions->errorHandler(2, 'Undefined variable $counter', 'C:\\xampp\\htdocs\\CukNuk\\app\\Views\\index.php', 242)
 2 SYSTEMPATH\View\View.php(228): include('C:\\xampp\\htdocs\\CukNuk\\app\\Views\\index.php')
 3 SYSTEMPATH\View\View.php(231): CodeIgniter\View\View->CodeIgniter\View\{closure}()
 4 SYSTEMPATH\Common.php(1190): CodeIgniter\View\View->render('index', [], true)
 5 APPPATH\Controllers\Home.php(33): view('index', [...])
 6 SYSTEMPATH\CodeIgniter.php(942): App\Controllers\Home->index()
 7 SYSTEMPATH\CodeIgniter.php(502): CodeIgniter\CodeIgniter->runController(Object(App\Controllers\Home))
 8 SYSTEMPATH\CodeIgniter.php(361): CodeIgniter\CodeIgniter->handleRequest(null, Object(Config\Cache), false)
 9 FCPATH\index.php(79): CodeIgniter\CodeIgniter->run()
CRITICAL - 2024-12-23 07:23:53 --> Undefined variable $counter
in APPPATH\Views\index.php on line 253.
 1 APPPATH\Views\index.php(253): CodeIgniter\Debug\Exceptions->errorHandler(2, 'Undefined variable $counter', 'C:\\xampp\\htdocs\\CukNuk\\app\\Views\\index.php', 253)
 2 SYSTEMPATH\View\View.php(228): include('C:\\xampp\\htdocs\\CukNuk\\app\\Views\\index.php')
 3 SYSTEMPATH\View\View.php(231): CodeIgniter\View\View->CodeIgniter\View\{closure}()
 4 SYSTEMPATH\Common.php(1190): CodeIgniter\View\View->render('index', [], true)
 5 APPPATH\Controllers\Home.php(33): view('index', [...])
 6 SYSTEMPATH\CodeIgniter.php(942): App\Controllers\Home->index()
 7 SYSTEMPATH\CodeIgniter.php(502): CodeIgniter\CodeIgniter->runController(Object(App\Controllers\Home))
 8 SYSTEMPATH\CodeIgniter.php(361): CodeIgniter\CodeIgniter->handleRequest(null, Object(Config\Cache), false)
 9 FCPATH\index.php(79): CodeIgniter\CodeIgniter->run()
CRITICAL - 2024-12-23 07:23:55 --> Undefined variable $counter
in APPPATH\Views\index.php on line 253.
 1 APPPATH\Views\index.php(253): CodeIgniter\Debug\Exceptions->errorHandler(2, 'Undefined variable $counter', 'C:\\xampp\\htdocs\\CukNuk\\app\\Views\\index.php', 253)
 2 SYSTEMPATH\View\View.php(228): include('C:\\xampp\\htdocs\\CukNuk\\app\\Views\\index.php')
 3 SYSTEMPATH\View\View.php(231): CodeIgniter\View\View->CodeIgniter\View\{closure}()
 4 SYSTEMPATH\Common.php(1190): CodeIgniter\View\View->render('index', [], true)
 5 APPPATH\Controllers\Home.php(33): view('index', [...])
 6 SYSTEMPATH\CodeIgniter.php(942): App\Controllers\Home->index()
 7 SYSTEMPATH\CodeIgniter.php(502): CodeIgniter\CodeIgniter->runController(Object(App\Controllers\Home))
 8 SYSTEMPATH\CodeIgniter.php(361): CodeIgniter\CodeIgniter->handleRequest(null, Object(Config\Cache), false)
 9 FCPATH\index.php(79): CodeIgniter\CodeIgniter->run()
CRITICAL - 2024-12-23 07:24:08 --> Undefined variable $categoryId
in APPPATH\Views\index.php on line 253.
 1 APPPATH\Views\index.php(253): CodeIgniter\Debug\Exceptions->errorHandler(2, 'Undefined variable $categoryId', 'C:\\xampp\\htdocs\\CukNuk\\app\\Views\\index.php', 253)
 2 SYSTEMPATH\View\View.php(228): include('C:\\xampp\\htdocs\\CukNuk\\app\\Views\\index.php')
 3 SYSTEMPATH\View\View.php(231): CodeIgniter\View\View->CodeIgniter\View\{closure}()
 4 SYSTEMPATH\Common.php(1190): CodeIgniter\View\View->render('index', [], true)
 5 APPPATH\Controllers\Home.php(33): view('index', [...])
 6 SYSTEMPATH\CodeIgniter.php(942): App\Controllers\Home->index()
 7 SYSTEMPATH\CodeIgniter.php(502): CodeIgniter\CodeIgniter->runController(Object(App\Controllers\Home))
 8 SYSTEMPATH\CodeIgniter.php(361): CodeIgniter\CodeIgniter->handleRequest(null, Object(Config\Cache), false)
 9 FCPATH\index.php(79): CodeIgniter\CodeIgniter->run()
CRITICAL - 2024-12-23 07:24:09 --> Undefined variable $categoryId
in APPPATH\Views\index.php on line 253.
 1 APPPATH\Views\index.php(253): CodeIgniter\Debug\Exceptions->errorHandler(2, 'Undefined variable $categoryId', 'C:\\xampp\\htdocs\\CukNuk\\app\\Views\\index.php', 253)
 2 SYSTEMPATH\View\View.php(228): include('C:\\xampp\\htdocs\\CukNuk\\app\\Views\\index.php')
 3 SYSTEMPATH\View\View.php(231): CodeIgniter\View\View->CodeIgniter\View\{closure}()
 4 SYSTEMPATH\Common.php(1190): CodeIgniter\View\View->render('index', [], true)
 5 APPPATH\Controllers\Home.php(33): view('index', [...])
 6 SYSTEMPATH\CodeIgniter.php(942): App\Controllers\Home->index()
 7 SYSTEMPATH\CodeIgniter.php(502): CodeIgniter\CodeIgniter->runController(Object(App\Controllers\Home))
 8 SYSTEMPATH\CodeIgniter.php(361): CodeIgniter\CodeIgniter->handleRequest(null, Object(Config\Cache), false)
 9 FCPATH\index.php(79): CodeIgniter\CodeIgniter->run()
CRITICAL - 2024-12-23 08:58:20 --> Undefined array key "category_name"
in APPPATH\Views\index.php on line 246.
 1 APPPATH\Views\index.php(246): CodeIgniter\Debug\Exceptions->errorHandler(2, 'Undefined array key "category_name"', 'C:\\xampp\\htdocs\\CukNuk\\app\\Views\\index.php', 246)
 2 SYSTEMPATH\View\View.php(228): include('C:\\xampp\\htdocs\\CukNuk\\app\\Views\\index.php')
 3 SYSTEMPATH\View\View.php(231): CodeIgniter\View\View->CodeIgniter\View\{closure}()
 4 SYSTEMPATH\Common.php(1190): CodeIgniter\View\View->render('index', [], true)
 5 APPPATH\Controllers\Home.php(33): view('index', [...])
 6 SYSTEMPATH\CodeIgniter.php(942): App\Controllers\Home->index()
 7 SYSTEMPATH\CodeIgniter.php(502): CodeIgniter\CodeIgniter->runController(Object(App\Controllers\Home))
 8 SYSTEMPATH\CodeIgniter.php(361): CodeIgniter\CodeIgniter->handleRequest(null, Object(Config\Cache), false)
 9 FCPATH\index.php(79): CodeIgniter\CodeIgniter->run()
CRITICAL - 2024-12-23 12:00:44 --> count(): Argument #1 ($value) must be of type Countable|array, string given
in APPPATH\Views\Product.php on line 54.
 1 SYSTEMPATH\View\View.php(228): include()
 2 SYSTEMPATH\View\View.php(231): CodeIgniter\View\View->CodeIgniter\View\{closure}()
 3 SYSTEMPATH\Common.php(1190): CodeIgniter\View\View->render('Product', [], true)
 4 APPPATH\Controllers\Home.php(57): view('Product', [...])
 5 SYSTEMPATH\CodeIgniter.php(942): App\Controllers\Home->Product()
 6 SYSTEMPATH\CodeIgniter.php(502): CodeIgniter\CodeIgniter->runController(Object(App\Controllers\Home))
 7 SYSTEMPATH\CodeIgniter.php(361): CodeIgniter\CodeIgniter->handleRequest(null, Object(Config\Cache), false)
 8 FCPATH\index.php(79): CodeIgniter\CodeIgniter->run()
