CRITICAL - 2024-02-09 04:23:59 --> Undefined variable $categoryList
in APPPATH/Views/Admin/AddProducts.php on line 55.
 1 APPPATH/Views/Admin/AddProducts.php(55): CodeIgniter\Debug\Exceptions->errorHandler(2, 'Undefined variable $categoryList', '/home/anujyotindustrie/public_html/app/Views/Admin/AddProducts.php', 55)
 2 SYSTEMPATH/View/View.php(228): include('/home/anujyotindustrie/public_html/app/Views/Admin/AddProducts.php')
 3 SYSTEMPATH/View/View.php(231): CodeIgniter\View\View->CodeIgniter\View\{closure}()
 4 SYSTEMPATH/Common.php(1190): CodeIgniter\View\View->render('Admin/AddProducts', [], true)
 5 APPPATH/Controllers/ProductController.php(199): view('Admin/AddProducts', [...])
 6 SYSTEMPATH/CodeIgniter.php(942): App\Controllers\ProductController->UpdateProduct()
 7 SYSTEMPATH/CodeIgniter.php(502): CodeIgniter\CodeIgniter->runController(Object(App\Controllers\ProductController))
 8 SYSTEMPATH/CodeIgniter.php(361): CodeIgniter\CodeIgniter->handleRequest(null, Object(Config\Cache), false)
 9 FCPATH/index.php(79): CodeIgniter\CodeIgniter->run()
CRITICAL - 2024-02-09 04:28:38 --> Undefined variable $list
in APPPATH/Views/index.php on line 542.
 1 APPPATH/Views/index.php(542): CodeIgniter\Debug\Exceptions->errorHandler(2, 'Undefined variable $list', '/home/anujyotindustrie/public_html/app/Views/index.php', 542)
 2 SYSTEMPATH/View/View.php(228): include('/home/anujyotindustrie/public_html/app/Views/index.php')
 3 SYSTEMPATH/View/View.php(231): CodeIgniter\View\View->CodeIgniter\View\{closure}()
 4 SYSTEMPATH/Common.php(1190): CodeIgniter\View\View->render('index', [], true)
 5 APPPATH/Controllers/Home.php(27): view('index', [...])
 6 SYSTEMPATH/CodeIgniter.php(942): App\Controllers\Home->index()
 7 SYSTEMPATH/CodeIgniter.php(502): CodeIgniter\CodeIgniter->runController(Object(App\Controllers\Home))
 8 SYSTEMPATH/CodeIgniter.php(361): CodeIgniter\CodeIgniter->handleRequest(null, Object(Config\Cache), false)
 9 FCPATH/index.php(79): CodeIgniter\CodeIgniter->run()
CRITICAL - 2024-02-09 06:08:29 --> Undefined array key "category_name"
in APPPATH/Views/Admin/ViewProducts.php on line 52.
 1 APPPATH/Views/Admin/ViewProducts.php(52): CodeIgniter\Debug\Exceptions->errorHandler(2, 'Undefined array key "category_name"', '/home/anujyotindustrie/public_html/app/Views/Admin/ViewProducts.php', 52)
 2 SYSTEMPATH/View/View.php(228): include('/home/anujyotindustrie/public_html/app/Views/Admin/ViewProducts.php')
 3 SYSTEMPATH/View/View.php(231): CodeIgniter\View\View->CodeIgniter\View\{closure}()
 4 SYSTEMPATH/Common.php(1190): CodeIgniter\View\View->render('Admin/ViewProducts', [], true)
 5 APPPATH/Controllers/ProductController.php(17): view('Admin/ViewProducts', [...])
 6 SYSTEMPATH/CodeIgniter.php(942): App\Controllers\ProductController->ViewProducts()
 7 SYSTEMPATH/CodeIgniter.php(502): CodeIgniter\CodeIgniter->runController(Object(App\Controllers\ProductController))
 8 SYSTEMPATH/CodeIgniter.php(361): CodeIgniter\CodeIgniter->handleRequest(null, Object(Config\Cache), false)
 9 FCPATH/index.php(79): CodeIgniter\CodeIgniter->run()
CRITICAL - 2024-02-09 06:13:08 --> Undefined array key "category_name"
in APPPATH/Views/Admin/ViewProducts.php on line 52.
 1 APPPATH/Views/Admin/ViewProducts.php(52): CodeIgniter\Debug\Exceptions->errorHandler(2, 'Undefined array key "category_name"', '/home/anujyotindustrie/public_html/app/Views/Admin/ViewProducts.php', 52)
 2 SYSTEMPATH/View/View.php(228): include('/home/anujyotindustrie/public_html/app/Views/Admin/ViewProducts.php')
 3 SYSTEMPATH/View/View.php(231): CodeIgniter\View\View->CodeIgniter\View\{closure}()
 4 SYSTEMPATH/Common.php(1190): CodeIgniter\View\View->render('Admin/ViewProducts', [], true)
 5 APPPATH/Controllers/ProductController.php(17): view('Admin/ViewProducts', [...])
 6 SYSTEMPATH/CodeIgniter.php(942): App\Controllers\ProductController->ViewProducts()
 7 SYSTEMPATH/CodeIgniter.php(502): CodeIgniter\CodeIgniter->runController(Object(App\Controllers\ProductController))
 8 SYSTEMPATH/CodeIgniter.php(361): CodeIgniter\CodeIgniter->handleRequest(null, Object(Config\Cache), false)
 9 FCPATH/index.php(79): CodeIgniter\CodeIgniter->run()
CRITICAL - 2024-02-09 06:15:01 --> Undefined array key "category_name"
in APPPATH/Views/Admin/ViewProducts.php on line 52.
 1 APPPATH/Views/Admin/ViewProducts.php(52): CodeIgniter\Debug\Exceptions->errorHandler(2, 'Undefined array key "category_name"', '/home/anujyotindustrie/public_html/app/Views/Admin/ViewProducts.php', 52)
 2 SYSTEMPATH/View/View.php(228): include('/home/anujyotindustrie/public_html/app/Views/Admin/ViewProducts.php')
 3 SYSTEMPATH/View/View.php(231): CodeIgniter\View\View->CodeIgniter\View\{closure}()
 4 SYSTEMPATH/Common.php(1190): CodeIgniter\View\View->render('Admin/ViewProducts', [], true)
 5 APPPATH/Controllers/ProductController.php(19): view('Admin/ViewProducts', [...])
 6 SYSTEMPATH/CodeIgniter.php(942): App\Controllers\ProductController->ViewProducts()
 7 SYSTEMPATH/CodeIgniter.php(502): CodeIgniter\CodeIgniter->runController(Object(App\Controllers\ProductController))
 8 SYSTEMPATH/CodeIgniter.php(361): CodeIgniter\CodeIgniter->handleRequest(null, Object(Config\Cache), false)
 9 FCPATH/index.php(79): CodeIgniter\CodeIgniter->run()
CRITICAL - 2024-02-09 06:15:03 --> Undefined array key "category_name"
in APPPATH/Views/Admin/ViewProducts.php on line 52.
 1 APPPATH/Views/Admin/ViewProducts.php(52): CodeIgniter\Debug\Exceptions->errorHandler(2, 'Undefined array key "category_name"', '/home/anujyotindustrie/public_html/app/Views/Admin/ViewProducts.php', 52)
 2 SYSTEMPATH/View/View.php(228): include('/home/anujyotindustrie/public_html/app/Views/Admin/ViewProducts.php')
 3 SYSTEMPATH/View/View.php(231): CodeIgniter\View\View->CodeIgniter\View\{closure}()
 4 SYSTEMPATH/Common.php(1190): CodeIgniter\View\View->render('Admin/ViewProducts', [], true)
 5 APPPATH/Controllers/ProductController.php(19): view('Admin/ViewProducts', [...])
 6 SYSTEMPATH/CodeIgniter.php(942): App\Controllers\ProductController->ViewProducts()
 7 SYSTEMPATH/CodeIgniter.php(502): CodeIgniter\CodeIgniter->runController(Object(App\Controllers\ProductController))
 8 SYSTEMPATH/CodeIgniter.php(361): CodeIgniter\CodeIgniter->handleRequest(null, Object(Config\Cache), false)
 9 FCPATH/index.php(79): CodeIgniter\CodeIgniter->run()
CRITICAL - 2024-02-09 06:17:29 --> Undefined array key "category_name"
in APPPATH/Views/Admin/ViewProducts.php on line 52.
 1 APPPATH/Views/Admin/ViewProducts.php(52): CodeIgniter\Debug\Exceptions->errorHandler(2, 'Undefined array key "category_name"', '/home/anujyotindustrie/public_html/app/Views/Admin/ViewProducts.php', 52)
 2 SYSTEMPATH/View/View.php(228): include('/home/anujyotindustrie/public_html/app/Views/Admin/ViewProducts.php')
 3 SYSTEMPATH/View/View.php(231): CodeIgniter\View\View->CodeIgniter\View\{closure}()
 4 SYSTEMPATH/Common.php(1190): CodeIgniter\View\View->render('Admin/ViewProducts', [], true)
 5 APPPATH/Controllers/ProductController.php(19): view('Admin/ViewProducts', [...])
 6 SYSTEMPATH/CodeIgniter.php(942): App\Controllers\ProductController->ViewProducts()
 7 SYSTEMPATH/CodeIgniter.php(502): CodeIgniter\CodeIgniter->runController(Object(App\Controllers\ProductController))
 8 SYSTEMPATH/CodeIgniter.php(361): CodeIgniter\CodeIgniter->handleRequest(null, Object(Config\Cache), false)
 9 FCPATH/index.php(79): CodeIgniter\CodeIgniter->run()
CRITICAL - 2024-02-09 06:18:06 --> Undefined array key "category_name"
in APPPATH/Views/Admin/ViewProducts.php on line 52.
 1 APPPATH/Views/Admin/ViewProducts.php(52): CodeIgniter\Debug\Exceptions->errorHandler(2, 'Undefined array key "category_name"', '/home/anujyotindustrie/public_html/app/Views/Admin/ViewProducts.php', 52)
 2 SYSTEMPATH/View/View.php(228): include('/home/anujyotindustrie/public_html/app/Views/Admin/ViewProducts.php')
 3 SYSTEMPATH/View/View.php(231): CodeIgniter\View\View->CodeIgniter\View\{closure}()
 4 SYSTEMPATH/Common.php(1190): CodeIgniter\View\View->render('Admin/ViewProducts', [], true)
 5 APPPATH/Controllers/ProductController.php(17): view('Admin/ViewProducts', [...])
 6 SYSTEMPATH/CodeIgniter.php(942): App\Controllers\ProductController->ViewProducts()
 7 SYSTEMPATH/CodeIgniter.php(502): CodeIgniter\CodeIgniter->runController(Object(App\Controllers\ProductController))
 8 SYSTEMPATH/CodeIgniter.php(361): CodeIgniter\CodeIgniter->handleRequest(null, Object(Config\Cache), false)
 9 FCPATH/index.php(79): CodeIgniter\CodeIgniter->run()
CRITICAL - 2024-02-09 06:25:15 --> Undefined array key "category_name"
in APPPATH/Views/Admin/ViewProducts.php on line 52.
 1 APPPATH/Views/Admin/ViewProducts.php(52): CodeIgniter\Debug\Exceptions->errorHandler(2, 'Undefined array key "category_name"', '/home/anujyotindustrie/public_html/app/Views/Admin/ViewProducts.php', 52)
 2 SYSTEMPATH/View/View.php(228): include('/home/anujyotindustrie/public_html/app/Views/Admin/ViewProducts.php')
 3 SYSTEMPATH/View/View.php(231): CodeIgniter\View\View->CodeIgniter\View\{closure}()
 4 SYSTEMPATH/Common.php(1190): CodeIgniter\View\View->render('Admin/ViewProducts', [], true)
 5 APPPATH/Controllers/ProductController.php(19): view('Admin/ViewProducts', [...])
 6 SYSTEMPATH/CodeIgniter.php(942): App\Controllers\ProductController->ViewProducts()
 7 SYSTEMPATH/CodeIgniter.php(502): CodeIgniter\CodeIgniter->runController(Object(App\Controllers\ProductController))
 8 SYSTEMPATH/CodeIgniter.php(361): CodeIgniter\CodeIgniter->handleRequest(null, Object(Config\Cache), false)
 9 FCPATH/index.php(79): CodeIgniter\CodeIgniter->run()
ERROR - 2024-02-09 06:32:54 --> mysqli_sql_exception: Unknown column 'sc.id' in 'order clause' in /home/anujyotindustrie/public_html/system/Database/MySQLi/Connection.php:306
Stack trace:
#0 /home/anujyotindustrie/public_html/system/Database/MySQLi/Connection.php(306): mysqli->query('SELECT p.*,c.ca...', 0)
#1 /home/anujyotindustrie/public_html/system/Database/BaseConnection.php(693): CodeIgniter\Database\MySQLi\Connection->execute('SELECT p.*,c.ca...')
#2 /home/anujyotindustrie/public_html/system/Database/BaseConnection.php(607): CodeIgniter\Database\BaseConnection->simpleQuery('SELECT p.*,c.ca...')
#3 /home/anujyotindustrie/public_html/app/Models/ProductModel.php(22): CodeIgniter\Database\BaseConnection->query('SELECT p.*,c.ca...')
#4 /home/anujyotindustrie/public_html/app/Controllers/ProductController.php(18): App\Models\ProductModel->getProductList()
#5 /home/anujyotindustrie/public_html/system/CodeIgniter.php(942): App\Controllers\ProductController->ViewProducts()
#6 /home/anujyotindustrie/public_html/system/CodeIgniter.php(502): CodeIgniter\CodeIgniter->runController(Object(App\Controllers\ProductController))
#7 /home/anujyotindustrie/public_html/system/CodeIgniter.php(361): CodeIgniter\CodeIgniter->handleRequest(NULL, Object(Config\Cache), false)
#8 /home/anujyotindustrie/public_html/index.php(79): CodeIgniter\CodeIgniter->run()
#9 {main}
CRITICAL - 2024-02-09 06:32:54 --> Unknown column 'sc.id' in 'order clause'
in SYSTEMPATH/Database/BaseConnection.php on line 647.
 1 APPPATH/Models/ProductModel.php(22): CodeIgniter\Database\BaseConnection->query('SELECT p.*,c.category_name FROM tbl_product p ,tbl_category c where p.product_type=c.id order by sc.id desc')
 2 APPPATH/Controllers/ProductController.php(18): App\Models\ProductModel->getProductList()
 3 SYSTEMPATH/CodeIgniter.php(942): App\Controllers\ProductController->ViewProducts()
 4 SYSTEMPATH/CodeIgniter.php(502): CodeIgniter\CodeIgniter->runController(Object(App\Controllers\ProductController))
 5 SYSTEMPATH/CodeIgniter.php(361): CodeIgniter\CodeIgniter->handleRequest(null, Object(Config\Cache), false)
 6 FCPATH/index.php(79): CodeIgniter\CodeIgniter->run()
CRITICAL - 2024-02-09 09:12:25 --> Undefined array key "category_name"
in APPPATH/Views/productDetails.php on line 37.
 1 APPPATH/Views/productDetails.php(37): CodeIgniter\Debug\Exceptions->errorHandler(2, 'Undefined array key "category_name"', '/home/anujyotindustrie/public_html/app/Views/productDetails.php', 37)
 2 SYSTEMPATH/View/View.php(228): include('/home/anujyotindustrie/public_html/app/Views/productDetails.php')
 3 SYSTEMPATH/View/View.php(231): CodeIgniter\View\View->CodeIgniter\View\{closure}()
 4 SYSTEMPATH/Common.php(1190): CodeIgniter\View\View->render('productDetails', [], true)
 5 APPPATH/Controllers/Home.php(59): view('productDetails', [...])
 6 SYSTEMPATH/CodeIgniter.php(942): App\Controllers\Home->productDetails()
 7 SYSTEMPATH/CodeIgniter.php(502): CodeIgniter\CodeIgniter->runController(Object(App\Controllers\Home))
 8 SYSTEMPATH/CodeIgniter.php(361): CodeIgniter\CodeIgniter->handleRequest(null, Object(Config\Cache), false)
 9 FCPATH/index.php(79): CodeIgniter\CodeIgniter->run()
CRITICAL - 2024-02-09 09:22:38 --> Undefined array key "per"
in APPPATH/Controllers/Home.php on line 54.
 1 APPPATH/Controllers/Home.php(54): CodeIgniter\Debug\Exceptions->errorHandler(2, 'Undefined array key "per"', '/home/anujyotindustrie/public_html/app/Controllers/Home.php', 54)
 2 SYSTEMPATH/CodeIgniter.php(942): App\Controllers\Home->productDetails()
 3 SYSTEMPATH/CodeIgniter.php(502): CodeIgniter\CodeIgniter->runController(Object(App\Controllers\Home))
 4 SYSTEMPATH/CodeIgniter.php(361): CodeIgniter\CodeIgniter->handleRequest(null, Object(Config\Cache), false)
 5 FCPATH/index.php(79): CodeIgniter\CodeIgniter->run()
CRITICAL - 2024-02-09 09:23:16 --> Undefined array key "per"
in APPPATH/Controllers/Home.php on line 54.
 1 APPPATH/Controllers/Home.php(54): CodeIgniter\Debug\Exceptions->errorHandler(2, 'Undefined array key "per"', '/home/anujyotindustrie/public_html/app/Controllers/Home.php', 54)
 2 SYSTEMPATH/CodeIgniter.php(942): App\Controllers\Home->productDetails()
 3 SYSTEMPATH/CodeIgniter.php(502): CodeIgniter\CodeIgniter->runController(Object(App\Controllers\Home))
 4 SYSTEMPATH/CodeIgniter.php(361): CodeIgniter\CodeIgniter->handleRequest(null, Object(Config\Cache), false)
 5 FCPATH/index.php(79): CodeIgniter\CodeIgniter->run()
