ERROR - 2024-03-04 05:15:52 --> Email: sendWithSmtp throwed ErrorException: fsockopen(): Unable to connect to ssl://smtp.gmail.com:465 (Network is unreachable) in /home/anujyotindustrie/public_html/system/Email/Email.php:1891
Stack trace:
#0 [internal function]: CodeIgniter\Debug\Exceptions->errorHandler(2, 'fsockopen(): Un...', '/home/anujyotin...', 1891)
#1 /home/anujyotindustrie/public_html/system/Email/Email.php(1891): fsockopen('ssl://smtp.gmai...', 465, NULL, NULL, 60)
#2 /home/anujyotindustrie/public_html/system/Email/Email.php(1799): CodeIgniter\Email\Email->SMTPConnect()
#3 /home/anujyotindustrie/public_html/system/Email/Email.php(1684): CodeIgniter\Email\Email->sendWithSmtp()
#4 /home/anujyotindustrie/public_html/system/Email/Email.php(1578): CodeIgniter\Email\Email->spoolEmail()
#5 /home/anujyotindustrie/public_html/app/Controllers/ContactController.php(58): CodeIgniter\Email\Email->send()
#6 /home/anujyotindustrie/public_html/system/CodeIgniter.php(942): App\Controllers\ContactController->ContactProcess()
#7 /home/anujyotindustrie/public_html/system/CodeIgniter.php(502): CodeIgniter\CodeIgniter->runController(Object(App\Controllers\ContactController))
#8 /home/anujyotindustrie/public_html/system/CodeIgniter.php(361): CodeIgniter\CodeIgniter->handleRequest(NULL, Object(Config\Cache), false)
#9 /home/anujyotindustrie/public_html/index.php(79): CodeIgniter\CodeIgniter->run()
#10 {main}
ERROR - 2024-03-04 05:15:52 --> Email: Unable to send email using SMTP. Your server might not be configured to send mail using this method.
ERROR - 2024-03-04 05:15:52 --> 
ERROR - 2024-03-04 05:15:53 --> Email: sendWithSmtp throwed ErrorException: fsockopen(): Unable to connect to ssl://smtp.gmail.com:465 (Network is unreachable) in /home/anujyotindustrie/public_html/system/Email/Email.php:1891
Stack trace:
#0 [internal function]: CodeIgniter\Debug\Exceptions->errorHandler(2, 'fsockopen(): Un...', '/home/anujyotin...', 1891)
#1 /home/anujyotindustrie/public_html/system/Email/Email.php(1891): fsockopen('ssl://smtp.gmai...', 465, NULL, NULL, 60)
#2 /home/anujyotindustrie/public_html/system/Email/Email.php(1799): CodeIgniter\Email\Email->SMTPConnect()
#3 /home/anujyotindustrie/public_html/system/Email/Email.php(1684): CodeIgniter\Email\Email->sendWithSmtp()
#4 /home/anujyotindustrie/public_html/system/Email/Email.php(1578): CodeIgniter\Email\Email->spoolEmail()
#5 /home/anujyotindustrie/public_html/app/Controllers/ContactController.php(60): CodeIgniter\Email\Email->send()
#6 /home/anujyotindustrie/public_html/system/CodeIgniter.php(942): App\Controllers\ContactController->ContactProcess()
#7 /home/anujyotindustrie/public_html/system/CodeIgniter.php(502): CodeIgniter\CodeIgniter->runController(Object(App\Controllers\ContactController))
#8 /home/anujyotindustrie/public_html/system/CodeIgniter.php(361): CodeIgniter\CodeIgniter->handleRequest(NULL, Object(Config\Cache), false)
#9 /home/anujyotindustrie/public_html/index.php(79): CodeIgniter\CodeIgniter->run()
#10 {main}
ERROR - 2024-03-04 05:15:53 --> Email: Unable to send email using SMTP. Your server might not be configured to send mail using this method.
ERROR - 2024-03-04 05:15:53 --> Unable to send email using SMTP. Your server might not be configured to send mail using this method.
ERROR - 2024-03-04 05:24:23 --> Email: sendWithSmtp throwed ErrorException: fsockopen(): Unable to connect to ssl://smtp.gmail.com:465 (Network is unreachable) in /home/anujyotindustrie/public_html/system/Email/Email.php:1891
Stack trace:
#0 [internal function]: CodeIgniter\Debug\Exceptions->errorHandler(2, 'fsockopen(): Un...', '/home/anujyotin...', 1891)
#1 /home/anujyotindustrie/public_html/system/Email/Email.php(1891): fsockopen('ssl://smtp.gmai...', 465, NULL, NULL, 60)
#2 /home/anujyotindustrie/public_html/system/Email/Email.php(1799): CodeIgniter\Email\Email->SMTPConnect()
#3 /home/anujyotindustrie/public_html/system/Email/Email.php(1684): CodeIgniter\Email\Email->sendWithSmtp()
#4 /home/anujyotindustrie/public_html/system/Email/Email.php(1578): CodeIgniter\Email\Email->spoolEmail()
#5 /home/anujyotindustrie/public_html/app/Controllers/ContactController.php(58): CodeIgniter\Email\Email->send()
#6 /home/anujyotindustrie/public_html/system/CodeIgniter.php(942): App\Controllers\ContactController->ContactProcess()
#7 /home/anujyotindustrie/public_html/system/CodeIgniter.php(502): CodeIgniter\CodeIgniter->runController(Object(App\Controllers\ContactController))
#8 /home/anujyotindustrie/public_html/system/CodeIgniter.php(361): CodeIgniter\CodeIgniter->handleRequest(NULL, Object(Config\Cache), false)
#9 /home/anujyotindustrie/public_html/index.php(79): CodeIgniter\CodeIgniter->run()
#10 {main}
ERROR - 2024-03-04 05:24:23 --> Email: Unable to send email using SMTP. Your server might not be configured to send mail using this method.
ERROR - 2024-03-04 05:24:23 --> 
ERROR - 2024-03-04 05:24:24 --> Email: sendWithSmtp throwed ErrorException: fsockopen(): Unable to connect to ssl://smtp.gmail.com:465 (Network is unreachable) in /home/anujyotindustrie/public_html/system/Email/Email.php:1891
Stack trace:
#0 [internal function]: CodeIgniter\Debug\Exceptions->errorHandler(2, 'fsockopen(): Un...', '/home/anujyotin...', 1891)
#1 /home/anujyotindustrie/public_html/system/Email/Email.php(1891): fsockopen('ssl://smtp.gmai...', 465, NULL, NULL, 60)
#2 /home/anujyotindustrie/public_html/system/Email/Email.php(1799): CodeIgniter\Email\Email->SMTPConnect()
#3 /home/anujyotindustrie/public_html/system/Email/Email.php(1684): CodeIgniter\Email\Email->sendWithSmtp()
#4 /home/anujyotindustrie/public_html/system/Email/Email.php(1578): CodeIgniter\Email\Email->spoolEmail()
#5 /home/anujyotindustrie/public_html/app/Controllers/ContactController.php(60): CodeIgniter\Email\Email->send()
#6 /home/anujyotindustrie/public_html/system/CodeIgniter.php(942): App\Controllers\ContactController->ContactProcess()
#7 /home/anujyotindustrie/public_html/system/CodeIgniter.php(502): CodeIgniter\CodeIgniter->runController(Object(App\Controllers\ContactController))
#8 /home/anujyotindustrie/public_html/system/CodeIgniter.php(361): CodeIgniter\CodeIgniter->handleRequest(NULL, Object(Config\Cache), false)
#9 /home/anujyotindustrie/public_html/index.php(79): CodeIgniter\CodeIgniter->run()
#10 {main}
ERROR - 2024-03-04 05:24:24 --> Email: Unable to send email using SMTP. Your server might not be configured to send mail using this method.
ERROR - 2024-03-04 05:24:24 --> Unable to send email using SMTP. Your server might not be configured to send mail using this method.
ERROR - 2024-03-04 05:25:41 --> Email: sendWithSmtp throwed ErrorException: fsockopen(): Unable to connect to ssl://smtp.gmail.com:465 (Network is unreachable) in /home/anujyotindustrie/public_html/system/Email/Email.php:1891
Stack trace:
#0 [internal function]: CodeIgniter\Debug\Exceptions->errorHandler(2, 'fsockopen(): Un...', '/home/anujyotin...', 1891)
#1 /home/anujyotindustrie/public_html/system/Email/Email.php(1891): fsockopen('ssl://smtp.gmai...', 465, NULL, NULL, 60)
#2 /home/anujyotindustrie/public_html/system/Email/Email.php(1799): CodeIgniter\Email\Email->SMTPConnect()
#3 /home/anujyotindustrie/public_html/system/Email/Email.php(1684): CodeIgniter\Email\Email->sendWithSmtp()
#4 /home/anujyotindustrie/public_html/system/Email/Email.php(1578): CodeIgniter\Email\Email->spoolEmail()
#5 /home/anujyotindustrie/public_html/app/Controllers/ContactController.php(58): CodeIgniter\Email\Email->send()
#6 /home/anujyotindustrie/public_html/system/CodeIgniter.php(942): App\Controllers\ContactController->ContactProcess()
#7 /home/anujyotindustrie/public_html/system/CodeIgniter.php(502): CodeIgniter\CodeIgniter->runController(Object(App\Controllers\ContactController))
#8 /home/anujyotindustrie/public_html/system/CodeIgniter.php(361): CodeIgniter\CodeIgniter->handleRequest(NULL, Object(Config\Cache), false)
#9 /home/anujyotindustrie/public_html/index.php(79): CodeIgniter\CodeIgniter->run()
#10 {main}
ERROR - 2024-03-04 05:25:41 --> Email: Unable to send email using SMTP. Your server might not be configured to send mail using this method.
ERROR - 2024-03-04 05:25:41 --> 
ERROR - 2024-03-04 05:25:42 --> Email: sendWithSmtp throwed ErrorException: fsockopen(): Unable to connect to ssl://smtp.gmail.com:465 (Network is unreachable) in /home/anujyotindustrie/public_html/system/Email/Email.php:1891
Stack trace:
#0 [internal function]: CodeIgniter\Debug\Exceptions->errorHandler(2, 'fsockopen(): Un...', '/home/anujyotin...', 1891)
#1 /home/anujyotindustrie/public_html/system/Email/Email.php(1891): fsockopen('ssl://smtp.gmai...', 465, NULL, NULL, 60)
#2 /home/anujyotindustrie/public_html/system/Email/Email.php(1799): CodeIgniter\Email\Email->SMTPConnect()
#3 /home/anujyotindustrie/public_html/system/Email/Email.php(1684): CodeIgniter\Email\Email->sendWithSmtp()
#4 /home/anujyotindustrie/public_html/system/Email/Email.php(1578): CodeIgniter\Email\Email->spoolEmail()
#5 /home/anujyotindustrie/public_html/app/Controllers/ContactController.php(60): CodeIgniter\Email\Email->send()
#6 /home/anujyotindustrie/public_html/system/CodeIgniter.php(942): App\Controllers\ContactController->ContactProcess()
#7 /home/anujyotindustrie/public_html/system/CodeIgniter.php(502): CodeIgniter\CodeIgniter->runController(Object(App\Controllers\ContactController))
#8 /home/anujyotindustrie/public_html/system/CodeIgniter.php(361): CodeIgniter\CodeIgniter->handleRequest(NULL, Object(Config\Cache), false)
#9 /home/anujyotindustrie/public_html/index.php(79): CodeIgniter\CodeIgniter->run()
#10 {main}
ERROR - 2024-03-04 05:25:42 --> Email: Unable to send email using SMTP. Your server might not be configured to send mail using this method.
ERROR - 2024-03-04 05:25:42 --> Unable to send email using SMTP. Your server might not be configured to send mail using this method.
ERROR - 2024-03-04 05:26:14 --> Email: sendWithSmtp throwed ErrorException: fsockopen(): Unable to connect to ssl://smtp.gmail.com:465 (Network is unreachable) in /home/anujyotindustrie/public_html/system/Email/Email.php:1891
Stack trace:
#0 [internal function]: CodeIgniter\Debug\Exceptions->errorHandler(2, 'fsockopen(): Un...', '/home/anujyotin...', 1891)
#1 /home/anujyotindustrie/public_html/system/Email/Email.php(1891): fsockopen('ssl://smtp.gmai...', 465, NULL, NULL, 60)
#2 /home/anujyotindustrie/public_html/system/Email/Email.php(1799): CodeIgniter\Email\Email->SMTPConnect()
#3 /home/anujyotindustrie/public_html/system/Email/Email.php(1684): CodeIgniter\Email\Email->sendWithSmtp()
#4 /home/anujyotindustrie/public_html/system/Email/Email.php(1578): CodeIgniter\Email\Email->spoolEmail()
#5 /home/anujyotindustrie/public_html/app/Controllers/ContactController.php(58): CodeIgniter\Email\Email->send()
#6 /home/anujyotindustrie/public_html/system/CodeIgniter.php(942): App\Controllers\ContactController->ContactProcess()
#7 /home/anujyotindustrie/public_html/system/CodeIgniter.php(502): CodeIgniter\CodeIgniter->runController(Object(App\Controllers\ContactController))
#8 /home/anujyotindustrie/public_html/system/CodeIgniter.php(361): CodeIgniter\CodeIgniter->handleRequest(NULL, Object(Config\Cache), false)
#9 /home/anujyotindustrie/public_html/index.php(79): CodeIgniter\CodeIgniter->run()
#10 {main}
ERROR - 2024-03-04 05:26:14 --> Email: Unable to send email using SMTP. Your server might not be configured to send mail using this method.
ERROR - 2024-03-04 05:26:14 --> 
ERROR - 2024-03-04 05:26:15 --> Email: sendWithSmtp throwed ErrorException: fsockopen(): Unable to connect to ssl://smtp.gmail.com:465 (Network is unreachable) in /home/anujyotindustrie/public_html/system/Email/Email.php:1891
Stack trace:
#0 [internal function]: CodeIgniter\Debug\Exceptions->errorHandler(2, 'fsockopen(): Un...', '/home/anujyotin...', 1891)
#1 /home/anujyotindustrie/public_html/system/Email/Email.php(1891): fsockopen('ssl://smtp.gmai...', 465, NULL, NULL, 60)
#2 /home/anujyotindustrie/public_html/system/Email/Email.php(1799): CodeIgniter\Email\Email->SMTPConnect()
#3 /home/anujyotindustrie/public_html/system/Email/Email.php(1684): CodeIgniter\Email\Email->sendWithSmtp()
#4 /home/anujyotindustrie/public_html/system/Email/Email.php(1578): CodeIgniter\Email\Email->spoolEmail()
#5 /home/anujyotindustrie/public_html/app/Controllers/ContactController.php(60): CodeIgniter\Email\Email->send()
#6 /home/anujyotindustrie/public_html/system/CodeIgniter.php(942): App\Controllers\ContactController->ContactProcess()
#7 /home/anujyotindustrie/public_html/system/CodeIgniter.php(502): CodeIgniter\CodeIgniter->runController(Object(App\Controllers\ContactController))
#8 /home/anujyotindustrie/public_html/system/CodeIgniter.php(361): CodeIgniter\CodeIgniter->handleRequest(NULL, Object(Config\Cache), false)
#9 /home/anujyotindustrie/public_html/index.php(79): CodeIgniter\CodeIgniter->run()
#10 {main}
ERROR - 2024-03-04 05:26:15 --> Email: Unable to send email using SMTP. Your server might not be configured to send mail using this method.
ERROR - 2024-03-04 05:26:15 --> Unable to send email using SMTP. Your server might not be configured to send mail using this method.
ERROR - 2024-03-04 05:37:32 --> Email: sendWithSmtp throwed ErrorException: fsockopen(): Unable to connect to ssl://smtp.gmail.com:465 (Network is unreachable) in /home/anujyotindustrie/public_html/system/Email/Email.php:1891
Stack trace:
#0 [internal function]: CodeIgniter\Debug\Exceptions->errorHandler(2, 'fsockopen(): Un...', '/home/anujyotin...', 1891)
#1 /home/anujyotindustrie/public_html/system/Email/Email.php(1891): fsockopen('ssl://smtp.gmai...', 465, NULL, NULL, 60)
#2 /home/anujyotindustrie/public_html/system/Email/Email.php(1799): CodeIgniter\Email\Email->SMTPConnect()
#3 /home/anujyotindustrie/public_html/system/Email/Email.php(1684): CodeIgniter\Email\Email->sendWithSmtp()
#4 /home/anujyotindustrie/public_html/system/Email/Email.php(1578): CodeIgniter\Email\Email->spoolEmail()
#5 /home/anujyotindustrie/public_html/app/Controllers/ContactController.php(58): CodeIgniter\Email\Email->send()
#6 /home/anujyotindustrie/public_html/system/CodeIgniter.php(942): App\Controllers\ContactController->ContactProcess()
#7 /home/anujyotindustrie/public_html/system/CodeIgniter.php(502): CodeIgniter\CodeIgniter->runController(Object(App\Controllers\ContactController))
#8 /home/anujyotindustrie/public_html/system/CodeIgniter.php(361): CodeIgniter\CodeIgniter->handleRequest(NULL, Object(Config\Cache), false)
#9 /home/anujyotindustrie/public_html/index.php(79): CodeIgniter\CodeIgniter->run()
#10 {main}
ERROR - 2024-03-04 05:37:32 --> Email: Unable to send email using SMTP. Your server might not be configured to send mail using this method.
ERROR - 2024-03-04 05:37:32 --> 
ERROR - 2024-03-04 05:37:33 --> Email: sendWithSmtp throwed ErrorException: fsockopen(): Unable to connect to ssl://smtp.gmail.com:465 (Network is unreachable) in /home/anujyotindustrie/public_html/system/Email/Email.php:1891
Stack trace:
#0 [internal function]: CodeIgniter\Debug\Exceptions->errorHandler(2, 'fsockopen(): Un...', '/home/anujyotin...', 1891)
#1 /home/anujyotindustrie/public_html/system/Email/Email.php(1891): fsockopen('ssl://smtp.gmai...', 465, NULL, NULL, 60)
#2 /home/anujyotindustrie/public_html/system/Email/Email.php(1799): CodeIgniter\Email\Email->SMTPConnect()
#3 /home/anujyotindustrie/public_html/system/Email/Email.php(1684): CodeIgniter\Email\Email->sendWithSmtp()
#4 /home/anujyotindustrie/public_html/system/Email/Email.php(1578): CodeIgniter\Email\Email->spoolEmail()
#5 /home/anujyotindustrie/public_html/app/Controllers/ContactController.php(60): CodeIgniter\Email\Email->send()
#6 /home/anujyotindustrie/public_html/system/CodeIgniter.php(942): App\Controllers\ContactController->ContactProcess()
#7 /home/anujyotindustrie/public_html/system/CodeIgniter.php(502): CodeIgniter\CodeIgniter->runController(Object(App\Controllers\ContactController))
#8 /home/anujyotindustrie/public_html/system/CodeIgniter.php(361): CodeIgniter\CodeIgniter->handleRequest(NULL, Object(Config\Cache), false)
#9 /home/anujyotindustrie/public_html/index.php(79): CodeIgniter\CodeIgniter->run()
#10 {main}
ERROR - 2024-03-04 05:37:33 --> Email: Unable to send email using SMTP. Your server might not be configured to send mail using this method.
ERROR - 2024-03-04 05:37:33 --> Unable to send email using SMTP. Your server might not be configured to send mail using this method.
CRITICAL - 2024-03-04 06:18:05 --> Unmatched '}'
in APPPATH/Views/productDetails.php on line 55.
 1 SYSTEMPATH/View/View.php(231): CodeIgniter\View\View->CodeIgniter\View\{closure}()
 2 SYSTEMPATH/Common.php(1190): CodeIgniter\View\View->render('productDetails', [], true)
 3 APPPATH/Controllers/Home.php(59): view('productDetails', [...])
 4 SYSTEMPATH/CodeIgniter.php(942): App\Controllers\Home->productDetails()
 5 SYSTEMPATH/CodeIgniter.php(502): CodeIgniter\CodeIgniter->runController(Object(App\Controllers\Home))
 6 SYSTEMPATH/CodeIgniter.php(361): CodeIgniter\CodeIgniter->handleRequest(null, Object(Config\Cache), false)
 7 FCPATH/index.php(79): CodeIgniter\CodeIgniter->run()
CRITICAL - 2024-03-04 06:18:18 --> Unmatched '}'
in APPPATH/Views/productDetails.php on line 55.
 1 SYSTEMPATH/View/View.php(231): CodeIgniter\View\View->CodeIgniter\View\{closure}()
 2 SYSTEMPATH/Common.php(1190): CodeIgniter\View\View->render('productDetails', [], true)
 3 APPPATH/Controllers/Home.php(59): view('productDetails', [...])
 4 SYSTEMPATH/CodeIgniter.php(942): App\Controllers\Home->productDetails()
 5 SYSTEMPATH/CodeIgniter.php(502): CodeIgniter\CodeIgniter->runController(Object(App\Controllers\Home))
 6 SYSTEMPATH/CodeIgniter.php(361): CodeIgniter\CodeIgniter->handleRequest(null, Object(Config\Cache), false)
 7 FCPATH/index.php(79): CodeIgniter\CodeIgniter->run()
CRITICAL - 2024-03-04 06:18:19 --> Unmatched '}'
in APPPATH/Views/productDetails.php on line 55.
 1 SYSTEMPATH/View/View.php(231): CodeIgniter\View\View->CodeIgniter\View\{closure}()
 2 SYSTEMPATH/Common.php(1190): CodeIgniter\View\View->render('productDetails', [], true)
 3 APPPATH/Controllers/Home.php(59): view('productDetails', [...])
 4 SYSTEMPATH/CodeIgniter.php(942): App\Controllers\Home->productDetails()
 5 SYSTEMPATH/CodeIgniter.php(502): CodeIgniter\CodeIgniter->runController(Object(App\Controllers\Home))
 6 SYSTEMPATH/CodeIgniter.php(361): CodeIgniter\CodeIgniter->handleRequest(null, Object(Config\Cache), false)
 7 FCPATH/index.php(79): CodeIgniter\CodeIgniter->run()
CRITICAL - 2024-03-04 06:18:35 --> Undefined variable $row
in APPPATH/Views/productDetails.php on line 30.
 1 APPPATH/Views/productDetails.php(30): CodeIgniter\Debug\Exceptions->errorHandler(2, 'Undefined variable $row', '/home/anujyotindustrie/public_html/app/Views/productDetails.php', 30)
 2 SYSTEMPATH/View/View.php(228): include('/home/anujyotindustrie/public_html/app/Views/productDetails.php')
 3 SYSTEMPATH/View/View.php(231): CodeIgniter\View\View->CodeIgniter\View\{closure}()
 4 SYSTEMPATH/Common.php(1190): CodeIgniter\View\View->render('productDetails', [], true)
 5 APPPATH/Controllers/Home.php(59): view('productDetails', [...])
 6 SYSTEMPATH/CodeIgniter.php(942): App\Controllers\Home->productDetails()
 7 SYSTEMPATH/CodeIgniter.php(502): CodeIgniter\CodeIgniter->runController(Object(App\Controllers\Home))
 8 SYSTEMPATH/CodeIgniter.php(361): CodeIgniter\CodeIgniter->handleRequest(null, Object(Config\Cache), false)
 9 FCPATH/index.php(79): CodeIgniter\CodeIgniter->run()
CRITICAL - 2024-03-04 06:29:04 --> Undefined variable $row
in APPPATH/Views/productDetails.php on line 37.
 1 APPPATH/Views/productDetails.php(37): CodeIgniter\Debug\Exceptions->errorHandler(2, 'Undefined variable $row', '/home/anujyotindustrie/public_html/app/Views/productDetails.php', 37)
 2 SYSTEMPATH/View/View.php(228): include('/home/anujyotindustrie/public_html/app/Views/productDetails.php')
 3 SYSTEMPATH/View/View.php(231): CodeIgniter\View\View->CodeIgniter\View\{closure}()
 4 SYSTEMPATH/Common.php(1190): CodeIgniter\View\View->render('productDetails', [], true)
 5 APPPATH/Controllers/Home.php(59): view('productDetails', [...])
 6 SYSTEMPATH/CodeIgniter.php(942): App\Controllers\Home->productDetails()
 7 SYSTEMPATH/CodeIgniter.php(502): CodeIgniter\CodeIgniter->runController(Object(App\Controllers\Home))
 8 SYSTEMPATH/CodeIgniter.php(361): CodeIgniter\CodeIgniter->handleRequest(null, Object(Config\Cache), false)
 9 FCPATH/index.php(79): CodeIgniter\CodeIgniter->run()
CRITICAL - 2024-03-04 06:29:31 --> Undefined variable $row
in APPPATH/Views/productDetails.php on line 39.
 1 APPPATH/Views/productDetails.php(39): CodeIgniter\Debug\Exceptions->errorHandler(2, 'Undefined variable $row', '/home/anujyotindustrie/public_html/app/Views/productDetails.php', 39)
 2 SYSTEMPATH/View/View.php(228): include('/home/anujyotindustrie/public_html/app/Views/productDetails.php')
 3 SYSTEMPATH/View/View.php(231): CodeIgniter\View\View->CodeIgniter\View\{closure}()
 4 SYSTEMPATH/Common.php(1190): CodeIgniter\View\View->render('productDetails', [], true)
 5 APPPATH/Controllers/Home.php(59): view('productDetails', [...])
 6 SYSTEMPATH/CodeIgniter.php(942): App\Controllers\Home->productDetails()
 7 SYSTEMPATH/CodeIgniter.php(502): CodeIgniter\CodeIgniter->runController(Object(App\Controllers\Home))
 8 SYSTEMPATH/CodeIgniter.php(361): CodeIgniter\CodeIgniter->handleRequest(null, Object(Config\Cache), false)
 9 FCPATH/index.php(79): CodeIgniter\CodeIgniter->run()
CRITICAL - 2024-03-04 06:29:45 --> Undefined constant "php"
in APPPATH/Views/productDetails.php on line 39.
 1 SYSTEMPATH/View/View.php(228): include()
 2 SYSTEMPATH/View/View.php(231): CodeIgniter\View\View->CodeIgniter\View\{closure}()
 3 SYSTEMPATH/Common.php(1190): CodeIgniter\View\View->render('productDetails', [], true)
 4 APPPATH/Controllers/Home.php(59): view('productDetails', [...])
 5 SYSTEMPATH/CodeIgniter.php(942): App\Controllers\Home->productDetails()
 6 SYSTEMPATH/CodeIgniter.php(502): CodeIgniter\CodeIgniter->runController(Object(App\Controllers\Home))
 7 SYSTEMPATH/CodeIgniter.php(361): CodeIgniter\CodeIgniter->handleRequest(null, Object(Config\Cache), false)
 8 FCPATH/index.php(79): CodeIgniter\CodeIgniter->run()
CRITICAL - 2024-03-04 11:33:03 --> Undefined array key "image"
in APPPATH/Controllers/SliderController.php on line 43.
 1 APPPATH/Controllers/SliderController.php(43): CodeIgniter\Debug\Exceptions->errorHandler(2, 'Undefined array key "image"', '/home/anujyotindustrie/public_html/app/Controllers/SliderController.php', 43)
 2 SYSTEMPATH/CodeIgniter.php(942): App\Controllers\SliderController->SliderInserted()
 3 SYSTEMPATH/CodeIgniter.php(502): CodeIgniter\CodeIgniter->runController(Object(App\Controllers\SliderController))
 4 SYSTEMPATH/CodeIgniter.php(361): CodeIgniter\CodeIgniter->handleRequest(null, Object(Config\Cache), false)
 5 FCPATH/index.php(79): CodeIgniter\CodeIgniter->run()
