CRITICAL - 2024-02-05 09:11:04 --> Call to undefined function form_error()
in APPPATH/Views/Admin/Login.php on line 33.
 1 SYSTEMPATH/View/View.php(228): include()
 2 SYSTEMPATH/View/View.php(231): CodeIgniter\View\View->CodeIgniter\View\{closure}()
 3 SYSTEMPATH/Common.php(1190): CodeIgniter\View\View->render('Admin/Login', [], true)
 4 APPPATH/Controllers/AdminController.php(16): view('Admin/Login')
 5 SYSTEMPATH/CodeIgniter.php(942): App\Controllers\AdminController->Login()
 6 SYSTEMPATH/CodeIgniter.php(502): CodeIgniter\CodeIgniter->runController(Object(App\Controllers\AdminController))
 7 SYSTEMPATH/CodeIgniter.php(361): CodeIgniter\CodeIgniter->handleRequest(null, Object(Config\Cache), false)
 8 FCPATH/index.php(79): CodeIgniter\CodeIgniter->run()
CRITICAL - 2024-02-05 09:18:07 --> Class "App\Controllers\LoginModel" not found
in APPPATH/Controllers/AdminController.php on line 14.
 1 SYSTEMPATH/CodeIgniter.php(914): App\Controllers\AdminController->__construct()
 2 SYSTEMPATH/CodeIgniter.php(493): CodeIgniter\CodeIgniter->createController()
 3 SYSTEMPATH/CodeIgniter.php(361): CodeIgniter\CodeIgniter->handleRequest(null, Object(Config\Cache), false)
 4 FCPATH/index.php(79): CodeIgniter\CodeIgniter->run()
CRITICAL - 2024-02-05 09:20:04 --> Invalid file: "Admin/login.php"
in SYSTEMPATH/Exceptions/FrameworkException.php on line 39.
 1 SYSTEMPATH/View/View.php(216): CodeIgniter\Exceptions\FrameworkException::forInvalidFile('Admin/login.php')
 2 SYSTEMPATH/Common.php(1190): CodeIgniter\View\View->render('Admin/login', [], true)
 3 APPPATH/Controllers/AdminController.php(86): view('Admin/login', [...])
 4 SYSTEMPATH/CodeIgniter.php(942): App\Controllers\AdminController->signIn()
 5 SYSTEMPATH/CodeIgniter.php(502): CodeIgniter\CodeIgniter->runController(Object(App\Controllers\AdminController))
 6 SYSTEMPATH/CodeIgniter.php(361): CodeIgniter\CodeIgniter->handleRequest(null, Object(Config\Cache), false)
 7 FCPATH/index.php(79): CodeIgniter\CodeIgniter->run()
CRITICAL - 2024-02-05 09:48:22 --> Invalid file: "Admin/Category/AddSlider.php"
in SYSTEMPATH/Exceptions/FrameworkException.php on line 39.
 1 SYSTEMPATH/View/View.php(216): CodeIgniter\Exceptions\FrameworkException::forInvalidFile('Admin/Category/AddSlider.php')
 2 SYSTEMPATH/Common.php(1190): CodeIgniter\View\View->render('Admin/Category/AddSlider', [], true)
 3 APPPATH/Controllers/SliderController.php(88): view('Admin/Category/AddSlider', [...])
 4 SYSTEMPATH/CodeIgniter.php(942): App\Controllers\SliderController->SliderInserted()
 5 SYSTEMPATH/CodeIgniter.php(502): CodeIgniter\CodeIgniter->runController(Object(App\Controllers\SliderController))
 6 SYSTEMPATH/CodeIgniter.php(361): CodeIgniter\CodeIgniter->handleRequest(null, Object(Config\Cache), false)
 7 FCPATH/index.php(79): CodeIgniter\CodeIgniter->run()
CRITICAL - 2024-02-05 09:49:23 --> Undefined array key "slider_image"
in APPPATH/Controllers/SliderController.php on line 61.
 1 APPPATH/Controllers/SliderController.php(61): CodeIgniter\Debug\Exceptions->errorHandler(2, 'Undefined array key "slider_image"', '/home/anujyotindustrie/public_html/app/Controllers/SliderController.php', 61)
 2 SYSTEMPATH/CodeIgniter.php(942): App\Controllers\SliderController->SliderInserted()
 3 SYSTEMPATH/CodeIgniter.php(502): CodeIgniter\CodeIgniter->runController(Object(App\Controllers\SliderController))
 4 SYSTEMPATH/CodeIgniter.php(361): CodeIgniter\CodeIgniter->handleRequest(null, Object(Config\Cache), false)
 5 FCPATH/index.php(79): CodeIgniter\CodeIgniter->run()
CRITICAL - 2024-02-05 10:00:44 --> move_uploaded_file(public/assets/images/category/5313.png): Failed to open stream: No such file or directory
in APPPATH/Controllers/SliderController.php on line 73.
 1 [internal function]: CodeIgniter\Debug\Exceptions->errorHandler(2, 'move_uploaded_file(public/assets/images/category/5313.png): Failed to open stream: No such file or directory', '/home/anujyotindustrie/public_html/app/Controllers/SliderController.php', 73)
 2 APPPATH/Controllers/SliderController.php(73): move_uploaded_file('/tmp/php7uPgFY', 'public/assets/images/category/5313.png')
 3 SYSTEMPATH/CodeIgniter.php(942): App\Controllers\SliderController->SliderInserted()
 4 SYSTEMPATH/CodeIgniter.php(502): CodeIgniter\CodeIgniter->runController(Object(App\Controllers\SliderController))
 5 SYSTEMPATH/CodeIgniter.php(361): CodeIgniter\CodeIgniter->handleRequest(null, Object(Config\Cache), false)
 6 FCPATH/index.php(79): CodeIgniter\CodeIgniter->run()
ERROR - 2024-02-05 10:00:50 --> Error connecting to the database: mysqli_sql_exception: Access denied for user 'anujyotindustrie'@'localhost' (using password: YES) in /home/anujyotindustrie/public_html/system/Database/MySQLi/Connection.php:185
Stack trace:
#0 /home/anujyotindustrie/public_html/system/Database/MySQLi/Connection.php(185): mysqli->real_connect('localhost', 'anujyotindustri...', 'anujyot@1234', 'anujyotindustri...', 3306, '', 0)
#1 /home/anujyotindustrie/public_html/system/Database/BaseConnection.php(392): CodeIgniter\Database\MySQLi\Connection->connect(false)
#2 /home/anujyotindustrie/public_html/system/Database/BaseConnection.php(575): CodeIgniter\Database\BaseConnection->initialize()
#3 /home/anujyotindustrie/public_html/system/Database/BaseBuilder.php(1615): CodeIgniter\Database\BaseConnection->query('SELECT *\nFROM `...', Array, false)
#4 /home/anujyotindustrie/public_html/app/Models/LoginModel.php(28): CodeIgniter\Database\BaseBuilder->get()
#5 /home/anujyotindustrie/public_html/app/Controllers/AdminController.php(36): App\Models\LoginModel->checkUsernamePass()
#6 /home/anujyotindustrie/public_html/system/CodeIgniter.php(942): App\Controllers\AdminController->signIn()
#7 /home/anujyotindustrie/public_html/system/CodeIgniter.php(502): CodeIgniter\CodeIgniter->runController(Object(App\Controllers\AdminController))
#8 /home/anujyotindustrie/public_html/system/CodeIgniter.php(361): CodeIgniter\CodeIgniter->handleRequest(NULL, Object(Config\Cache), false)
#9 /home/anujyotindustrie/public_html/index.php(79): CodeIgniter\CodeIgniter->run()
#10 {main}

Next CodeIgniter\Database\Exceptions\DatabaseException: Access denied for user '****'@'localhost' (using password: YES) in /home/anujyotindustrie/public_html/system/Database/MySQLi/Connection.php:229
Stack trace:
#0 /home/anujyotindustrie/public_html/system/Database/BaseConnection.php(392): CodeIgniter\Database\MySQLi\Connection->connect(false)
#1 /home/anujyotindustrie/public_html/system/Database/BaseConnection.php(575): CodeIgniter\Database\BaseConnection->initialize()
#2 /home/anujyotindustrie/public_html/system/Database/BaseBuilder.php(1615): CodeIgniter\Database\BaseConnection->query('SELECT *\nFROM `...', Array, false)
#3 /home/anujyotindustrie/public_html/app/Models/LoginModel.php(28): CodeIgniter\Database\BaseBuilder->get()
#4 /home/anujyotindustrie/public_html/app/Controllers/AdminController.php(36): App\Models\LoginModel->checkUsernamePass()
#5 /home/anujyotindustrie/public_html/system/CodeIgniter.php(942): App\Controllers\AdminController->signIn()
#6 /home/anujyotindustrie/public_html/system/CodeIgniter.php(502): CodeIgniter\CodeIgniter->runController(Object(App\Controllers\AdminController))
#7 /home/anujyotindustrie/public_html/system/CodeIgniter.php(361): CodeIgniter\CodeIgniter->handleRequest(NULL, Object(Config\Cache), false)
#8 /home/anujyotindustrie/public_html/index.php(79): CodeIgniter\CodeIgniter->run()
#9 {main}
CRITICAL - 2024-02-05 10:00:50 --> Unable to connect to the database.
Main connection [MySQLi]: Access denied for user '****'@'localhost' (using password: YES)
in SYSTEMPATH/Database/BaseConnection.php on line 428.
 1 SYSTEMPATH/Database/BaseConnection.php(575): CodeIgniter\Database\BaseConnection->initialize()
 2 SYSTEMPATH/Database/BaseBuilder.php(1615): CodeIgniter\Database\BaseConnection->query('SELECT *
FROM `tbl_login_master`
WHERE `username` = :username:
AND `password` = :password:', [...], false)
 3 APPPATH/Models/LoginModel.php(28): CodeIgniter\Database\BaseBuilder->get()
 4 APPPATH/Controllers/AdminController.php(36): App\Models\LoginModel->checkUsernamePass()
 5 SYSTEMPATH/CodeIgniter.php(942): App\Controllers\AdminController->signIn()
 6 SYSTEMPATH/CodeIgniter.php(502): CodeIgniter\CodeIgniter->runController(Object(App\Controllers\AdminController))
 7 SYSTEMPATH/CodeIgniter.php(361): CodeIgniter\CodeIgniter->handleRequest(null, Object(Config\Cache), false)
 8 FCPATH/index.php(79): CodeIgniter\CodeIgniter->run()
ERROR - 2024-02-05 10:03:19 --> Error connecting to the database: mysqli_sql_exception: Access denied for user 'anujyotindustrie'@'localhost' (using password: YES) in /home/anujyotindustrie/public_html/system/Database/MySQLi/Connection.php:185
Stack trace:
#0 /home/anujyotindustrie/public_html/system/Database/MySQLi/Connection.php(185): mysqli->real_connect('localhost', 'anujyotindustri...', 'anujyot@1234', 'anujyotindustri...', 3306, '', 0)
#1 /home/anujyotindustrie/public_html/system/Database/BaseConnection.php(392): CodeIgniter\Database\MySQLi\Connection->connect(false)
#2 /home/anujyotindustrie/public_html/system/Database/BaseConnection.php(575): CodeIgniter\Database\BaseConnection->initialize()
#3 /home/anujyotindustrie/public_html/system/Database/BaseBuilder.php(1615): CodeIgniter\Database\BaseConnection->query('SELECT *\nFROM `...', Array, false)
#4 /home/anujyotindustrie/public_html/app/Models/LoginModel.php(28): CodeIgniter\Database\BaseBuilder->get()
#5 /home/anujyotindustrie/public_html/app/Controllers/AdminController.php(36): App\Models\LoginModel->checkUsernamePass()
#6 /home/anujyotindustrie/public_html/system/CodeIgniter.php(942): App\Controllers\AdminController->signIn()
#7 /home/anujyotindustrie/public_html/system/CodeIgniter.php(502): CodeIgniter\CodeIgniter->runController(Object(App\Controllers\AdminController))
#8 /home/anujyotindustrie/public_html/system/CodeIgniter.php(361): CodeIgniter\CodeIgniter->handleRequest(NULL, Object(Config\Cache), false)
#9 /home/anujyotindustrie/public_html/index.php(79): CodeIgniter\CodeIgniter->run()
#10 {main}

Next CodeIgniter\Database\Exceptions\DatabaseException: Access denied for user '****'@'localhost' (using password: YES) in /home/anujyotindustrie/public_html/system/Database/MySQLi/Connection.php:229
Stack trace:
#0 /home/anujyotindustrie/public_html/system/Database/BaseConnection.php(392): CodeIgniter\Database\MySQLi\Connection->connect(false)
#1 /home/anujyotindustrie/public_html/system/Database/BaseConnection.php(575): CodeIgniter\Database\BaseConnection->initialize()
#2 /home/anujyotindustrie/public_html/system/Database/BaseBuilder.php(1615): CodeIgniter\Database\BaseConnection->query('SELECT *\nFROM `...', Array, false)
#3 /home/anujyotindustrie/public_html/app/Models/LoginModel.php(28): CodeIgniter\Database\BaseBuilder->get()
#4 /home/anujyotindustrie/public_html/app/Controllers/AdminController.php(36): App\Models\LoginModel->checkUsernamePass()
#5 /home/anujyotindustrie/public_html/system/CodeIgniter.php(942): App\Controllers\AdminController->signIn()
#6 /home/anujyotindustrie/public_html/system/CodeIgniter.php(502): CodeIgniter\CodeIgniter->runController(Object(App\Controllers\AdminController))
#7 /home/anujyotindustrie/public_html/system/CodeIgniter.php(361): CodeIgniter\CodeIgniter->handleRequest(NULL, Object(Config\Cache), false)
#8 /home/anujyotindustrie/public_html/index.php(79): CodeIgniter\CodeIgniter->run()
#9 {main}
CRITICAL - 2024-02-05 10:03:19 --> Unable to connect to the database.
Main connection [MySQLi]: Access denied for user '****'@'localhost' (using password: YES)
in SYSTEMPATH/Database/BaseConnection.php on line 428.
 1 SYSTEMPATH/Database/BaseConnection.php(575): CodeIgniter\Database\BaseConnection->initialize()
 2 SYSTEMPATH/Database/BaseBuilder.php(1615): CodeIgniter\Database\BaseConnection->query('SELECT *
FROM `tbl_login_master`
WHERE `username` = :username:
AND `password` = :password:', [...], false)
 3 APPPATH/Models/LoginModel.php(28): CodeIgniter\Database\BaseBuilder->get()
 4 APPPATH/Controllers/AdminController.php(36): App\Models\LoginModel->checkUsernamePass()
 5 SYSTEMPATH/CodeIgniter.php(942): App\Controllers\AdminController->signIn()
 6 SYSTEMPATH/CodeIgniter.php(502): CodeIgniter\CodeIgniter->runController(Object(App\Controllers\AdminController))
 7 SYSTEMPATH/CodeIgniter.php(361): CodeIgniter\CodeIgniter->handleRequest(null, Object(Config\Cache), false)
 8 FCPATH/index.php(79): CodeIgniter\CodeIgniter->run()
ERROR - 2024-02-05 10:04:23 --> Error connecting to the database: mysqli_sql_exception: Access denied for user 'anujyotindustrie'@'localhost' (using password: YES) in /home/anujyotindustrie/public_html/system/Database/MySQLi/Connection.php:185
Stack trace:
#0 /home/anujyotindustrie/public_html/system/Database/MySQLi/Connection.php(185): mysqli->real_connect('localhost', 'anujyotindustri...', 'anujyot@1234', 'anujyotindustri...', 3306, '', 0)
#1 /home/anujyotindustrie/public_html/system/Database/BaseConnection.php(392): CodeIgniter\Database\MySQLi\Connection->connect(false)
#2 /home/anujyotindustrie/public_html/system/Database/BaseConnection.php(575): CodeIgniter\Database\BaseConnection->initialize()
#3 /home/anujyotindustrie/public_html/system/Database/BaseBuilder.php(1615): CodeIgniter\Database\BaseConnection->query('SELECT *\nFROM `...', Array, false)
#4 /home/anujyotindustrie/public_html/app/Models/LoginModel.php(28): CodeIgniter\Database\BaseBuilder->get()
#5 /home/anujyotindustrie/public_html/app/Controllers/AdminController.php(36): App\Models\LoginModel->checkUsernamePass()
#6 /home/anujyotindustrie/public_html/system/CodeIgniter.php(942): App\Controllers\AdminController->signIn()
#7 /home/anujyotindustrie/public_html/system/CodeIgniter.php(502): CodeIgniter\CodeIgniter->runController(Object(App\Controllers\AdminController))
#8 /home/anujyotindustrie/public_html/system/CodeIgniter.php(361): CodeIgniter\CodeIgniter->handleRequest(NULL, Object(Config\Cache), false)
#9 /home/anujyotindustrie/public_html/index.php(79): CodeIgniter\CodeIgniter->run()
#10 {main}

Next CodeIgniter\Database\Exceptions\DatabaseException: Access denied for user '****'@'localhost' (using password: YES) in /home/anujyotindustrie/public_html/system/Database/MySQLi/Connection.php:229
Stack trace:
#0 /home/anujyotindustrie/public_html/system/Database/BaseConnection.php(392): CodeIgniter\Database\MySQLi\Connection->connect(false)
#1 /home/anujyotindustrie/public_html/system/Database/BaseConnection.php(575): CodeIgniter\Database\BaseConnection->initialize()
#2 /home/anujyotindustrie/public_html/system/Database/BaseBuilder.php(1615): CodeIgniter\Database\BaseConnection->query('SELECT *\nFROM `...', Array, false)
#3 /home/anujyotindustrie/public_html/app/Models/LoginModel.php(28): CodeIgniter\Database\BaseBuilder->get()
#4 /home/anujyotindustrie/public_html/app/Controllers/AdminController.php(36): App\Models\LoginModel->checkUsernamePass()
#5 /home/anujyotindustrie/public_html/system/CodeIgniter.php(942): App\Controllers\AdminController->signIn()
#6 /home/anujyotindustrie/public_html/system/CodeIgniter.php(502): CodeIgniter\CodeIgniter->runController(Object(App\Controllers\AdminController))
#7 /home/anujyotindustrie/public_html/system/CodeIgniter.php(361): CodeIgniter\CodeIgniter->handleRequest(NULL, Object(Config\Cache), false)
#8 /home/anujyotindustrie/public_html/index.php(79): CodeIgniter\CodeIgniter->run()
#9 {main}
CRITICAL - 2024-02-05 10:04:23 --> Unable to connect to the database.
Main connection [MySQLi]: Access denied for user '****'@'localhost' (using password: YES)
in SYSTEMPATH/Database/BaseConnection.php on line 428.
 1 SYSTEMPATH/Database/BaseConnection.php(575): CodeIgniter\Database\BaseConnection->initialize()
 2 SYSTEMPATH/Database/BaseBuilder.php(1615): CodeIgniter\Database\BaseConnection->query('SELECT *
FROM `tbl_login_master`
WHERE `username` = :username:
AND `password` = :password:', [...], false)
 3 APPPATH/Models/LoginModel.php(28): CodeIgniter\Database\BaseBuilder->get()
 4 APPPATH/Controllers/AdminController.php(36): App\Models\LoginModel->checkUsernamePass()
 5 SYSTEMPATH/CodeIgniter.php(942): App\Controllers\AdminController->signIn()
 6 SYSTEMPATH/CodeIgniter.php(502): CodeIgniter\CodeIgniter->runController(Object(App\Controllers\AdminController))
 7 SYSTEMPATH/CodeIgniter.php(361): CodeIgniter\CodeIgniter->handleRequest(null, Object(Config\Cache), false)
 8 FCPATH/index.php(79): CodeIgniter\CodeIgniter->run()
CRITICAL - 2024-02-05 10:05:21 --> Undefined array key "slider_name"
in APPPATH/Controllers/SliderController.php on line 77.
 1 APPPATH/Controllers/SliderController.php(77): CodeIgniter\Debug\Exceptions->errorHandler(2, 'Undefined array key "slider_name"', '/home/anujyotindustrie/public_html/app/Controllers/SliderController.php', 77)
 2 SYSTEMPATH/CodeIgniter.php(942): App\Controllers\SliderController->SliderInserted()
 3 SYSTEMPATH/CodeIgniter.php(502): CodeIgniter\CodeIgniter->runController(Object(App\Controllers\SliderController))
 4 SYSTEMPATH/CodeIgniter.php(361): CodeIgniter\CodeIgniter->handleRequest(null, Object(Config\Cache), false)
 5 FCPATH/index.php(79): CodeIgniter\CodeIgniter->run()
ERROR - 2024-02-05 10:05:29 --> Error connecting to the database: mysqli_sql_exception: Access denied for user 'anujyotindustrie'@'localhost' (using password: YES) in /home/anujyotindustrie/public_html/system/Database/MySQLi/Connection.php:185
Stack trace:
#0 /home/anujyotindustrie/public_html/system/Database/MySQLi/Connection.php(185): mysqli->real_connect('localhost', 'anujyotindustri...', 'YES', 'anujyotindustri...', 3306, '', 0)
#1 /home/anujyotindustrie/public_html/system/Database/BaseConnection.php(392): CodeIgniter\Database\MySQLi\Connection->connect(false)
#2 /home/anujyotindustrie/public_html/system/Database/BaseConnection.php(575): CodeIgniter\Database\BaseConnection->initialize()
#3 /home/anujyotindustrie/public_html/system/Database/BaseBuilder.php(1615): CodeIgniter\Database\BaseConnection->query('SELECT *\nFROM `...', Array, false)
#4 /home/anujyotindustrie/public_html/app/Models/LoginModel.php(28): CodeIgniter\Database\BaseBuilder->get()
#5 /home/anujyotindustrie/public_html/app/Controllers/AdminController.php(36): App\Models\LoginModel->checkUsernamePass()
#6 /home/anujyotindustrie/public_html/system/CodeIgniter.php(942): App\Controllers\AdminController->signIn()
#7 /home/anujyotindustrie/public_html/system/CodeIgniter.php(502): CodeIgniter\CodeIgniter->runController(Object(App\Controllers\AdminController))
#8 /home/anujyotindustrie/public_html/system/CodeIgniter.php(361): CodeIgniter\CodeIgniter->handleRequest(NULL, Object(Config\Cache), false)
#9 /home/anujyotindustrie/public_html/index.php(79): CodeIgniter\CodeIgniter->run()
#10 {main}

Next CodeIgniter\Database\Exceptions\DatabaseException: Access denied for user '****'@'localhost' (using password: ****) in /home/anujyotindustrie/public_html/system/Database/MySQLi/Connection.php:229
Stack trace:
#0 /home/anujyotindustrie/public_html/system/Database/BaseConnection.php(392): CodeIgniter\Database\MySQLi\Connection->connect(false)
#1 /home/anujyotindustrie/public_html/system/Database/BaseConnection.php(575): CodeIgniter\Database\BaseConnection->initialize()
#2 /home/anujyotindustrie/public_html/system/Database/BaseBuilder.php(1615): CodeIgniter\Database\BaseConnection->query('SELECT *\nFROM `...', Array, false)
#3 /home/anujyotindustrie/public_html/app/Models/LoginModel.php(28): CodeIgniter\Database\BaseBuilder->get()
#4 /home/anujyotindustrie/public_html/app/Controllers/AdminController.php(36): App\Models\LoginModel->checkUsernamePass()
#5 /home/anujyotindustrie/public_html/system/CodeIgniter.php(942): App\Controllers\AdminController->signIn()
#6 /home/anujyotindustrie/public_html/system/CodeIgniter.php(502): CodeIgniter\CodeIgniter->runController(Object(App\Controllers\AdminController))
#7 /home/anujyotindustrie/public_html/system/CodeIgniter.php(361): CodeIgniter\CodeIgniter->handleRequest(NULL, Object(Config\Cache), false)
#8 /home/anujyotindustrie/public_html/index.php(79): CodeIgniter\CodeIgniter->run()
#9 {main}
CRITICAL - 2024-02-05 10:05:29 --> Unable to connect to the database.
Main connection [MySQLi]: Access denied for user '****'@'localhost' (using password: ****)
in SYSTEMPATH/Database/BaseConnection.php on line 428.
 1 SYSTEMPATH/Database/BaseConnection.php(575): CodeIgniter\Database\BaseConnection->initialize()
 2 SYSTEMPATH/Database/BaseBuilder.php(1615): CodeIgniter\Database\BaseConnection->query('SELECT *
FROM `tbl_login_master`
WHERE `username` = :username:
AND `password` = :password:', [...], false)
 3 APPPATH/Models/LoginModel.php(28): CodeIgniter\Database\BaseBuilder->get()
 4 APPPATH/Controllers/AdminController.php(36): App\Models\LoginModel->checkUsernamePass()
 5 SYSTEMPATH/CodeIgniter.php(942): App\Controllers\AdminController->signIn()
 6 SYSTEMPATH/CodeIgniter.php(502): CodeIgniter\CodeIgniter->runController(Object(App\Controllers\AdminController))
 7 SYSTEMPATH/CodeIgniter.php(361): CodeIgniter\CodeIgniter->handleRequest(null, Object(Config\Cache), false)
 8 FCPATH/index.php(79): CodeIgniter\CodeIgniter->run()
ERROR - 2024-02-05 10:05:49 --> Error connecting to the database: mysqli_sql_exception: Access denied for user 'anujyotindustrie'@'localhost' (using password: YES) in /home/anujyotindustrie/public_html/system/Database/MySQLi/Connection.php:185
Stack trace:
#0 /home/anujyotindustrie/public_html/system/Database/MySQLi/Connection.php(185): mysqli->real_connect('localhost', 'anujyotindustri...', 'anujyot@1234', 'anujyotindustri...', 3306, '', 0)
#1 /home/anujyotindustrie/public_html/system/Database/BaseConnection.php(392): CodeIgniter\Database\MySQLi\Connection->connect(false)
#2 /home/anujyotindustrie/public_html/system/Database/BaseConnection.php(575): CodeIgniter\Database\BaseConnection->initialize()
#3 /home/anujyotindustrie/public_html/system/Database/BaseBuilder.php(1615): CodeIgniter\Database\BaseConnection->query('SELECT *\nFROM `...', Array, false)
#4 /home/anujyotindustrie/public_html/app/Models/LoginModel.php(28): CodeIgniter\Database\BaseBuilder->get()
#5 /home/anujyotindustrie/public_html/app/Controllers/AdminController.php(36): App\Models\LoginModel->checkUsernamePass()
#6 /home/anujyotindustrie/public_html/system/CodeIgniter.php(942): App\Controllers\AdminController->signIn()
#7 /home/anujyotindustrie/public_html/system/CodeIgniter.php(502): CodeIgniter\CodeIgniter->runController(Object(App\Controllers\AdminController))
#8 /home/anujyotindustrie/public_html/system/CodeIgniter.php(361): CodeIgniter\CodeIgniter->handleRequest(NULL, Object(Config\Cache), false)
#9 /home/anujyotindustrie/public_html/index.php(79): CodeIgniter\CodeIgniter->run()
#10 {main}

Next CodeIgniter\Database\Exceptions\DatabaseException: Access denied for user '****'@'localhost' (using password: YES) in /home/anujyotindustrie/public_html/system/Database/MySQLi/Connection.php:229
Stack trace:
#0 /home/anujyotindustrie/public_html/system/Database/BaseConnection.php(392): CodeIgniter\Database\MySQLi\Connection->connect(false)
#1 /home/anujyotindustrie/public_html/system/Database/BaseConnection.php(575): CodeIgniter\Database\BaseConnection->initialize()
#2 /home/anujyotindustrie/public_html/system/Database/BaseBuilder.php(1615): CodeIgniter\Database\BaseConnection->query('SELECT *\nFROM `...', Array, false)
#3 /home/anujyotindustrie/public_html/app/Models/LoginModel.php(28): CodeIgniter\Database\BaseBuilder->get()
#4 /home/anujyotindustrie/public_html/app/Controllers/AdminController.php(36): App\Models\LoginModel->checkUsernamePass()
#5 /home/anujyotindustrie/public_html/system/CodeIgniter.php(942): App\Controllers\AdminController->signIn()
#6 /home/anujyotindustrie/public_html/system/CodeIgniter.php(502): CodeIgniter\CodeIgniter->runController(Object(App\Controllers\AdminController))
#7 /home/anujyotindustrie/public_html/system/CodeIgniter.php(361): CodeIgniter\CodeIgniter->handleRequest(NULL, Object(Config\Cache), false)
#8 /home/anujyotindustrie/public_html/index.php(79): CodeIgniter\CodeIgniter->run()
#9 {main}
CRITICAL - 2024-02-05 10:05:49 --> Unable to connect to the database.
Main connection [MySQLi]: Access denied for user '****'@'localhost' (using password: YES)
in SYSTEMPATH/Database/BaseConnection.php on line 428.
 1 SYSTEMPATH/Database/BaseConnection.php(575): CodeIgniter\Database\BaseConnection->initialize()
 2 SYSTEMPATH/Database/BaseBuilder.php(1615): CodeIgniter\Database\BaseConnection->query('SELECT *
FROM `tbl_login_master`
WHERE `username` = :username:
AND `password` = :password:', [...], false)
 3 APPPATH/Models/LoginModel.php(28): CodeIgniter\Database\BaseBuilder->get()
 4 APPPATH/Controllers/AdminController.php(36): App\Models\LoginModel->checkUsernamePass()
 5 SYSTEMPATH/CodeIgniter.php(942): App\Controllers\AdminController->signIn()
 6 SYSTEMPATH/CodeIgniter.php(502): CodeIgniter\CodeIgniter->runController(Object(App\Controllers\AdminController))
 7 SYSTEMPATH/CodeIgniter.php(361): CodeIgniter\CodeIgniter->handleRequest(null, Object(Config\Cache), false)
 8 FCPATH/index.php(79): CodeIgniter\CodeIgniter->run()
ERROR - 2024-02-05 10:06:21 --> Error connecting to the database: mysqli_sql_exception: Access denied for user 'anujyotindustrie'@'localhost' (using password: YES) in /home/anujyotindustrie/public_html/system/Database/MySQLi/Connection.php:185
Stack trace:
#0 /home/anujyotindustrie/public_html/system/Database/MySQLi/Connection.php(185): mysqli->real_connect('localhost', 'anujyotindustri...', 'anujyot@1234', 'anujyotindustri...', 3306, '', 0)
#1 /home/anujyotindustrie/public_html/system/Database/BaseConnection.php(392): CodeIgniter\Database\MySQLi\Connection->connect(false)
#2 /home/anujyotindustrie/public_html/system/Database/BaseConnection.php(575): CodeIgniter\Database\BaseConnection->initialize()
#3 /home/anujyotindustrie/public_html/system/Database/BaseBuilder.php(2308): CodeIgniter\Database\BaseConnection->query('INSERT INTO `tb...', Array, false)
#4 /home/anujyotindustrie/public_html/app/Models/SliderModel.php(14): CodeIgniter\Database\BaseBuilder->insert(Array)
#5 /home/anujyotindustrie/public_html/app/Controllers/SliderController.php(82): App\Models\SliderModel->insertSlider(Array)
#6 /home/anujyotindustrie/public_html/system/CodeIgniter.php(942): App\Controllers\SliderController->SliderInserted()
#7 /home/anujyotindustrie/public_html/system/CodeIgniter.php(502): CodeIgniter\CodeIgniter->runController(Object(App\Controllers\SliderController))
#8 /home/anujyotindustrie/public_html/system/CodeIgniter.php(361): CodeIgniter\CodeIgniter->handleRequest(NULL, Object(Config\Cache), false)
#9 /home/anujyotindustrie/public_html/index.php(79): CodeIgniter\CodeIgniter->run()
#10 {main}

Next CodeIgniter\Database\Exceptions\DatabaseException: Access denied for user '****'@'localhost' (using password: YES) in /home/anujyotindustrie/public_html/system/Database/MySQLi/Connection.php:229
Stack trace:
#0 /home/anujyotindustrie/public_html/system/Database/BaseConnection.php(392): CodeIgniter\Database\MySQLi\Connection->connect(false)
#1 /home/anujyotindustrie/public_html/system/Database/BaseConnection.php(575): CodeIgniter\Database\BaseConnection->initialize()
#2 /home/anujyotindustrie/public_html/system/Database/BaseBuilder.php(2308): CodeIgniter\Database\BaseConnection->query('INSERT INTO `tb...', Array, false)
#3 /home/anujyotindustrie/public_html/app/Models/SliderModel.php(14): CodeIgniter\Database\BaseBuilder->insert(Array)
#4 /home/anujyotindustrie/public_html/app/Controllers/SliderController.php(82): App\Models\SliderModel->insertSlider(Array)
#5 /home/anujyotindustrie/public_html/system/CodeIgniter.php(942): App\Controllers\SliderController->SliderInserted()
#6 /home/anujyotindustrie/public_html/system/CodeIgniter.php(502): CodeIgniter\CodeIgniter->runController(Object(App\Controllers\SliderController))
#7 /home/anujyotindustrie/public_html/system/CodeIgniter.php(361): CodeIgniter\CodeIgniter->handleRequest(NULL, Object(Config\Cache), false)
#8 /home/anujyotindustrie/public_html/index.php(79): CodeIgniter\CodeIgniter->run()
#9 {main}
CRITICAL - 2024-02-05 10:06:21 --> Unable to connect to the database.
Main connection [MySQLi]: Access denied for user '****'@'localhost' (using password: YES)
in SYSTEMPATH/Database/BaseConnection.php on line 428.
 1 SYSTEMPATH/Database/BaseConnection.php(575): CodeIgniter\Database\BaseConnection->initialize()
 2 SYSTEMPATH/Database/BaseBuilder.php(2308): CodeIgniter\Database\BaseConnection->query('INSERT INTO `tbl_slider` (`slider_name`, `slider_image`) VALUES (:slider_name:, :slider_image:)', [...], false)
 3 APPPATH/Models/SliderModel.php(14): CodeIgniter\Database\BaseBuilder->insert([...])
 4 APPPATH/Controllers/SliderController.php(82): App\Models\SliderModel->insertSlider([...])
 5 SYSTEMPATH/CodeIgniter.php(942): App\Controllers\SliderController->SliderInserted()
 6 SYSTEMPATH/CodeIgniter.php(502): CodeIgniter\CodeIgniter->runController(Object(App\Controllers\SliderController))
 7 SYSTEMPATH/CodeIgniter.php(361): CodeIgniter\CodeIgniter->handleRequest(null, Object(Config\Cache), false)
 8 FCPATH/index.php(79): CodeIgniter\CodeIgniter->run()
ERROR - 2024-02-05 10:09:38 --> Error connecting to the database: mysqli_sql_exception: Access denied for user 'anujyotindustrie'@'localhost' (using password: YES) in /home/anujyotindustrie/public_html/system/Database/MySQLi/Connection.php:185
Stack trace:
#0 /home/anujyotindustrie/public_html/system/Database/MySQLi/Connection.php(185): mysqli->real_connect('localhost', 'anujyotindustri...', 'anujyot@1234', 'anujyotindustri...', 3306, '', 0)
#1 /home/anujyotindustrie/public_html/system/Database/BaseConnection.php(392): CodeIgniter\Database\MySQLi\Connection->connect(false)
#2 /home/anujyotindustrie/public_html/system/Database/BaseConnection.php(575): CodeIgniter\Database\BaseConnection->initialize()
#3 /home/anujyotindustrie/public_html/system/Database/BaseBuilder.php(1615): CodeIgniter\Database\BaseConnection->query('SELECT *\nFROM `...', Array, false)
#4 /home/anujyotindustrie/public_html/app/Models/LoginModel.php(28): CodeIgniter\Database\BaseBuilder->get()
#5 /home/anujyotindustrie/public_html/app/Controllers/AdminController.php(36): App\Models\LoginModel->checkUsernamePass()
#6 /home/anujyotindustrie/public_html/system/CodeIgniter.php(942): App\Controllers\AdminController->signIn()
#7 /home/anujyotindustrie/public_html/system/CodeIgniter.php(502): CodeIgniter\CodeIgniter->runController(Object(App\Controllers\AdminController))
#8 /home/anujyotindustrie/public_html/system/CodeIgniter.php(361): CodeIgniter\CodeIgniter->handleRequest(NULL, Object(Config\Cache), false)
#9 /home/anujyotindustrie/public_html/index.php(79): CodeIgniter\CodeIgniter->run()
#10 {main}

Next CodeIgniter\Database\Exceptions\DatabaseException: Access denied for user '****'@'localhost' (using password: YES) in /home/anujyotindustrie/public_html/system/Database/MySQLi/Connection.php:229
Stack trace:
#0 /home/anujyotindustrie/public_html/system/Database/BaseConnection.php(392): CodeIgniter\Database\MySQLi\Connection->connect(false)
#1 /home/anujyotindustrie/public_html/system/Database/BaseConnection.php(575): CodeIgniter\Database\BaseConnection->initialize()
#2 /home/anujyotindustrie/public_html/system/Database/BaseBuilder.php(1615): CodeIgniter\Database\BaseConnection->query('SELECT *\nFROM `...', Array, false)
#3 /home/anujyotindustrie/public_html/app/Models/LoginModel.php(28): CodeIgniter\Database\BaseBuilder->get()
#4 /home/anujyotindustrie/public_html/app/Controllers/AdminController.php(36): App\Models\LoginModel->checkUsernamePass()
#5 /home/anujyotindustrie/public_html/system/CodeIgniter.php(942): App\Controllers\AdminController->signIn()
#6 /home/anujyotindustrie/public_html/system/CodeIgniter.php(502): CodeIgniter\CodeIgniter->runController(Object(App\Controllers\AdminController))
#7 /home/anujyotindustrie/public_html/system/CodeIgniter.php(361): CodeIgniter\CodeIgniter->handleRequest(NULL, Object(Config\Cache), false)
#8 /home/anujyotindustrie/public_html/index.php(79): CodeIgniter\CodeIgniter->run()
#9 {main}
CRITICAL - 2024-02-05 10:09:38 --> Unable to connect to the database.
Main connection [MySQLi]: Access denied for user '****'@'localhost' (using password: YES)
in SYSTEMPATH/Database/BaseConnection.php on line 428.
 1 SYSTEMPATH/Database/BaseConnection.php(575): CodeIgniter\Database\BaseConnection->initialize()
 2 SYSTEMPATH/Database/BaseBuilder.php(1615): CodeIgniter\Database\BaseConnection->query('SELECT *
FROM `tbl_login_master`
WHERE `username` = :username:
AND `password` = :password:', [...], false)
 3 APPPATH/Models/LoginModel.php(28): CodeIgniter\Database\BaseBuilder->get()
 4 APPPATH/Controllers/AdminController.php(36): App\Models\LoginModel->checkUsernamePass()
 5 SYSTEMPATH/CodeIgniter.php(942): App\Controllers\AdminController->signIn()
 6 SYSTEMPATH/CodeIgniter.php(502): CodeIgniter\CodeIgniter->runController(Object(App\Controllers\AdminController))
 7 SYSTEMPATH/CodeIgniter.php(361): CodeIgniter\CodeIgniter->handleRequest(null, Object(Config\Cache), false)
 8 FCPATH/index.php(79): CodeIgniter\CodeIgniter->run()
ERROR - 2024-02-05 10:11:19 --> Error connecting to the database: mysqli_sql_exception: Access denied for user 'anujyotindustrie'@'localhost' (using password: YES) in /home/anujyotindustrie/public_html/system/Database/MySQLi/Connection.php:185
Stack trace:
#0 /home/anujyotindustrie/public_html/system/Database/MySQLi/Connection.php(185): mysqli->real_connect('localhost', 'anujyotindustri...', 'anujyot@1234', 'anujyotindustri...', 3306, '', 0)
#1 /home/anujyotindustrie/public_html/system/Database/BaseConnection.php(392): CodeIgniter\Database\MySQLi\Connection->connect(false)
#2 /home/anujyotindustrie/public_html/system/Database/BaseConnection.php(575): CodeIgniter\Database\BaseConnection->initialize()
#3 /home/anujyotindustrie/public_html/system/Database/BaseBuilder.php(2308): CodeIgniter\Database\BaseConnection->query('INSERT INTO `tb...', Array, false)
#4 /home/anujyotindustrie/public_html/app/Models/SliderModel.php(14): CodeIgniter\Database\BaseBuilder->insert(Array)
#5 /home/anujyotindustrie/public_html/app/Controllers/SliderController.php(82): App\Models\SliderModel->insertSlider(Array)
#6 /home/anujyotindustrie/public_html/system/CodeIgniter.php(942): App\Controllers\SliderController->SliderInserted()
#7 /home/anujyotindustrie/public_html/system/CodeIgniter.php(502): CodeIgniter\CodeIgniter->runController(Object(App\Controllers\SliderController))
#8 /home/anujyotindustrie/public_html/system/CodeIgniter.php(361): CodeIgniter\CodeIgniter->handleRequest(NULL, Object(Config\Cache), false)
#9 /home/anujyotindustrie/public_html/index.php(79): CodeIgniter\CodeIgniter->run()
#10 {main}

Next CodeIgniter\Database\Exceptions\DatabaseException: Access denied for user '****'@'localhost' (using password: YES) in /home/anujyotindustrie/public_html/system/Database/MySQLi/Connection.php:229
Stack trace:
#0 /home/anujyotindustrie/public_html/system/Database/BaseConnection.php(392): CodeIgniter\Database\MySQLi\Connection->connect(false)
#1 /home/anujyotindustrie/public_html/system/Database/BaseConnection.php(575): CodeIgniter\Database\BaseConnection->initialize()
#2 /home/anujyotindustrie/public_html/system/Database/BaseBuilder.php(2308): CodeIgniter\Database\BaseConnection->query('INSERT INTO `tb...', Array, false)
#3 /home/anujyotindustrie/public_html/app/Models/SliderModel.php(14): CodeIgniter\Database\BaseBuilder->insert(Array)
#4 /home/anujyotindustrie/public_html/app/Controllers/SliderController.php(82): App\Models\SliderModel->insertSlider(Array)
#5 /home/anujyotindustrie/public_html/system/CodeIgniter.php(942): App\Controllers\SliderController->SliderInserted()
#6 /home/anujyotindustrie/public_html/system/CodeIgniter.php(502): CodeIgniter\CodeIgniter->runController(Object(App\Controllers\SliderController))
#7 /home/anujyotindustrie/public_html/system/CodeIgniter.php(361): CodeIgniter\CodeIgniter->handleRequest(NULL, Object(Config\Cache), false)
#8 /home/anujyotindustrie/public_html/index.php(79): CodeIgniter\CodeIgniter->run()
#9 {main}
CRITICAL - 2024-02-05 10:11:19 --> Unable to connect to the database.
Main connection [MySQLi]: Access denied for user '****'@'localhost' (using password: YES)
in SYSTEMPATH/Database/BaseConnection.php on line 428.
 1 SYSTEMPATH/Database/BaseConnection.php(575): CodeIgniter\Database\BaseConnection->initialize()
 2 SYSTEMPATH/Database/BaseBuilder.php(2308): CodeIgniter\Database\BaseConnection->query('INSERT INTO `tbl_slider` (`slider_name`, `slider_image`) VALUES (:slider_name:, :slider_image:)', [...], false)
 3 APPPATH/Models/SliderModel.php(14): CodeIgniter\Database\BaseBuilder->insert([...])
 4 APPPATH/Controllers/SliderController.php(82): App\Models\SliderModel->insertSlider([...])
 5 SYSTEMPATH/CodeIgniter.php(942): App\Controllers\SliderController->SliderInserted()
 6 SYSTEMPATH/CodeIgniter.php(502): CodeIgniter\CodeIgniter->runController(Object(App\Controllers\SliderController))
 7 SYSTEMPATH/CodeIgniter.php(361): CodeIgniter\CodeIgniter->handleRequest(null, Object(Config\Cache), false)
 8 FCPATH/index.php(79): CodeIgniter\CodeIgniter->run()
ERROR - 2024-02-05 10:14:27 --> Error connecting to the database: mysqli_sql_exception: Access denied for user 'anujyotindustrie'@'localhost' (using password: YES) in /home/anujyotindustrie/public_html/system/Database/MySQLi/Connection.php:185
Stack trace:
#0 /home/anujyotindustrie/public_html/system/Database/MySQLi/Connection.php(185): mysqli->real_connect('localhost', 'anujyotindustri...', 'anujyot@1234', 'anujyotindustri...', 3306, '', 0)
#1 /home/anujyotindustrie/public_html/system/Database/BaseConnection.php(392): CodeIgniter\Database\MySQLi\Connection->connect(false)
#2 /home/anujyotindustrie/public_html/system/Database/BaseConnection.php(575): CodeIgniter\Database\BaseConnection->initialize()
#3 /home/anujyotindustrie/public_html/system/Database/BaseBuilder.php(2308): CodeIgniter\Database\BaseConnection->query('INSERT INTO `tb...', Array, false)
#4 /home/anujyotindustrie/public_html/app/Models/SliderModel.php(14): CodeIgniter\Database\BaseBuilder->insert(Array)
#5 /home/anujyotindustrie/public_html/app/Controllers/SliderController.php(82): App\Models\SliderModel->insertSlider(Array)
#6 /home/anujyotindustrie/public_html/system/CodeIgniter.php(942): App\Controllers\SliderController->SliderInserted()
#7 /home/anujyotindustrie/public_html/system/CodeIgniter.php(502): CodeIgniter\CodeIgniter->runController(Object(App\Controllers\SliderController))
#8 /home/anujyotindustrie/public_html/system/CodeIgniter.php(361): CodeIgniter\CodeIgniter->handleRequest(NULL, Object(Config\Cache), false)
#9 /home/anujyotindustrie/public_html/index.php(79): CodeIgniter\CodeIgniter->run()
#10 {main}

Next CodeIgniter\Database\Exceptions\DatabaseException: Access denied for user '****'@'localhost' (using password: YES) in /home/anujyotindustrie/public_html/system/Database/MySQLi/Connection.php:229
Stack trace:
#0 /home/anujyotindustrie/public_html/system/Database/BaseConnection.php(392): CodeIgniter\Database\MySQLi\Connection->connect(false)
#1 /home/anujyotindustrie/public_html/system/Database/BaseConnection.php(575): CodeIgniter\Database\BaseConnection->initialize()
#2 /home/anujyotindustrie/public_html/system/Database/BaseBuilder.php(2308): CodeIgniter\Database\BaseConnection->query('INSERT INTO `tb...', Array, false)
#3 /home/anujyotindustrie/public_html/app/Models/SliderModel.php(14): CodeIgniter\Database\BaseBuilder->insert(Array)
#4 /home/anujyotindustrie/public_html/app/Controllers/SliderController.php(82): App\Models\SliderModel->insertSlider(Array)
#5 /home/anujyotindustrie/public_html/system/CodeIgniter.php(942): App\Controllers\SliderController->SliderInserted()
#6 /home/anujyotindustrie/public_html/system/CodeIgniter.php(502): CodeIgniter\CodeIgniter->runController(Object(App\Controllers\SliderController))
#7 /home/anujyotindustrie/public_html/system/CodeIgniter.php(361): CodeIgniter\CodeIgniter->handleRequest(NULL, Object(Config\Cache), false)
#8 /home/anujyotindustrie/public_html/index.php(79): CodeIgniter\CodeIgniter->run()
#9 {main}
CRITICAL - 2024-02-05 10:14:27 --> Unable to connect to the database.
Main connection [MySQLi]: Access denied for user '****'@'localhost' (using password: YES)
in SYSTEMPATH/Database/BaseConnection.php on line 428.
 1 SYSTEMPATH/Database/BaseConnection.php(575): CodeIgniter\Database\BaseConnection->initialize()
 2 SYSTEMPATH/Database/BaseBuilder.php(2308): CodeIgniter\Database\BaseConnection->query('INSERT INTO `tbl_slider` (`slider_name`, `slider_image`) VALUES (:slider_name:, :slider_image:)', [...], false)
 3 APPPATH/Models/SliderModel.php(14): CodeIgniter\Database\BaseBuilder->insert([...])
 4 APPPATH/Controllers/SliderController.php(82): App\Models\SliderModel->insertSlider([...])
 5 SYSTEMPATH/CodeIgniter.php(942): App\Controllers\SliderController->SliderInserted()
 6 SYSTEMPATH/CodeIgniter.php(502): CodeIgniter\CodeIgniter->runController(Object(App\Controllers\SliderController))
 7 SYSTEMPATH/CodeIgniter.php(361): CodeIgniter\CodeIgniter->handleRequest(null, Object(Config\Cache), false)
 8 FCPATH/index.php(79): CodeIgniter\CodeIgniter->run()
CRITICAL - 2024-02-05 10:18:48 --> You must set the database table to be used with your query.
in SYSTEMPATH/Database/BaseConnection.php on line 884.
 1 SYSTEMPATH/Model.php(635): CodeIgniter\Database\BaseConnection->table(null)
 2 SYSTEMPATH/Model.php(863): CodeIgniter\Model->builder()
 3 APPPATH/Controllers/AdminController.php(40): CodeIgniter\Model->__call('getUserDetails', [...])
 4 SYSTEMPATH/CodeIgniter.php(942): App\Controllers\AdminController->signIn()
 5 SYSTEMPATH/CodeIgniter.php(502): CodeIgniter\CodeIgniter->runController(Object(App\Controllers\AdminController))
 6 SYSTEMPATH/CodeIgniter.php(361): CodeIgniter\CodeIgniter->handleRequest(null, Object(Config\Cache), false)
 7 FCPATH/index.php(79): CodeIgniter\CodeIgniter->run()
CRITICAL - 2024-02-05 10:20:01 --> You must set the database table to be used with your query.
in SYSTEMPATH/Database/BaseConnection.php on line 884.
 1 SYSTEMPATH/Model.php(635): CodeIgniter\Database\BaseConnection->table(null)
 2 SYSTEMPATH/Model.php(863): CodeIgniter\Model->builder()
 3 APPPATH/Controllers/AdminController.php(40): CodeIgniter\Model->__call('getUserDetails', [...])
 4 SYSTEMPATH/CodeIgniter.php(942): App\Controllers\AdminController->signIn()
 5 SYSTEMPATH/CodeIgniter.php(502): CodeIgniter\CodeIgniter->runController(Object(App\Controllers\AdminController))
 6 SYSTEMPATH/CodeIgniter.php(361): CodeIgniter\CodeIgniter->handleRequest(null, Object(Config\Cache), false)
 7 FCPATH/index.php(79): CodeIgniter\CodeIgniter->run()
CRITICAL - 2024-02-05 10:20:14 --> You must set the database table to be used with your query.
in SYSTEMPATH/Database/BaseConnection.php on line 884.
 1 SYSTEMPATH/Model.php(635): CodeIgniter\Database\BaseConnection->table(null)
 2 SYSTEMPATH/Model.php(863): CodeIgniter\Model->builder()
 3 APPPATH/Controllers/AdminController.php(40): CodeIgniter\Model->__call('getUserDetails', [...])
 4 SYSTEMPATH/CodeIgniter.php(942): App\Controllers\AdminController->signIn()
 5 SYSTEMPATH/CodeIgniter.php(502): CodeIgniter\CodeIgniter->runController(Object(App\Controllers\AdminController))
 6 SYSTEMPATH/CodeIgniter.php(361): CodeIgniter\CodeIgniter->handleRequest(null, Object(Config\Cache), false)
 7 FCPATH/index.php(79): CodeIgniter\CodeIgniter->run()
CRITICAL - 2024-02-05 10:21:14 --> You must set the database table to be used with your query.
in SYSTEMPATH/Database/BaseConnection.php on line 884.
 1 SYSTEMPATH/Model.php(635): CodeIgniter\Database\BaseConnection->table(null)
 2 SYSTEMPATH/Model.php(863): CodeIgniter\Model->builder()
 3 APPPATH/Controllers/AdminController.php(40): CodeIgniter\Model->__call('getUserDetails', [...])
 4 SYSTEMPATH/CodeIgniter.php(942): App\Controllers\AdminController->signIn()
 5 SYSTEMPATH/CodeIgniter.php(502): CodeIgniter\CodeIgniter->runController(Object(App\Controllers\AdminController))
 6 SYSTEMPATH/CodeIgniter.php(361): CodeIgniter\CodeIgniter->handleRequest(null, Object(Config\Cache), false)
 7 FCPATH/index.php(79): CodeIgniter\CodeIgniter->run()
CRITICAL - 2024-02-05 10:21:41 --> You must set the database table to be used with your query.
in SYSTEMPATH/Database/BaseConnection.php on line 884.
 1 SYSTEMPATH/Model.php(635): CodeIgniter\Database\BaseConnection->table(null)
 2 SYSTEMPATH/Model.php(863): CodeIgniter\Model->builder()
 3 APPPATH/Controllers/AdminController.php(40): CodeIgniter\Model->__call('getUserDetails', [...])
 4 SYSTEMPATH/CodeIgniter.php(942): App\Controllers\AdminController->signIn()
 5 SYSTEMPATH/CodeIgniter.php(502): CodeIgniter\CodeIgniter->runController(Object(App\Controllers\AdminController))
 6 SYSTEMPATH/CodeIgniter.php(361): CodeIgniter\CodeIgniter->handleRequest(null, Object(Config\Cache), false)
 7 FCPATH/index.php(79): CodeIgniter\CodeIgniter->run()
ERROR - 2024-02-05 10:22:34 --> mysqli_sql_exception: Unknown column 'slider_name' in 'field list' in /home/anujyotindustrie/public_html/system/Database/MySQLi/Connection.php:306
Stack trace:
#0 /home/anujyotindustrie/public_html/system/Database/MySQLi/Connection.php(306): mysqli->query('INSERT INTO `tb...', 0)
#1 /home/anujyotindustrie/public_html/system/Database/BaseConnection.php(693): CodeIgniter\Database\MySQLi\Connection->execute('INSERT INTO `tb...')
#2 /home/anujyotindustrie/public_html/system/Database/BaseConnection.php(607): CodeIgniter\Database\BaseConnection->simpleQuery('INSERT INTO `tb...')
#3 /home/anujyotindustrie/public_html/system/Database/BaseBuilder.php(2308): CodeIgniter\Database\BaseConnection->query('INSERT INTO `tb...', Array, false)
#4 /home/anujyotindustrie/public_html/app/Models/SliderModel.php(14): CodeIgniter\Database\BaseBuilder->insert(Array)
#5 /home/anujyotindustrie/public_html/app/Controllers/SliderController.php(82): App\Models\SliderModel->insertSlider(Array)
#6 /home/anujyotindustrie/public_html/system/CodeIgniter.php(942): App\Controllers\SliderController->SliderInserted()
#7 /home/anujyotindustrie/public_html/system/CodeIgniter.php(502): CodeIgniter\CodeIgniter->runController(Object(App\Controllers\SliderController))
#8 /home/anujyotindustrie/public_html/system/CodeIgniter.php(361): CodeIgniter\CodeIgniter->handleRequest(NULL, Object(Config\Cache), false)
#9 /home/anujyotindustrie/public_html/index.php(79): CodeIgniter\CodeIgniter->run()
#10 {main}
CRITICAL - 2024-02-05 10:22:34 --> Unknown column 'slider_name' in 'field list'
in SYSTEMPATH/Database/BaseConnection.php on line 647.
 1 SYSTEMPATH/Database/BaseBuilder.php(2308): CodeIgniter\Database\BaseConnection->query('INSERT INTO `tbl_slider` (`slider_name`, `slider_image`) VALUES (:slider_name:, :slider_image:)', [...], false)
 2 APPPATH/Models/SliderModel.php(14): CodeIgniter\Database\BaseBuilder->insert([...])
 3 APPPATH/Controllers/SliderController.php(82): App\Models\SliderModel->insertSlider([...])
 4 SYSTEMPATH/CodeIgniter.php(942): App\Controllers\SliderController->SliderInserted()
 5 SYSTEMPATH/CodeIgniter.php(502): CodeIgniter\CodeIgniter->runController(Object(App\Controllers\SliderController))
 6 SYSTEMPATH/CodeIgniter.php(361): CodeIgniter\CodeIgniter->handleRequest(null, Object(Config\Cache), false)
 7 FCPATH/index.php(79): CodeIgniter\CodeIgniter->run()
CRITICAL - 2024-02-05 10:23:10 --> Undefined variable $slidMsg
in APPPATH/Controllers/SliderController.php on line 84.
 1 APPPATH/Controllers/SliderController.php(84): CodeIgniter\Debug\Exceptions->errorHandler(2, 'Undefined variable $slidMsg', '/home/anujyotindustrie/public_html/app/Controllers/SliderController.php', 84)
 2 SYSTEMPATH/CodeIgniter.php(942): App\Controllers\SliderController->SliderInserted()
 3 SYSTEMPATH/CodeIgniter.php(502): CodeIgniter\CodeIgniter->runController(Object(App\Controllers\SliderController))
 4 SYSTEMPATH/CodeIgniter.php(361): CodeIgniter\CodeIgniter->handleRequest(null, Object(Config\Cache), false)
 5 FCPATH/index.php(79): CodeIgniter\CodeIgniter->run()
CRITICAL - 2024-02-05 10:26:43 --> Too few arguments to function App\Models\LoginModel::check_login(), 0 passed in /home/anujyotindustrie/public_html/app/Controllers/AdminController.php on line 36 and exactly 2 expected
in APPPATH/Models/LoginModel.php on line 9.
 1 APPPATH/Controllers/AdminController.php(36): App\Models\LoginModel->check_login()
 2 SYSTEMPATH/CodeIgniter.php(942): App\Controllers\AdminController->signIn()
 3 SYSTEMPATH/CodeIgniter.php(502): CodeIgniter\CodeIgniter->runController(Object(App\Controllers\AdminController))
 4 SYSTEMPATH/CodeIgniter.php(361): CodeIgniter\CodeIgniter->handleRequest(null, Object(Config\Cache), false)
 5 FCPATH/index.php(79): CodeIgniter\CodeIgniter->run()
CRITICAL - 2024-02-05 10:27:27 --> You must set the database table to be used with your query.
in SYSTEMPATH/Database/BaseConnection.php on line 884.
 1 SYSTEMPATH/Model.php(635): CodeIgniter\Database\BaseConnection->table(null)
 2 SYSTEMPATH/Model.php(863): CodeIgniter\Model->builder()
 3 APPPATH/Controllers/AdminController.php(40): CodeIgniter\Model->__call('getUserDetails', [...])
 4 SYSTEMPATH/CodeIgniter.php(942): App\Controllers\AdminController->signIn()
 5 SYSTEMPATH/CodeIgniter.php(502): CodeIgniter\CodeIgniter->runController(Object(App\Controllers\AdminController))
 6 SYSTEMPATH/CodeIgniter.php(361): CodeIgniter\CodeIgniter->handleRequest(null, Object(Config\Cache), false)
 7 FCPATH/index.php(79): CodeIgniter\CodeIgniter->run()
CRITICAL - 2024-02-05 10:28:27 --> You must set the database table to be used with your query.
in SYSTEMPATH/Database/BaseConnection.php on line 884.
 1 SYSTEMPATH/Model.php(635): CodeIgniter\Database\BaseConnection->table(null)
 2 SYSTEMPATH/Model.php(863): CodeIgniter\Model->builder()
 3 APPPATH/Controllers/AdminController.php(40): CodeIgniter\Model->__call('getUserDetails', [...])
 4 SYSTEMPATH/CodeIgniter.php(942): App\Controllers\AdminController->signIn()
 5 SYSTEMPATH/CodeIgniter.php(502): CodeIgniter\CodeIgniter->runController(Object(App\Controllers\AdminController))
 6 SYSTEMPATH/CodeIgniter.php(361): CodeIgniter\CodeIgniter->handleRequest(null, Object(Config\Cache), false)
 7 FCPATH/index.php(79): CodeIgniter\CodeIgniter->run()
CRITICAL - 2024-02-05 10:36:21 --> Invalid file: "Admin/AddProducts.php"
in SYSTEMPATH/Exceptions/FrameworkException.php on line 39.
 1 SYSTEMPATH/View/View.php(216): CodeIgniter\Exceptions\FrameworkException::forInvalidFile('Admin/AddProducts.php')
 2 SYSTEMPATH/Common.php(1190): CodeIgniter\View\View->render('Admin/AddProducts', [], true)
 3 APPPATH/Controllers/ProductController.php(16): view('Admin/AddProducts')
 4 SYSTEMPATH/CodeIgniter.php(942): App\Controllers\ProductController->AddProducts()
 5 SYSTEMPATH/CodeIgniter.php(502): CodeIgniter\CodeIgniter->runController(Object(App\Controllers\ProductController))
 6 SYSTEMPATH/CodeIgniter.php(361): CodeIgniter\CodeIgniter->handleRequest(null, Object(Config\Cache), false)
 7 FCPATH/index.php(79): CodeIgniter\CodeIgniter->run()
ERROR - 2024-02-05 10:40:47 --> mysqli_sql_exception: Unknown column 'slider_image' in 'field list' in /home/anujyotindustrie/public_html/system/Database/MySQLi/Connection.php:306
Stack trace:
#0 /home/anujyotindustrie/public_html/system/Database/MySQLi/Connection.php(306): mysqli->query('INSERT INTO `tb...', 0)
#1 /home/anujyotindustrie/public_html/system/Database/BaseConnection.php(693): CodeIgniter\Database\MySQLi\Connection->execute('INSERT INTO `tb...')
#2 /home/anujyotindustrie/public_html/system/Database/BaseConnection.php(607): CodeIgniter\Database\BaseConnection->simpleQuery('INSERT INTO `tb...')
#3 /home/anujyotindustrie/public_html/system/Database/BaseBuilder.php(2308): CodeIgniter\Database\BaseConnection->query('INSERT INTO `tb...', Array, false)
#4 /home/anujyotindustrie/public_html/app/Models/SliderModel.php(14): CodeIgniter\Database\BaseBuilder->insert(Array)
#5 /home/anujyotindustrie/public_html/app/Controllers/SliderController.php(82): App\Models\SliderModel->insertSlider(Array)
#6 /home/anujyotindustrie/public_html/system/CodeIgniter.php(942): App\Controllers\SliderController->SliderInserted()
#7 /home/anujyotindustrie/public_html/system/CodeIgniter.php(502): CodeIgniter\CodeIgniter->runController(Object(App\Controllers\SliderController))
#8 /home/anujyotindustrie/public_html/system/CodeIgniter.php(361): CodeIgniter\CodeIgniter->handleRequest(NULL, Object(Config\Cache), false)
#9 /home/anujyotindustrie/public_html/index.php(79): CodeIgniter\CodeIgniter->run()
#10 {main}
CRITICAL - 2024-02-05 10:40:47 --> Unknown column 'slider_image' in 'field list'
in SYSTEMPATH/Database/BaseConnection.php on line 647.
 1 SYSTEMPATH/Database/BaseBuilder.php(2308): CodeIgniter\Database\BaseConnection->query('INSERT INTO `tbl_slider` (`slider_image`, `alt_tag`) VALUES (:slider_image:, :alt_tag:)', [...], false)
 2 APPPATH/Models/SliderModel.php(14): CodeIgniter\Database\BaseBuilder->insert([...])
 3 APPPATH/Controllers/SliderController.php(82): App\Models\SliderModel->insertSlider([...])
 4 SYSTEMPATH/CodeIgniter.php(942): App\Controllers\SliderController->SliderInserted()
 5 SYSTEMPATH/CodeIgniter.php(502): CodeIgniter\CodeIgniter->runController(Object(App\Controllers\SliderController))
 6 SYSTEMPATH/CodeIgniter.php(361): CodeIgniter\CodeIgniter->handleRequest(null, Object(Config\Cache), false)
 7 FCPATH/index.php(79): CodeIgniter\CodeIgniter->run()
ERROR - 2024-02-05 10:41:45 --> mysqli_sql_exception: Unknown column 'slider_image' in 'field list' in /home/anujyotindustrie/public_html/system/Database/MySQLi/Connection.php:306
Stack trace:
#0 /home/anujyotindustrie/public_html/system/Database/MySQLi/Connection.php(306): mysqli->query('INSERT INTO `tb...', 0)
#1 /home/anujyotindustrie/public_html/system/Database/BaseConnection.php(693): CodeIgniter\Database\MySQLi\Connection->execute('INSERT INTO `tb...')
#2 /home/anujyotindustrie/public_html/system/Database/BaseConnection.php(607): CodeIgniter\Database\BaseConnection->simpleQuery('INSERT INTO `tb...')
#3 /home/anujyotindustrie/public_html/system/Database/BaseBuilder.php(2308): CodeIgniter\Database\BaseConnection->query('INSERT INTO `tb...', Array, false)
#4 /home/anujyotindustrie/public_html/app/Models/SliderModel.php(14): CodeIgniter\Database\BaseBuilder->insert(Array)
#5 /home/anujyotindustrie/public_html/app/Controllers/SliderController.php(82): App\Models\SliderModel->insertSlider(Array)
#6 /home/anujyotindustrie/public_html/system/CodeIgniter.php(942): App\Controllers\SliderController->SliderInserted()
#7 /home/anujyotindustrie/public_html/system/CodeIgniter.php(502): CodeIgniter\CodeIgniter->runController(Object(App\Controllers\SliderController))
#8 /home/anujyotindustrie/public_html/system/CodeIgniter.php(361): CodeIgniter\CodeIgniter->handleRequest(NULL, Object(Config\Cache), false)
#9 /home/anujyotindustrie/public_html/index.php(79): CodeIgniter\CodeIgniter->run()
#10 {main}
CRITICAL - 2024-02-05 10:41:45 --> Unknown column 'slider_image' in 'field list'
in SYSTEMPATH/Database/BaseConnection.php on line 647.
 1 SYSTEMPATH/Database/BaseBuilder.php(2308): CodeIgniter\Database\BaseConnection->query('INSERT INTO `tbl_slider` (`slider_image`, `alt_tag`) VALUES (:slider_image:, :alt_tag:)', [...], false)
 2 APPPATH/Models/SliderModel.php(14): CodeIgniter\Database\BaseBuilder->insert([...])
 3 APPPATH/Controllers/SliderController.php(82): App\Models\SliderModel->insertSlider([...])
 4 SYSTEMPATH/CodeIgniter.php(942): App\Controllers\SliderController->SliderInserted()
 5 SYSTEMPATH/CodeIgniter.php(502): CodeIgniter\CodeIgniter->runController(Object(App\Controllers\SliderController))
 6 SYSTEMPATH/CodeIgniter.php(361): CodeIgniter\CodeIgniter->handleRequest(null, Object(Config\Cache), false)
 7 FCPATH/index.php(79): CodeIgniter\CodeIgniter->run()
CRITICAL - 2024-02-05 10:49:57 --> Undefined variable $taluka
in APPPATH/Views/Admin/AddProducts.php on line 61.
 1 APPPATH/Views/Admin/AddProducts.php(61): CodeIgniter\Debug\Exceptions->errorHandler(2, 'Undefined variable $taluka', '/home/anujyotindustrie/public_html/app/Views/Admin/AddProducts.php', 61)
 2 SYSTEMPATH/View/View.php(228): include('/home/anujyotindustrie/public_html/app/Views/Admin/AddProducts.php')
 3 SYSTEMPATH/View/View.php(231): CodeIgniter\View\View->CodeIgniter\View\{closure}()
 4 SYSTEMPATH/Common.php(1190): CodeIgniter\View\View->render('Admin/AddProducts', [], true)
 5 APPPATH/Controllers/ProductController.php(16): view('Admin/AddProducts')
 6 SYSTEMPATH/CodeIgniter.php(942): App\Controllers\ProductController->AddProducts()
 7 SYSTEMPATH/CodeIgniter.php(502): CodeIgniter\CodeIgniter->runController(Object(App\Controllers\ProductController))
 8 SYSTEMPATH/CodeIgniter.php(361): CodeIgniter\CodeIgniter->handleRequest(null, Object(Config\Cache), false)
 9 FCPATH/index.php(79): CodeIgniter\CodeIgniter->run()
CRITICAL - 2024-02-05 11:05:58 --> Class "App\Controllers\ProductModel" not found
in APPPATH/Controllers/ProductController.php on line 88.
 1 SYSTEMPATH/CodeIgniter.php(942): App\Controllers\ProductController->ProductInserted()
 2 SYSTEMPATH/CodeIgniter.php(502): CodeIgniter\CodeIgniter->runController(Object(App\Controllers\ProductController))
 3 SYSTEMPATH/CodeIgniter.php(361): CodeIgniter\CodeIgniter->handleRequest(null, Object(Config\Cache), false)
 4 FCPATH/index.php(79): CodeIgniter\CodeIgniter->run()
CRITICAL - 2024-02-05 11:10:54 --> Invalid file: "Admin/AddProduct.php"
in SYSTEMPATH/Exceptions/FrameworkException.php on line 39.
 1 SYSTEMPATH/View/View.php(216): CodeIgniter\Exceptions\FrameworkException::forInvalidFile('Admin/AddProduct.php')
 2 SYSTEMPATH/Common.php(1190): CodeIgniter\View\View->render('Admin/AddProduct', [], true)
 3 APPPATH/Controllers/ProductController.php(95): view('Admin/AddProduct', [...])
 4 SYSTEMPATH/CodeIgniter.php(942): App\Controllers\ProductController->ProductInserted()
 5 SYSTEMPATH/CodeIgniter.php(502): CodeIgniter\CodeIgniter->runController(Object(App\Controllers\ProductController))
 6 SYSTEMPATH/CodeIgniter.php(361): CodeIgniter\CodeIgniter->handleRequest(null, Object(Config\Cache), false)
 7 FCPATH/index.php(79): CodeIgniter\CodeIgniter->run()
CRITICAL - 2024-02-05 11:20:53 --> Class "App\Controllers\SliderModel" not found
in APPPATH/Controllers/ContactController.php on line 52.
 1 SYSTEMPATH/CodeIgniter.php(942): App\Controllers\ContactController->ContactProcess()
 2 SYSTEMPATH/CodeIgniter.php(502): CodeIgniter\CodeIgniter->runController(Object(App\Controllers\ContactController))
 3 SYSTEMPATH/CodeIgniter.php(361): CodeIgniter\CodeIgniter->handleRequest(null, Object(Config\Cache), false)
 4 FCPATH/index.php(79): CodeIgniter\CodeIgniter->run()
CRITICAL - 2024-02-05 12:31:36 --> Undefined array key "image"
in APPPATH/Controllers/ProductController.php on line 50.
 1 APPPATH/Controllers/ProductController.php(50): CodeIgniter\Debug\Exceptions->errorHandler(2, 'Undefined array key "image"', '/home/anujyotindustrie/public_html/app/Controllers/ProductController.php', 50)
 2 SYSTEMPATH/CodeIgniter.php(942): App\Controllers\ProductController->ProductInserted()
 3 SYSTEMPATH/CodeIgniter.php(502): CodeIgniter\CodeIgniter->runController(Object(App\Controllers\ProductController))
 4 SYSTEMPATH/CodeIgniter.php(361): CodeIgniter\CodeIgniter->handleRequest(null, Object(Config\Cache), false)
 5 FCPATH/index.php(79): CodeIgniter\CodeIgniter->run()
CRITICAL - 2024-02-05 12:51:25 --> Undefined array key "description"
in APPPATH/Controllers/ProductController.php on line 91.
 1 APPPATH/Controllers/ProductController.php(91): CodeIgniter\Debug\Exceptions->errorHandler(2, 'Undefined array key "description"', '/home/anujyotindustrie/public_html/app/Controllers/ProductController.php', 91)
 2 SYSTEMPATH/CodeIgniter.php(942): App\Controllers\ProductController->ProductInserted()
 3 SYSTEMPATH/CodeIgniter.php(502): CodeIgniter\CodeIgniter->runController(Object(App\Controllers\ProductController))
 4 SYSTEMPATH/CodeIgniter.php(361): CodeIgniter\CodeIgniter->handleRequest(null, Object(Config\Cache), false)
 5 FCPATH/index.php(79): CodeIgniter\CodeIgniter->run()
CRITICAL - 2024-02-05 12:52:34 --> Undefined array key "description"
in APPPATH/Controllers/ProductController.php on line 91.
 1 APPPATH/Controllers/ProductController.php(91): CodeIgniter\Debug\Exceptions->errorHandler(2, 'Undefined array key "description"', '/home/anujyotindustrie/public_html/app/Controllers/ProductController.php', 91)
 2 SYSTEMPATH/CodeIgniter.php(942): App\Controllers\ProductController->ProductInserted()
 3 SYSTEMPATH/CodeIgniter.php(502): CodeIgniter\CodeIgniter->runController(Object(App\Controllers\ProductController))
 4 SYSTEMPATH/CodeIgniter.php(361): CodeIgniter\CodeIgniter->handleRequest(null, Object(Config\Cache), false)
 5 FCPATH/index.php(79): CodeIgniter\CodeIgniter->run()
CRITICAL - 2024-02-05 12:52:59 --> Undefined array key "description"
in APPPATH/Controllers/ProductController.php on line 91.
 1 APPPATH/Controllers/ProductController.php(91): CodeIgniter\Debug\Exceptions->errorHandler(2, 'Undefined array key "description"', '/home/anujyotindustrie/public_html/app/Controllers/ProductController.php', 91)
 2 SYSTEMPATH/CodeIgniter.php(942): App\Controllers\ProductController->ProductInserted()
 3 SYSTEMPATH/CodeIgniter.php(502): CodeIgniter\CodeIgniter->runController(Object(App\Controllers\ProductController))
 4 SYSTEMPATH/CodeIgniter.php(361): CodeIgniter\CodeIgniter->handleRequest(null, Object(Config\Cache), false)
 5 FCPATH/index.php(79): CodeIgniter\CodeIgniter->run()
CRITICAL - 2024-02-05 12:53:47 --> Undefined array key "description"
in APPPATH/Controllers/ProductController.php on line 91.
 1 APPPATH/Controllers/ProductController.php(91): CodeIgniter\Debug\Exceptions->errorHandler(2, 'Undefined array key "description"', '/home/anujyotindustrie/public_html/app/Controllers/ProductController.php', 91)
 2 SYSTEMPATH/CodeIgniter.php(942): App\Controllers\ProductController->ProductInserted()
 3 SYSTEMPATH/CodeIgniter.php(502): CodeIgniter\CodeIgniter->runController(Object(App\Controllers\ProductController))
 4 SYSTEMPATH/CodeIgniter.php(361): CodeIgniter\CodeIgniter->handleRequest(null, Object(Config\Cache), false)
 5 FCPATH/index.php(79): CodeIgniter\CodeIgniter->run()
CRITICAL - 2024-02-05 12:55:20 --> Undefined array key "description"
in APPPATH/Controllers/ProductController.php on line 91.
 1 APPPATH/Controllers/ProductController.php(91): CodeIgniter\Debug\Exceptions->errorHandler(2, 'Undefined array key "description"', '/home/anujyotindustrie/public_html/app/Controllers/ProductController.php', 91)
 2 SYSTEMPATH/CodeIgniter.php(942): App\Controllers\ProductController->ProductInserted()
 3 SYSTEMPATH/CodeIgniter.php(502): CodeIgniter\CodeIgniter->runController(Object(App\Controllers\ProductController))
 4 SYSTEMPATH/CodeIgniter.php(361): CodeIgniter\CodeIgniter->handleRequest(null, Object(Config\Cache), false)
 5 FCPATH/index.php(79): CodeIgniter\CodeIgniter->run()
CRITICAL - 2024-02-05 13:05:18 --> Undefined variable $sliderD
in APPPATH/Views/Admin/ViewSliders.php on line 45.
 1 APPPATH/Views/Admin/ViewSliders.php(45): CodeIgniter\Debug\Exceptions->errorHandler(2, 'Undefined variable $sliderD', '/home/anujyotindustrie/public_html/app/Views/Admin/ViewSliders.php', 45)
 2 SYSTEMPATH/View/View.php(228): include('/home/anujyotindustrie/public_html/app/Views/Admin/ViewSliders.php')
 3 SYSTEMPATH/View/View.php(231): CodeIgniter\View\View->CodeIgniter\View\{closure}()
 4 SYSTEMPATH/Common.php(1190): CodeIgniter\View\View->render('Admin/ViewSliders', [], true)
 5 APPPATH/Controllers/SliderController.php(18): view('Admin/ViewSliders')
 6 SYSTEMPATH/CodeIgniter.php(942): App\Controllers\SliderController->ViewSlider()
 7 SYSTEMPATH/CodeIgniter.php(502): CodeIgniter\CodeIgniter->runController(Object(App\Controllers\SliderController))
 8 SYSTEMPATH/CodeIgniter.php(361): CodeIgniter\CodeIgniter->handleRequest(null, Object(Config\Cache), false)
 9 FCPATH/index.php(79): CodeIgniter\CodeIgniter->run()
CRITICAL - 2024-02-05 13:15:13 --> Undefined variable $sliderD
in APPPATH/Views/Admin/ViewSliders.php on line 45.
 1 APPPATH/Views/Admin/ViewSliders.php(45): CodeIgniter\Debug\Exceptions->errorHandler(2, 'Undefined variable $sliderD', '/home/anujyotindustrie/public_html/app/Views/Admin/ViewSliders.php', 45)
 2 SYSTEMPATH/View/View.php(228): include('/home/anujyotindustrie/public_html/app/Views/Admin/ViewSliders.php')
 3 SYSTEMPATH/View/View.php(231): CodeIgniter\View\View->CodeIgniter\View\{closure}()
 4 SYSTEMPATH/Common.php(1190): CodeIgniter\View\View->render('Admin/ViewSliders', [], true)
 5 APPPATH/Controllers/SliderController.php(18): view('Admin/ViewSliders')
 6 SYSTEMPATH/CodeIgniter.php(942): App\Controllers\SliderController->ViewSlider()
 7 SYSTEMPATH/CodeIgniter.php(502): CodeIgniter\CodeIgniter->runController(Object(App\Controllers\SliderController))
 8 SYSTEMPATH/CodeIgniter.php(361): CodeIgniter\CodeIgniter->handleRequest(null, Object(Config\Cache), false)
 9 FCPATH/index.php(79): CodeIgniter\CodeIgniter->run()
CRITICAL - 2024-02-05 13:19:40 --> Undefined variable $ProductD
in APPPATH/Views/Admin/ViewProducts.php on line 50.
 1 APPPATH/Views/Admin/ViewProducts.php(50): CodeIgniter\Debug\Exceptions->errorHandler(2, 'Undefined variable $ProductD', '/home/anujyotindustrie/public_html/app/Views/Admin/ViewProducts.php', 50)
 2 SYSTEMPATH/View/View.php(228): include('/home/anujyotindustrie/public_html/app/Views/Admin/ViewProducts.php')
 3 SYSTEMPATH/View/View.php(231): CodeIgniter\View\View->CodeIgniter\View\{closure}()
 4 SYSTEMPATH/Common.php(1190): CodeIgniter\View\View->render('Admin/ViewProducts', [], true)
 5 APPPATH/Controllers/ProductController.php(12): view('Admin/ViewProducts')
 6 SYSTEMPATH/CodeIgniter.php(942): App\Controllers\ProductController->ViewProducts()
 7 SYSTEMPATH/CodeIgniter.php(502): CodeIgniter\CodeIgniter->runController(Object(App\Controllers\ProductController))
 8 SYSTEMPATH/CodeIgniter.php(361): CodeIgniter\CodeIgniter->handleRequest(null, Object(Config\Cache), false)
 9 FCPATH/index.php(79): CodeIgniter\CodeIgniter->run()
CRITICAL - 2024-02-05 13:20:01 --> Undefined variable $list
in APPPATH/Views/Admin/ViewProducts.php on line 52.
 1 APPPATH/Views/Admin/ViewProducts.php(52): CodeIgniter\Debug\Exceptions->errorHandler(2, 'Undefined variable $list', '/home/anujyotindustrie/public_html/app/Views/Admin/ViewProducts.php', 52)
 2 SYSTEMPATH/View/View.php(228): include('/home/anujyotindustrie/public_html/app/Views/Admin/ViewProducts.php')
 3 SYSTEMPATH/View/View.php(231): CodeIgniter\View\View->CodeIgniter\View\{closure}()
 4 SYSTEMPATH/Common.php(1190): CodeIgniter\View\View->render('Admin/ViewProducts', [], true)
 5 APPPATH/Controllers/ProductController.php(12): view('Admin/ViewProducts')
 6 SYSTEMPATH/CodeIgniter.php(942): App\Controllers\ProductController->ViewProducts()
 7 SYSTEMPATH/CodeIgniter.php(502): CodeIgniter\CodeIgniter->runController(Object(App\Controllers\ProductController))
 8 SYSTEMPATH/CodeIgniter.php(361): CodeIgniter\CodeIgniter->handleRequest(null, Object(Config\Cache), false)
 9 FCPATH/index.php(79): CodeIgniter\CodeIgniter->run()
CRITICAL - 2024-02-05 13:20:18 --> Undefined variable $ProductD
in APPPATH/Views/Admin/ViewProducts.php on line 50.
 1 APPPATH/Views/Admin/ViewProducts.php(50): CodeIgniter\Debug\Exceptions->errorHandler(2, 'Undefined variable $ProductD', '/home/anujyotindustrie/public_html/app/Views/Admin/ViewProducts.php', 50)
 2 SYSTEMPATH/View/View.php(228): include('/home/anujyotindustrie/public_html/app/Views/Admin/ViewProducts.php')
 3 SYSTEMPATH/View/View.php(231): CodeIgniter\View\View->CodeIgniter\View\{closure}()
 4 SYSTEMPATH/Common.php(1190): CodeIgniter\View\View->render('Admin/ViewProducts', [], true)
 5 APPPATH/Controllers/ProductController.php(12): view('Admin/ViewProducts')
 6 SYSTEMPATH/CodeIgniter.php(942): App\Controllers\ProductController->ViewProducts()
 7 SYSTEMPATH/CodeIgniter.php(502): CodeIgniter\CodeIgniter->runController(Object(App\Controllers\ProductController))
 8 SYSTEMPATH/CodeIgniter.php(361): CodeIgniter\CodeIgniter->handleRequest(null, Object(Config\Cache), false)
 9 FCPATH/index.php(79): CodeIgniter\CodeIgniter->run()
CRITICAL - 2024-02-05 13:21:48 --> You must set the database table to be used with your query.
in SYSTEMPATH/Database/BaseConnection.php on line 884.
 1 SYSTEMPATH/Model.php(635): CodeIgniter\Database\BaseConnection->table(null)
 2 SYSTEMPATH/Model.php(863): CodeIgniter\Model->builder()
 3 APPPATH/Controllers/SliderController.php(18): CodeIgniter\Model->__call('getSliderhList', [])
 4 SYSTEMPATH/CodeIgniter.php(942): App\Controllers\SliderController->ViewSlider()
 5 SYSTEMPATH/CodeIgniter.php(502): CodeIgniter\CodeIgniter->runController(Object(App\Controllers\SliderController))
 6 SYSTEMPATH/CodeIgniter.php(361): CodeIgniter\CodeIgniter->handleRequest(null, Object(Config\Cache), false)
 7 FCPATH/index.php(79): CodeIgniter\CodeIgniter->run()
CRITICAL - 2024-02-05 13:22:01 --> You must set the database table to be used with your query.
in SYSTEMPATH/Database/BaseConnection.php on line 884.
 1 SYSTEMPATH/Model.php(635): CodeIgniter\Database\BaseConnection->table(null)
 2 SYSTEMPATH/Model.php(863): CodeIgniter\Model->builder()
 3 APPPATH/Controllers/ProductController.php(13): CodeIgniter\Model->__call('getProductList', [])
 4 SYSTEMPATH/CodeIgniter.php(942): App\Controllers\ProductController->ViewProducts()
 5 SYSTEMPATH/CodeIgniter.php(502): CodeIgniter\CodeIgniter->runController(Object(App\Controllers\ProductController))
 6 SYSTEMPATH/CodeIgniter.php(361): CodeIgniter\CodeIgniter->handleRequest(null, Object(Config\Cache), false)
 7 FCPATH/index.php(79): CodeIgniter\CodeIgniter->run()
CRITICAL - 2024-02-05 13:23:27 --> Undefined array key "img"
in APPPATH/Views/Admin/ViewProducts.php on line 54.
 1 APPPATH/Views/Admin/ViewProducts.php(54): CodeIgniter\Debug\Exceptions->errorHandler(2, 'Undefined array key "img"', '/home/anujyotindustrie/public_html/app/Views/Admin/ViewProducts.php', 54)
 2 SYSTEMPATH/View/View.php(228): include('/home/anujyotindustrie/public_html/app/Views/Admin/ViewProducts.php')
 3 SYSTEMPATH/View/View.php(231): CodeIgniter\View\View->CodeIgniter\View\{closure}()
 4 SYSTEMPATH/Common.php(1190): CodeIgniter\View\View->render('Admin/ViewProducts', [], true)
 5 APPPATH/Controllers/ProductController.php(14): view('Admin/ViewProducts', [...])
 6 SYSTEMPATH/CodeIgniter.php(942): App\Controllers\ProductController->ViewProducts()
 7 SYSTEMPATH/CodeIgniter.php(502): CodeIgniter\CodeIgniter->runController(Object(App\Controllers\ProductController))
 8 SYSTEMPATH/CodeIgniter.php(361): CodeIgniter\CodeIgniter->handleRequest(null, Object(Config\Cache), false)
 9 FCPATH/index.php(79): CodeIgniter\CodeIgniter->run()
CRITICAL - 2024-02-05 13:24:16 --> You must set the database table to be used with your query.
in SYSTEMPATH/Database/BaseConnection.php on line 884.
 1 SYSTEMPATH/Model.php(635): CodeIgniter\Database\BaseConnection->table(null)
 2 SYSTEMPATH/Model.php(863): CodeIgniter\Model->builder()
 3 APPPATH/Controllers/SliderController.php(18): CodeIgniter\Model->__call('getSliderhList', [])
 4 SYSTEMPATH/CodeIgniter.php(942): App\Controllers\SliderController->ViewSlider()
 5 SYSTEMPATH/CodeIgniter.php(502): CodeIgniter\CodeIgniter->runController(Object(App\Controllers\SliderController))
 6 SYSTEMPATH/CodeIgniter.php(361): CodeIgniter\CodeIgniter->handleRequest(null, Object(Config\Cache), false)
 7 FCPATH/index.php(79): CodeIgniter\CodeIgniter->run()
CRITICAL - 2024-02-05 13:26:42 --> syntax error, unexpected integer "1", expecting ")"
in APPPATH/Models/ProductModel.php on line 21.
 1 SYSTEMPATH/Autoloader/Autoloader.php(291): CodeIgniter\Autoloader\Autoloader->includeFile('/home/anujyotindustrie/public_html/app/Models/ProductModel.php')
 2 SYSTEMPATH/Autoloader/Autoloader.php(269): CodeIgniter\Autoloader\Autoloader->loadInNamespace('App\\Models\\ProductModel')
 3 APPPATH/Controllers/ProductController.php(12): CodeIgniter\Autoloader\Autoloader->loadClass('App\\Models\\ProductModel')
 4 SYSTEMPATH/CodeIgniter.php(942): App\Controllers\ProductController->ViewProducts()
 5 SYSTEMPATH/CodeIgniter.php(502): CodeIgniter\CodeIgniter->runController(Object(App\Controllers\ProductController))
 6 SYSTEMPATH/CodeIgniter.php(361): CodeIgniter\CodeIgniter->handleRequest(null, Object(Config\Cache), false)
 7 FCPATH/index.php(79): CodeIgniter\CodeIgniter->run()
