CRITICAL - 2024-02-06 04:29:18 --> Class "App\Controllers\SliderModel" not found
in APPPATH/Controllers/ProductController.php on line 169.
 1 SYSTEMPATH/CodeIgniter.php(942): App\Controllers\ProductController->deleteProduct()
 2 SYSTEMPATH/CodeIgniter.php(502): CodeIgniter\CodeIgniter->runController(Object(App\Controllers\ProductController))
 3 SYSTEMPATH/CodeIgniter.php(361): CodeIgniter\CodeIgniter->handleRequest(null, Object(Config\Cache), false)
 4 FCPATH/index.php(79): CodeIgniter\CodeIgniter->run()
CRITICAL - 2024-02-06 04:43:38 --> You must set the database table to be used with your query.
in SYSTEMPATH/Database/BaseConnection.php on line 884.
 1 SYSTEMPATH/Model.php(635): CodeIgniter\Database\BaseConnection->table(null)
 2 SYSTEMPATH/Model.php(863): CodeIgniter\Model->builder()
 3 APPPATH/Controllers/ProductController.php(190): CodeIgniter\Model->__call('getProductById', [...])
 4 SYSTEMPATH/CodeIgniter.php(942): App\Controllers\ProductController->UpdateProduct()
 5 SYSTEMPATH/CodeIgniter.php(502): CodeIgniter\CodeIgniter->runController(Object(App\Controllers\ProductController))
 6 SYSTEMPATH/CodeIgniter.php(361): CodeIgniter\CodeIgniter->handleRequest(null, Object(Config\Cache), false)
 7 FCPATH/index.php(79): CodeIgniter\CodeIgniter->run()
CRITICAL - 2024-02-06 04:44:42 --> Cannot access offset of type string on string
in APPPATH/Views/Admin/ViewProducts.php on line 52.
 1 SYSTEMPATH/View/View.php(228): include()
 2 SYSTEMPATH/View/View.php(231): CodeIgniter\View\View->CodeIgniter\View\{closure}()
 3 SYSTEMPATH/Common.php(1190): CodeIgniter\View\View->render('Admin/ViewProducts', [], true)
 4 APPPATH/Controllers/ProductController.php(191): view('Admin/ViewProducts', [...])
 5 SYSTEMPATH/CodeIgniter.php(942): App\Controllers\ProductController->UpdateProduct()
 6 SYSTEMPATH/CodeIgniter.php(502): CodeIgniter\CodeIgniter->runController(Object(App\Controllers\ProductController))
 7 SYSTEMPATH/CodeIgniter.php(361): CodeIgniter\CodeIgniter->handleRequest(null, Object(Config\Cache), false)
 8 FCPATH/index.php(79): CodeIgniter\CodeIgniter->run()
CRITICAL - 2024-02-06 04:45:25 --> Invalid file: "Admin/ViewSlider.php"
in SYSTEMPATH/Exceptions/FrameworkException.php on line 39.
 1 SYSTEMPATH/View/View.php(216): CodeIgniter\Exceptions\FrameworkException::forInvalidFile('Admin/ViewSlider.php')
 2 SYSTEMPATH/Common.php(1190): CodeIgniter\View\View->render('Admin/ViewSlider', [], true)
 3 APPPATH/Controllers/SliderController.php(136): view('Admin/ViewSlider', [...])
 4 SYSTEMPATH/CodeIgniter.php(942): App\Controllers\SliderController->UpdateSlider()
 5 SYSTEMPATH/CodeIgniter.php(502): CodeIgniter\CodeIgniter->runController(Object(App\Controllers\SliderController))
 6 SYSTEMPATH/CodeIgniter.php(361): CodeIgniter\CodeIgniter->handleRequest(null, Object(Config\Cache), false)
 7 FCPATH/index.php(79): CodeIgniter\CodeIgniter->run()
CRITICAL - 2024-02-06 04:45:29 --> Cannot access offset of type string on string
in APPPATH/Views/Admin/ViewProducts.php on line 52.
 1 SYSTEMPATH/View/View.php(228): include()
 2 SYSTEMPATH/View/View.php(231): CodeIgniter\View\View->CodeIgniter\View\{closure}()
 3 SYSTEMPATH/Common.php(1190): CodeIgniter\View\View->render('Admin/ViewProducts', [], true)
 4 APPPATH/Controllers/ProductController.php(191): view('Admin/ViewProducts', [...])
 5 SYSTEMPATH/CodeIgniter.php(942): App\Controllers\ProductController->UpdateProduct()
 6 SYSTEMPATH/CodeIgniter.php(502): CodeIgniter\CodeIgniter->runController(Object(App\Controllers\ProductController))
 7 SYSTEMPATH/CodeIgniter.php(361): CodeIgniter\CodeIgniter->handleRequest(null, Object(Config\Cache), false)
 8 FCPATH/index.php(79): CodeIgniter\CodeIgniter->run()
CRITICAL - 2024-02-06 04:45:35 --> Cannot access offset of type string on string
in APPPATH/Views/Admin/ViewProducts.php on line 52.
 1 SYSTEMPATH/View/View.php(228): include()
 2 SYSTEMPATH/View/View.php(231): CodeIgniter\View\View->CodeIgniter\View\{closure}()
 3 SYSTEMPATH/Common.php(1190): CodeIgniter\View\View->render('Admin/ViewProducts', [], true)
 4 APPPATH/Controllers/ProductController.php(191): view('Admin/ViewProducts', [...])
 5 SYSTEMPATH/CodeIgniter.php(942): App\Controllers\ProductController->UpdateProduct()
 6 SYSTEMPATH/CodeIgniter.php(502): CodeIgniter\CodeIgniter->runController(Object(App\Controllers\ProductController))
 7 SYSTEMPATH/CodeIgniter.php(361): CodeIgniter\CodeIgniter->handleRequest(null, Object(Config\Cache), false)
 8 FCPATH/index.php(79): CodeIgniter\CodeIgniter->run()
CRITICAL - 2024-02-06 04:45:59 --> Invalid file: "Admin/ViewSlider.php"
in SYSTEMPATH/Exceptions/FrameworkException.php on line 39.
 1 SYSTEMPATH/View/View.php(216): CodeIgniter\Exceptions\FrameworkException::forInvalidFile('Admin/ViewSlider.php')
 2 SYSTEMPATH/Common.php(1190): CodeIgniter\View\View->render('Admin/ViewSlider', [], true)
 3 APPPATH/Controllers/SliderController.php(136): view('Admin/ViewSlider', [...])
 4 SYSTEMPATH/CodeIgniter.php(942): App\Controllers\SliderController->UpdateSlider()
 5 SYSTEMPATH/CodeIgniter.php(502): CodeIgniter\CodeIgniter->runController(Object(App\Controllers\SliderController))
 6 SYSTEMPATH/CodeIgniter.php(361): CodeIgniter\CodeIgniter->handleRequest(null, Object(Config\Cache), false)
 7 FCPATH/index.php(79): CodeIgniter\CodeIgniter->run()
CRITICAL - 2024-02-06 04:46:01 --> Invalid file: "Admin/ViewSlider.php"
in SYSTEMPATH/Exceptions/FrameworkException.php on line 39.
 1 SYSTEMPATH/View/View.php(216): CodeIgniter\Exceptions\FrameworkException::forInvalidFile('Admin/ViewSlider.php')
 2 SYSTEMPATH/Common.php(1190): CodeIgniter\View\View->render('Admin/ViewSlider', [], true)
 3 APPPATH/Controllers/SliderController.php(136): view('Admin/ViewSlider', [...])
 4 SYSTEMPATH/CodeIgniter.php(942): App\Controllers\SliderController->UpdateSlider()
 5 SYSTEMPATH/CodeIgniter.php(502): CodeIgniter\CodeIgniter->runController(Object(App\Controllers\SliderController))
 6 SYSTEMPATH/CodeIgniter.php(361): CodeIgniter\CodeIgniter->handleRequest(null, Object(Config\Cache), false)
 7 FCPATH/index.php(79): CodeIgniter\CodeIgniter->run()
CRITICAL - 2024-02-06 04:46:12 --> Invalid file: "Admin/ViewSlider.php"
in SYSTEMPATH/Exceptions/FrameworkException.php on line 39.
 1 SYSTEMPATH/View/View.php(216): CodeIgniter\Exceptions\FrameworkException::forInvalidFile('Admin/ViewSlider.php')
 2 SYSTEMPATH/Common.php(1190): CodeIgniter\View\View->render('Admin/ViewSlider', [], true)
 3 APPPATH/Controllers/SliderController.php(136): view('Admin/ViewSlider', [...])
 4 SYSTEMPATH/CodeIgniter.php(942): App\Controllers\SliderController->UpdateSlider()
 5 SYSTEMPATH/CodeIgniter.php(502): CodeIgniter\CodeIgniter->runController(Object(App\Controllers\SliderController))
 6 SYSTEMPATH/CodeIgniter.php(361): CodeIgniter\CodeIgniter->handleRequest(null, Object(Config\Cache), false)
 7 FCPATH/index.php(79): CodeIgniter\CodeIgniter->run()
CRITICAL - 2024-02-06 04:49:39 --> Undefined variable $EID
in APPPATH/Controllers/SliderController.php on line 124.
 1 APPPATH/Controllers/SliderController.php(124): CodeIgniter\Debug\Exceptions->errorHandler(2, 'Undefined variable $EID', '/home/anujyotindustrie/public_html/app/Controllers/SliderController.php', 124)
 2 SYSTEMPATH/CodeIgniter.php(942): App\Controllers\SliderController->SliderInserted()
 3 SYSTEMPATH/CodeIgniter.php(502): CodeIgniter\CodeIgniter->runController(Object(App\Controllers\SliderController))
 4 SYSTEMPATH/CodeIgniter.php(361): CodeIgniter\CodeIgniter->handleRequest(null, Object(Config\Cache), false)
 5 FCPATH/index.php(79): CodeIgniter\CodeIgniter->run()
CRITICAL - 2024-02-06 04:52:57 --> Invalid file: "Admin/ViewSlider.php"
in SYSTEMPATH/Exceptions/FrameworkException.php on line 39.
 1 SYSTEMPATH/View/View.php(216): CodeIgniter\Exceptions\FrameworkException::forInvalidFile('Admin/ViewSlider.php')
 2 SYSTEMPATH/Common.php(1190): CodeIgniter\View\View->render('Admin/ViewSlider', [], true)
 3 APPPATH/Controllers/SliderController.php(136): view('Admin/ViewSlider', [...])
 4 SYSTEMPATH/CodeIgniter.php(942): App\Controllers\SliderController->UpdateSlider()
 5 SYSTEMPATH/CodeIgniter.php(502): CodeIgniter\CodeIgniter->runController(Object(App\Controllers\SliderController))
 6 SYSTEMPATH/CodeIgniter.php(361): CodeIgniter\CodeIgniter->handleRequest(null, Object(Config\Cache), false)
 7 FCPATH/index.php(79): CodeIgniter\CodeIgniter->run()
CRITICAL - 2024-02-06 05:29:44 --> Trying to access array offset on value of type null
in APPPATH/Models/ProductModel.php on line 47.
 1 APPPATH/Models/ProductModel.php(47): CodeIgniter\Debug\Exceptions->errorHandler(2, 'Trying to access array offset on value of type null', '/home/anujyotindustrie/public_html/app/Models/ProductModel.php', 47)
 2 APPPATH/Controllers/ProductController.php(207): App\Models\ProductModel->getImageFileNameById('5')
 3 SYSTEMPATH/CodeIgniter.php(942): App\Controllers\ProductController->deleteProduct()
 4 SYSTEMPATH/CodeIgniter.php(502): CodeIgniter\CodeIgniter->runController(Object(App\Controllers\ProductController))
 5 SYSTEMPATH/CodeIgniter.php(361): CodeIgniter\CodeIgniter->handleRequest(null, Object(Config\Cache), false)
 6 FCPATH/index.php(79): CodeIgniter\CodeIgniter->run()
CRITICAL - 2024-02-06 05:30:21 --> unlink(/home/anujyotindustrie/public_html/public/Admin/assets/images/Product_images/): Is a directory
in APPPATH/Controllers/ProductController.php on line 210.
 1 [internal function]: CodeIgniter\Debug\Exceptions->errorHandler(2, 'unlink(/home/anujyotindustrie/public_html/public/Admin/assets/images/Product_images/): Is a directory', '/home/anujyotindustrie/public_html/app/Controllers/ProductController.php', 210)
 2 APPPATH/Controllers/ProductController.php(210): unlink('/home/anujyotindustrie/public_html/public/Admin/assets/images/Product_images/')
 3 SYSTEMPATH/CodeIgniter.php(942): App\Controllers\ProductController->deleteProduct()
 4 SYSTEMPATH/CodeIgniter.php(502): CodeIgniter\CodeIgniter->runController(Object(App\Controllers\ProductController))
 5 SYSTEMPATH/CodeIgniter.php(361): CodeIgniter\CodeIgniter->handleRequest(null, Object(Config\Cache), false)
 6 FCPATH/index.php(79): CodeIgniter\CodeIgniter->run()
CRITICAL - 2024-02-06 05:32:45 --> unlink(/home/anujyotindustrie/public_html/public/Admin/assets/images/Product_images/): Is a directory
in APPPATH/Controllers/ProductController.php on line 210.
 1 [internal function]: CodeIgniter\Debug\Exceptions->errorHandler(2, 'unlink(/home/anujyotindustrie/public_html/public/Admin/assets/images/Product_images/): Is a directory', '/home/anujyotindustrie/public_html/app/Controllers/ProductController.php', 210)
 2 APPPATH/Controllers/ProductController.php(210): unlink('/home/anujyotindustrie/public_html/public/Admin/assets/images/Product_images/')
 3 SYSTEMPATH/CodeIgniter.php(942): App\Controllers\ProductController->deleteProduct()
 4 SYSTEMPATH/CodeIgniter.php(502): CodeIgniter\CodeIgniter->runController(Object(App\Controllers\ProductController))
 5 SYSTEMPATH/CodeIgniter.php(361): CodeIgniter\CodeIgniter->handleRequest(null, Object(Config\Cache), false)
 6 FCPATH/index.php(79): CodeIgniter\CodeIgniter->run()
CRITICAL - 2024-02-06 05:35:09 --> Undefined variable $slidMsg
in APPPATH/Controllers/SliderController.php on line 88.
 1 APPPATH/Controllers/SliderController.php(88): CodeIgniter\Debug\Exceptions->errorHandler(2, 'Undefined variable $slidMsg', '/home/anujyotindustrie/public_html/app/Controllers/SliderController.php', 88)
 2 SYSTEMPATH/CodeIgniter.php(942): App\Controllers\SliderController->SliderInserted()
 3 SYSTEMPATH/CodeIgniter.php(502): CodeIgniter\CodeIgniter->runController(Object(App\Controllers\SliderController))
 4 SYSTEMPATH/CodeIgniter.php(361): CodeIgniter\CodeIgniter->handleRequest(null, Object(Config\Cache), false)
 5 FCPATH/index.php(79): CodeIgniter\CodeIgniter->run()
CRITICAL - 2024-02-06 05:35:40 --> Undefined variable $slidMsg
in APPPATH/Controllers/SliderController.php on line 88.
 1 APPPATH/Controllers/SliderController.php(88): CodeIgniter\Debug\Exceptions->errorHandler(2, 'Undefined variable $slidMsg', '/home/anujyotindustrie/public_html/app/Controllers/SliderController.php', 88)
 2 SYSTEMPATH/CodeIgniter.php(942): App\Controllers\SliderController->SliderInserted()
 3 SYSTEMPATH/CodeIgniter.php(502): CodeIgniter\CodeIgniter->runController(Object(App\Controllers\SliderController))
 4 SYSTEMPATH/CodeIgniter.php(361): CodeIgniter\CodeIgniter->handleRequest(null, Object(Config\Cache), false)
 5 FCPATH/index.php(79): CodeIgniter\CodeIgniter->run()
CRITICAL - 2024-02-06 05:40:45 --> Trying to access array offset on value of type null
in APPPATH/Models/ProductModel.php on line 47.
 1 APPPATH/Models/ProductModel.php(47): CodeIgniter\Debug\Exceptions->errorHandler(2, 'Trying to access array offset on value of type null', '/home/anujyotindustrie/public_html/app/Models/ProductModel.php', 47)
 2 APPPATH/Controllers/ProductController.php(207): App\Models\ProductModel->getImageFileNameById('4')
 3 SYSTEMPATH/CodeIgniter.php(942): App\Controllers\ProductController->deleteProduct()
 4 SYSTEMPATH/CodeIgniter.php(502): CodeIgniter\CodeIgniter->runController(Object(App\Controllers\ProductController))
 5 SYSTEMPATH/CodeIgniter.php(361): CodeIgniter\CodeIgniter->handleRequest(null, Object(Config\Cache), false)
 6 FCPATH/index.php(79): CodeIgniter\CodeIgniter->run()
CRITICAL - 2024-02-06 05:48:04 --> Trying to access array offset on value of type null
in APPPATH/Models/ProductModel.php on line 47.
 1 APPPATH/Models/ProductModel.php(47): CodeIgniter\Debug\Exceptions->errorHandler(2, 'Trying to access array offset on value of type null', '/home/anujyotindustrie/public_html/app/Models/ProductModel.php', 47)
 2 APPPATH/Controllers/ProductController.php(207): App\Models\ProductModel->getImageFileNameById('3')
 3 SYSTEMPATH/CodeIgniter.php(942): App\Controllers\ProductController->deleteProduct()
 4 SYSTEMPATH/CodeIgniter.php(502): CodeIgniter\CodeIgniter->runController(Object(App\Controllers\ProductController))
 5 SYSTEMPATH/CodeIgniter.php(361): CodeIgniter\CodeIgniter->handleRequest(null, Object(Config\Cache), false)
 6 FCPATH/index.php(79): CodeIgniter\CodeIgniter->run()
CRITICAL - 2024-02-06 06:11:11 --> Undefined variable $ProductD
in APPPATH/Views/ProductsHeader/HydraulicsProducts.php on line 24.
 1 APPPATH/Views/ProductsHeader/HydraulicsProducts.php(24): CodeIgniter\Debug\Exceptions->errorHandler(2, 'Undefined variable $ProductD', '/home/anujyotindustrie/public_html/app/Views/ProductsHeader/HydraulicsProducts.php', 24)
 2 SYSTEMPATH/View/View.php(228): include('/home/anujyotindustrie/public_html/app/Views/ProductsHeader/HydraulicsProducts.php')
 3 SYSTEMPATH/View/View.php(231): CodeIgniter\View\View->CodeIgniter\View\{closure}()
 4 SYSTEMPATH/Common.php(1190): CodeIgniter\View\View->render('ProductsHeader/HydraulicsProducts', [], true)
 5 APPPATH/Controllers/Products.php(39): view('ProductsHeader/HydraulicsProducts')
 6 SYSTEMPATH/CodeIgniter.php(942): App\Controllers\Products->HydraulicsProducts()
 7 SYSTEMPATH/CodeIgniter.php(502): CodeIgniter\CodeIgniter->runController(Object(App\Controllers\Products))
 8 SYSTEMPATH/CodeIgniter.php(361): CodeIgniter\CodeIgniter->handleRequest(null, Object(Config\Cache), false)
 9 FCPATH/index.php(79): CodeIgniter\CodeIgniter->run()
CRITICAL - 2024-02-06 06:11:27 --> Undefined variable $ProductD
in APPPATH/Views/ProductsHeader/HydraulicsProducts.php on line 24.
 1 APPPATH/Views/ProductsHeader/HydraulicsProducts.php(24): CodeIgniter\Debug\Exceptions->errorHandler(2, 'Undefined variable $ProductD', '/home/anujyotindustrie/public_html/app/Views/ProductsHeader/HydraulicsProducts.php', 24)
 2 SYSTEMPATH/View/View.php(228): include('/home/anujyotindustrie/public_html/app/Views/ProductsHeader/HydraulicsProducts.php')
 3 SYSTEMPATH/View/View.php(231): CodeIgniter\View\View->CodeIgniter\View\{closure}()
 4 SYSTEMPATH/Common.php(1190): CodeIgniter\View\View->render('ProductsHeader/HydraulicsProducts', [], true)
 5 APPPATH/Controllers/Products.php(39): view('ProductsHeader/HydraulicsProducts')
 6 SYSTEMPATH/CodeIgniter.php(942): App\Controllers\Products->HydraulicsProducts()
 7 SYSTEMPATH/CodeIgniter.php(502): CodeIgniter\CodeIgniter->runController(Object(App\Controllers\Products))
 8 SYSTEMPATH/CodeIgniter.php(361): CodeIgniter\CodeIgniter->handleRequest(null, Object(Config\Cache), false)
 9 FCPATH/index.php(79): CodeIgniter\CodeIgniter->run()
CRITICAL - 2024-02-06 06:12:05 --> Undefined variable $ProductD
in APPPATH/Views/ProductsHeader/HydraulicsProducts.php on line 24.
 1 APPPATH/Views/ProductsHeader/HydraulicsProducts.php(24): CodeIgniter\Debug\Exceptions->errorHandler(2, 'Undefined variable $ProductD', '/home/anujyotindustrie/public_html/app/Views/ProductsHeader/HydraulicsProducts.php', 24)
 2 SYSTEMPATH/View/View.php(228): include('/home/anujyotindustrie/public_html/app/Views/ProductsHeader/HydraulicsProducts.php')
 3 SYSTEMPATH/View/View.php(231): CodeIgniter\View\View->CodeIgniter\View\{closure}()
 4 SYSTEMPATH/Common.php(1190): CodeIgniter\View\View->render('ProductsHeader/HydraulicsProducts', [], true)
 5 APPPATH/Controllers/Products.php(39): view('ProductsHeader/HydraulicsProducts')
 6 SYSTEMPATH/CodeIgniter.php(942): App\Controllers\Products->HydraulicsProducts()
 7 SYSTEMPATH/CodeIgniter.php(502): CodeIgniter\CodeIgniter->runController(Object(App\Controllers\Products))
 8 SYSTEMPATH/CodeIgniter.php(361): CodeIgniter\CodeIgniter->handleRequest(null, Object(Config\Cache), false)
 9 FCPATH/index.php(79): CodeIgniter\CodeIgniter->run()
CRITICAL - 2024-02-06 06:12:22 --> Undefined variable $ProductD
in APPPATH/Views/ProductsHeader/HydraulicsProducts.php on line 24.
 1 APPPATH/Views/ProductsHeader/HydraulicsProducts.php(24): CodeIgniter\Debug\Exceptions->errorHandler(2, 'Undefined variable $ProductD', '/home/anujyotindustrie/public_html/app/Views/ProductsHeader/HydraulicsProducts.php', 24)
 2 SYSTEMPATH/View/View.php(228): include('/home/anujyotindustrie/public_html/app/Views/ProductsHeader/HydraulicsProducts.php')
 3 SYSTEMPATH/View/View.php(231): CodeIgniter\View\View->CodeIgniter\View\{closure}()
 4 SYSTEMPATH/Common.php(1190): CodeIgniter\View\View->render('ProductsHeader/HydraulicsProducts', [], true)
 5 APPPATH/Controllers/Products.php(39): view('ProductsHeader/HydraulicsProducts')
 6 SYSTEMPATH/CodeIgniter.php(942): App\Controllers\Products->HydraulicsProducts()
 7 SYSTEMPATH/CodeIgniter.php(502): CodeIgniter\CodeIgniter->runController(Object(App\Controllers\Products))
 8 SYSTEMPATH/CodeIgniter.php(361): CodeIgniter\CodeIgniter->handleRequest(null, Object(Config\Cache), false)
 9 FCPATH/index.php(79): CodeIgniter\CodeIgniter->run()
CRITICAL - 2024-02-06 06:15:43 --> Undefined variable $ProductD
in APPPATH/Views/ProductsHeader/HydraulicsProducts.php on line 24.
 1 APPPATH/Views/ProductsHeader/HydraulicsProducts.php(24): CodeIgniter\Debug\Exceptions->errorHandler(2, 'Undefined variable $ProductD', '/home/anujyotindustrie/public_html/app/Views/ProductsHeader/HydraulicsProducts.php', 24)
 2 SYSTEMPATH/View/View.php(228): include('/home/anujyotindustrie/public_html/app/Views/ProductsHeader/HydraulicsProducts.php')
 3 SYSTEMPATH/View/View.php(231): CodeIgniter\View\View->CodeIgniter\View\{closure}()
 4 SYSTEMPATH/Common.php(1190): CodeIgniter\View\View->render('ProductsHeader/HydraulicsProducts', [], true)
 5 APPPATH/Controllers/Products.php(41): view('ProductsHeader/HydraulicsProducts')
 6 SYSTEMPATH/CodeIgniter.php(942): App\Controllers\Products->HydraulicsProducts()
 7 SYSTEMPATH/CodeIgniter.php(502): CodeIgniter\CodeIgniter->runController(Object(App\Controllers\Products))
 8 SYSTEMPATH/CodeIgniter.php(361): CodeIgniter\CodeIgniter->handleRequest(null, Object(Config\Cache), false)
 9 FCPATH/index.php(79): CodeIgniter\CodeIgniter->run()
CRITICAL - 2024-02-06 06:16:00 --> Undefined variable $ProductD
in APPPATH/Views/ProductsHeader/HydraulicsProducts.php on line 24.
 1 APPPATH/Views/ProductsHeader/HydraulicsProducts.php(24): CodeIgniter\Debug\Exceptions->errorHandler(2, 'Undefined variable $ProductD', '/home/anujyotindustrie/public_html/app/Views/ProductsHeader/HydraulicsProducts.php', 24)
 2 SYSTEMPATH/View/View.php(228): include('/home/anujyotindustrie/public_html/app/Views/ProductsHeader/HydraulicsProducts.php')
 3 SYSTEMPATH/View/View.php(231): CodeIgniter\View\View->CodeIgniter\View\{closure}()
 4 SYSTEMPATH/Common.php(1190): CodeIgniter\View\View->render('ProductsHeader/HydraulicsProducts', [], true)
 5 APPPATH/Controllers/Products.php(42): view('ProductsHeader/HydraulicsProducts')
 6 SYSTEMPATH/CodeIgniter.php(942): App\Controllers\Products->HydraulicsProducts()
 7 SYSTEMPATH/CodeIgniter.php(502): CodeIgniter\CodeIgniter->runController(Object(App\Controllers\Products))
 8 SYSTEMPATH/CodeIgniter.php(361): CodeIgniter\CodeIgniter->handleRequest(null, Object(Config\Cache), false)
 9 FCPATH/index.php(79): CodeIgniter\CodeIgniter->run()
CRITICAL - 2024-02-06 06:16:40 --> Undefined variable $ProductD
in APPPATH/Views/ProductsHeader/HydraulicsProducts.php on line 24.
 1 APPPATH/Views/ProductsHeader/HydraulicsProducts.php(24): CodeIgniter\Debug\Exceptions->errorHandler(2, 'Undefined variable $ProductD', '/home/anujyotindustrie/public_html/app/Views/ProductsHeader/HydraulicsProducts.php', 24)
 2 SYSTEMPATH/View/View.php(228): include('/home/anujyotindustrie/public_html/app/Views/ProductsHeader/HydraulicsProducts.php')
 3 SYSTEMPATH/View/View.php(231): CodeIgniter\View\View->CodeIgniter\View\{closure}()
 4 SYSTEMPATH/Common.php(1190): CodeIgniter\View\View->render('ProductsHeader/HydraulicsProducts', [], true)
 5 APPPATH/Controllers/Products.php(42): view('ProductsHeader/HydraulicsProducts')
 6 SYSTEMPATH/CodeIgniter.php(942): App\Controllers\Products->HydraulicsProducts()
 7 SYSTEMPATH/CodeIgniter.php(502): CodeIgniter\CodeIgniter->runController(Object(App\Controllers\Products))
 8 SYSTEMPATH/CodeIgniter.php(361): CodeIgniter\CodeIgniter->handleRequest(null, Object(Config\Cache), false)
 9 FCPATH/index.php(79): CodeIgniter\CodeIgniter->run()
CRITICAL - 2024-02-06 06:16:41 --> Undefined variable $ProductD
in APPPATH/Views/ProductsHeader/HydraulicsProducts.php on line 24.
 1 APPPATH/Views/ProductsHeader/HydraulicsProducts.php(24): CodeIgniter\Debug\Exceptions->errorHandler(2, 'Undefined variable $ProductD', '/home/anujyotindustrie/public_html/app/Views/ProductsHeader/HydraulicsProducts.php', 24)
 2 SYSTEMPATH/View/View.php(228): include('/home/anujyotindustrie/public_html/app/Views/ProductsHeader/HydraulicsProducts.php')
 3 SYSTEMPATH/View/View.php(231): CodeIgniter\View\View->CodeIgniter\View\{closure}()
 4 SYSTEMPATH/Common.php(1190): CodeIgniter\View\View->render('ProductsHeader/HydraulicsProducts', [], true)
 5 APPPATH/Controllers/Products.php(42): view('ProductsHeader/HydraulicsProducts')
 6 SYSTEMPATH/CodeIgniter.php(942): App\Controllers\Products->HydraulicsProducts()
 7 SYSTEMPATH/CodeIgniter.php(502): CodeIgniter\CodeIgniter->runController(Object(App\Controllers\Products))
 8 SYSTEMPATH/CodeIgniter.php(361): CodeIgniter\CodeIgniter->handleRequest(null, Object(Config\Cache), false)
 9 FCPATH/index.php(79): CodeIgniter\CodeIgniter->run()
CRITICAL - 2024-02-06 06:16:42 --> Undefined variable $ProductD
in APPPATH/Views/ProductsHeader/HydraulicsProducts.php on line 24.
 1 APPPATH/Views/ProductsHeader/HydraulicsProducts.php(24): CodeIgniter\Debug\Exceptions->errorHandler(2, 'Undefined variable $ProductD', '/home/anujyotindustrie/public_html/app/Views/ProductsHeader/HydraulicsProducts.php', 24)
 2 SYSTEMPATH/View/View.php(228): include('/home/anujyotindustrie/public_html/app/Views/ProductsHeader/HydraulicsProducts.php')
 3 SYSTEMPATH/View/View.php(231): CodeIgniter\View\View->CodeIgniter\View\{closure}()
 4 SYSTEMPATH/Common.php(1190): CodeIgniter\View\View->render('ProductsHeader/HydraulicsProducts', [], true)
 5 APPPATH/Controllers/Products.php(42): view('ProductsHeader/HydraulicsProducts')
 6 SYSTEMPATH/CodeIgniter.php(942): App\Controllers\Products->HydraulicsProducts()
 7 SYSTEMPATH/CodeIgniter.php(502): CodeIgniter\CodeIgniter->runController(Object(App\Controllers\Products))
 8 SYSTEMPATH/CodeIgniter.php(361): CodeIgniter\CodeIgniter->handleRequest(null, Object(Config\Cache), false)
 9 FCPATH/index.php(79): CodeIgniter\CodeIgniter->run()
CRITICAL - 2024-02-06 06:18:07 --> Undefined variable $ProductD
in APPPATH/Views/ProductsHeader/HydraulicsProducts.php on line 24.
 1 APPPATH/Views/ProductsHeader/HydraulicsProducts.php(24): CodeIgniter\Debug\Exceptions->errorHandler(2, 'Undefined variable $ProductD', '/home/anujyotindustrie/public_html/app/Views/ProductsHeader/HydraulicsProducts.php', 24)
 2 SYSTEMPATH/View/View.php(228): include('/home/anujyotindustrie/public_html/app/Views/ProductsHeader/HydraulicsProducts.php')
 3 SYSTEMPATH/View/View.php(231): CodeIgniter\View\View->CodeIgniter\View\{closure}()
 4 SYSTEMPATH/Common.php(1190): CodeIgniter\View\View->render('ProductsHeader/HydraulicsProducts', [], true)
 5 APPPATH/Controllers/Products.php(42): view('ProductsHeader/HydraulicsProducts')
 6 SYSTEMPATH/CodeIgniter.php(942): App\Controllers\Products->HydraulicsProducts()
 7 SYSTEMPATH/CodeIgniter.php(502): CodeIgniter\CodeIgniter->runController(Object(App\Controllers\Products))
 8 SYSTEMPATH/CodeIgniter.php(361): CodeIgniter\CodeIgniter->handleRequest(null, Object(Config\Cache), false)
 9 FCPATH/index.php(79): CodeIgniter\CodeIgniter->run()
CRITICAL - 2024-02-06 06:19:26 --> Undefined variable $ProductD
in APPPATH/Views/ProductsHeader/HydraulicsProducts.php on line 24.
 1 APPPATH/Views/ProductsHeader/HydraulicsProducts.php(24): CodeIgniter\Debug\Exceptions->errorHandler(2, 'Undefined variable $ProductD', '/home/anujyotindustrie/public_html/app/Views/ProductsHeader/HydraulicsProducts.php', 24)
 2 SYSTEMPATH/View/View.php(228): include('/home/anujyotindustrie/public_html/app/Views/ProductsHeader/HydraulicsProducts.php')
 3 SYSTEMPATH/View/View.php(231): CodeIgniter\View\View->CodeIgniter\View\{closure}()
 4 SYSTEMPATH/Common.php(1190): CodeIgniter\View\View->render('ProductsHeader/HydraulicsProducts', [], true)
 5 APPPATH/Controllers/Products.php(42): view('ProductsHeader/HydraulicsProducts')
 6 SYSTEMPATH/CodeIgniter.php(942): App\Controllers\Products->HydraulicsProducts()
 7 SYSTEMPATH/CodeIgniter.php(502): CodeIgniter\CodeIgniter->runController(Object(App\Controllers\Products))
 8 SYSTEMPATH/CodeIgniter.php(361): CodeIgniter\CodeIgniter->handleRequest(null, Object(Config\Cache), false)
 9 FCPATH/index.php(79): CodeIgniter\CodeIgniter->run()
CRITICAL - 2024-02-06 06:21:59 --> Undefined variable $ProductD
in APPPATH/Views/ProductsHeader/HydraulicsProducts.php on line 25.
 1 APPPATH/Views/ProductsHeader/HydraulicsProducts.php(25): CodeIgniter\Debug\Exceptions->errorHandler(2, 'Undefined variable $ProductD', '/home/anujyotindustrie/public_html/app/Views/ProductsHeader/HydraulicsProducts.php', 25)
 2 SYSTEMPATH/View/View.php(228): include('/home/anujyotindustrie/public_html/app/Views/ProductsHeader/HydraulicsProducts.php')
 3 SYSTEMPATH/View/View.php(231): CodeIgniter\View\View->CodeIgniter\View\{closure}()
 4 SYSTEMPATH/Common.php(1190): CodeIgniter\View\View->render('ProductsHeader/HydraulicsProducts', [], true)
 5 APPPATH/Controllers/Products.php(42): view('ProductsHeader/HydraulicsProducts')
 6 SYSTEMPATH/CodeIgniter.php(942): App\Controllers\Products->HydraulicsProducts()
 7 SYSTEMPATH/CodeIgniter.php(502): CodeIgniter\CodeIgniter->runController(Object(App\Controllers\Products))
 8 SYSTEMPATH/CodeIgniter.php(361): CodeIgniter\CodeIgniter->handleRequest(null, Object(Config\Cache), false)
 9 FCPATH/index.php(79): CodeIgniter\CodeIgniter->run()
CRITICAL - 2024-02-06 06:23:39 --> Undefined variable $ProductD
in APPPATH/Views/ProductsHeader/HydraulicsProducts.php on line 25.
 1 APPPATH/Views/ProductsHeader/HydraulicsProducts.php(25): CodeIgniter\Debug\Exceptions->errorHandler(2, 'Undefined variable $ProductD', '/home/anujyotindustrie/public_html/app/Views/ProductsHeader/HydraulicsProducts.php', 25)
 2 SYSTEMPATH/View/View.php(228): include('/home/anujyotindustrie/public_html/app/Views/ProductsHeader/HydraulicsProducts.php')
 3 SYSTEMPATH/View/View.php(231): CodeIgniter\View\View->CodeIgniter\View\{closure}()
 4 SYSTEMPATH/Common.php(1190): CodeIgniter\View\View->render('ProductsHeader/HydraulicsProducts', [], true)
 5 APPPATH/Controllers/Products.php(42): view('ProductsHeader/HydraulicsProducts')
 6 SYSTEMPATH/CodeIgniter.php(942): App\Controllers\Products->HydraulicsProducts()
 7 SYSTEMPATH/CodeIgniter.php(502): CodeIgniter\CodeIgniter->runController(Object(App\Controllers\Products))
 8 SYSTEMPATH/CodeIgniter.php(361): CodeIgniter\CodeIgniter->handleRequest(null, Object(Config\Cache), false)
 9 FCPATH/index.php(79): CodeIgniter\CodeIgniter->run()
CRITICAL - 2024-02-06 06:23:48 --> Undefined variable $ProdD
in APPPATH/Views/ProductsHeader/HydraulicsProducts.php on line 25.
 1 APPPATH/Views/ProductsHeader/HydraulicsProducts.php(25): CodeIgniter\Debug\Exceptions->errorHandler(2, 'Undefined variable $ProdD', '/home/anujyotindustrie/public_html/app/Views/ProductsHeader/HydraulicsProducts.php', 25)
 2 SYSTEMPATH/View/View.php(228): include('/home/anujyotindustrie/public_html/app/Views/ProductsHeader/HydraulicsProducts.php')
 3 SYSTEMPATH/View/View.php(231): CodeIgniter\View\View->CodeIgniter\View\{closure}()
 4 SYSTEMPATH/Common.php(1190): CodeIgniter\View\View->render('ProductsHeader/HydraulicsProducts', [], true)
 5 APPPATH/Controllers/Products.php(42): view('ProductsHeader/HydraulicsProducts')
 6 SYSTEMPATH/CodeIgniter.php(942): App\Controllers\Products->HydraulicsProducts()
 7 SYSTEMPATH/CodeIgniter.php(502): CodeIgniter\CodeIgniter->runController(Object(App\Controllers\Products))
 8 SYSTEMPATH/CodeIgniter.php(361): CodeIgniter\CodeIgniter->handleRequest(null, Object(Config\Cache), false)
 9 FCPATH/index.php(79): CodeIgniter\CodeIgniter->run()
CRITICAL - 2024-02-06 06:25:39 --> Undefined variable $ProductD
in APPPATH/Views/ProductsHeader/HydraulicsProducts.php on line 25.
 1 APPPATH/Views/ProductsHeader/HydraulicsProducts.php(25): CodeIgniter\Debug\Exceptions->errorHandler(2, 'Undefined variable $ProductD', '/home/anujyotindustrie/public_html/app/Views/ProductsHeader/HydraulicsProducts.php', 25)
 2 SYSTEMPATH/View/View.php(228): include('/home/anujyotindustrie/public_html/app/Views/ProductsHeader/HydraulicsProducts.php')
 3 SYSTEMPATH/View/View.php(231): CodeIgniter\View\View->CodeIgniter\View\{closure}()
 4 SYSTEMPATH/Common.php(1190): CodeIgniter\View\View->render('ProductsHeader/HydraulicsProducts', [], true)
 5 APPPATH/Controllers/Products.php(42): view('ProductsHeader/HydraulicsProducts')
 6 SYSTEMPATH/CodeIgniter.php(942): App\Controllers\Products->HydraulicsProducts()
 7 SYSTEMPATH/CodeIgniter.php(502): CodeIgniter\CodeIgniter->runController(Object(App\Controllers\Products))
 8 SYSTEMPATH/CodeIgniter.php(361): CodeIgniter\CodeIgniter->handleRequest(null, Object(Config\Cache), false)
 9 FCPATH/index.php(79): CodeIgniter\CodeIgniter->run()
CRITICAL - 2024-02-06 06:26:22 --> Undefined variable $ProductD
in APPPATH/Views/ProductsHeader/HydraulicsProducts.php on line 25.
 1 APPPATH/Views/ProductsHeader/HydraulicsProducts.php(25): CodeIgniter\Debug\Exceptions->errorHandler(2, 'Undefined variable $ProductD', '/home/anujyotindustrie/public_html/app/Views/ProductsHeader/HydraulicsProducts.php', 25)
 2 SYSTEMPATH/View/View.php(228): include('/home/anujyotindustrie/public_html/app/Views/ProductsHeader/HydraulicsProducts.php')
 3 SYSTEMPATH/View/View.php(231): CodeIgniter\View\View->CodeIgniter\View\{closure}()
 4 SYSTEMPATH/Common.php(1190): CodeIgniter\View\View->render('ProductsHeader/HydraulicsProducts', [], true)
 5 APPPATH/Controllers/Products.php(43): view('ProductsHeader/HydraulicsProducts')
 6 SYSTEMPATH/CodeIgniter.php(942): App\Controllers\Products->HydraulicsProducts()
 7 SYSTEMPATH/CodeIgniter.php(502): CodeIgniter\CodeIgniter->runController(Object(App\Controllers\Products))
 8 SYSTEMPATH/CodeIgniter.php(361): CodeIgniter\CodeIgniter->handleRequest(null, Object(Config\Cache), false)
 9 FCPATH/index.php(79): CodeIgniter\CodeIgniter->run()
CRITICAL - 2024-02-06 06:26:23 --> Undefined variable $ProductD
in APPPATH/Views/ProductsHeader/HydraulicsProducts.php on line 25.
 1 APPPATH/Views/ProductsHeader/HydraulicsProducts.php(25): CodeIgniter\Debug\Exceptions->errorHandler(2, 'Undefined variable $ProductD', '/home/anujyotindustrie/public_html/app/Views/ProductsHeader/HydraulicsProducts.php', 25)
 2 SYSTEMPATH/View/View.php(228): include('/home/anujyotindustrie/public_html/app/Views/ProductsHeader/HydraulicsProducts.php')
 3 SYSTEMPATH/View/View.php(231): CodeIgniter\View\View->CodeIgniter\View\{closure}()
 4 SYSTEMPATH/Common.php(1190): CodeIgniter\View\View->render('ProductsHeader/HydraulicsProducts', [], true)
 5 APPPATH/Controllers/Products.php(43): view('ProductsHeader/HydraulicsProducts')
 6 SYSTEMPATH/CodeIgniter.php(942): App\Controllers\Products->HydraulicsProducts()
 7 SYSTEMPATH/CodeIgniter.php(502): CodeIgniter\CodeIgniter->runController(Object(App\Controllers\Products))
 8 SYSTEMPATH/CodeIgniter.php(361): CodeIgniter\CodeIgniter->handleRequest(null, Object(Config\Cache), false)
 9 FCPATH/index.php(79): CodeIgniter\CodeIgniter->run()
CRITICAL - 2024-02-06 06:26:27 --> Undefined variable $ProductD
in APPPATH/Views/ProductsHeader/HydraulicsProducts.php on line 25.
 1 APPPATH/Views/ProductsHeader/HydraulicsProducts.php(25): CodeIgniter\Debug\Exceptions->errorHandler(2, 'Undefined variable $ProductD', '/home/anujyotindustrie/public_html/app/Views/ProductsHeader/HydraulicsProducts.php', 25)
 2 SYSTEMPATH/View/View.php(228): include('/home/anujyotindustrie/public_html/app/Views/ProductsHeader/HydraulicsProducts.php')
 3 SYSTEMPATH/View/View.php(231): CodeIgniter\View\View->CodeIgniter\View\{closure}()
 4 SYSTEMPATH/Common.php(1190): CodeIgniter\View\View->render('ProductsHeader/HydraulicsProducts', [], true)
 5 APPPATH/Controllers/Products.php(43): view('ProductsHeader/HydraulicsProducts')
 6 SYSTEMPATH/CodeIgniter.php(942): App\Controllers\Products->HydraulicsProducts()
 7 SYSTEMPATH/CodeIgniter.php(502): CodeIgniter\CodeIgniter->runController(Object(App\Controllers\Products))
 8 SYSTEMPATH/CodeIgniter.php(361): CodeIgniter\CodeIgniter->handleRequest(null, Object(Config\Cache), false)
 9 FCPATH/index.php(79): CodeIgniter\CodeIgniter->run()
CRITICAL - 2024-02-06 06:28:21 --> Undefined variable $ProductD
in APPPATH/Views/ProductsHeader/HydraulicsProducts.php on line 25.
 1 APPPATH/Views/ProductsHeader/HydraulicsProducts.php(25): CodeIgniter\Debug\Exceptions->errorHandler(2, 'Undefined variable $ProductD', '/home/anujyotindustrie/public_html/app/Views/ProductsHeader/HydraulicsProducts.php', 25)
 2 SYSTEMPATH/View/View.php(228): include('/home/anujyotindustrie/public_html/app/Views/ProductsHeader/HydraulicsProducts.php')
 3 SYSTEMPATH/View/View.php(231): CodeIgniter\View\View->CodeIgniter\View\{closure}()
 4 SYSTEMPATH/Common.php(1190): CodeIgniter\View\View->render('ProductsHeader/HydraulicsProducts', [], true)
 5 APPPATH/Controllers/Products.php(40): view('ProductsHeader/HydraulicsProducts')
 6 SYSTEMPATH/CodeIgniter.php(942): App\Controllers\Products->HydraulicsProducts()
 7 SYSTEMPATH/CodeIgniter.php(502): CodeIgniter\CodeIgniter->runController(Object(App\Controllers\Products))
 8 SYSTEMPATH/CodeIgniter.php(361): CodeIgniter\CodeIgniter->handleRequest(null, Object(Config\Cache), false)
 9 FCPATH/index.php(79): CodeIgniter\CodeIgniter->run()
CRITICAL - 2024-02-06 06:29:41 --> Undefined variable $ProductD
in APPPATH/Views/ProductsHeader/HydraulicsProducts.php on line 25.
 1 APPPATH/Views/ProductsHeader/HydraulicsProducts.php(25): CodeIgniter\Debug\Exceptions->errorHandler(2, 'Undefined variable $ProductD', '/home/anujyotindustrie/public_html/app/Views/ProductsHeader/HydraulicsProducts.php', 25)
 2 SYSTEMPATH/View/View.php(228): include('/home/anujyotindustrie/public_html/app/Views/ProductsHeader/HydraulicsProducts.php')
 3 SYSTEMPATH/View/View.php(231): CodeIgniter\View\View->CodeIgniter\View\{closure}()
 4 SYSTEMPATH/Common.php(1190): CodeIgniter\View\View->render('ProductsHeader/HydraulicsProducts', [], true)
 5 APPPATH/Controllers/Products.php(42): view('ProductsHeader/HydraulicsProducts')
 6 SYSTEMPATH/CodeIgniter.php(942): App\Controllers\Products->HydraulicsProducts()
 7 SYSTEMPATH/CodeIgniter.php(502): CodeIgniter\CodeIgniter->runController(Object(App\Controllers\Products))
 8 SYSTEMPATH/CodeIgniter.php(361): CodeIgniter\CodeIgniter->handleRequest(null, Object(Config\Cache), false)
 9 FCPATH/index.php(79): CodeIgniter\CodeIgniter->run()
CRITICAL - 2024-02-06 06:29:43 --> Undefined variable $ProductD
in APPPATH/Views/ProductsHeader/HydraulicsProducts.php on line 25.
 1 APPPATH/Views/ProductsHeader/HydraulicsProducts.php(25): CodeIgniter\Debug\Exceptions->errorHandler(2, 'Undefined variable $ProductD', '/home/anujyotindustrie/public_html/app/Views/ProductsHeader/HydraulicsProducts.php', 25)
 2 SYSTEMPATH/View/View.php(228): include('/home/anujyotindustrie/public_html/app/Views/ProductsHeader/HydraulicsProducts.php')
 3 SYSTEMPATH/View/View.php(231): CodeIgniter\View\View->CodeIgniter\View\{closure}()
 4 SYSTEMPATH/Common.php(1190): CodeIgniter\View\View->render('ProductsHeader/HydraulicsProducts', [], true)
 5 APPPATH/Controllers/Products.php(42): view('ProductsHeader/HydraulicsProducts')
 6 SYSTEMPATH/CodeIgniter.php(942): App\Controllers\Products->HydraulicsProducts()
 7 SYSTEMPATH/CodeIgniter.php(502): CodeIgniter\CodeIgniter->runController(Object(App\Controllers\Products))
 8 SYSTEMPATH/CodeIgniter.php(361): CodeIgniter\CodeIgniter->handleRequest(null, Object(Config\Cache), false)
 9 FCPATH/index.php(79): CodeIgniter\CodeIgniter->run()
CRITICAL - 2024-02-06 06:32:17 --> Undefined variable $contactD
in APPPATH/Views/Admin/ViewContactDetails.php on line 54.
 1 APPPATH/Views/Admin/ViewContactDetails.php(54): CodeIgniter\Debug\Exceptions->errorHandler(2, 'Undefined variable $contactD', '/home/anujyotindustrie/public_html/app/Views/Admin/ViewContactDetails.php', 54)
 2 SYSTEMPATH/View/View.php(228): include('/home/anujyotindustrie/public_html/app/Views/Admin/ViewContactDetails.php')
 3 SYSTEMPATH/View/View.php(231): CodeIgniter\View\View->CodeIgniter\View\{closure}()
 4 SYSTEMPATH/Common.php(1190): CodeIgniter\View\View->render('Admin/ViewContactDetails', [], true)
 5 APPPATH/Controllers/ContactController.php(12): view('Admin/ViewContactDetails')
 6 SYSTEMPATH/CodeIgniter.php(942): App\Controllers\ContactController->ViewContactDetails()
 7 SYSTEMPATH/CodeIgniter.php(502): CodeIgniter\CodeIgniter->runController(Object(App\Controllers\ContactController))
 8 SYSTEMPATH/CodeIgniter.php(361): CodeIgniter\CodeIgniter->handleRequest(null, Object(Config\Cache), false)
 9 FCPATH/index.php(79): CodeIgniter\CodeIgniter->run()
CRITICAL - 2024-02-06 06:33:57 --> You must set the database table to be used with your query.
in SYSTEMPATH/Database/BaseConnection.php on line 884.
 1 SYSTEMPATH/Model.php(635): CodeIgniter\Database\BaseConnection->table(null)
 2 SYSTEMPATH/Model.php(863): CodeIgniter\Model->builder()
 3 APPPATH/Controllers/Products.php(41): CodeIgniter\Model->__call('getProductHydraulicList', [])
 4 SYSTEMPATH/CodeIgniter.php(942): App\Controllers\Products->HydraulicsProducts()
 5 SYSTEMPATH/CodeIgniter.php(502): CodeIgniter\CodeIgniter->runController(Object(App\Controllers\Products))
 6 SYSTEMPATH/CodeIgniter.php(361): CodeIgniter\CodeIgniter->handleRequest(null, Object(Config\Cache), false)
 7 FCPATH/index.php(79): CodeIgniter\CodeIgniter->run()
CRITICAL - 2024-02-06 06:35:42 --> Undefined variable $contactD
in APPPATH/Views/Admin/ViewContactDetails.php on line 54.
 1 APPPATH/Views/Admin/ViewContactDetails.php(54): CodeIgniter\Debug\Exceptions->errorHandler(2, 'Undefined variable $contactD', '/home/anujyotindustrie/public_html/app/Views/Admin/ViewContactDetails.php', 54)
 2 SYSTEMPATH/View/View.php(228): include('/home/anujyotindustrie/public_html/app/Views/Admin/ViewContactDetails.php')
 3 SYSTEMPATH/View/View.php(231): CodeIgniter\View\View->CodeIgniter\View\{closure}()
 4 SYSTEMPATH/Common.php(1190): CodeIgniter\View\View->render('Admin/ViewContactDetails', [], true)
 5 APPPATH/Controllers/ContactController.php(12): view('Admin/ViewContactDetails')
 6 SYSTEMPATH/CodeIgniter.php(942): App\Controllers\ContactController->ViewContactDetails()
 7 SYSTEMPATH/CodeIgniter.php(502): CodeIgniter\CodeIgniter->runController(Object(App\Controllers\ContactController))
 8 SYSTEMPATH/CodeIgniter.php(361): CodeIgniter\CodeIgniter->handleRequest(null, Object(Config\Cache), false)
 9 FCPATH/index.php(79): CodeIgniter\CodeIgniter->run()
CRITICAL - 2024-02-06 06:38:40 --> Undefined variable $contactD
in APPPATH/Views/Admin/ViewContactDetails.php on line 54.
 1 APPPATH/Views/Admin/ViewContactDetails.php(54): CodeIgniter\Debug\Exceptions->errorHandler(2, 'Undefined variable $contactD', '/home/anujyotindustrie/public_html/app/Views/Admin/ViewContactDetails.php', 54)
 2 SYSTEMPATH/View/View.php(228): include('/home/anujyotindustrie/public_html/app/Views/Admin/ViewContactDetails.php')
 3 SYSTEMPATH/View/View.php(231): CodeIgniter\View\View->CodeIgniter\View\{closure}()
 4 SYSTEMPATH/Common.php(1190): CodeIgniter\View\View->render('Admin/ViewContactDetails', [], true)
 5 APPPATH/Controllers/ContactController.php(12): view('Admin/ViewContactDetails')
 6 SYSTEMPATH/CodeIgniter.php(942): App\Controllers\ContactController->ViewContactDetails()
 7 SYSTEMPATH/CodeIgniter.php(502): CodeIgniter\CodeIgniter->runController(Object(App\Controllers\ContactController))
 8 SYSTEMPATH/CodeIgniter.php(361): CodeIgniter\CodeIgniter->handleRequest(null, Object(Config\Cache), false)
 9 FCPATH/index.php(79): CodeIgniter\CodeIgniter->run()
CRITICAL - 2024-02-06 06:40:02 --> Cannot redeclare App\Controllers\ContactController::ViewContactDetails()
in APPPATH/Controllers/ContactController.php on line 85.
 1 [internal function]: CodeIgniter\Debug\Exceptions->shutdownHandler()
CRITICAL - 2024-02-06 06:42:13 --> Cannot redeclare App\Controllers\ContactController::ViewContactDetails()
in APPPATH/Controllers/ContactController.php on line 85.
 1 [internal function]: CodeIgniter\Debug\Exceptions->shutdownHandler()
CRITICAL - 2024-02-06 06:43:00 --> Cannot redeclare App\Controllers\ContactController::ViewContactDetails()
in APPPATH/Controllers/ContactController.php on line 85.
 1 [internal function]: CodeIgniter\Debug\Exceptions->shutdownHandler()
CRITICAL - 2024-02-06 06:44:31 --> Cannot redeclare App\Controllers\ContactController::ViewContactDetails()
in APPPATH/Controllers/ContactController.php on line 85.
 1 [internal function]: CodeIgniter\Debug\Exceptions->shutdownHandler()
CRITICAL - 2024-02-06 06:45:31 --> Undefined array key "creates_at"
in APPPATH/Views/Admin/ViewContactDetails.php on line 61.
 1 APPPATH/Views/Admin/ViewContactDetails.php(61): CodeIgniter\Debug\Exceptions->errorHandler(2, 'Undefined array key "creates_at"', '/home/anujyotindustrie/public_html/app/Views/Admin/ViewContactDetails.php', 61)
 2 SYSTEMPATH/View/View.php(228): include('/home/anujyotindustrie/public_html/app/Views/Admin/ViewContactDetails.php')
 3 SYSTEMPATH/View/View.php(231): CodeIgniter\View\View->CodeIgniter\View\{closure}()
 4 SYSTEMPATH/Common.php(1190): CodeIgniter\View\View->render('Admin/ViewContactDetails', [], true)
 5 APPPATH/Controllers/ContactController.php(89): view('Admin/ViewContactDetails', [...])
 6 SYSTEMPATH/CodeIgniter.php(942): App\Controllers\ContactController->ViewContact()
 7 SYSTEMPATH/CodeIgniter.php(502): CodeIgniter\CodeIgniter->runController(Object(App\Controllers\ContactController))
 8 SYSTEMPATH/CodeIgniter.php(361): CodeIgniter\CodeIgniter->handleRequest(null, Object(Config\Cache), false)
 9 FCPATH/index.php(79): CodeIgniter\CodeIgniter->run()
CRITICAL - 2024-02-06 07:10:24 --> Undefined array key "created_at"
in APPPATH/Views/Admin/ViewSliders.php on line 60.
 1 APPPATH/Views/Admin/ViewSliders.php(60): CodeIgniter\Debug\Exceptions->errorHandler(2, 'Undefined array key "created_at"', '/home/anujyotindustrie/public_html/app/Views/Admin/ViewSliders.php', 60)
 2 SYSTEMPATH/View/View.php(228): include('/home/anujyotindustrie/public_html/app/Views/Admin/ViewSliders.php')
 3 SYSTEMPATH/View/View.php(231): CodeIgniter\View\View->CodeIgniter\View\{closure}()
 4 SYSTEMPATH/Common.php(1190): CodeIgniter\View\View->render('Admin/ViewSliders', [], true)
 5 APPPATH/Controllers/SliderController.php(140): view('Admin/ViewSliders', [...])
 6 SYSTEMPATH/CodeIgniter.php(942): App\Controllers\SliderController->ViewSlider()
 7 SYSTEMPATH/CodeIgniter.php(502): CodeIgniter\CodeIgniter->runController(Object(App\Controllers\SliderController))
 8 SYSTEMPATH/CodeIgniter.php(361): CodeIgniter\CodeIgniter->handleRequest(null, Object(Config\Cache), false)
 9 FCPATH/index.php(79): CodeIgniter\CodeIgniter->run()
