CRITICAL - 2024-02-12 11:11:52 --> Undefined array key "description"
in APPPATH/Views/index.php on line 77.
 1 APPPATH/Views/index.php(77): CodeIgniter\Debug\Exceptions->errorHandler(2, 'Undefined array key "description"', '/home/anujyotindustrie/public_html/app/Views/index.php', 77)
 2 SYSTEMPATH/View/View.php(228): include('/home/anujyotindustrie/public_html/app/Views/index.php')
 3 SYSTEMPATH/View/View.php(231): CodeIgniter\View\View->CodeIgniter\View\{closure}()
 4 SYSTEMPATH/Common.php(1190): CodeIgniter\View\View->render('index', [], true)
 5 APPPATH/Controllers/Home.php(28): view('index', [...])
 6 SYSTEMPATH/CodeIgniter.php(942): App\Controllers\Home->index()
 7 SYSTEMPATH/CodeIgniter.php(502): CodeIgniter\CodeIgniter->runController(Object(App\Controllers\Home))
 8 SYSTEMPATH/CodeIgniter.php(361): CodeIgniter\CodeIgniter->handleRequest(null, Object(Config\Cache), false)
 9 FCPATH/index.php(79): CodeIgniter\CodeIgniter->run()
CRITICAL - 2024-02-12 11:21:23 --> Undefined array key "alt_tag"
in APPPATH/Controllers/ProductController.php on line 179.
 1 APPPATH/Controllers/ProductController.php(179): CodeIgniter\Debug\Exceptions->errorHandler(2, 'Undefined array key "alt_tag"', '/home/anujyotindustrie/public_html/app/Controllers/ProductController.php', 179)
 2 SYSTEMPATH/CodeIgniter.php(942): App\Controllers\ProductController->ProductInserted()
 3 SYSTEMPATH/CodeIgniter.php(502): CodeIgniter\CodeIgniter->runController(Object(App\Controllers\ProductController))
 4 SYSTEMPATH/CodeIgniter.php(361): CodeIgniter\CodeIgniter->handleRequest(null, Object(Config\Cache), false)
 5 FCPATH/index.php(79): CodeIgniter\CodeIgniter->run()
CRITICAL - 2024-02-12 11:41:49 --> Undefined array key "product_desc"
in APPPATH/Views/productDetails.php on line 66.
 1 APPPATH/Views/productDetails.php(66): CodeIgniter\Debug\Exceptions->errorHandler(2, 'Undefined array key "product_desc"', '/home/anujyotindustrie/public_html/app/Views/productDetails.php', 66)
 2 SYSTEMPATH/View/View.php(228): include('/home/anujyotindustrie/public_html/app/Views/productDetails.php')
 3 SYSTEMPATH/View/View.php(231): CodeIgniter\View\View->CodeIgniter\View\{closure}()
 4 SYSTEMPATH/Common.php(1190): CodeIgniter\View\View->render('productDetails', [], true)
 5 APPPATH/Controllers/Home.php(59): view('productDetails', [...])
 6 SYSTEMPATH/CodeIgniter.php(942): App\Controllers\Home->productDetails()
 7 SYSTEMPATH/CodeIgniter.php(502): CodeIgniter\CodeIgniter->runController(Object(App\Controllers\Home))
 8 SYSTEMPATH/CodeIgniter.php(361): CodeIgniter\CodeIgniter->handleRequest(null, Object(Config\Cache), false)
 9 FCPATH/index.php(79): CodeIgniter\CodeIgniter->run()
CRITICAL - 2024-02-12 11:41:59 --> Undefined array key "desc"
in APPPATH/Views/productDetails.php on line 66.
 1 APPPATH/Views/productDetails.php(66): CodeIgniter\Debug\Exceptions->errorHandler(2, 'Undefined array key "desc"', '/home/anujyotindustrie/public_html/app/Views/productDetails.php', 66)
 2 SYSTEMPATH/View/View.php(228): include('/home/anujyotindustrie/public_html/app/Views/productDetails.php')
 3 SYSTEMPATH/View/View.php(231): CodeIgniter\View\View->CodeIgniter\View\{closure}()
 4 SYSTEMPATH/Common.php(1190): CodeIgniter\View\View->render('productDetails', [], true)
 5 APPPATH/Controllers/Home.php(59): view('productDetails', [...])
 6 SYSTEMPATH/CodeIgniter.php(942): App\Controllers\Home->productDetails()
 7 SYSTEMPATH/CodeIgniter.php(502): CodeIgniter\CodeIgniter->runController(Object(App\Controllers\Home))
 8 SYSTEMPATH/CodeIgniter.php(361): CodeIgniter\CodeIgniter->handleRequest(null, Object(Config\Cache), false)
 9 FCPATH/index.php(79): CodeIgniter\CodeIgniter->run()
CRITICAL - 2024-02-12 11:49:36 --> syntax error, unexpected token ">"
in APPPATH/Views/productDetails.php on line 28.
 1 SYSTEMPATH/View/View.php(231): CodeIgniter\View\View->CodeIgniter\View\{closure}()
 2 SYSTEMPATH/Common.php(1190): CodeIgniter\View\View->render('productDetails', [], true)
 3 APPPATH/Controllers/Home.php(59): view('productDetails', [...])
 4 SYSTEMPATH/CodeIgniter.php(942): App\Controllers\Home->productDetails()
 5 SYSTEMPATH/CodeIgniter.php(502): CodeIgniter\CodeIgniter->runController(Object(App\Controllers\Home))
 6 SYSTEMPATH/CodeIgniter.php(361): CodeIgniter\CodeIgniter->handleRequest(null, Object(Config\Cache), false)
 7 FCPATH/index.php(79): CodeIgniter\CodeIgniter->run()
CRITICAL - 2024-02-12 12:09:50 --> syntax error, unexpected token ">"
in APPPATH/Views/productDetails.php on line 28.
 1 SYSTEMPATH/View/View.php(231): CodeIgniter\View\View->CodeIgniter\View\{closure}()
 2 SYSTEMPATH/Common.php(1190): CodeIgniter\View\View->render('productDetails', [], true)
 3 APPPATH/Controllers/Home.php(59): view('productDetails', [...])
 4 SYSTEMPATH/CodeIgniter.php(942): App\Controllers\Home->productDetails()
 5 SYSTEMPATH/CodeIgniter.php(502): CodeIgniter\CodeIgniter->runController(Object(App\Controllers\Home))
 6 SYSTEMPATH/CodeIgniter.php(361): CodeIgniter\CodeIgniter->handleRequest(null, Object(Config\Cache), false)
 7 FCPATH/index.php(79): CodeIgniter\CodeIgniter->run()
CRITICAL - 2024-02-12 12:09:56 --> syntax error, unexpected token ">"
in APPPATH/Views/productDetails.php on line 28.
 1 SYSTEMPATH/View/View.php(231): CodeIgniter\View\View->CodeIgniter\View\{closure}()
 2 SYSTEMPATH/Common.php(1190): CodeIgniter\View\View->render('productDetails', [], true)
 3 APPPATH/Controllers/Home.php(59): view('productDetails', [...])
 4 SYSTEMPATH/CodeIgniter.php(942): App\Controllers\Home->productDetails()
 5 SYSTEMPATH/CodeIgniter.php(502): CodeIgniter\CodeIgniter->runController(Object(App\Controllers\Home))
 6 SYSTEMPATH/CodeIgniter.php(361): CodeIgniter\CodeIgniter->handleRequest(null, Object(Config\Cache), false)
 7 FCPATH/index.php(79): CodeIgniter\CodeIgniter->run()
CRITICAL - 2024-02-12 12:10:03 --> syntax error, unexpected token ">"
in APPPATH/Views/productDetails.php on line 28.
 1 SYSTEMPATH/View/View.php(231): CodeIgniter\View\View->CodeIgniter\View\{closure}()
 2 SYSTEMPATH/Common.php(1190): CodeIgniter\View\View->render('productDetails', [], true)
 3 APPPATH/Controllers/Home.php(59): view('productDetails', [...])
 4 SYSTEMPATH/CodeIgniter.php(942): App\Controllers\Home->productDetails()
 5 SYSTEMPATH/CodeIgniter.php(502): CodeIgniter\CodeIgniter->runController(Object(App\Controllers\Home))
 6 SYSTEMPATH/CodeIgniter.php(361): CodeIgniter\CodeIgniter->handleRequest(null, Object(Config\Cache), false)
 7 FCPATH/index.php(79): CodeIgniter\CodeIgniter->run()
CRITICAL - 2024-02-12 12:12:04 --> Unclosed '{' on line 28
in APPPATH/Views/productDetails.php on line 100.
 1 SYSTEMPATH/View/View.php(231): CodeIgniter\View\View->CodeIgniter\View\{closure}()
 2 SYSTEMPATH/Common.php(1190): CodeIgniter\View\View->render('productDetails', [], true)
 3 APPPATH/Controllers/Home.php(59): view('productDetails', [...])
 4 SYSTEMPATH/CodeIgniter.php(942): App\Controllers\Home->productDetails()
 5 SYSTEMPATH/CodeIgniter.php(502): CodeIgniter\CodeIgniter->runController(Object(App\Controllers\Home))
 6 SYSTEMPATH/CodeIgniter.php(361): CodeIgniter\CodeIgniter->handleRequest(null, Object(Config\Cache), false)
 7 FCPATH/index.php(79): CodeIgniter\CodeIgniter->run()
CRITICAL - 2024-02-12 12:21:54 --> syntax error, unexpected token "<"
in APPPATH/Views/productDetails.php on line 53.
 1 SYSTEMPATH/View/View.php(231): CodeIgniter\View\View->CodeIgniter\View\{closure}()
 2 SYSTEMPATH/Common.php(1190): CodeIgniter\View\View->render('productDetails', [], true)
 3 APPPATH/Controllers/Home.php(59): view('productDetails', [...])
 4 SYSTEMPATH/CodeIgniter.php(942): App\Controllers\Home->productDetails()
 5 SYSTEMPATH/CodeIgniter.php(502): CodeIgniter\CodeIgniter->runController(Object(App\Controllers\Home))
 6 SYSTEMPATH/CodeIgniter.php(361): CodeIgniter\CodeIgniter->handleRequest(null, Object(Config\Cache), false)
 7 FCPATH/index.php(79): CodeIgniter\CodeIgniter->run()
CRITICAL - 2024-02-12 12:22:15 --> Unclosed '{' on line 28
in APPPATH/Views/productDetails.php on line 100.
 1 SYSTEMPATH/View/View.php(231): CodeIgniter\View\View->CodeIgniter\View\{closure}()
 2 SYSTEMPATH/Common.php(1190): CodeIgniter\View\View->render('productDetails', [], true)
 3 APPPATH/Controllers/Home.php(59): view('productDetails', [...])
 4 SYSTEMPATH/CodeIgniter.php(942): App\Controllers\Home->productDetails()
 5 SYSTEMPATH/CodeIgniter.php(502): CodeIgniter\CodeIgniter->runController(Object(App\Controllers\Home))
 6 SYSTEMPATH/CodeIgniter.php(361): CodeIgniter\CodeIgniter->handleRequest(null, Object(Config\Cache), false)
 7 FCPATH/index.php(79): CodeIgniter\CodeIgniter->run()
CRITICAL - 2024-02-12 12:23:14 --> Unclosed '{' on line 28
in APPPATH/Views/productDetails.php on line 99.
 1 SYSTEMPATH/View/View.php(231): CodeIgniter\View\View->CodeIgniter\View\{closure}()
 2 SYSTEMPATH/Common.php(1190): CodeIgniter\View\View->render('productDetails', [], true)
 3 APPPATH/Controllers/Home.php(59): view('productDetails', [...])
 4 SYSTEMPATH/CodeIgniter.php(942): App\Controllers\Home->productDetails()
 5 SYSTEMPATH/CodeIgniter.php(502): CodeIgniter\CodeIgniter->runController(Object(App\Controllers\Home))
 6 SYSTEMPATH/CodeIgniter.php(361): CodeIgniter\CodeIgniter->handleRequest(null, Object(Config\Cache), false)
 7 FCPATH/index.php(79): CodeIgniter\CodeIgniter->run()
CRITICAL - 2024-02-12 12:45:11 --> Unclosed '{' on line 28
in APPPATH/Views/productDetails.php on line 95.
 1 SYSTEMPATH/View/View.php(231): CodeIgniter\View\View->CodeIgniter\View\{closure}()
 2 SYSTEMPATH/Common.php(1190): CodeIgniter\View\View->render('productDetails', [], true)
 3 APPPATH/Controllers/Home.php(59): view('productDetails', [...])
 4 SYSTEMPATH/CodeIgniter.php(942): App\Controllers\Home->productDetails()
 5 SYSTEMPATH/CodeIgniter.php(502): CodeIgniter\CodeIgniter->runController(Object(App\Controllers\Home))
 6 SYSTEMPATH/CodeIgniter.php(361): CodeIgniter\CodeIgniter->handleRequest(null, Object(Config\Cache), false)
 7 FCPATH/index.php(79): CodeIgniter\CodeIgniter->run()
