CRITICAL - 2024-01-25 05:13:48 --> Undefined array key "id"
in APPPATH/Controllers/Home.php on line 334.
 1 APPPATH/Controllers/Home.php(334): CodeIgniter\Debug\Exceptions->errorHandler(2, 'Undefined array key "id"', '/home/satarait/public_html/solapurzp.satarait.com/app/Controllers/Home.php', 334)
 2 SYSTEMPATH/CodeIgniter.php(942): App\Controllers\Home->AddtoCart()
 3 SYSTEMPATH/CodeIgniter.php(502): CodeIgniter\CodeIgniter->runController(Object(App\Controllers\Home))
 4 SYSTEMPATH/CodeIgniter.php(361): CodeIgniter\CodeIgniter->handleRequest(null, Object(Config\Cache), false)
 5 FCPATH/index.php(79): CodeIgniter\CodeIgniter->run()
CRITICAL - 2024-01-25 05:16:21 --> Undefined array key "id"
in APPPATH/Views/Front/include/header.php on line 3.
 1 APPPATH/Views/Front/include/header.php(3): CodeIgniter\Debug\Exceptions->errorHandler(2, 'Undefined array key "id"', '/home/satarait/public_html/solapurzp.satarait.com/app/Views/Front/include/header.php', 3)
 2 SYSTEMPATH/View/View.php(228): include('/home/satarait/public_html/solapurzp.satarait.com/app/Views/Front/include/header.php')
 3 SYSTEMPATH/View/View.php(231): CodeIgniter\View\View->CodeIgniter\View\{closure}()
 4 SYSTEMPATH/Common.php(1190): CodeIgniter\View\View->render('Front/include/header.php', [], true)
 5 APPPATH/Views/Front/index.php(9): view('Front/include/header.php')
 6 SYSTEMPATH/View/View.php(228): include('/home/satarait/public_html/solapurzp.satarait.com/app/Views/Front/index.php')
 7 SYSTEMPATH/View/View.php(231): CodeIgniter\View\View->CodeIgniter\View\{closure}()
 8 SYSTEMPATH/Common.php(1190): CodeIgniter\View\View->render('Front/index', [], true)
 9 APPPATH/Controllers/Home.php(35): view('Front/index', [...])
10 SYSTEMPATH/CodeIgniter.php(942): App\Controllers\Home->index()
11 SYSTEMPATH/CodeIgniter.php(502): CodeIgniter\CodeIgniter->runController(Object(App\Controllers\Home))
12 SYSTEMPATH/CodeIgniter.php(361): CodeIgniter\CodeIgniter->handleRequest(null, Object(Config\Cache), false)
13 FCPATH/index.php(79): CodeIgniter\CodeIgniter->run()
CRITICAL - 2024-01-25 05:22:09 --> Undefined array key "is_special"
in APPPATH/Controllers/VendorController.php on line 305.
 1 APPPATH/Controllers/VendorController.php(305): CodeIgniter\Debug\Exceptions->errorHandler(2, 'Undefined array key "is_special"', '/home/satarait/public_html/solapurzp.satarait.com/app/Controllers/VendorController.php', 305)
 2 SYSTEMPATH/CodeIgniter.php(942): App\Controllers\VendorController->changeActiveStatus()
 3 SYSTEMPATH/CodeIgniter.php(502): CodeIgniter\CodeIgniter->runController(Object(App\Controllers\VendorController))
 4 SYSTEMPATH/CodeIgniter.php(361): CodeIgniter\CodeIgniter->handleRequest(null, Object(Config\Cache), false)
 5 FCPATH/index.php(79): CodeIgniter\CodeIgniter->run()
CRITICAL - 2024-01-25 05:57:38 --> Undefined variable $category
in APPPATH/Views/Vendor/Menu/VendorAddMenu.php on line 57.
 1 APPPATH/Views/Vendor/Menu/VendorAddMenu.php(57): CodeIgniter\Debug\Exceptions->errorHandler(2, 'Undefined variable $category', '/home/satarait/public_html/solapurzp.satarait.com/app/Views/Vendor/Menu/VendorAddMenu.php', 57)
 2 SYSTEMPATH/View/View.php(228): include('/home/satarait/public_html/solapurzp.satarait.com/app/Views/Vendor/Menu/VendorAddMenu.php')
 3 SYSTEMPATH/View/View.php(231): CodeIgniter\View\View->CodeIgniter\View\{closure}()
 4 SYSTEMPATH/Common.php(1190): CodeIgniter\View\View->render('Vendor/Menu/VendorAddMenu', [], true)
 5 APPPATH/Controllers/VendorMenuController.php(40): view('Vendor/Menu/VendorAddMenu')
 6 SYSTEMPATH/CodeIgniter.php(942): App\Controllers\VendorMenuController->VendorAddMenu()
 7 SYSTEMPATH/CodeIgniter.php(502): CodeIgniter\CodeIgniter->runController(Object(App\Controllers\VendorMenuController))
 8 SYSTEMPATH/CodeIgniter.php(361): CodeIgniter\CodeIgniter->handleRequest(null, Object(Config\Cache), false)
 9 FCPATH/index.php(79): CodeIgniter\CodeIgniter->run()
CRITICAL - 2024-01-25 06:10:49 --> Undefined variable $editId
in APPPATH/Controllers/CategoryController.php on line 22.
 1 APPPATH/Controllers/CategoryController.php(22): CodeIgniter\Debug\Exceptions->errorHandler(2, 'Undefined variable $editId', '/home/satarait/public_html/solapurzp.satarait.com/app/Controllers/CategoryController.php', 22)
 2 SYSTEMPATH/CodeIgniter.php(942): App\Controllers\CategoryController->CategoryInserted()
 3 SYSTEMPATH/CodeIgniter.php(502): CodeIgniter\CodeIgniter->runController(Object(App\Controllers\CategoryController))
 4 SYSTEMPATH/CodeIgniter.php(361): CodeIgniter\CodeIgniter->handleRequest(null, Object(Config\Cache), false)
 5 FCPATH/index.php(79): CodeIgniter\CodeIgniter->run()
CRITICAL - 2024-01-25 07:13:39 --> Undefined variable $editId
in APPPATH/Controllers/DeliveryboyController.php on line 23.
 1 APPPATH/Controllers/DeliveryboyController.php(23): CodeIgniter\Debug\Exceptions->errorHandler(2, 'Undefined variable $editId', '/home/satarait/public_html/solapurzp.satarait.com/app/Controllers/DeliveryboyController.php', 23)
 2 SYSTEMPATH/CodeIgniter.php(942): App\Controllers\DeliveryboyController->DeliveryboyInserted()
 3 SYSTEMPATH/CodeIgniter.php(502): CodeIgniter\CodeIgniter->runController(Object(App\Controllers\DeliveryboyController))
 4 SYSTEMPATH/CodeIgniter.php(361): CodeIgniter\CodeIgniter->handleRequest(null, Object(Config\Cache), false)
 5 FCPATH/index.php(79): CodeIgniter\CodeIgniter->run()
CRITICAL - 2024-01-25 07:16:40 --> Undefined array key "id"
in APPPATH/Views/Front/include/header.php on line 3.
 1 APPPATH/Views/Front/include/header.php(3): CodeIgniter\Debug\Exceptions->errorHandler(2, 'Undefined array key "id"', '/home/satarait/public_html/solapurzp.satarait.com/app/Views/Front/include/header.php', 3)
 2 SYSTEMPATH/View/View.php(228): include('/home/satarait/public_html/solapurzp.satarait.com/app/Views/Front/include/header.php')
 3 SYSTEMPATH/View/View.php(231): CodeIgniter\View\View->CodeIgniter\View\{closure}()
 4 SYSTEMPATH/Common.php(1190): CodeIgniter\View\View->render('Front/include/header.php', [], true)
 5 APPPATH/Views/Front/index.php(9): view('Front/include/header.php')
 6 SYSTEMPATH/View/View.php(228): include('/home/satarait/public_html/solapurzp.satarait.com/app/Views/Front/index.php')
 7 SYSTEMPATH/View/View.php(231): CodeIgniter\View\View->CodeIgniter\View\{closure}()
 8 SYSTEMPATH/Common.php(1190): CodeIgniter\View\View->render('Front/index', [], true)
 9 APPPATH/Controllers/Home.php(35): view('Front/index', [...])
10 SYSTEMPATH/CodeIgniter.php(942): App\Controllers\Home->index()
11 SYSTEMPATH/CodeIgniter.php(502): CodeIgniter\CodeIgniter->runController(Object(App\Controllers\Home))
12 SYSTEMPATH/CodeIgniter.php(361): CodeIgniter\CodeIgniter->handleRequest(null, Object(Config\Cache), false)
13 FCPATH/index.php(79): CodeIgniter\CodeIgniter->run()
CRITICAL - 2024-01-25 07:28:40 --> Undefined variable $editId
in APPPATH/Controllers/DeliveryboyController.php on line 23.
 1 APPPATH/Controllers/DeliveryboyController.php(23): CodeIgniter\Debug\Exceptions->errorHandler(2, 'Undefined variable $editId', '/home/satarait/public_html/solapurzp.satarait.com/app/Controllers/DeliveryboyController.php', 23)
 2 SYSTEMPATH/CodeIgniter.php(942): App\Controllers\DeliveryboyController->DeliveryboyInserted()
 3 SYSTEMPATH/CodeIgniter.php(502): CodeIgniter\CodeIgniter->runController(Object(App\Controllers\DeliveryboyController))
 4 SYSTEMPATH/CodeIgniter.php(361): CodeIgniter\CodeIgniter->handleRequest(null, Object(Config\Cache), false)
 5 FCPATH/index.php(79): CodeIgniter\CodeIgniter->run()
CRITICAL - 2024-01-25 07:29:28 --> Undefined variable $license_no
in APPPATH/Views/Admin/Deliveryboy/AddDeliveryboy.php on line 90.
 1 APPPATH/Views/Admin/Deliveryboy/AddDeliveryboy.php(90): CodeIgniter\Debug\Exceptions->errorHandler(2, 'Undefined variable $license_no', '/home/satarait/public_html/solapurzp.satarait.com/app/Views/Admin/Deliveryboy/AddDeliveryboy.php', 90)
 2 SYSTEMPATH/View/View.php(228): include('/home/satarait/public_html/solapurzp.satarait.com/app/Views/Admin/Deliveryboy/AddDeliveryboy.php')
 3 SYSTEMPATH/View/View.php(231): CodeIgniter\View\View->CodeIgniter\View\{closure}()
 4 SYSTEMPATH/Common.php(1190): CodeIgniter\View\View->render('Admin/Deliveryboy/AddDeliveryboy', [], true)
 5 APPPATH/Controllers/DeliveryboyController.php(200): view('Admin/Deliveryboy/AddDeliveryboy', [...])
 6 SYSTEMPATH/CodeIgniter.php(942): App\Controllers\DeliveryboyController->UpdateDeliveryboy()
 7 SYSTEMPATH/CodeIgniter.php(502): CodeIgniter\CodeIgniter->runController(Object(App\Controllers\DeliveryboyController))
 8 SYSTEMPATH/CodeIgniter.php(361): CodeIgniter\CodeIgniter->handleRequest(null, Object(Config\Cache), false)
 9 FCPATH/index.php(79): CodeIgniter\CodeIgniter->run()
CRITICAL - 2024-01-25 07:35:48 --> Undefined variable $list
in APPPATH/Views/Admin/Menu/AddMenu.php on line 66.
 1 APPPATH/Views/Admin/Menu/AddMenu.php(66): CodeIgniter\Debug\Exceptions->errorHandler(2, 'Undefined variable $list', '/home/satarait/public_html/solapurzp.satarait.com/app/Views/Admin/Menu/AddMenu.php', 66)
 2 SYSTEMPATH/View/View.php(228): include('/home/satarait/public_html/solapurzp.satarait.com/app/Views/Admin/Menu/AddMenu.php')
 3 SYSTEMPATH/View/View.php(231): CodeIgniter\View\View->CodeIgniter\View\{closure}()
 4 SYSTEMPATH/Common.php(1190): CodeIgniter\View\View->render('Admin/Menu/AddMenu', [], true)
 5 APPPATH/Controllers/MenuController.php(26): view('Admin/Menu/AddMenu', [...])
 6 SYSTEMPATH/CodeIgniter.php(942): App\Controllers\MenuController->AddMenu()
 7 SYSTEMPATH/CodeIgniter.php(502): CodeIgniter\CodeIgniter->runController(Object(App\Controllers\MenuController))
 8 SYSTEMPATH/CodeIgniter.php(361): CodeIgniter\CodeIgniter->handleRequest(null, Object(Config\Cache), false)
 9 FCPATH/index.php(79): CodeIgniter\CodeIgniter->run()
CRITICAL - 2024-01-25 07:36:25 --> syntax error, unexpected single-quoted string " : ", expecting "]"
in APPPATH/Controllers/VendorController.php on line 27.
 1 SYSTEMPATH/Autoloader/Autoloader.php(291): CodeIgniter\Autoloader\Autoloader->includeFile('/home/satarait/public_html/solapurzp.satarait.com/app/Controllers/VendorController.php')
 2 SYSTEMPATH/Autoloader/Autoloader.php(269): CodeIgniter\Autoloader\Autoloader->loadInNamespace('App\\Controllers\\VendorController')
 3 [internal function]: CodeIgniter\Autoloader\Autoloader->loadClass('App\\Controllers\\VendorController')
 4 SYSTEMPATH/CodeIgniter.php(900): class_exists('\\App\\Controllers\\VendorController', true)
 5 SYSTEMPATH/CodeIgniter.php(489): CodeIgniter\CodeIgniter->startController()
 6 SYSTEMPATH/CodeIgniter.php(361): CodeIgniter\CodeIgniter->handleRequest(null, Object(Config\Cache), false)
 7 FCPATH/index.php(79): CodeIgniter\CodeIgniter->run()
CRITICAL - 2024-01-25 07:36:33 --> Undefined variable $list
in APPPATH/Views/Admin/Menu/AddMenu.php on line 66.
 1 APPPATH/Views/Admin/Menu/AddMenu.php(66): CodeIgniter\Debug\Exceptions->errorHandler(2, 'Undefined variable $list', '/home/satarait/public_html/solapurzp.satarait.com/app/Views/Admin/Menu/AddMenu.php', 66)
 2 SYSTEMPATH/View/View.php(228): include('/home/satarait/public_html/solapurzp.satarait.com/app/Views/Admin/Menu/AddMenu.php')
 3 SYSTEMPATH/View/View.php(231): CodeIgniter\View\View->CodeIgniter\View\{closure}()
 4 SYSTEMPATH/Common.php(1190): CodeIgniter\View\View->render('Admin/Menu/AddMenu', [], true)
 5 APPPATH/Controllers/MenuController.php(26): view('Admin/Menu/AddMenu', [...])
 6 SYSTEMPATH/CodeIgniter.php(942): App\Controllers\MenuController->AddMenu()
 7 SYSTEMPATH/CodeIgniter.php(502): CodeIgniter\CodeIgniter->runController(Object(App\Controllers\MenuController))
 8 SYSTEMPATH/CodeIgniter.php(361): CodeIgniter\CodeIgniter->handleRequest(null, Object(Config\Cache), false)
 9 FCPATH/index.php(79): CodeIgniter\CodeIgniter->run()
CRITICAL - 2024-01-25 07:36:50 --> syntax error, unexpected single-quoted string " : ", expecting "]"
in APPPATH/Controllers/VendorController.php on line 28.
 1 SYSTEMPATH/Autoloader/Autoloader.php(291): CodeIgniter\Autoloader\Autoloader->includeFile('/home/satarait/public_html/solapurzp.satarait.com/app/Controllers/VendorController.php')
 2 SYSTEMPATH/Autoloader/Autoloader.php(269): CodeIgniter\Autoloader\Autoloader->loadInNamespace('App\\Controllers\\VendorController')
 3 [internal function]: CodeIgniter\Autoloader\Autoloader->loadClass('App\\Controllers\\VendorController')
 4 SYSTEMPATH/CodeIgniter.php(900): class_exists('\\App\\Controllers\\VendorController', true)
 5 SYSTEMPATH/CodeIgniter.php(489): CodeIgniter\CodeIgniter->startController()
 6 SYSTEMPATH/CodeIgniter.php(361): CodeIgniter\CodeIgniter->handleRequest(null, Object(Config\Cache), false)
 7 FCPATH/index.php(79): CodeIgniter\CodeIgniter->run()
CRITICAL - 2024-01-25 07:37:50 --> syntax error, unexpected single-quoted string " : ", expecting "]"
in APPPATH/Controllers/VendorController.php on line 28.
 1 SYSTEMPATH/Autoloader/Autoloader.php(291): CodeIgniter\Autoloader\Autoloader->includeFile('/home/satarait/public_html/solapurzp.satarait.com/app/Controllers/VendorController.php')
 2 SYSTEMPATH/Autoloader/Autoloader.php(269): CodeIgniter\Autoloader\Autoloader->loadInNamespace('App\\Controllers\\VendorController')
 3 [internal function]: CodeIgniter\Autoloader\Autoloader->loadClass('App\\Controllers\\VendorController')
 4 SYSTEMPATH/CodeIgniter.php(900): class_exists('\\App\\Controllers\\VendorController', true)
 5 SYSTEMPATH/CodeIgniter.php(489): CodeIgniter\CodeIgniter->startController()
 6 SYSTEMPATH/CodeIgniter.php(361): CodeIgniter\CodeIgniter->handleRequest(null, Object(Config\Cache), false)
 7 FCPATH/index.php(79): CodeIgniter\CodeIgniter->run()
CRITICAL - 2024-01-25 07:39:03 --> syntax error, unexpected single-quoted string " : ", expecting "]"
in APPPATH/Controllers/VendorController.php on line 28.
 1 SYSTEMPATH/Autoloader/Autoloader.php(291): CodeIgniter\Autoloader\Autoloader->includeFile('/home/satarait/public_html/solapurzp.satarait.com/app/Controllers/VendorController.php')
 2 SYSTEMPATH/Autoloader/Autoloader.php(269): CodeIgniter\Autoloader\Autoloader->loadInNamespace('App\\Controllers\\VendorController')
 3 [internal function]: CodeIgniter\Autoloader\Autoloader->loadClass('App\\Controllers\\VendorController')
 4 SYSTEMPATH/CodeIgniter.php(900): class_exists('\\App\\Controllers\\VendorController', true)
 5 SYSTEMPATH/CodeIgniter.php(489): CodeIgniter\CodeIgniter->startController()
 6 SYSTEMPATH/CodeIgniter.php(361): CodeIgniter\CodeIgniter->handleRequest(null, Object(Config\Cache), false)
 7 FCPATH/index.php(79): CodeIgniter\CodeIgniter->run()
CRITICAL - 2024-01-25 07:42:53 --> syntax error, unexpected single-quoted string " : ", expecting "]"
in APPPATH/Controllers/VendorController.php on line 28.
 1 SYSTEMPATH/Autoloader/Autoloader.php(291): CodeIgniter\Autoloader\Autoloader->includeFile('/home/satarait/public_html/solapurzp.satarait.com/app/Controllers/VendorController.php')
 2 SYSTEMPATH/Autoloader/Autoloader.php(269): CodeIgniter\Autoloader\Autoloader->loadInNamespace('App\\Controllers\\VendorController')
 3 [internal function]: CodeIgniter\Autoloader\Autoloader->loadClass('App\\Controllers\\VendorController')
 4 SYSTEMPATH/CodeIgniter.php(900): class_exists('\\App\\Controllers\\VendorController', true)
 5 SYSTEMPATH/CodeIgniter.php(489): CodeIgniter\CodeIgniter->startController()
 6 SYSTEMPATH/CodeIgniter.php(361): CodeIgniter\CodeIgniter->handleRequest(null, Object(Config\Cache), false)
 7 FCPATH/index.php(79): CodeIgniter\CodeIgniter->run()
CRITICAL - 2024-01-25 07:44:06 --> syntax error, unexpected single-quoted string " : ", expecting "]"
in APPPATH/Controllers/VendorController.php on line 28.
 1 SYSTEMPATH/Autoloader/Autoloader.php(291): CodeIgniter\Autoloader\Autoloader->includeFile('/home/satarait/public_html/solapurzp.satarait.com/app/Controllers/VendorController.php')
 2 SYSTEMPATH/Autoloader/Autoloader.php(269): CodeIgniter\Autoloader\Autoloader->loadInNamespace('App\\Controllers\\VendorController')
 3 [internal function]: CodeIgniter\Autoloader\Autoloader->loadClass('App\\Controllers\\VendorController')
 4 SYSTEMPATH/CodeIgniter.php(900): class_exists('\\App\\Controllers\\VendorController', true)
 5 SYSTEMPATH/CodeIgniter.php(489): CodeIgniter\CodeIgniter->startController()
 6 SYSTEMPATH/CodeIgniter.php(361): CodeIgniter\CodeIgniter->handleRequest(null, Object(Config\Cache), false)
 7 FCPATH/index.php(79): CodeIgniter\CodeIgniter->run()
CRITICAL - 2024-01-25 07:44:07 --> syntax error, unexpected single-quoted string " : ", expecting "]"
in APPPATH/Controllers/VendorController.php on line 28.
 1 SYSTEMPATH/Autoloader/Autoloader.php(291): CodeIgniter\Autoloader\Autoloader->includeFile('/home/satarait/public_html/solapurzp.satarait.com/app/Controllers/VendorController.php')
 2 SYSTEMPATH/Autoloader/Autoloader.php(269): CodeIgniter\Autoloader\Autoloader->loadInNamespace('App\\Controllers\\VendorController')
 3 [internal function]: CodeIgniter\Autoloader\Autoloader->loadClass('App\\Controllers\\VendorController')
 4 SYSTEMPATH/CodeIgniter.php(900): class_exists('\\App\\Controllers\\VendorController', true)
 5 SYSTEMPATH/CodeIgniter.php(489): CodeIgniter\CodeIgniter->startController()
 6 SYSTEMPATH/CodeIgniter.php(361): CodeIgniter\CodeIgniter->handleRequest(null, Object(Config\Cache), false)
 7 FCPATH/index.php(79): CodeIgniter\CodeIgniter->run()
CRITICAL - 2024-01-25 07:44:07 --> syntax error, unexpected single-quoted string " : ", expecting "]"
in APPPATH/Controllers/VendorController.php on line 28.
 1 SYSTEMPATH/Autoloader/Autoloader.php(291): CodeIgniter\Autoloader\Autoloader->includeFile('/home/satarait/public_html/solapurzp.satarait.com/app/Controllers/VendorController.php')
 2 SYSTEMPATH/Autoloader/Autoloader.php(269): CodeIgniter\Autoloader\Autoloader->loadInNamespace('App\\Controllers\\VendorController')
 3 [internal function]: CodeIgniter\Autoloader\Autoloader->loadClass('App\\Controllers\\VendorController')
 4 SYSTEMPATH/CodeIgniter.php(900): class_exists('\\App\\Controllers\\VendorController', true)
 5 SYSTEMPATH/CodeIgniter.php(489): CodeIgniter\CodeIgniter->startController()
 6 SYSTEMPATH/CodeIgniter.php(361): CodeIgniter\CodeIgniter->handleRequest(null, Object(Config\Cache), false)
 7 FCPATH/index.php(79): CodeIgniter\CodeIgniter->run()
CRITICAL - 2024-01-25 07:44:57 --> syntax error, unexpected single-quoted string " : ", expecting "]"
in APPPATH/Controllers/VendorController.php on line 28.
 1 SYSTEMPATH/Autoloader/Autoloader.php(291): CodeIgniter\Autoloader\Autoloader->includeFile('/home/satarait/public_html/solapurzp.satarait.com/app/Controllers/VendorController.php')
 2 SYSTEMPATH/Autoloader/Autoloader.php(269): CodeIgniter\Autoloader\Autoloader->loadInNamespace('App\\Controllers\\VendorController')
 3 [internal function]: CodeIgniter\Autoloader\Autoloader->loadClass('App\\Controllers\\VendorController')
 4 SYSTEMPATH/CodeIgniter.php(900): class_exists('\\App\\Controllers\\VendorController', true)
 5 SYSTEMPATH/CodeIgniter.php(489): CodeIgniter\CodeIgniter->startController()
 6 SYSTEMPATH/CodeIgniter.php(361): CodeIgniter\CodeIgniter->handleRequest(null, Object(Config\Cache), false)
 7 FCPATH/index.php(79): CodeIgniter\CodeIgniter->run()
CRITICAL - 2024-01-25 07:45:07 --> syntax error, unexpected single-quoted string " : ", expecting "]"
in APPPATH/Controllers/VendorController.php on line 28.
 1 SYSTEMPATH/Autoloader/Autoloader.php(291): CodeIgniter\Autoloader\Autoloader->includeFile('/home/satarait/public_html/solapurzp.satarait.com/app/Controllers/VendorController.php')
 2 SYSTEMPATH/Autoloader/Autoloader.php(269): CodeIgniter\Autoloader\Autoloader->loadInNamespace('App\\Controllers\\VendorController')
 3 [internal function]: CodeIgniter\Autoloader\Autoloader->loadClass('App\\Controllers\\VendorController')
 4 SYSTEMPATH/CodeIgniter.php(900): class_exists('\\App\\Controllers\\VendorController', true)
 5 SYSTEMPATH/CodeIgniter.php(489): CodeIgniter\CodeIgniter->startController()
 6 SYSTEMPATH/CodeIgniter.php(361): CodeIgniter\CodeIgniter->handleRequest(null, Object(Config\Cache), false)
 7 FCPATH/index.php(79): CodeIgniter\CodeIgniter->run()
CRITICAL - 2024-01-25 08:09:15 --> Undefined array key "role"
in APPPATH/Views/Include/header.php on line 6.
 1 APPPATH/Views/Include/header.php(6): CodeIgniter\Debug\Exceptions->errorHandler(2, 'Undefined array key "role"', '/home/satarait/public_html/solapurzp.satarait.com/app/Views/Include/header.php', 6)
 2 SYSTEMPATH/View/View.php(228): include('/home/satarait/public_html/solapurzp.satarait.com/app/Views/Include/header.php')
 3 SYSTEMPATH/View/View.php(231): CodeIgniter\View\View->CodeIgniter\View\{closure}()
 4 SYSTEMPATH/Common.php(1190): CodeIgniter\View\View->render('Include/header.php', [], true)
 5 APPPATH/Views/Admin/User/ViewUser.php(19): view('Include/header.php')
 6 SYSTEMPATH/View/View.php(228): include('/home/satarait/public_html/solapurzp.satarait.com/app/Views/Admin/User/ViewUser.php')
 7 SYSTEMPATH/View/View.php(231): CodeIgniter\View\View->CodeIgniter\View\{closure}()
 8 SYSTEMPATH/Common.php(1190): CodeIgniter\View\View->render('Admin/User/ViewUser', [], true)
 9 APPPATH/Controllers/UserController.php(25): view('Admin/User/ViewUser', [...])
10 SYSTEMPATH/CodeIgniter.php(942): App\Controllers\UserController->ViewUser()
11 SYSTEMPATH/CodeIgniter.php(502): CodeIgniter\CodeIgniter->runController(Object(App\Controllers\UserController))
12 SYSTEMPATH/CodeIgniter.php(361): CodeIgniter\CodeIgniter->handleRequest(null, Object(Config\Cache), false)
13 FCPATH/index.php(79): CodeIgniter\CodeIgniter->run()
CRITICAL - 2024-01-25 08:12:13 --> Undefined array key "role"
in APPPATH/Views/Include/header.php on line 6.
 1 APPPATH/Views/Include/header.php(6): CodeIgniter\Debug\Exceptions->errorHandler(2, 'Undefined array key "role"', '/home/satarait/public_html/solapurzp.satarait.com/app/Views/Include/header.php', 6)
 2 SYSTEMPATH/View/View.php(228): include('/home/satarait/public_html/solapurzp.satarait.com/app/Views/Include/header.php')
 3 SYSTEMPATH/View/View.php(231): CodeIgniter\View\View->CodeIgniter\View\{closure}()
 4 SYSTEMPATH/Common.php(1190): CodeIgniter\View\View->render('Include/header.php', [], true)
 5 APPPATH/Views/Admin/User/ViewUser.php(19): view('Include/header.php')
 6 SYSTEMPATH/View/View.php(228): include('/home/satarait/public_html/solapurzp.satarait.com/app/Views/Admin/User/ViewUser.php')
 7 SYSTEMPATH/View/View.php(231): CodeIgniter\View\View->CodeIgniter\View\{closure}()
 8 SYSTEMPATH/Common.php(1190): CodeIgniter\View\View->render('Admin/User/ViewUser', [], true)
 9 APPPATH/Controllers/UserController.php(25): view('Admin/User/ViewUser', [...])
10 SYSTEMPATH/CodeIgniter.php(942): App\Controllers\UserController->ViewUser()
11 SYSTEMPATH/CodeIgniter.php(502): CodeIgniter\CodeIgniter->runController(Object(App\Controllers\UserController))
12 SYSTEMPATH/CodeIgniter.php(361): CodeIgniter\CodeIgniter->handleRequest(null, Object(Config\Cache), false)
13 FCPATH/index.php(79): CodeIgniter\CodeIgniter->run()
CRITICAL - 2024-01-25 08:14:07 --> "is_unique_or_same" is not a valid rule.
in SYSTEMPATH/Validation/Validation.php on line 319.
 1 SYSTEMPATH/Validation/Validation.php(319): CodeIgniter\Validation\Exceptions\ValidationException::forRuleNotFound('is_unique_or_same')
 2 SYSTEMPATH/Validation/Validation.php(197): CodeIgniter\Validation\Validation->processRules('mobile', 'mobile', '9325037334', [...], [...])
 3 APPPATH/Controllers/DeliveryboyController.php(77): CodeIgniter\Validation\Validation->run()
 4 SYSTEMPATH/CodeIgniter.php(942): App\Controllers\DeliveryboyController->DeliveryboyInserted()
 5 SYSTEMPATH/CodeIgniter.php(502): CodeIgniter\CodeIgniter->runController(Object(App\Controllers\DeliveryboyController))
 6 SYSTEMPATH/CodeIgniter.php(361): CodeIgniter\CodeIgniter->handleRequest(null, Object(Config\Cache), false)
 7 FCPATH/index.php(79): CodeIgniter\CodeIgniter->run()
CRITICAL - 2024-01-25 08:14:19 --> "is_unique_or_same" is not a valid rule.
in SYSTEMPATH/Validation/Validation.php on line 319.
 1 SYSTEMPATH/Validation/Validation.php(319): CodeIgniter\Validation\Exceptions\ValidationException::forRuleNotFound('is_unique_or_same')
 2 SYSTEMPATH/Validation/Validation.php(197): CodeIgniter\Validation\Validation->processRules('mobile', 'mobile', '7620654741', [...], [...])
 3 APPPATH/Controllers/DeliveryboyController.php(77): CodeIgniter\Validation\Validation->run()
 4 SYSTEMPATH/CodeIgniter.php(942): App\Controllers\DeliveryboyController->DeliveryboyInserted()
 5 SYSTEMPATH/CodeIgniter.php(502): CodeIgniter\CodeIgniter->runController(Object(App\Controllers\DeliveryboyController))
 6 SYSTEMPATH/CodeIgniter.php(361): CodeIgniter\CodeIgniter->handleRequest(null, Object(Config\Cache), false)
 7 FCPATH/index.php(79): CodeIgniter\CodeIgniter->run()
CRITICAL - 2024-01-25 08:14:22 --> Undefined array key "role"
in APPPATH/Views/Include/header.php on line 6.
 1 APPPATH/Views/Include/header.php(6): CodeIgniter\Debug\Exceptions->errorHandler(2, 'Undefined array key "role"', '/home/satarait/public_html/solapurzp.satarait.com/app/Views/Include/header.php', 6)
 2 SYSTEMPATH/View/View.php(228): include('/home/satarait/public_html/solapurzp.satarait.com/app/Views/Include/header.php')
 3 SYSTEMPATH/View/View.php(231): CodeIgniter\View\View->CodeIgniter\View\{closure}()
 4 SYSTEMPATH/Common.php(1190): CodeIgniter\View\View->render('Include/header.php', [], true)
 5 APPPATH/Views/Admin/Category/ViewCategory.php(19): view('Include/header.php')
 6 SYSTEMPATH/View/View.php(228): include('/home/satarait/public_html/solapurzp.satarait.com/app/Views/Admin/Category/ViewCategory.php')
 7 SYSTEMPATH/View/View.php(231): CodeIgniter\View\View->CodeIgniter\View\{closure}()
 8 SYSTEMPATH/Common.php(1190): CodeIgniter\View\View->render('Admin/Category/ViewCategory', [], true)
 9 APPPATH/Controllers/CategoryController.php(113): view('Admin/Category/ViewCategory', [...])
10 SYSTEMPATH/CodeIgniter.php(942): App\Controllers\CategoryController->ViewCategory()
11 SYSTEMPATH/CodeIgniter.php(502): CodeIgniter\CodeIgniter->runController(Object(App\Controllers\CategoryController))
12 SYSTEMPATH/CodeIgniter.php(361): CodeIgniter\CodeIgniter->handleRequest(null, Object(Config\Cache), false)
13 FCPATH/index.php(79): CodeIgniter\CodeIgniter->run()
CRITICAL - 2024-01-25 08:15:37 --> Undefined array key "role"
in APPPATH/Views/Include/header.php on line 6.
 1 APPPATH/Views/Include/header.php(6): CodeIgniter\Debug\Exceptions->errorHandler(2, 'Undefined array key "role"', '/home/satarait/public_html/solapurzp.satarait.com/app/Views/Include/header.php', 6)
 2 SYSTEMPATH/View/View.php(228): include('/home/satarait/public_html/solapurzp.satarait.com/app/Views/Include/header.php')
 3 SYSTEMPATH/View/View.php(231): CodeIgniter\View\View->CodeIgniter\View\{closure}()
 4 SYSTEMPATH/Common.php(1190): CodeIgniter\View\View->render('Include/header.php', [], true)
 5 APPPATH/Views/Admin/Category/ViewCategory.php(19): view('Include/header.php')
 6 SYSTEMPATH/View/View.php(228): include('/home/satarait/public_html/solapurzp.satarait.com/app/Views/Admin/Category/ViewCategory.php')
 7 SYSTEMPATH/View/View.php(231): CodeIgniter\View\View->CodeIgniter\View\{closure}()
 8 SYSTEMPATH/Common.php(1190): CodeIgniter\View\View->render('Admin/Category/ViewCategory', [], true)
 9 APPPATH/Controllers/CategoryController.php(113): view('Admin/Category/ViewCategory', [...])
10 SYSTEMPATH/CodeIgniter.php(942): App\Controllers\CategoryController->ViewCategory()
11 SYSTEMPATH/CodeIgniter.php(502): CodeIgniter\CodeIgniter->runController(Object(App\Controllers\CategoryController))
12 SYSTEMPATH/CodeIgniter.php(361): CodeIgniter\CodeIgniter->handleRequest(null, Object(Config\Cache), false)
13 FCPATH/index.php(79): CodeIgniter\CodeIgniter->run()
CRITICAL - 2024-01-25 08:33:11 --> Undefined array key "role"
in APPPATH/Views/Include/header.php on line 6.
 1 APPPATH/Views/Include/header.php(6): CodeIgniter\Debug\Exceptions->errorHandler(2, 'Undefined array key "role"', '/home/satarait/public_html/solapurzp.satarait.com/app/Views/Include/header.php', 6)
 2 SYSTEMPATH/View/View.php(228): include('/home/satarait/public_html/solapurzp.satarait.com/app/Views/Include/header.php')
 3 SYSTEMPATH/View/View.php(231): CodeIgniter\View\View->CodeIgniter\View\{closure}()
 4 SYSTEMPATH/Common.php(1190): CodeIgniter\View\View->render('Include/header.php', [], true)
 5 APPPATH/Views/Admin/Category/AddCategory.php(17): view('Include/header.php')
 6 SYSTEMPATH/View/View.php(228): include('/home/satarait/public_html/solapurzp.satarait.com/app/Views/Admin/Category/AddCategory.php')
 7 SYSTEMPATH/View/View.php(231): CodeIgniter\View\View->CodeIgniter\View\{closure}()
 8 SYSTEMPATH/Common.php(1190): CodeIgniter\View\View->render('Admin/Category/AddCategory', [], true)
 9 APPPATH/Controllers/CategoryController.php(13): view('Admin/Category/AddCategory')
10 SYSTEMPATH/CodeIgniter.php(942): App\Controllers\CategoryController->AddCategory()
11 SYSTEMPATH/CodeIgniter.php(502): CodeIgniter\CodeIgniter->runController(Object(App\Controllers\CategoryController))
12 SYSTEMPATH/CodeIgniter.php(361): CodeIgniter\CodeIgniter->handleRequest(null, Object(Config\Cache), false)
13 FCPATH/index.php(79): CodeIgniter\CodeIgniter->run()
CRITICAL - 2024-01-25 08:33:34 --> Undefined array key "role"
in APPPATH/Views/Include/header.php on line 6.
 1 APPPATH/Views/Include/header.php(6): CodeIgniter\Debug\Exceptions->errorHandler(2, 'Undefined array key "role"', '/home/satarait/public_html/solapurzp.satarait.com/app/Views/Include/header.php', 6)
 2 SYSTEMPATH/View/View.php(228): include('/home/satarait/public_html/solapurzp.satarait.com/app/Views/Include/header.php')
 3 SYSTEMPATH/View/View.php(231): CodeIgniter\View\View->CodeIgniter\View\{closure}()
 4 SYSTEMPATH/Common.php(1190): CodeIgniter\View\View->render('Include/header.php', [], true)
 5 APPPATH/Views/Admin/Category/AddCategory.php(17): view('Include/header.php')
 6 SYSTEMPATH/View/View.php(228): include('/home/satarait/public_html/solapurzp.satarait.com/app/Views/Admin/Category/AddCategory.php')
 7 SYSTEMPATH/View/View.php(231): CodeIgniter\View\View->CodeIgniter\View\{closure}()
 8 SYSTEMPATH/Common.php(1190): CodeIgniter\View\View->render('Admin/Category/AddCategory', [], true)
 9 APPPATH/Controllers/CategoryController.php(13): view('Admin/Category/AddCategory')
10 SYSTEMPATH/CodeIgniter.php(942): App\Controllers\CategoryController->AddCategory()
11 SYSTEMPATH/CodeIgniter.php(502): CodeIgniter\CodeIgniter->runController(Object(App\Controllers\CategoryController))
12 SYSTEMPATH/CodeIgniter.php(361): CodeIgniter\CodeIgniter->handleRequest(null, Object(Config\Cache), false)
13 FCPATH/index.php(79): CodeIgniter\CodeIgniter->run()
CRITICAL - 2024-01-25 08:33:35 --> Undefined variable $session1
in APPPATH/Controllers/CategoryController.php on line 113.
 1 APPPATH/Controllers/CategoryController.php(113): CodeIgniter\Debug\Exceptions->errorHandler(2, 'Undefined variable $session1', '/home/satarait/public_html/solapurzp.satarait.com/app/Controllers/CategoryController.php', 113)
 2 SYSTEMPATH/CodeIgniter.php(942): App\Controllers\CategoryController->ViewCategory()
 3 SYSTEMPATH/CodeIgniter.php(502): CodeIgniter\CodeIgniter->runController(Object(App\Controllers\CategoryController))
 4 SYSTEMPATH/CodeIgniter.php(361): CodeIgniter\CodeIgniter->handleRequest(null, Object(Config\Cache), false)
 5 FCPATH/index.php(79): CodeIgniter\CodeIgniter->run()
CRITICAL - 2024-01-25 08:33:52 --> Undefined variable $session1
in APPPATH/Controllers/CategoryController.php on line 113.
 1 APPPATH/Controllers/CategoryController.php(113): CodeIgniter\Debug\Exceptions->errorHandler(2, 'Undefined variable $session1', '/home/satarait/public_html/solapurzp.satarait.com/app/Controllers/CategoryController.php', 113)
 2 SYSTEMPATH/CodeIgniter.php(942): App\Controllers\CategoryController->ViewCategory()
 3 SYSTEMPATH/CodeIgniter.php(502): CodeIgniter\CodeIgniter->runController(Object(App\Controllers\CategoryController))
 4 SYSTEMPATH/CodeIgniter.php(361): CodeIgniter\CodeIgniter->handleRequest(null, Object(Config\Cache), false)
 5 FCPATH/index.php(79): CodeIgniter\CodeIgniter->run()
CRITICAL - 2024-01-25 08:34:06 --> Undefined array key "role"
in APPPATH/Views/Include/header.php on line 6.
 1 APPPATH/Views/Include/header.php(6): CodeIgniter\Debug\Exceptions->errorHandler(2, 'Undefined array key "role"', '/home/satarait/public_html/solapurzp.satarait.com/app/Views/Include/header.php', 6)
 2 SYSTEMPATH/View/View.php(228): include('/home/satarait/public_html/solapurzp.satarait.com/app/Views/Include/header.php')
 3 SYSTEMPATH/View/View.php(231): CodeIgniter\View\View->CodeIgniter\View\{closure}()
 4 SYSTEMPATH/Common.php(1190): CodeIgniter\View\View->render('Include/header.php', [], true)
 5 APPPATH/Views/Admin/Category/AddCategory.php(17): view('Include/header.php')
 6 SYSTEMPATH/View/View.php(228): include('/home/satarait/public_html/solapurzp.satarait.com/app/Views/Admin/Category/AddCategory.php')
 7 SYSTEMPATH/View/View.php(231): CodeIgniter\View\View->CodeIgniter\View\{closure}()
 8 SYSTEMPATH/Common.php(1190): CodeIgniter\View\View->render('Admin/Category/AddCategory', [], true)
 9 APPPATH/Controllers/CategoryController.php(13): view('Admin/Category/AddCategory')
10 SYSTEMPATH/CodeIgniter.php(942): App\Controllers\CategoryController->AddCategory()
11 SYSTEMPATH/CodeIgniter.php(502): CodeIgniter\CodeIgniter->runController(Object(App\Controllers\CategoryController))
12 SYSTEMPATH/CodeIgniter.php(361): CodeIgniter\CodeIgniter->handleRequest(null, Object(Config\Cache), false)
13 FCPATH/index.php(79): CodeIgniter\CodeIgniter->run()
CRITICAL - 2024-01-25 08:35:44 --> Undefined array key "role"
in APPPATH/Views/Include/header.php on line 6.
 1 APPPATH/Views/Include/header.php(6): CodeIgniter\Debug\Exceptions->errorHandler(2, 'Undefined array key "role"', '/home/satarait/public_html/solapurzp.satarait.com/app/Views/Include/header.php', 6)
 2 SYSTEMPATH/View/View.php(228): include('/home/satarait/public_html/solapurzp.satarait.com/app/Views/Include/header.php')
 3 SYSTEMPATH/View/View.php(231): CodeIgniter\View\View->CodeIgniter\View\{closure}()
 4 SYSTEMPATH/Common.php(1190): CodeIgniter\View\View->render('Include/header.php', [], true)
 5 APPPATH/Views/Admin/Category/AddCategory.php(17): view('Include/header.php')
 6 SYSTEMPATH/View/View.php(228): include('/home/satarait/public_html/solapurzp.satarait.com/app/Views/Admin/Category/AddCategory.php')
 7 SYSTEMPATH/View/View.php(231): CodeIgniter\View\View->CodeIgniter\View\{closure}()
 8 SYSTEMPATH/Common.php(1190): CodeIgniter\View\View->render('Admin/Category/AddCategory', [], true)
 9 APPPATH/Controllers/CategoryController.php(13): view('Admin/Category/AddCategory')
10 SYSTEMPATH/CodeIgniter.php(942): App\Controllers\CategoryController->AddCategory()
11 SYSTEMPATH/CodeIgniter.php(502): CodeIgniter\CodeIgniter->runController(Object(App\Controllers\CategoryController))
12 SYSTEMPATH/CodeIgniter.php(361): CodeIgniter\CodeIgniter->handleRequest(null, Object(Config\Cache), false)
13 FCPATH/index.php(79): CodeIgniter\CodeIgniter->run()
CRITICAL - 2024-01-25 08:35:58 --> Undefined variable $session
in APPPATH/Controllers/CategoryController.php on line 113.
 1 APPPATH/Controllers/CategoryController.php(113): CodeIgniter\Debug\Exceptions->errorHandler(2, 'Undefined variable $session', '/home/satarait/public_html/solapurzp.satarait.com/app/Controllers/CategoryController.php', 113)
 2 SYSTEMPATH/CodeIgniter.php(942): App\Controllers\CategoryController->ViewCategory()
 3 SYSTEMPATH/CodeIgniter.php(502): CodeIgniter\CodeIgniter->runController(Object(App\Controllers\CategoryController))
 4 SYSTEMPATH/CodeIgniter.php(361): CodeIgniter\CodeIgniter->handleRequest(null, Object(Config\Cache), false)
 5 FCPATH/index.php(79): CodeIgniter\CodeIgniter->run()
CRITICAL - 2024-01-25 10:04:27 --> Undefined array key "role"
in APPPATH/Views/Include/header.php on line 6.
 1 APPPATH/Views/Include/header.php(6): CodeIgniter\Debug\Exceptions->errorHandler(2, 'Undefined array key "role"', '/home/satarait/public_html/solapurzp.satarait.com/app/Views/Include/header.php', 6)
 2 SYSTEMPATH/View/View.php(228): include('/home/satarait/public_html/solapurzp.satarait.com/app/Views/Include/header.php')
 3 SYSTEMPATH/View/View.php(231): CodeIgniter\View\View->CodeIgniter\View\{closure}()
 4 SYSTEMPATH/Common.php(1190): CodeIgniter\View\View->render('Include/header.php', [], true)
 5 APPPATH/Views/Admin/Category/ViewCategory.php(19): view('Include/header.php')
 6 SYSTEMPATH/View/View.php(228): include('/home/satarait/public_html/solapurzp.satarait.com/app/Views/Admin/Category/ViewCategory.php')
 7 SYSTEMPATH/View/View.php(231): CodeIgniter\View\View->CodeIgniter\View\{closure}()
 8 SYSTEMPATH/Common.php(1190): CodeIgniter\View\View->render('Admin/Category/ViewCategory', [], true)
 9 APPPATH/Controllers/CategoryController.php(116): view('Admin/Category/ViewCategory', [...])
10 SYSTEMPATH/CodeIgniter.php(942): App\Controllers\CategoryController->ViewCategory()
11 SYSTEMPATH/CodeIgniter.php(502): CodeIgniter\CodeIgniter->runController(Object(App\Controllers\CategoryController))
12 SYSTEMPATH/CodeIgniter.php(361): CodeIgniter\CodeIgniter->handleRequest(null, Object(Config\Cache), false)
13 FCPATH/index.php(79): CodeIgniter\CodeIgniter->run()
CRITICAL - 2024-01-25 10:05:55 --> Undefined array key "role"
in APPPATH/Views/Include/header.php on line 6.
 1 APPPATH/Views/Include/header.php(6): CodeIgniter\Debug\Exceptions->errorHandler(2, 'Undefined array key "role"', '/home/satarait/public_html/solapurzp.satarait.com/app/Views/Include/header.php', 6)
 2 SYSTEMPATH/View/View.php(228): include('/home/satarait/public_html/solapurzp.satarait.com/app/Views/Include/header.php')
 3 SYSTEMPATH/View/View.php(231): CodeIgniter\View\View->CodeIgniter\View\{closure}()
 4 SYSTEMPATH/Common.php(1190): CodeIgniter\View\View->render('Include/header.php', [], true)
 5 APPPATH/Views/Admin/Deliveryboy/ViewDeliveryboy.php(19): view('Include/header.php')
 6 SYSTEMPATH/View/View.php(228): include('/home/satarait/public_html/solapurzp.satarait.com/app/Views/Admin/Deliveryboy/ViewDeliveryboy.php')
 7 SYSTEMPATH/View/View.php(231): CodeIgniter\View\View->CodeIgniter\View\{closure}()
 8 SYSTEMPATH/Common.php(1190): CodeIgniter\View\View->render('Admin/Deliveryboy/ViewDeliveryboy', [], true)
 9 APPPATH/Controllers/DeliveryboyController.php(191): view('Admin/Deliveryboy/ViewDeliveryboy', [...])
10 SYSTEMPATH/CodeIgniter.php(942): App\Controllers\DeliveryboyController->ViewDeliveryboy()
11 SYSTEMPATH/CodeIgniter.php(502): CodeIgniter\CodeIgniter->runController(Object(App\Controllers\DeliveryboyController))
12 SYSTEMPATH/CodeIgniter.php(361): CodeIgniter\CodeIgniter->handleRequest(null, Object(Config\Cache), false)
13 FCPATH/index.php(79): CodeIgniter\CodeIgniter->run()
CRITICAL - 2024-01-25 10:05:56 --> Undefined array key "role"
in APPPATH/Views/Include/header.php on line 6.
 1 APPPATH/Views/Include/header.php(6): CodeIgniter\Debug\Exceptions->errorHandler(2, 'Undefined array key "role"', '/home/satarait/public_html/solapurzp.satarait.com/app/Views/Include/header.php', 6)
 2 SYSTEMPATH/View/View.php(228): include('/home/satarait/public_html/solapurzp.satarait.com/app/Views/Include/header.php')
 3 SYSTEMPATH/View/View.php(231): CodeIgniter\View\View->CodeIgniter\View\{closure}()
 4 SYSTEMPATH/Common.php(1190): CodeIgniter\View\View->render('Include/header.php', [], true)
 5 APPPATH/Views/Admin/Deliveryboy/AddDeliveryboy.php(19): view('Include/header.php')
 6 SYSTEMPATH/View/View.php(228): include('/home/satarait/public_html/solapurzp.satarait.com/app/Views/Admin/Deliveryboy/AddDeliveryboy.php')
 7 SYSTEMPATH/View/View.php(231): CodeIgniter\View\View->CodeIgniter\View\{closure}()
 8 SYSTEMPATH/Common.php(1190): CodeIgniter\View\View->render('Admin/Deliveryboy/AddDeliveryboy', [], true)
 9 APPPATH/Controllers/DeliveryboyController.php(200): view('Admin/Deliveryboy/AddDeliveryboy', [...])
10 SYSTEMPATH/CodeIgniter.php(942): App\Controllers\DeliveryboyController->UpdateDeliveryboy()
11 SYSTEMPATH/CodeIgniter.php(502): CodeIgniter\CodeIgniter->runController(Object(App\Controllers\DeliveryboyController))
12 SYSTEMPATH/CodeIgniter.php(361): CodeIgniter\CodeIgniter->handleRequest(null, Object(Config\Cache), false)
13 FCPATH/index.php(79): CodeIgniter\CodeIgniter->run()
CRITICAL - 2024-01-25 11:12:53 --> Undefined array key "is_special"
in APPPATH/Controllers/VendorController.php on line 307.
 1 APPPATH/Controllers/VendorController.php(307): CodeIgniter\Debug\Exceptions->errorHandler(2, 'Undefined array key "is_special"', '/home/satarait/public_html/solapurzp.satarait.com/app/Controllers/VendorController.php', 307)
 2 SYSTEMPATH/CodeIgniter.php(942): App\Controllers\VendorController->changeActiveStatus()
 3 SYSTEMPATH/CodeIgniter.php(502): CodeIgniter\CodeIgniter->runController(Object(App\Controllers\VendorController))
 4 SYSTEMPATH/CodeIgniter.php(361): CodeIgniter\CodeIgniter->handleRequest(null, Object(Config\Cache), false)
 5 FCPATH/index.php(79): CodeIgniter\CodeIgniter->run()
CRITICAL - 2024-01-25 11:12:54 --> Undefined array key "is_special"
in APPPATH/Controllers/VendorController.php on line 307.
 1 APPPATH/Controllers/VendorController.php(307): CodeIgniter\Debug\Exceptions->errorHandler(2, 'Undefined array key "is_special"', '/home/satarait/public_html/solapurzp.satarait.com/app/Controllers/VendorController.php', 307)
 2 SYSTEMPATH/CodeIgniter.php(942): App\Controllers\VendorController->changeActiveStatus()
 3 SYSTEMPATH/CodeIgniter.php(502): CodeIgniter\CodeIgniter->runController(Object(App\Controllers\VendorController))
 4 SYSTEMPATH/CodeIgniter.php(361): CodeIgniter\CodeIgniter->handleRequest(null, Object(Config\Cache), false)
 5 FCPATH/index.php(79): CodeIgniter\CodeIgniter->run()
CRITICAL - 2024-01-25 11:12:55 --> Undefined array key "is_special"
in APPPATH/Controllers/VendorController.php on line 307.
 1 APPPATH/Controllers/VendorController.php(307): CodeIgniter\Debug\Exceptions->errorHandler(2, 'Undefined array key "is_special"', '/home/satarait/public_html/solapurzp.satarait.com/app/Controllers/VendorController.php', 307)
 2 SYSTEMPATH/CodeIgniter.php(942): App\Controllers\VendorController->changeActiveStatus()
 3 SYSTEMPATH/CodeIgniter.php(502): CodeIgniter\CodeIgniter->runController(Object(App\Controllers\VendorController))
 4 SYSTEMPATH/CodeIgniter.php(361): CodeIgniter\CodeIgniter->handleRequest(null, Object(Config\Cache), false)
 5 FCPATH/index.php(79): CodeIgniter\CodeIgniter->run()
CRITICAL - 2024-01-25 11:12:57 --> Undefined array key "is_special"
in APPPATH/Controllers/VendorController.php on line 307.
 1 APPPATH/Controllers/VendorController.php(307): CodeIgniter\Debug\Exceptions->errorHandler(2, 'Undefined array key "is_special"', '/home/satarait/public_html/solapurzp.satarait.com/app/Controllers/VendorController.php', 307)
 2 SYSTEMPATH/CodeIgniter.php(942): App\Controllers\VendorController->changeActiveStatus()
 3 SYSTEMPATH/CodeIgniter.php(502): CodeIgniter\CodeIgniter->runController(Object(App\Controllers\VendorController))
 4 SYSTEMPATH/CodeIgniter.php(361): CodeIgniter\CodeIgniter->handleRequest(null, Object(Config\Cache), false)
 5 FCPATH/index.php(79): CodeIgniter\CodeIgniter->run()
CRITICAL - 2024-01-25 11:12:58 --> Undefined array key "is_special"
in APPPATH/Controllers/VendorController.php on line 307.
 1 APPPATH/Controllers/VendorController.php(307): CodeIgniter\Debug\Exceptions->errorHandler(2, 'Undefined array key "is_special"', '/home/satarait/public_html/solapurzp.satarait.com/app/Controllers/VendorController.php', 307)
 2 SYSTEMPATH/CodeIgniter.php(942): App\Controllers\VendorController->changeActiveStatus()
 3 SYSTEMPATH/CodeIgniter.php(502): CodeIgniter\CodeIgniter->runController(Object(App\Controllers\VendorController))
 4 SYSTEMPATH/CodeIgniter.php(361): CodeIgniter\CodeIgniter->handleRequest(null, Object(Config\Cache), false)
 5 FCPATH/index.php(79): CodeIgniter\CodeIgniter->run()
CRITICAL - 2024-01-25 11:12:58 --> Undefined array key "is_special"
in APPPATH/Controllers/VendorController.php on line 307.
 1 APPPATH/Controllers/VendorController.php(307): CodeIgniter\Debug\Exceptions->errorHandler(2, 'Undefined array key "is_special"', '/home/satarait/public_html/solapurzp.satarait.com/app/Controllers/VendorController.php', 307)
 2 SYSTEMPATH/CodeIgniter.php(942): App\Controllers\VendorController->changeActiveStatus()
 3 SYSTEMPATH/CodeIgniter.php(502): CodeIgniter\CodeIgniter->runController(Object(App\Controllers\VendorController))
 4 SYSTEMPATH/CodeIgniter.php(361): CodeIgniter\CodeIgniter->handleRequest(null, Object(Config\Cache), false)
 5 FCPATH/index.php(79): CodeIgniter\CodeIgniter->run()
CRITICAL - 2024-01-25 11:12:58 --> Undefined array key "is_special"
in APPPATH/Controllers/VendorController.php on line 307.
 1 APPPATH/Controllers/VendorController.php(307): CodeIgniter\Debug\Exceptions->errorHandler(2, 'Undefined array key "is_special"', '/home/satarait/public_html/solapurzp.satarait.com/app/Controllers/VendorController.php', 307)
 2 SYSTEMPATH/CodeIgniter.php(942): App\Controllers\VendorController->changeActiveStatus()
 3 SYSTEMPATH/CodeIgniter.php(502): CodeIgniter\CodeIgniter->runController(Object(App\Controllers\VendorController))
 4 SYSTEMPATH/CodeIgniter.php(361): CodeIgniter\CodeIgniter->handleRequest(null, Object(Config\Cache), false)
 5 FCPATH/index.php(79): CodeIgniter\CodeIgniter->run()
CRITICAL - 2024-01-25 11:12:59 --> Undefined array key "is_special"
in APPPATH/Controllers/VendorController.php on line 307.
 1 APPPATH/Controllers/VendorController.php(307): CodeIgniter\Debug\Exceptions->errorHandler(2, 'Undefined array key "is_special"', '/home/satarait/public_html/solapurzp.satarait.com/app/Controllers/VendorController.php', 307)
 2 SYSTEMPATH/CodeIgniter.php(942): App\Controllers\VendorController->changeActiveStatus()
 3 SYSTEMPATH/CodeIgniter.php(502): CodeIgniter\CodeIgniter->runController(Object(App\Controllers\VendorController))
 4 SYSTEMPATH/CodeIgniter.php(361): CodeIgniter\CodeIgniter->handleRequest(null, Object(Config\Cache), false)
 5 FCPATH/index.php(79): CodeIgniter\CodeIgniter->run()
CRITICAL - 2024-01-25 11:12:59 --> Undefined array key "is_special"
in APPPATH/Controllers/VendorController.php on line 307.
 1 APPPATH/Controllers/VendorController.php(307): CodeIgniter\Debug\Exceptions->errorHandler(2, 'Undefined array key "is_special"', '/home/satarait/public_html/solapurzp.satarait.com/app/Controllers/VendorController.php', 307)
 2 SYSTEMPATH/CodeIgniter.php(942): App\Controllers\VendorController->changeActiveStatus()
 3 SYSTEMPATH/CodeIgniter.php(502): CodeIgniter\CodeIgniter->runController(Object(App\Controllers\VendorController))
 4 SYSTEMPATH/CodeIgniter.php(361): CodeIgniter\CodeIgniter->handleRequest(null, Object(Config\Cache), false)
 5 FCPATH/index.php(79): CodeIgniter\CodeIgniter->run()
CRITICAL - 2024-01-25 11:12:59 --> Undefined array key "is_special"
in APPPATH/Controllers/VendorController.php on line 307.
 1 APPPATH/Controllers/VendorController.php(307): CodeIgniter\Debug\Exceptions->errorHandler(2, 'Undefined array key "is_special"', '/home/satarait/public_html/solapurzp.satarait.com/app/Controllers/VendorController.php', 307)
 2 SYSTEMPATH/CodeIgniter.php(942): App\Controllers\VendorController->changeActiveStatus()
 3 SYSTEMPATH/CodeIgniter.php(502): CodeIgniter\CodeIgniter->runController(Object(App\Controllers\VendorController))
 4 SYSTEMPATH/CodeIgniter.php(361): CodeIgniter\CodeIgniter->handleRequest(null, Object(Config\Cache), false)
 5 FCPATH/index.php(79): CodeIgniter\CodeIgniter->run()
CRITICAL - 2024-01-25 11:12:59 --> Undefined array key "is_special"
in APPPATH/Controllers/VendorController.php on line 307.
 1 APPPATH/Controllers/VendorController.php(307): CodeIgniter\Debug\Exceptions->errorHandler(2, 'Undefined array key "is_special"', '/home/satarait/public_html/solapurzp.satarait.com/app/Controllers/VendorController.php', 307)
 2 SYSTEMPATH/CodeIgniter.php(942): App\Controllers\VendorController->changeActiveStatus()
 3 SYSTEMPATH/CodeIgniter.php(502): CodeIgniter\CodeIgniter->runController(Object(App\Controllers\VendorController))
 4 SYSTEMPATH/CodeIgniter.php(361): CodeIgniter\CodeIgniter->handleRequest(null, Object(Config\Cache), false)
 5 FCPATH/index.php(79): CodeIgniter\CodeIgniter->run()
CRITICAL - 2024-01-25 11:12:59 --> Undefined array key "is_special"
in APPPATH/Controllers/VendorController.php on line 307.
 1 APPPATH/Controllers/VendorController.php(307): CodeIgniter\Debug\Exceptions->errorHandler(2, 'Undefined array key "is_special"', '/home/satarait/public_html/solapurzp.satarait.com/app/Controllers/VendorController.php', 307)
 2 SYSTEMPATH/CodeIgniter.php(942): App\Controllers\VendorController->changeActiveStatus()
 3 SYSTEMPATH/CodeIgniter.php(502): CodeIgniter\CodeIgniter->runController(Object(App\Controllers\VendorController))
 4 SYSTEMPATH/CodeIgniter.php(361): CodeIgniter\CodeIgniter->handleRequest(null, Object(Config\Cache), false)
 5 FCPATH/index.php(79): CodeIgniter\CodeIgniter->run()
CRITICAL - 2024-01-25 11:13:00 --> Undefined array key "is_special"
in APPPATH/Controllers/VendorController.php on line 307.
 1 APPPATH/Controllers/VendorController.php(307): CodeIgniter\Debug\Exceptions->errorHandler(2, 'Undefined array key "is_special"', '/home/satarait/public_html/solapurzp.satarait.com/app/Controllers/VendorController.php', 307)
 2 SYSTEMPATH/CodeIgniter.php(942): App\Controllers\VendorController->changeActiveStatus()
 3 SYSTEMPATH/CodeIgniter.php(502): CodeIgniter\CodeIgniter->runController(Object(App\Controllers\VendorController))
 4 SYSTEMPATH/CodeIgniter.php(361): CodeIgniter\CodeIgniter->handleRequest(null, Object(Config\Cache), false)
 5 FCPATH/index.php(79): CodeIgniter\CodeIgniter->run()
CRITICAL - 2024-01-25 11:13:00 --> Undefined array key "is_special"
in APPPATH/Controllers/VendorController.php on line 307.
 1 APPPATH/Controllers/VendorController.php(307): CodeIgniter\Debug\Exceptions->errorHandler(2, 'Undefined array key "is_special"', '/home/satarait/public_html/solapurzp.satarait.com/app/Controllers/VendorController.php', 307)
 2 SYSTEMPATH/CodeIgniter.php(942): App\Controllers\VendorController->changeActiveStatus()
 3 SYSTEMPATH/CodeIgniter.php(502): CodeIgniter\CodeIgniter->runController(Object(App\Controllers\VendorController))
 4 SYSTEMPATH/CodeIgniter.php(361): CodeIgniter\CodeIgniter->handleRequest(null, Object(Config\Cache), false)
 5 FCPATH/index.php(79): CodeIgniter\CodeIgniter->run()
CRITICAL - 2024-01-25 11:13:00 --> Undefined array key "is_special"
in APPPATH/Controllers/VendorController.php on line 307.
 1 APPPATH/Controllers/VendorController.php(307): CodeIgniter\Debug\Exceptions->errorHandler(2, 'Undefined array key "is_special"', '/home/satarait/public_html/solapurzp.satarait.com/app/Controllers/VendorController.php', 307)
 2 SYSTEMPATH/CodeIgniter.php(942): App\Controllers\VendorController->changeActiveStatus()
 3 SYSTEMPATH/CodeIgniter.php(502): CodeIgniter\CodeIgniter->runController(Object(App\Controllers\VendorController))
 4 SYSTEMPATH/CodeIgniter.php(361): CodeIgniter\CodeIgniter->handleRequest(null, Object(Config\Cache), false)
 5 FCPATH/index.php(79): CodeIgniter\CodeIgniter->run()
CRITICAL - 2024-01-25 11:13:00 --> Undefined array key "is_special"
in APPPATH/Controllers/VendorController.php on line 307.
 1 APPPATH/Controllers/VendorController.php(307): CodeIgniter\Debug\Exceptions->errorHandler(2, 'Undefined array key "is_special"', '/home/satarait/public_html/solapurzp.satarait.com/app/Controllers/VendorController.php', 307)
 2 SYSTEMPATH/CodeIgniter.php(942): App\Controllers\VendorController->changeActiveStatus()
 3 SYSTEMPATH/CodeIgniter.php(502): CodeIgniter\CodeIgniter->runController(Object(App\Controllers\VendorController))
 4 SYSTEMPATH/CodeIgniter.php(361): CodeIgniter\CodeIgniter->handleRequest(null, Object(Config\Cache), false)
 5 FCPATH/index.php(79): CodeIgniter\CodeIgniter->run()
CRITICAL - 2024-01-25 11:13:03 --> Undefined array key "is_special"
in APPPATH/Controllers/VendorController.php on line 307.
 1 APPPATH/Controllers/VendorController.php(307): CodeIgniter\Debug\Exceptions->errorHandler(2, 'Undefined array key "is_special"', '/home/satarait/public_html/solapurzp.satarait.com/app/Controllers/VendorController.php', 307)
 2 SYSTEMPATH/CodeIgniter.php(942): App\Controllers\VendorController->changeActiveStatus()
 3 SYSTEMPATH/CodeIgniter.php(502): CodeIgniter\CodeIgniter->runController(Object(App\Controllers\VendorController))
 4 SYSTEMPATH/CodeIgniter.php(361): CodeIgniter\CodeIgniter->handleRequest(null, Object(Config\Cache), false)
 5 FCPATH/index.php(79): CodeIgniter\CodeIgniter->run()
CRITICAL - 2024-01-25 11:13:03 --> Undefined array key "is_special"
in APPPATH/Controllers/VendorController.php on line 307.
 1 APPPATH/Controllers/VendorController.php(307): CodeIgniter\Debug\Exceptions->errorHandler(2, 'Undefined array key "is_special"', '/home/satarait/public_html/solapurzp.satarait.com/app/Controllers/VendorController.php', 307)
 2 SYSTEMPATH/CodeIgniter.php(942): App\Controllers\VendorController->changeActiveStatus()
 3 SYSTEMPATH/CodeIgniter.php(502): CodeIgniter\CodeIgniter->runController(Object(App\Controllers\VendorController))
 4 SYSTEMPATH/CodeIgniter.php(361): CodeIgniter\CodeIgniter->handleRequest(null, Object(Config\Cache), false)
 5 FCPATH/index.php(79): CodeIgniter\CodeIgniter->run()
CRITICAL - 2024-01-25 11:13:03 --> Undefined array key "is_special"
in APPPATH/Controllers/VendorController.php on line 307.
 1 APPPATH/Controllers/VendorController.php(307): CodeIgniter\Debug\Exceptions->errorHandler(2, 'Undefined array key "is_special"', '/home/satarait/public_html/solapurzp.satarait.com/app/Controllers/VendorController.php', 307)
 2 SYSTEMPATH/CodeIgniter.php(942): App\Controllers\VendorController->changeActiveStatus()
 3 SYSTEMPATH/CodeIgniter.php(502): CodeIgniter\CodeIgniter->runController(Object(App\Controllers\VendorController))
 4 SYSTEMPATH/CodeIgniter.php(361): CodeIgniter\CodeIgniter->handleRequest(null, Object(Config\Cache), false)
 5 FCPATH/index.php(79): CodeIgniter\CodeIgniter->run()
CRITICAL - 2024-01-25 11:13:03 --> Undefined array key "is_special"
in APPPATH/Controllers/VendorController.php on line 307.
 1 APPPATH/Controllers/VendorController.php(307): CodeIgniter\Debug\Exceptions->errorHandler(2, 'Undefined array key "is_special"', '/home/satarait/public_html/solapurzp.satarait.com/app/Controllers/VendorController.php', 307)
 2 SYSTEMPATH/CodeIgniter.php(942): App\Controllers\VendorController->changeActiveStatus()
 3 SYSTEMPATH/CodeIgniter.php(502): CodeIgniter\CodeIgniter->runController(Object(App\Controllers\VendorController))
 4 SYSTEMPATH/CodeIgniter.php(361): CodeIgniter\CodeIgniter->handleRequest(null, Object(Config\Cache), false)
 5 FCPATH/index.php(79): CodeIgniter\CodeIgniter->run()
CRITICAL - 2024-01-25 11:13:03 --> Undefined array key "is_special"
in APPPATH/Controllers/VendorController.php on line 307.
 1 APPPATH/Controllers/VendorController.php(307): CodeIgniter\Debug\Exceptions->errorHandler(2, 'Undefined array key "is_special"', '/home/satarait/public_html/solapurzp.satarait.com/app/Controllers/VendorController.php', 307)
 2 SYSTEMPATH/CodeIgniter.php(942): App\Controllers\VendorController->changeActiveStatus()
 3 SYSTEMPATH/CodeIgniter.php(502): CodeIgniter\CodeIgniter->runController(Object(App\Controllers\VendorController))
 4 SYSTEMPATH/CodeIgniter.php(361): CodeIgniter\CodeIgniter->handleRequest(null, Object(Config\Cache), false)
 5 FCPATH/index.php(79): CodeIgniter\CodeIgniter->run()
CRITICAL - 2024-01-25 11:13:04 --> Undefined array key "is_special"
in APPPATH/Controllers/VendorController.php on line 307.
 1 APPPATH/Controllers/VendorController.php(307): CodeIgniter\Debug\Exceptions->errorHandler(2, 'Undefined array key "is_special"', '/home/satarait/public_html/solapurzp.satarait.com/app/Controllers/VendorController.php', 307)
 2 SYSTEMPATH/CodeIgniter.php(942): App\Controllers\VendorController->changeActiveStatus()
 3 SYSTEMPATH/CodeIgniter.php(502): CodeIgniter\CodeIgniter->runController(Object(App\Controllers\VendorController))
 4 SYSTEMPATH/CodeIgniter.php(361): CodeIgniter\CodeIgniter->handleRequest(null, Object(Config\Cache), false)
 5 FCPATH/index.php(79): CodeIgniter\CodeIgniter->run()
CRITICAL - 2024-01-25 11:13:04 --> Undefined array key "is_special"
in APPPATH/Controllers/VendorController.php on line 307.
 1 APPPATH/Controllers/VendorController.php(307): CodeIgniter\Debug\Exceptions->errorHandler(2, 'Undefined array key "is_special"', '/home/satarait/public_html/solapurzp.satarait.com/app/Controllers/VendorController.php', 307)
 2 SYSTEMPATH/CodeIgniter.php(942): App\Controllers\VendorController->changeActiveStatus()
 3 SYSTEMPATH/CodeIgniter.php(502): CodeIgniter\CodeIgniter->runController(Object(App\Controllers\VendorController))
 4 SYSTEMPATH/CodeIgniter.php(361): CodeIgniter\CodeIgniter->handleRequest(null, Object(Config\Cache), false)
 5 FCPATH/index.php(79): CodeIgniter\CodeIgniter->run()
CRITICAL - 2024-01-25 11:13:04 --> Undefined array key "is_special"
in APPPATH/Controllers/VendorController.php on line 307.
 1 APPPATH/Controllers/VendorController.php(307): CodeIgniter\Debug\Exceptions->errorHandler(2, 'Undefined array key "is_special"', '/home/satarait/public_html/solapurzp.satarait.com/app/Controllers/VendorController.php', 307)
 2 SYSTEMPATH/CodeIgniter.php(942): App\Controllers\VendorController->changeActiveStatus()
 3 SYSTEMPATH/CodeIgniter.php(502): CodeIgniter\CodeIgniter->runController(Object(App\Controllers\VendorController))
 4 SYSTEMPATH/CodeIgniter.php(361): CodeIgniter\CodeIgniter->handleRequest(null, Object(Config\Cache), false)
 5 FCPATH/index.php(79): CodeIgniter\CodeIgniter->run()
CRITICAL - 2024-01-25 11:13:04 --> Undefined array key "is_special"
in APPPATH/Controllers/VendorController.php on line 307.
 1 APPPATH/Controllers/VendorController.php(307): CodeIgniter\Debug\Exceptions->errorHandler(2, 'Undefined array key "is_special"', '/home/satarait/public_html/solapurzp.satarait.com/app/Controllers/VendorController.php', 307)
 2 SYSTEMPATH/CodeIgniter.php(942): App\Controllers\VendorController->changeActiveStatus()
 3 SYSTEMPATH/CodeIgniter.php(502): CodeIgniter\CodeIgniter->runController(Object(App\Controllers\VendorController))
 4 SYSTEMPATH/CodeIgniter.php(361): CodeIgniter\CodeIgniter->handleRequest(null, Object(Config\Cache), false)
 5 FCPATH/index.php(79): CodeIgniter\CodeIgniter->run()
CRITICAL - 2024-01-25 11:13:04 --> Undefined array key "is_special"
in APPPATH/Controllers/VendorController.php on line 307.
 1 APPPATH/Controllers/VendorController.php(307): CodeIgniter\Debug\Exceptions->errorHandler(2, 'Undefined array key "is_special"', '/home/satarait/public_html/solapurzp.satarait.com/app/Controllers/VendorController.php', 307)
 2 SYSTEMPATH/CodeIgniter.php(942): App\Controllers\VendorController->changeActiveStatus()
 3 SYSTEMPATH/CodeIgniter.php(502): CodeIgniter\CodeIgniter->runController(Object(App\Controllers\VendorController))
 4 SYSTEMPATH/CodeIgniter.php(361): CodeIgniter\CodeIgniter->handleRequest(null, Object(Config\Cache), false)
 5 FCPATH/index.php(79): CodeIgniter\CodeIgniter->run()
CRITICAL - 2024-01-25 11:13:07 --> Undefined array key "is_special"
in APPPATH/Controllers/VendorController.php on line 307.
 1 APPPATH/Controllers/VendorController.php(307): CodeIgniter\Debug\Exceptions->errorHandler(2, 'Undefined array key "is_special"', '/home/satarait/public_html/solapurzp.satarait.com/app/Controllers/VendorController.php', 307)
 2 SYSTEMPATH/CodeIgniter.php(942): App\Controllers\VendorController->changeActiveStatus()
 3 SYSTEMPATH/CodeIgniter.php(502): CodeIgniter\CodeIgniter->runController(Object(App\Controllers\VendorController))
 4 SYSTEMPATH/CodeIgniter.php(361): CodeIgniter\CodeIgniter->handleRequest(null, Object(Config\Cache), false)
 5 FCPATH/index.php(79): CodeIgniter\CodeIgniter->run()
CRITICAL - 2024-01-25 11:13:07 --> Undefined array key "is_special"
in APPPATH/Controllers/VendorController.php on line 307.
 1 APPPATH/Controllers/VendorController.php(307): CodeIgniter\Debug\Exceptions->errorHandler(2, 'Undefined array key "is_special"', '/home/satarait/public_html/solapurzp.satarait.com/app/Controllers/VendorController.php', 307)
 2 SYSTEMPATH/CodeIgniter.php(942): App\Controllers\VendorController->changeActiveStatus()
 3 SYSTEMPATH/CodeIgniter.php(502): CodeIgniter\CodeIgniter->runController(Object(App\Controllers\VendorController))
 4 SYSTEMPATH/CodeIgniter.php(361): CodeIgniter\CodeIgniter->handleRequest(null, Object(Config\Cache), false)
 5 FCPATH/index.php(79): CodeIgniter\CodeIgniter->run()
CRITICAL - 2024-01-25 11:13:08 --> Undefined array key "is_special"
in APPPATH/Controllers/VendorController.php on line 307.
 1 APPPATH/Controllers/VendorController.php(307): CodeIgniter\Debug\Exceptions->errorHandler(2, 'Undefined array key "is_special"', '/home/satarait/public_html/solapurzp.satarait.com/app/Controllers/VendorController.php', 307)
 2 SYSTEMPATH/CodeIgniter.php(942): App\Controllers\VendorController->changeActiveStatus()
 3 SYSTEMPATH/CodeIgniter.php(502): CodeIgniter\CodeIgniter->runController(Object(App\Controllers\VendorController))
 4 SYSTEMPATH/CodeIgniter.php(361): CodeIgniter\CodeIgniter->handleRequest(null, Object(Config\Cache), false)
 5 FCPATH/index.php(79): CodeIgniter\CodeIgniter->run()
CRITICAL - 2024-01-25 11:13:08 --> Undefined array key "is_special"
in APPPATH/Controllers/VendorController.php on line 307.
 1 APPPATH/Controllers/VendorController.php(307): CodeIgniter\Debug\Exceptions->errorHandler(2, 'Undefined array key "is_special"', '/home/satarait/public_html/solapurzp.satarait.com/app/Controllers/VendorController.php', 307)
 2 SYSTEMPATH/CodeIgniter.php(942): App\Controllers\VendorController->changeActiveStatus()
 3 SYSTEMPATH/CodeIgniter.php(502): CodeIgniter\CodeIgniter->runController(Object(App\Controllers\VendorController))
 4 SYSTEMPATH/CodeIgniter.php(361): CodeIgniter\CodeIgniter->handleRequest(null, Object(Config\Cache), false)
 5 FCPATH/index.php(79): CodeIgniter\CodeIgniter->run()
CRITICAL - 2024-01-25 11:13:08 --> Undefined array key "is_special"
in APPPATH/Controllers/VendorController.php on line 307.
 1 APPPATH/Controllers/VendorController.php(307): CodeIgniter\Debug\Exceptions->errorHandler(2, 'Undefined array key "is_special"', '/home/satarait/public_html/solapurzp.satarait.com/app/Controllers/VendorController.php', 307)
 2 SYSTEMPATH/CodeIgniter.php(942): App\Controllers\VendorController->changeActiveStatus()
 3 SYSTEMPATH/CodeIgniter.php(502): CodeIgniter\CodeIgniter->runController(Object(App\Controllers\VendorController))
 4 SYSTEMPATH/CodeIgniter.php(361): CodeIgniter\CodeIgniter->handleRequest(null, Object(Config\Cache), false)
 5 FCPATH/index.php(79): CodeIgniter\CodeIgniter->run()
CRITICAL - 2024-01-25 11:13:08 --> Undefined array key "is_special"
in APPPATH/Controllers/VendorController.php on line 307.
 1 APPPATH/Controllers/VendorController.php(307): CodeIgniter\Debug\Exceptions->errorHandler(2, 'Undefined array key "is_special"', '/home/satarait/public_html/solapurzp.satarait.com/app/Controllers/VendorController.php', 307)
 2 SYSTEMPATH/CodeIgniter.php(942): App\Controllers\VendorController->changeActiveStatus()
 3 SYSTEMPATH/CodeIgniter.php(502): CodeIgniter\CodeIgniter->runController(Object(App\Controllers\VendorController))
 4 SYSTEMPATH/CodeIgniter.php(361): CodeIgniter\CodeIgniter->handleRequest(null, Object(Config\Cache), false)
 5 FCPATH/index.php(79): CodeIgniter\CodeIgniter->run()
CRITICAL - 2024-01-25 12:21:30 --> Undefined array key "role"
in APPPATH/Views/Include/header.php on line 6.
 1 APPPATH/Views/Include/header.php(6): CodeIgniter\Debug\Exceptions->errorHandler(2, 'Undefined array key "role"', '/home/satarait/public_html/solapurzp.satarait.com/app/Views/Include/header.php', 6)
 2 SYSTEMPATH/View/View.php(228): include('/home/satarait/public_html/solapurzp.satarait.com/app/Views/Include/header.php')
 3 SYSTEMPATH/View/View.php(231): CodeIgniter\View\View->CodeIgniter\View\{closure}()
 4 SYSTEMPATH/Common.php(1190): CodeIgniter\View\View->render('Include/header.php', [], true)
 5 APPPATH/Views/Admin/Category/ViewCategory.php(19): view('Include/header.php')
 6 SYSTEMPATH/View/View.php(228): include('/home/satarait/public_html/solapurzp.satarait.com/app/Views/Admin/Category/ViewCategory.php')
 7 SYSTEMPATH/View/View.php(231): CodeIgniter\View\View->CodeIgniter\View\{closure}()
 8 SYSTEMPATH/Common.php(1190): CodeIgniter\View\View->render('Admin/Category/ViewCategory', [], true)
 9 APPPATH/Controllers/CategoryController.php(112): view('Admin/Category/ViewCategory', [...])
10 SYSTEMPATH/CodeIgniter.php(942): App\Controllers\CategoryController->ViewCategory()
11 SYSTEMPATH/CodeIgniter.php(502): CodeIgniter\CodeIgniter->runController(Object(App\Controllers\CategoryController))
12 SYSTEMPATH/CodeIgniter.php(361): CodeIgniter\CodeIgniter->handleRequest(null, Object(Config\Cache), false)
13 FCPATH/index.php(79): CodeIgniter\CodeIgniter->run()
CRITICAL - 2024-01-25 12:21:36 --> Undefined array key "role"
in APPPATH/Views/Include/header.php on line 6.
 1 APPPATH/Views/Include/header.php(6): CodeIgniter\Debug\Exceptions->errorHandler(2, 'Undefined array key "role"', '/home/satarait/public_html/solapurzp.satarait.com/app/Views/Include/header.php', 6)
 2 SYSTEMPATH/View/View.php(228): include('/home/satarait/public_html/solapurzp.satarait.com/app/Views/Include/header.php')
 3 SYSTEMPATH/View/View.php(231): CodeIgniter\View\View->CodeIgniter\View\{closure}()
 4 SYSTEMPATH/Common.php(1190): CodeIgniter\View\View->render('Include/header.php', [], true)
 5 APPPATH/Views/Admin/AdminDashboard.php(13): view('Include/header.php')
 6 SYSTEMPATH/View/View.php(228): include('/home/satarait/public_html/solapurzp.satarait.com/app/Views/Admin/AdminDashboard.php')
 7 SYSTEMPATH/View/View.php(231): CodeIgniter\View\View->CodeIgniter\View\{closure}()
 8 SYSTEMPATH/Common.php(1190): CodeIgniter\View\View->render('Admin/AdminDashboard', [], true)
 9 APPPATH/Controllers/DashboardController.php(9): view('Admin/AdminDashboard')
10 SYSTEMPATH/CodeIgniter.php(942): App\Controllers\DashboardController->AdminDashboard()
11 SYSTEMPATH/CodeIgniter.php(502): CodeIgniter\CodeIgniter->runController(Object(App\Controllers\DashboardController))
12 SYSTEMPATH/CodeIgniter.php(361): CodeIgniter\CodeIgniter->handleRequest(null, Object(Config\Cache), false)
13 FCPATH/index.php(79): CodeIgniter\CodeIgniter->run()
CRITICAL - 2024-01-25 12:21:38 --> Undefined array key "role"
in APPPATH/Views/Include/header.php on line 6.
 1 APPPATH/Views/Include/header.php(6): CodeIgniter\Debug\Exceptions->errorHandler(2, 'Undefined array key "role"', '/home/satarait/public_html/solapurzp.satarait.com/app/Views/Include/header.php', 6)
 2 SYSTEMPATH/View/View.php(228): include('/home/satarait/public_html/solapurzp.satarait.com/app/Views/Include/header.php')
 3 SYSTEMPATH/View/View.php(231): CodeIgniter\View\View->CodeIgniter\View\{closure}()
 4 SYSTEMPATH/Common.php(1190): CodeIgniter\View\View->render('Include/header.php', [], true)
 5 APPPATH/Views/Admin/AdminDashboard.php(13): view('Include/header.php')
 6 SYSTEMPATH/View/View.php(228): include('/home/satarait/public_html/solapurzp.satarait.com/app/Views/Admin/AdminDashboard.php')
 7 SYSTEMPATH/View/View.php(231): CodeIgniter\View\View->CodeIgniter\View\{closure}()
 8 SYSTEMPATH/Common.php(1190): CodeIgniter\View\View->render('Admin/AdminDashboard', [], true)
 9 APPPATH/Controllers/DashboardController.php(9): view('Admin/AdminDashboard')
10 SYSTEMPATH/CodeIgniter.php(942): App\Controllers\DashboardController->AdminDashboard()
11 SYSTEMPATH/CodeIgniter.php(502): CodeIgniter\CodeIgniter->runController(Object(App\Controllers\DashboardController))
12 SYSTEMPATH/CodeIgniter.php(361): CodeIgniter\CodeIgniter->handleRequest(null, Object(Config\Cache), false)
13 FCPATH/index.php(79): CodeIgniter\CodeIgniter->run()
CRITICAL - 2024-01-25 12:21:41 --> Undefined array key "role"
in APPPATH/Views/Include/header.php on line 6.
 1 APPPATH/Views/Include/header.php(6): CodeIgniter\Debug\Exceptions->errorHandler(2, 'Undefined array key "role"', '/home/satarait/public_html/solapurzp.satarait.com/app/Views/Include/header.php', 6)
 2 SYSTEMPATH/View/View.php(228): include('/home/satarait/public_html/solapurzp.satarait.com/app/Views/Include/header.php')
 3 SYSTEMPATH/View/View.php(231): CodeIgniter\View\View->CodeIgniter\View\{closure}()
 4 SYSTEMPATH/Common.php(1190): CodeIgniter\View\View->render('Include/header.php', [], true)
 5 APPPATH/Views/Admin/Category/ViewCategory.php(19): view('Include/header.php')
 6 SYSTEMPATH/View/View.php(228): include('/home/satarait/public_html/solapurzp.satarait.com/app/Views/Admin/Category/ViewCategory.php')
 7 SYSTEMPATH/View/View.php(231): CodeIgniter\View\View->CodeIgniter\View\{closure}()
 8 SYSTEMPATH/Common.php(1190): CodeIgniter\View\View->render('Admin/Category/ViewCategory', [], true)
 9 APPPATH/Controllers/CategoryController.php(112): view('Admin/Category/ViewCategory', [...])
10 SYSTEMPATH/CodeIgniter.php(942): App\Controllers\CategoryController->ViewCategory()
11 SYSTEMPATH/CodeIgniter.php(502): CodeIgniter\CodeIgniter->runController(Object(App\Controllers\CategoryController))
12 SYSTEMPATH/CodeIgniter.php(361): CodeIgniter\CodeIgniter->handleRequest(null, Object(Config\Cache), false)
13 FCPATH/index.php(79): CodeIgniter\CodeIgniter->run()
CRITICAL - 2024-01-25 12:51:15 --> Undefined array key "role"
in APPPATH/Views/Include/header.php on line 6.
 1 APPPATH/Views/Include/header.php(6): CodeIgniter\Debug\Exceptions->errorHandler(2, 'Undefined array key "role"', '/home/satarait/public_html/solapurzp.satarait.com/app/Views/Include/header.php', 6)
 2 SYSTEMPATH/View/View.php(228): include('/home/satarait/public_html/solapurzp.satarait.com/app/Views/Include/header.php')
 3 SYSTEMPATH/View/View.php(231): CodeIgniter\View\View->CodeIgniter\View\{closure}()
 4 SYSTEMPATH/Common.php(1190): CodeIgniter\View\View->render('Include/header.php', [], true)
 5 APPPATH/Views/Admin/User/ViewUser.php(19): view('Include/header.php')
 6 SYSTEMPATH/View/View.php(228): include('/home/satarait/public_html/solapurzp.satarait.com/app/Views/Admin/User/ViewUser.php')
 7 SYSTEMPATH/View/View.php(231): CodeIgniter\View\View->CodeIgniter\View\{closure}()
 8 SYSTEMPATH/Common.php(1190): CodeIgniter\View\View->render('Admin/User/ViewUser', [], true)
 9 APPPATH/Controllers/UserController.php(25): view('Admin/User/ViewUser', [...])
10 SYSTEMPATH/CodeIgniter.php(942): App\Controllers\UserController->ViewUser()
11 SYSTEMPATH/CodeIgniter.php(502): CodeIgniter\CodeIgniter->runController(Object(App\Controllers\UserController))
12 SYSTEMPATH/CodeIgniter.php(361): CodeIgniter\CodeIgniter->handleRequest(null, Object(Config\Cache), false)
13 FCPATH/index.php(79): CodeIgniter\CodeIgniter->run()
