CRITICAL - 2024-12-27 06:08:50 --> Undefined array key "product_type"
in APPPATH/Views/index.php on line 263.
 1 APPPATH/Views/index.php(263): CodeIgniter\Debug\Exceptions->errorHandler(2, 'Undefined array key "product_type"', '/home/sitsolutionsco/public_html/cuknuk.sitsolutions.co.in/app/Views/index.php', 263)
 2 SYSTEMPATH/View/View.php(228): include('/home/sitsolutionsco/public_html/cuknuk.sitsolutions.co.in/app/Views/index.php')
 3 SYSTEMPATH/View/View.php(231): CodeIgniter\View\View->CodeIgniter\View\{closure}()
 4 SYSTEMPATH/Common.php(1190): CodeIgniter\View\View->render('index', [], true)
 5 APPPATH/Controllers/Home.php(38): view('index', [...])
 6 SYSTEMPATH/CodeIgniter.php(942): App\Controllers\Home->index()
 7 SYSTEMPATH/CodeIgniter.php(502): CodeIgniter\CodeIgniter->runController(Object(App\Controllers\Home))
 8 SYSTEMPATH/CodeIgniter.php(361): CodeIgniter\CodeIgniter->handleRequest(null, Object(Config\Cache), false)
 9 FCPATH/index.php(79): CodeIgniter\CodeIgniter->run()
CRITICAL - 2024-12-27 06:08:58 --> Undefined array key "product_type"
in APPPATH/Views/index.php on line 263.
 1 APPPATH/Views/index.php(263): CodeIgniter\Debug\Exceptions->errorHandler(2, 'Undefined array key "product_type"', '/home/sitsolutionsco/public_html/cuknuk.sitsolutions.co.in/app/Views/index.php', 263)
 2 SYSTEMPATH/View/View.php(228): include('/home/sitsolutionsco/public_html/cuknuk.sitsolutions.co.in/app/Views/index.php')
 3 SYSTEMPATH/View/View.php(231): CodeIgniter\View\View->CodeIgniter\View\{closure}()
 4 SYSTEMPATH/Common.php(1190): CodeIgniter\View\View->render('index', [], true)
 5 APPPATH/Controllers/Home.php(38): view('index', [...])
 6 SYSTEMPATH/CodeIgniter.php(942): App\Controllers\Home->index()
 7 SYSTEMPATH/CodeIgniter.php(502): CodeIgniter\CodeIgniter->runController(Object(App\Controllers\Home))
 8 SYSTEMPATH/CodeIgniter.php(361): CodeIgniter\CodeIgniter->handleRequest(null, Object(Config\Cache), false)
 9 FCPATH/index.php(79): CodeIgniter\CodeIgniter->run()
CRITICAL - 2024-12-27 06:09:00 --> Undefined array key "product_type"
in APPPATH/Views/index.php on line 263.
 1 APPPATH/Views/index.php(263): CodeIgniter\Debug\Exceptions->errorHandler(2, 'Undefined array key "product_type"', '/home/sitsolutionsco/public_html/cuknuk.sitsolutions.co.in/app/Views/index.php', 263)
 2 SYSTEMPATH/View/View.php(228): include('/home/sitsolutionsco/public_html/cuknuk.sitsolutions.co.in/app/Views/index.php')
 3 SYSTEMPATH/View/View.php(231): CodeIgniter\View\View->CodeIgniter\View\{closure}()
 4 SYSTEMPATH/Common.php(1190): CodeIgniter\View\View->render('index', [], true)
 5 APPPATH/Controllers/Home.php(38): view('index', [...])
 6 SYSTEMPATH/CodeIgniter.php(942): App\Controllers\Home->index()
 7 SYSTEMPATH/CodeIgniter.php(502): CodeIgniter\CodeIgniter->runController(Object(App\Controllers\Home))
 8 SYSTEMPATH/CodeIgniter.php(361): CodeIgniter\CodeIgniter->handleRequest(null, Object(Config\Cache), false)
 9 FCPATH/index.php(79): CodeIgniter\CodeIgniter->run()
CRITICAL - 2024-12-27 06:09:04 --> Undefined array key "product_type"
in APPPATH/Views/index.php on line 263.
 1 APPPATH/Views/index.php(263): CodeIgniter\Debug\Exceptions->errorHandler(2, 'Undefined array key "product_type"', '/home/sitsolutionsco/public_html/cuknuk.sitsolutions.co.in/app/Views/index.php', 263)
 2 SYSTEMPATH/View/View.php(228): include('/home/sitsolutionsco/public_html/cuknuk.sitsolutions.co.in/app/Views/index.php')
 3 SYSTEMPATH/View/View.php(231): CodeIgniter\View\View->CodeIgniter\View\{closure}()
 4 SYSTEMPATH/Common.php(1190): CodeIgniter\View\View->render('index', [], true)
 5 APPPATH/Controllers/Home.php(38): view('index', [...])
 6 SYSTEMPATH/CodeIgniter.php(942): App\Controllers\Home->index()
 7 SYSTEMPATH/CodeIgniter.php(502): CodeIgniter\CodeIgniter->runController(Object(App\Controllers\Home))
 8 SYSTEMPATH/CodeIgniter.php(361): CodeIgniter\CodeIgniter->handleRequest(null, Object(Config\Cache), false)
 9 FCPATH/index.php(79): CodeIgniter\CodeIgniter->run()
CRITICAL - 2024-12-27 06:09:19 --> Undefined array key "product_type"
in APPPATH/Views/index.php on line 263.
 1 APPPATH/Views/index.php(263): CodeIgniter\Debug\Exceptions->errorHandler(2, 'Undefined array key "product_type"', '/home/sitsolutionsco/public_html/cuknuk.sitsolutions.co.in/app/Views/index.php', 263)
 2 SYSTEMPATH/View/View.php(228): include('/home/sitsolutionsco/public_html/cuknuk.sitsolutions.co.in/app/Views/index.php')
 3 SYSTEMPATH/View/View.php(231): CodeIgniter\View\View->CodeIgniter\View\{closure}()
 4 SYSTEMPATH/Common.php(1190): CodeIgniter\View\View->render('index', [], true)
 5 APPPATH/Controllers/Home.php(38): view('index', [...])
 6 SYSTEMPATH/CodeIgniter.php(942): App\Controllers\Home->index()
 7 SYSTEMPATH/CodeIgniter.php(502): CodeIgniter\CodeIgniter->runController(Object(App\Controllers\Home))
 8 SYSTEMPATH/CodeIgniter.php(361): CodeIgniter\CodeIgniter->handleRequest(null, Object(Config\Cache), false)
 9 FCPATH/index.php(79): CodeIgniter\CodeIgniter->run()
CRITICAL - 2024-12-27 06:10:53 --> Undefined array key "product_type"
in APPPATH/Views/index.php on line 263.
 1 APPPATH/Views/index.php(263): CodeIgniter\Debug\Exceptions->errorHandler(2, 'Undefined array key "product_type"', '/home/sitsolutionsco/public_html/cuknuk.sitsolutions.co.in/app/Views/index.php', 263)
 2 SYSTEMPATH/View/View.php(228): include('/home/sitsolutionsco/public_html/cuknuk.sitsolutions.co.in/app/Views/index.php')
 3 SYSTEMPATH/View/View.php(231): CodeIgniter\View\View->CodeIgniter\View\{closure}()
 4 SYSTEMPATH/Common.php(1190): CodeIgniter\View\View->render('index', [], true)
 5 APPPATH/Controllers/Home.php(38): view('index', [...])
 6 SYSTEMPATH/CodeIgniter.php(942): App\Controllers\Home->index()
 7 SYSTEMPATH/CodeIgniter.php(502): CodeIgniter\CodeIgniter->runController(Object(App\Controllers\Home))
 8 SYSTEMPATH/CodeIgniter.php(361): CodeIgniter\CodeIgniter->handleRequest(null, Object(Config\Cache), false)
 9 FCPATH/index.php(79): CodeIgniter\CodeIgniter->run()
CRITICAL - 2024-12-27 06:11:01 --> Undefined array key "product_type"
in APPPATH/Views/index.php on line 263.
 1 APPPATH/Views/index.php(263): CodeIgniter\Debug\Exceptions->errorHandler(2, 'Undefined array key "product_type"', '/home/sitsolutionsco/public_html/cuknuk.sitsolutions.co.in/app/Views/index.php', 263)
 2 SYSTEMPATH/View/View.php(228): include('/home/sitsolutionsco/public_html/cuknuk.sitsolutions.co.in/app/Views/index.php')
 3 SYSTEMPATH/View/View.php(231): CodeIgniter\View\View->CodeIgniter\View\{closure}()
 4 SYSTEMPATH/Common.php(1190): CodeIgniter\View\View->render('index', [], true)
 5 APPPATH/Controllers/Home.php(38): view('index', [...])
 6 SYSTEMPATH/CodeIgniter.php(942): App\Controllers\Home->index()
 7 SYSTEMPATH/CodeIgniter.php(502): CodeIgniter\CodeIgniter->runController(Object(App\Controllers\Home))
 8 SYSTEMPATH/CodeIgniter.php(361): CodeIgniter\CodeIgniter->handleRequest(null, Object(Config\Cache), false)
 9 FCPATH/index.php(79): CodeIgniter\CodeIgniter->run()
ERROR - 2024-12-27 10:13:14 --> Email: sendWithSmtp throwed ErrorException: fsockopen(): Unable to connect to ssl://smtp.gmail.com:465 (Network is unreachable) in /home/sitsolutionsco/public_html/cuknuk.sitsolutions.co.in/system/Email/Email.php:1891
Stack trace:
#0 [internal function]: CodeIgniter\Debug\Exceptions->errorHandler(2, 'fsockopen(): Un...', '/home/sitsoluti...', 1891)
#1 /home/sitsolutionsco/public_html/cuknuk.sitsolutions.co.in/system/Email/Email.php(1891): fsockopen('ssl://smtp.gmai...', 465, NULL, NULL, 60)
#2 /home/sitsolutionsco/public_html/cuknuk.sitsolutions.co.in/system/Email/Email.php(1799): CodeIgniter\Email\Email->SMTPConnect()
#3 /home/sitsolutionsco/public_html/cuknuk.sitsolutions.co.in/system/Email/Email.php(1684): CodeIgniter\Email\Email->sendWithSmtp()
#4 /home/sitsolutionsco/public_html/cuknuk.sitsolutions.co.in/system/Email/Email.php(1578): CodeIgniter\Email\Email->spoolEmail()
#5 /home/sitsolutionsco/public_html/cuknuk.sitsolutions.co.in/app/Controllers/ContactController.php(58): CodeIgniter\Email\Email->send()
#6 /home/sitsolutionsco/public_html/cuknuk.sitsolutions.co.in/system/CodeIgniter.php(942): App\Controllers\ContactController->ContactProcess()
#7 /home/sitsolutionsco/public_html/cuknuk.sitsolutions.co.in/system/CodeIgniter.php(502): CodeIgniter\CodeIgniter->runController(Object(App\Controllers\ContactController))
#8 /home/sitsolutionsco/public_html/cuknuk.sitsolutions.co.in/system/CodeIgniter.php(361): CodeIgniter\CodeIgniter->handleRequest(NULL, Object(Config\Cache), false)
#9 /home/sitsolutionsco/public_html/cuknuk.sitsolutions.co.in/index.php(79): CodeIgniter\CodeIgniter->run()
#10 {main}
ERROR - 2024-12-27 10:13:14 --> Email: Unable to send email using SMTP. Your server might not be configured to send mail using this method.
ERROR - 2024-12-27 10:13:14 --> 
ERROR - 2024-12-27 10:13:15 --> Email: sendWithSmtp throwed ErrorException: fsockopen(): Unable to connect to ssl://smtp.gmail.com:465 (Network is unreachable) in /home/sitsolutionsco/public_html/cuknuk.sitsolutions.co.in/system/Email/Email.php:1891
Stack trace:
#0 [internal function]: CodeIgniter\Debug\Exceptions->errorHandler(2, 'fsockopen(): Un...', '/home/sitsoluti...', 1891)
#1 /home/sitsolutionsco/public_html/cuknuk.sitsolutions.co.in/system/Email/Email.php(1891): fsockopen('ssl://smtp.gmai...', 465, NULL, NULL, 60)
#2 /home/sitsolutionsco/public_html/cuknuk.sitsolutions.co.in/system/Email/Email.php(1799): CodeIgniter\Email\Email->SMTPConnect()
#3 /home/sitsolutionsco/public_html/cuknuk.sitsolutions.co.in/system/Email/Email.php(1684): CodeIgniter\Email\Email->sendWithSmtp()
#4 /home/sitsolutionsco/public_html/cuknuk.sitsolutions.co.in/system/Email/Email.php(1578): CodeIgniter\Email\Email->spoolEmail()
#5 /home/sitsolutionsco/public_html/cuknuk.sitsolutions.co.in/app/Controllers/ContactController.php(60): CodeIgniter\Email\Email->send()
#6 /home/sitsolutionsco/public_html/cuknuk.sitsolutions.co.in/system/CodeIgniter.php(942): App\Controllers\ContactController->ContactProcess()
#7 /home/sitsolutionsco/public_html/cuknuk.sitsolutions.co.in/system/CodeIgniter.php(502): CodeIgniter\CodeIgniter->runController(Object(App\Controllers\ContactController))
#8 /home/sitsolutionsco/public_html/cuknuk.sitsolutions.co.in/system/CodeIgniter.php(361): CodeIgniter\CodeIgniter->handleRequest(NULL, Object(Config\Cache), false)
#9 /home/sitsolutionsco/public_html/cuknuk.sitsolutions.co.in/index.php(79): CodeIgniter\CodeIgniter->run()
#10 {main}
ERROR - 2024-12-27 10:13:15 --> Email: Unable to send email using SMTP. Your server might not be configured to send mail using this method.
ERROR - 2024-12-27 10:13:15 --> Unable to send email using SMTP. Your server might not be configured to send mail using this method.
ERROR - 2024-12-27 10:17:28 --> Email: sendWithSmtp throwed ErrorException: fsockopen(): Unable to connect to ssl://smtp.gmail.com:465 (Network is unreachable) in /home/sitsolutionsco/public_html/cuknuk.sitsolutions.co.in/system/Email/Email.php:1891
Stack trace:
#0 [internal function]: CodeIgniter\Debug\Exceptions->errorHandler(2, 'fsockopen(): Un...', '/home/sitsoluti...', 1891)
#1 /home/sitsolutionsco/public_html/cuknuk.sitsolutions.co.in/system/Email/Email.php(1891): fsockopen('ssl://smtp.gmai...', 465, NULL, NULL, 60)
#2 /home/sitsolutionsco/public_html/cuknuk.sitsolutions.co.in/system/Email/Email.php(1799): CodeIgniter\Email\Email->SMTPConnect()
#3 /home/sitsolutionsco/public_html/cuknuk.sitsolutions.co.in/system/Email/Email.php(1684): CodeIgniter\Email\Email->sendWithSmtp()
#4 /home/sitsolutionsco/public_html/cuknuk.sitsolutions.co.in/system/Email/Email.php(1578): CodeIgniter\Email\Email->spoolEmail()
#5 /home/sitsolutionsco/public_html/cuknuk.sitsolutions.co.in/app/Controllers/ContactController.php(59): CodeIgniter\Email\Email->send()
#6 /home/sitsolutionsco/public_html/cuknuk.sitsolutions.co.in/system/CodeIgniter.php(942): App\Controllers\ContactController->ContactProcess()
#7 /home/sitsolutionsco/public_html/cuknuk.sitsolutions.co.in/system/CodeIgniter.php(502): CodeIgniter\CodeIgniter->runController(Object(App\Controllers\ContactController))
#8 /home/sitsolutionsco/public_html/cuknuk.sitsolutions.co.in/system/CodeIgniter.php(361): CodeIgniter\CodeIgniter->handleRequest(NULL, Object(Config\Cache), false)
#9 /home/sitsolutionsco/public_html/cuknuk.sitsolutions.co.in/index.php(79): CodeIgniter\CodeIgniter->run()
#10 {main}
ERROR - 2024-12-27 10:17:28 --> Email: Unable to send email using SMTP. Your server might not be configured to send mail using this method.
ERROR - 2024-12-27 10:17:28 --> 
CRITICAL - 2024-12-27 10:28:05 --> Class "App\Controllers\Email" not found
in APPPATH/Controllers/ContactController.php on line 70.
 1 APPPATH/Controllers/ContactController.php(86): App\Controllers\send_email('nikitananaware1010@gmail.com', 'kawaderupali40@gmail.com', 'Rupali Khatal', 'Enquiry Submitted Successfully', 'Your enquiry has been submitted successfully.')
 2 SYSTEMPATH/CodeIgniter.php(942): App\Controllers\ContactController->ContactProcess()
 3 SYSTEMPATH/CodeIgniter.php(502): CodeIgniter\CodeIgniter->runController(Object(App\Controllers\ContactController))
 4 SYSTEMPATH/CodeIgniter.php(361): CodeIgniter\CodeIgniter->handleRequest(null, Object(Config\Cache), false)
 5 FCPATH/index.php(79): CodeIgniter\CodeIgniter->run()
CRITICAL - 2024-12-27 10:28:39 --> Class "App\Controllers\Email" not found
in APPPATH/Controllers/ContactController.php on line 70.
 1 APPPATH/Controllers/ContactController.php(86): App\Controllers\send_email('nikitananaware1010@gmail.com', 'kawaderupali40@gmail.com', 'Rupali Khatal', 'Enquiry Submitted Successfully', 'Your enquiry has been submitted successfully.')
 2 SYSTEMPATH/CodeIgniter.php(942): App\Controllers\ContactController->ContactProcess()
 3 SYSTEMPATH/CodeIgniter.php(502): CodeIgniter\CodeIgniter->runController(Object(App\Controllers\ContactController))
 4 SYSTEMPATH/CodeIgniter.php(361): CodeIgniter\CodeIgniter->handleRequest(null, Object(Config\Cache), false)
 5 FCPATH/index.php(79): CodeIgniter\CodeIgniter->run()
CRITICAL - 2024-12-27 10:28:42 --> Class "App\Controllers\Email" not found
in APPPATH/Controllers/ContactController.php on line 70.
 1 APPPATH/Controllers/ContactController.php(86): App\Controllers\send_email('nikitananaware1010@gmail.com', 'kawaderupali40@gmail.com', 'Rupali Khatal', 'Enquiry Submitted Successfully', 'Your enquiry has been submitted successfully.')
 2 SYSTEMPATH/CodeIgniter.php(942): App\Controllers\ContactController->ContactProcess()
 3 SYSTEMPATH/CodeIgniter.php(502): CodeIgniter\CodeIgniter->runController(Object(App\Controllers\ContactController))
 4 SYSTEMPATH/CodeIgniter.php(361): CodeIgniter\CodeIgniter->handleRequest(null, Object(Config\Cache), false)
 5 FCPATH/index.php(79): CodeIgniter\CodeIgniter->run()
ERROR - 2024-12-27 11:19:24 --> Email: sendWithSmtp throwed ErrorException: fsockopen(): SSL operation failed with code 1. OpenSSL Error messages:
error:1408F10B:SSL routines:ssl3_get_record:wrong version number in /home/sitsolutionsco/public_html/cuknuk.sitsolutions.co.in/system/Email/Email.php:1891
Stack trace:
#0 [internal function]: CodeIgniter\Debug\Exceptions->errorHandler(2, 'fsockopen(): SS...', '/home/sitsoluti...', 1891)
#1 /home/sitsolutionsco/public_html/cuknuk.sitsolutions.co.in/system/Email/Email.php(1891): fsockopen('ssl://smtp.gmai...', 587, NULL, NULL, 60)
#2 /home/sitsolutionsco/public_html/cuknuk.sitsolutions.co.in/system/Email/Email.php(1799): CodeIgniter\Email\Email->SMTPConnect()
#3 /home/sitsolutionsco/public_html/cuknuk.sitsolutions.co.in/system/Email/Email.php(1684): CodeIgniter\Email\Email->sendWithSmtp()
#4 /home/sitsolutionsco/public_html/cuknuk.sitsolutions.co.in/system/Email/Email.php(1578): CodeIgniter\Email\Email->spoolEmail()
#5 /home/sitsolutionsco/public_html/cuknuk.sitsolutions.co.in/app/Controllers/ContactController.php(61): CodeIgniter\Email\Email->send()
#6 /home/sitsolutionsco/public_html/cuknuk.sitsolutions.co.in/system/CodeIgniter.php(942): App\Controllers\ContactController->ContactProcess()
#7 /home/sitsolutionsco/public_html/cuknuk.sitsolutions.co.in/system/CodeIgniter.php(502): CodeIgniter\CodeIgniter->runController(Object(App\Controllers\ContactController))
#8 /home/sitsolutionsco/public_html/cuknuk.sitsolutions.co.in/system/CodeIgniter.php(361): CodeIgniter\CodeIgniter->handleRequest(NULL, Object(Config\Cache), false)
#9 /home/sitsolutionsco/public_html/cuknuk.sitsolutions.co.in/index.php(79): CodeIgniter\CodeIgniter->run()
#10 {main}
ERROR - 2024-12-27 11:19:24 --> Email: Unable to send email using SMTP. Your server might not be configured to send mail using this method.
ERROR - 2024-12-27 11:19:24 --> 
