CRITICAL - 2024-01-16 03:58:27 --> Undefined variable $categoryList
in APPPATH/Views/Category/AddSubcategory.php on line 55.
 1 APPPATH/Views/Category/AddSubcategory.php(55): CodeIgniter\Debug\Exceptions->errorHandler(2, 'Undefined variable $categoryList', '/home/satarait/public_html/solapurzp.satarait.com/app/Views/Category/AddSubcategory.php', 55)
 2 SYSTEMPATH/View/View.php(228): include('/home/satarait/public_html/solapurzp.satarait.com/app/Views/Category/AddSubcategory.php')
 3 SYSTEMPATH/View/View.php(231): CodeIgniter\View\View->CodeIgniter\View\{closure}()
 4 SYSTEMPATH/Common.php(1190): CodeIgniter\View\View->render('Category/AddSubcategory', [], true)
 5 APPPATH/Controllers/CategoryController.php(206): view('Category/AddSubcategory', [...])
 6 SYSTEMPATH/CodeIgniter.php(942): App\Controllers\CategoryController->SubcategoryInserted()
 7 SYSTEMPATH/CodeIgniter.php(502): CodeIgniter\CodeIgniter->runController(Object(App\Controllers\CategoryController))
 8 SYSTEMPATH/CodeIgniter.php(361): CodeIgniter\CodeIgniter->handleRequest(null, Object(Config\Cache), false)
 9 FCPATH/index.php(79): CodeIgniter\CodeIgniter->run()
CRITICAL - 2024-01-16 04:01:46 --> Undefined variable $categoryList
in APPPATH/Views/Category/AddSubcategory.php on line 55.
 1 APPPATH/Views/Category/AddSubcategory.php(55): CodeIgniter\Debug\Exceptions->errorHandler(2, 'Undefined variable $categoryList', '/home/satarait/public_html/solapurzp.satarait.com/app/Views/Category/AddSubcategory.php', 55)
 2 SYSTEMPATH/View/View.php(228): include('/home/satarait/public_html/solapurzp.satarait.com/app/Views/Category/AddSubcategory.php')
 3 SYSTEMPATH/View/View.php(231): CodeIgniter\View\View->CodeIgniter\View\{closure}()
 4 SYSTEMPATH/Common.php(1190): CodeIgniter\View\View->render('Category/AddSubcategory', [], true)
 5 APPPATH/Controllers/CategoryController.php(206): view('Category/AddSubcategory', [...])
 6 SYSTEMPATH/CodeIgniter.php(942): App\Controllers\CategoryController->SubcategoryInserted()
 7 SYSTEMPATH/CodeIgniter.php(502): CodeIgniter\CodeIgniter->runController(Object(App\Controllers\CategoryController))
 8 SYSTEMPATH/CodeIgniter.php(361): CodeIgniter\CodeIgniter->handleRequest(null, Object(Config\Cache), false)
 9 FCPATH/index.php(79): CodeIgniter\CodeIgniter->run()
CRITICAL - 2024-01-16 04:33:18 --> Undefined property: App\Controllers\CategoryController::$CategoryModel
in APPPATH/Controllers/CategoryController.php on line 240.
 1 APPPATH/Controllers/CategoryController.php(240): CodeIgniter\Debug\Exceptions->errorHandler(2, 'Undefined property: App\\Controllers\\CategoryController::$CategoryModel', '/home/satarait/public_html/solapurzp.satarait.com/app/Controllers/CategoryController.php', 240)
 2 SYSTEMPATH/CodeIgniter.php(942): App\Controllers\CategoryController->deleteRecord()
 3 SYSTEMPATH/CodeIgniter.php(502): CodeIgniter\CodeIgniter->runController(Object(App\Controllers\CategoryController))
 4 SYSTEMPATH/CodeIgniter.php(361): CodeIgniter\CodeIgniter->handleRequest(null, Object(Config\Cache), false)
 5 FCPATH/index.php(79): CodeIgniter\CodeIgniter->run()
CRITICAL - 2024-01-16 04:33:39 --> Undefined property: App\Controllers\CategoryController::$CategoryModel
in APPPATH/Controllers/CategoryController.php on line 240.
 1 APPPATH/Controllers/CategoryController.php(240): CodeIgniter\Debug\Exceptions->errorHandler(2, 'Undefined property: App\\Controllers\\CategoryController::$CategoryModel', '/home/satarait/public_html/solapurzp.satarait.com/app/Controllers/CategoryController.php', 240)
 2 SYSTEMPATH/CodeIgniter.php(942): App\Controllers\CategoryController->deleteRecord()
 3 SYSTEMPATH/CodeIgniter.php(502): CodeIgniter\CodeIgniter->runController(Object(App\Controllers\CategoryController))
 4 SYSTEMPATH/CodeIgniter.php(361): CodeIgniter\CodeIgniter->handleRequest(null, Object(Config\Cache), false)
 5 FCPATH/index.php(79): CodeIgniter\CodeIgniter->run()
CRITICAL - 2024-01-16 04:33:42 --> Undefined property: App\Controllers\CategoryController::$CategoryModel
in APPPATH/Controllers/CategoryController.php on line 240.
 1 APPPATH/Controllers/CategoryController.php(240): CodeIgniter\Debug\Exceptions->errorHandler(2, 'Undefined property: App\\Controllers\\CategoryController::$CategoryModel', '/home/satarait/public_html/solapurzp.satarait.com/app/Controllers/CategoryController.php', 240)
 2 SYSTEMPATH/CodeIgniter.php(942): App\Controllers\CategoryController->deleteRecord()
 3 SYSTEMPATH/CodeIgniter.php(502): CodeIgniter\CodeIgniter->runController(Object(App\Controllers\CategoryController))
 4 SYSTEMPATH/CodeIgniter.php(361): CodeIgniter\CodeIgniter->handleRequest(null, Object(Config\Cache), false)
 5 FCPATH/index.php(79): CodeIgniter\CodeIgniter->run()
CRITICAL - 2024-01-16 04:34:16 --> Undefined property: App\Controllers\CategoryController::$CategoryModel
in APPPATH/Controllers/CategoryController.php on line 241.
 1 APPPATH/Controllers/CategoryController.php(241): CodeIgniter\Debug\Exceptions->errorHandler(2, 'Undefined property: App\\Controllers\\CategoryController::$CategoryModel', '/home/satarait/public_html/solapurzp.satarait.com/app/Controllers/CategoryController.php', 241)
 2 SYSTEMPATH/CodeIgniter.php(942): App\Controllers\CategoryController->deleteRecord()
 3 SYSTEMPATH/CodeIgniter.php(502): CodeIgniter\CodeIgniter->runController(Object(App\Controllers\CategoryController))
 4 SYSTEMPATH/CodeIgniter.php(361): CodeIgniter\CodeIgniter->handleRequest(null, Object(Config\Cache), false)
 5 FCPATH/index.php(79): CodeIgniter\CodeIgniter->run()
CRITICAL - 2024-01-16 04:34:26 --> Undefined property: App\Controllers\CategoryController::$CategoryModel
in APPPATH/Controllers/CategoryController.php on line 241.
 1 APPPATH/Controllers/CategoryController.php(241): CodeIgniter\Debug\Exceptions->errorHandler(2, 'Undefined property: App\\Controllers\\CategoryController::$CategoryModel', '/home/satarait/public_html/solapurzp.satarait.com/app/Controllers/CategoryController.php', 241)
 2 SYSTEMPATH/CodeIgniter.php(942): App\Controllers\CategoryController->deleteRecord()
 3 SYSTEMPATH/CodeIgniter.php(502): CodeIgniter\CodeIgniter->runController(Object(App\Controllers\CategoryController))
 4 SYSTEMPATH/CodeIgniter.php(361): CodeIgniter\CodeIgniter->handleRequest(null, Object(Config\Cache), false)
 5 FCPATH/index.php(79): CodeIgniter\CodeIgniter->run()
CRITICAL - 2024-01-16 04:34:49 --> Undefined property: App\Controllers\CategoryController::$CategoryModel
in APPPATH/Controllers/CategoryController.php on line 240.
 1 APPPATH/Controllers/CategoryController.php(240): CodeIgniter\Debug\Exceptions->errorHandler(2, 'Undefined property: App\\Controllers\\CategoryController::$CategoryModel', '/home/satarait/public_html/solapurzp.satarait.com/app/Controllers/CategoryController.php', 240)
 2 SYSTEMPATH/CodeIgniter.php(942): App\Controllers\CategoryController->deleteRecord()
 3 SYSTEMPATH/CodeIgniter.php(502): CodeIgniter\CodeIgniter->runController(Object(App\Controllers\CategoryController))
 4 SYSTEMPATH/CodeIgniter.php(361): CodeIgniter\CodeIgniter->handleRequest(null, Object(Config\Cache), false)
 5 FCPATH/index.php(79): CodeIgniter\CodeIgniter->run()
ERROR - 2024-01-16 04:36:09 --> mysqli_sql_exception: Table 'satarait_food.tbl_users' doesn't exist in /home/satarait/public_html/solapurzp.satarait.com/system/Database/MySQLi/Connection.php:306
Stack trace:
#0 /home/satarait/public_html/solapurzp.satarait.com/system/Database/MySQLi/Connection.php(306): mysqli->query('UPDATE `tbl_use...', 0)
#1 /home/satarait/public_html/solapurzp.satarait.com/system/Database/BaseConnection.php(693): CodeIgniter\Database\MySQLi\Connection->execute('UPDATE `tbl_use...')
#2 /home/satarait/public_html/solapurzp.satarait.com/system/Database/BaseConnection.php(607): CodeIgniter\Database\BaseConnection->simpleQuery('UPDATE `tbl_use...')
#3 /home/satarait/public_html/solapurzp.satarait.com/system/Database/BaseBuilder.php(2475): CodeIgniter\Database\BaseConnection->query('UPDATE `tbl_use...', Array, false)
#4 /home/satarait/public_html/solapurzp.satarait.com/app/Models/CategoryModel.php(77): CodeIgniter\Database\BaseBuilder->update(Array, Array)
#5 /home/satarait/public_html/solapurzp.satarait.com/app/Controllers/CategoryController.php(240): App\Models\CategoryModel->softDeletecategory('3')
#6 /home/satarait/public_html/solapurzp.satarait.com/system/CodeIgniter.php(942): App\Controllers\CategoryController->deleteRecord()
#7 /home/satarait/public_html/solapurzp.satarait.com/system/CodeIgniter.php(502): CodeIgniter\CodeIgniter->runController(Object(App\Controllers\CategoryController))
#8 /home/satarait/public_html/solapurzp.satarait.com/system/CodeIgniter.php(361): CodeIgniter\CodeIgniter->handleRequest(NULL, Object(Config\Cache), false)
#9 /home/satarait/public_html/solapurzp.satarait.com/index.php(79): CodeIgniter\CodeIgniter->run()
#10 {main}
CRITICAL - 2024-01-16 04:36:09 --> Table 'satarait_food.tbl_users' doesn't exist
in SYSTEMPATH/Database/BaseConnection.php on line 647.
 1 SYSTEMPATH/Database/BaseBuilder.php(2475): CodeIgniter\Database\BaseConnection->query('UPDATE `tbl_users` SET `flag_deleted` = :flag_deleted:
WHERE `id` = :id:', [...], false)
 2 APPPATH/Models/CategoryModel.php(77): CodeIgniter\Database\BaseBuilder->update([...], [...])
 3 APPPATH/Controllers/CategoryController.php(240): App\Models\CategoryModel->softDeletecategory('3')
 4 SYSTEMPATH/CodeIgniter.php(942): App\Controllers\CategoryController->deleteRecord()
 5 SYSTEMPATH/CodeIgniter.php(502): CodeIgniter\CodeIgniter->runController(Object(App\Controllers\CategoryController))
 6 SYSTEMPATH/CodeIgniter.php(361): CodeIgniter\CodeIgniter->handleRequest(null, Object(Config\Cache), false)
 7 FCPATH/index.php(79): CodeIgniter\CodeIgniter->run()
CRITICAL - 2024-01-16 04:37:12 --> Undefined property: App\Controllers\CategoryController::$CategoryModel
in APPPATH/Controllers/CategoryController.php on line 240.
 1 APPPATH/Controllers/CategoryController.php(240): CodeIgniter\Debug\Exceptions->errorHandler(2, 'Undefined property: App\\Controllers\\CategoryController::$CategoryModel', '/home/satarait/public_html/solapurzp.satarait.com/app/Controllers/CategoryController.php', 240)
 2 SYSTEMPATH/CodeIgniter.php(942): App\Controllers\CategoryController->deleteRecord()
 3 SYSTEMPATH/CodeIgniter.php(502): CodeIgniter\CodeIgniter->runController(Object(App\Controllers\CategoryController))
 4 SYSTEMPATH/CodeIgniter.php(361): CodeIgniter\CodeIgniter->handleRequest(null, Object(Config\Cache), false)
 5 FCPATH/index.php(79): CodeIgniter\CodeIgniter->run()
ERROR - 2024-01-16 04:37:32 --> mysqli_sql_exception: Unknown column 'flag_deleted' in 'field list' in /home/satarait/public_html/solapurzp.satarait.com/system/Database/MySQLi/Connection.php:306
Stack trace:
#0 /home/satarait/public_html/solapurzp.satarait.com/system/Database/MySQLi/Connection.php(306): mysqli->query('UPDATE `categor...', 0)
#1 /home/satarait/public_html/solapurzp.satarait.com/system/Database/BaseConnection.php(693): CodeIgniter\Database\MySQLi\Connection->execute('UPDATE `categor...')
#2 /home/satarait/public_html/solapurzp.satarait.com/system/Database/BaseConnection.php(607): CodeIgniter\Database\BaseConnection->simpleQuery('UPDATE `categor...')
#3 /home/satarait/public_html/solapurzp.satarait.com/system/Database/BaseBuilder.php(2475): CodeIgniter\Database\BaseConnection->query('UPDATE `categor...', Array, false)
#4 /home/satarait/public_html/solapurzp.satarait.com/app/Models/CategoryModel.php(77): CodeIgniter\Database\BaseBuilder->update(Array, Array)
#5 /home/satarait/public_html/solapurzp.satarait.com/app/Controllers/CategoryController.php(240): App\Models\CategoryModel->softDeletecategory('3')
#6 /home/satarait/public_html/solapurzp.satarait.com/system/CodeIgniter.php(942): App\Controllers\CategoryController->deleteRecord()
#7 /home/satarait/public_html/solapurzp.satarait.com/system/CodeIgniter.php(502): CodeIgniter\CodeIgniter->runController(Object(App\Controllers\CategoryController))
#8 /home/satarait/public_html/solapurzp.satarait.com/system/CodeIgniter.php(361): CodeIgniter\CodeIgniter->handleRequest(NULL, Object(Config\Cache), false)
#9 /home/satarait/public_html/solapurzp.satarait.com/index.php(79): CodeIgniter\CodeIgniter->run()
#10 {main}
CRITICAL - 2024-01-16 04:37:32 --> Unknown column 'flag_deleted' in 'field list'
in SYSTEMPATH/Database/BaseConnection.php on line 647.
 1 SYSTEMPATH/Database/BaseBuilder.php(2475): CodeIgniter\Database\BaseConnection->query('UPDATE `category` SET `flag_deleted` = :flag_deleted:
WHERE `id` = :id:', [...], false)
 2 APPPATH/Models/CategoryModel.php(77): CodeIgniter\Database\BaseBuilder->update([...], [...])
 3 APPPATH/Controllers/CategoryController.php(240): App\Models\CategoryModel->softDeletecategory('3')
 4 SYSTEMPATH/CodeIgniter.php(942): App\Controllers\CategoryController->deleteRecord()
 5 SYSTEMPATH/CodeIgniter.php(502): CodeIgniter\CodeIgniter->runController(Object(App\Controllers\CategoryController))
 6 SYSTEMPATH/CodeIgniter.php(361): CodeIgniter\CodeIgniter->handleRequest(null, Object(Config\Cache), false)
 7 FCPATH/index.php(79): CodeIgniter\CodeIgniter->run()
CRITICAL - 2024-01-16 04:38:46 --> Undefined property: App\Controllers\CategoryController::$CategoryModel
in APPPATH/Controllers/CategoryController.php on line 240.
 1 APPPATH/Controllers/CategoryController.php(240): CodeIgniter\Debug\Exceptions->errorHandler(2, 'Undefined property: App\\Controllers\\CategoryController::$CategoryModel', '/home/satarait/public_html/solapurzp.satarait.com/app/Controllers/CategoryController.php', 240)
 2 SYSTEMPATH/CodeIgniter.php(942): App\Controllers\CategoryController->deleteRecord()
 3 SYSTEMPATH/CodeIgniter.php(502): CodeIgniter\CodeIgniter->runController(Object(App\Controllers\CategoryController))
 4 SYSTEMPATH/CodeIgniter.php(361): CodeIgniter\CodeIgniter->handleRequest(null, Object(Config\Cache), false)
 5 FCPATH/index.php(79): CodeIgniter\CodeIgniter->run()
CRITICAL - 2024-01-16 04:40:51 --> Too few arguments to function App\Models\vendorModel::getVendorListById(), 0 passed in /home/satarait/public_html/solapurzp.satarait.com/app/Controllers/VendorController.php on line 256 and exactly 1 expected
in APPPATH/Models/vendorModel.php on line 24.
 1 APPPATH/Controllers/VendorController.php(256): App\Models\vendorModel->getVendorListById()
 2 SYSTEMPATH/CodeIgniter.php(942): App\Controllers\VendorController->UpdateVendor()
 3 SYSTEMPATH/CodeIgniter.php(502): CodeIgniter\CodeIgniter->runController(Object(App\Controllers\VendorController))
 4 SYSTEMPATH/CodeIgniter.php(361): CodeIgniter\CodeIgniter->handleRequest(null, Object(Config\Cache), false)
 5 FCPATH/index.php(79): CodeIgniter\CodeIgniter->run()
CRITICAL - 2024-01-16 04:42:13 --> Too few arguments to function App\Models\vendorModel::getVendorListById(), 0 passed in /home/satarait/public_html/solapurzp.satarait.com/app/Controllers/VendorController.php on line 256 and exactly 1 expected
in APPPATH/Models/vendorModel.php on line 24.
 1 APPPATH/Controllers/VendorController.php(256): App\Models\vendorModel->getVendorListById()
 2 SYSTEMPATH/CodeIgniter.php(942): App\Controllers\VendorController->UpdateVendor()
 3 SYSTEMPATH/CodeIgniter.php(502): CodeIgniter\CodeIgniter->runController(Object(App\Controllers\VendorController))
 4 SYSTEMPATH/CodeIgniter.php(361): CodeIgniter\CodeIgniter->handleRequest(null, Object(Config\Cache), false)
 5 FCPATH/index.php(79): CodeIgniter\CodeIgniter->run()
CRITICAL - 2024-01-16 05:02:07 --> Too few arguments to function App\Models\vendorModel::getVendorListById(), 0 passed in /home/satarait/public_html/solapurzp.satarait.com/app/Controllers/VendorController.php on line 274 and exactly 1 expected
in APPPATH/Models/vendorModel.php on line 24.
 1 APPPATH/Controllers/VendorController.php(274): App\Models\vendorModel->getVendorListById()
 2 SYSTEMPATH/CodeIgniter.php(942): App\Controllers\VendorController->UpdateVendor()
 3 SYSTEMPATH/CodeIgniter.php(502): CodeIgniter\CodeIgniter->runController(Object(App\Controllers\VendorController))
 4 SYSTEMPATH/CodeIgniter.php(361): CodeIgniter\CodeIgniter->handleRequest(null, Object(Config\Cache), false)
 5 FCPATH/index.php(79): CodeIgniter\CodeIgniter->run()
CRITICAL - 2024-01-16 05:02:23 --> Too few arguments to function App\Models\vendorModel::getVendorListById(), 0 passed in /home/satarait/public_html/solapurzp.satarait.com/app/Controllers/VendorController.php on line 274 and exactly 1 expected
in APPPATH/Models/vendorModel.php on line 24.
 1 APPPATH/Controllers/VendorController.php(274): App\Models\vendorModel->getVendorListById()
 2 SYSTEMPATH/CodeIgniter.php(942): App\Controllers\VendorController->UpdateVendor()
 3 SYSTEMPATH/CodeIgniter.php(502): CodeIgniter\CodeIgniter->runController(Object(App\Controllers\VendorController))
 4 SYSTEMPATH/CodeIgniter.php(361): CodeIgniter\CodeIgniter->handleRequest(null, Object(Config\Cache), false)
 5 FCPATH/index.php(79): CodeIgniter\CodeIgniter->run()
CRITICAL - 2024-01-16 05:04:27 --> Too few arguments to function App\Models\vendorModel::getVendorListById(), 0 passed in /home/satarait/public_html/solapurzp.satarait.com/app/Controllers/VendorController.php on line 274 and exactly 1 expected
in APPPATH/Models/vendorModel.php on line 24.
 1 APPPATH/Controllers/VendorController.php(274): App\Models\vendorModel->getVendorListById()
 2 SYSTEMPATH/CodeIgniter.php(942): App\Controllers\VendorController->UpdateVendor()
 3 SYSTEMPATH/CodeIgniter.php(502): CodeIgniter\CodeIgniter->runController(Object(App\Controllers\VendorController))
 4 SYSTEMPATH/CodeIgniter.php(361): CodeIgniter\CodeIgniter->handleRequest(null, Object(Config\Cache), false)
 5 FCPATH/index.php(79): CodeIgniter\CodeIgniter->run()
CRITICAL - 2024-01-16 05:04:30 --> Too few arguments to function App\Models\vendorModel::getVendorListById(), 0 passed in /home/satarait/public_html/solapurzp.satarait.com/app/Controllers/VendorController.php on line 274 and exactly 1 expected
in APPPATH/Models/vendorModel.php on line 24.
 1 APPPATH/Controllers/VendorController.php(274): App\Models\vendorModel->getVendorListById()
 2 SYSTEMPATH/CodeIgniter.php(942): App\Controllers\VendorController->UpdateVendor()
 3 SYSTEMPATH/CodeIgniter.php(502): CodeIgniter\CodeIgniter->runController(Object(App\Controllers\VendorController))
 4 SYSTEMPATH/CodeIgniter.php(361): CodeIgniter\CodeIgniter->handleRequest(null, Object(Config\Cache), false)
 5 FCPATH/index.php(79): CodeIgniter\CodeIgniter->run()
CRITICAL - 2024-01-16 05:05:10 --> Too few arguments to function App\Models\vendorModel::getVendorListById(), 0 passed in /home/satarait/public_html/solapurzp.satarait.com/app/Controllers/VendorController.php on line 274 and exactly 1 expected
in APPPATH/Models/vendorModel.php on line 24.
 1 APPPATH/Controllers/VendorController.php(274): App\Models\vendorModel->getVendorListById()
 2 SYSTEMPATH/CodeIgniter.php(942): App\Controllers\VendorController->UpdateVendor()
 3 SYSTEMPATH/CodeIgniter.php(502): CodeIgniter\CodeIgniter->runController(Object(App\Controllers\VendorController))
 4 SYSTEMPATH/CodeIgniter.php(361): CodeIgniter\CodeIgniter->handleRequest(null, Object(Config\Cache), false)
 5 FCPATH/index.php(79): CodeIgniter\CodeIgniter->run()
CRITICAL - 2024-01-16 05:05:57 --> Too few arguments to function App\Models\vendorModel::getVendorListById(), 0 passed in /home/satarait/public_html/solapurzp.satarait.com/app/Controllers/VendorController.php on line 274 and exactly 1 expected
in APPPATH/Models/vendorModel.php on line 24.
 1 APPPATH/Controllers/VendorController.php(274): App\Models\vendorModel->getVendorListById()
 2 SYSTEMPATH/CodeIgniter.php(942): App\Controllers\VendorController->UpdateVendor()
 3 SYSTEMPATH/CodeIgniter.php(502): CodeIgniter\CodeIgniter->runController(Object(App\Controllers\VendorController))
 4 SYSTEMPATH/CodeIgniter.php(361): CodeIgniter\CodeIgniter->handleRequest(null, Object(Config\Cache), false)
 5 FCPATH/index.php(79): CodeIgniter\CodeIgniter->run()
CRITICAL - 2024-01-16 05:09:24 --> Too few arguments to function App\Models\vendorModel::getVendorListById(), 0 passed in /home/satarait/public_html/solapurzp.satarait.com/app/Controllers/VendorController.php on line 275 and exactly 1 expected
in APPPATH/Models/vendorModel.php on line 24.
 1 APPPATH/Controllers/VendorController.php(275): App\Models\vendorModel->getVendorListById()
 2 SYSTEMPATH/CodeIgniter.php(942): App\Controllers\VendorController->UpdateVendor()
 3 SYSTEMPATH/CodeIgniter.php(502): CodeIgniter\CodeIgniter->runController(Object(App\Controllers\VendorController))
 4 SYSTEMPATH/CodeIgniter.php(361): CodeIgniter\CodeIgniter->handleRequest(null, Object(Config\Cache), false)
 5 FCPATH/index.php(79): CodeIgniter\CodeIgniter->run()
CRITICAL - 2024-01-16 05:09:27 --> Too few arguments to function App\Models\vendorModel::getVendorListById(), 0 passed in /home/satarait/public_html/solapurzp.satarait.com/app/Controllers/VendorController.php on line 275 and exactly 1 expected
in APPPATH/Models/vendorModel.php on line 24.
 1 APPPATH/Controllers/VendorController.php(275): App\Models\vendorModel->getVendorListById()
 2 SYSTEMPATH/CodeIgniter.php(942): App\Controllers\VendorController->UpdateVendor()
 3 SYSTEMPATH/CodeIgniter.php(502): CodeIgniter\CodeIgniter->runController(Object(App\Controllers\VendorController))
 4 SYSTEMPATH/CodeIgniter.php(361): CodeIgniter\CodeIgniter->handleRequest(null, Object(Config\Cache), false)
 5 FCPATH/index.php(79): CodeIgniter\CodeIgniter->run()
CRITICAL - 2024-01-16 05:09:28 --> Too few arguments to function App\Models\vendorModel::getVendorListById(), 0 passed in /home/satarait/public_html/solapurzp.satarait.com/app/Controllers/VendorController.php on line 275 and exactly 1 expected
in APPPATH/Models/vendorModel.php on line 24.
 1 APPPATH/Controllers/VendorController.php(275): App\Models\vendorModel->getVendorListById()
 2 SYSTEMPATH/CodeIgniter.php(942): App\Controllers\VendorController->UpdateVendor()
 3 SYSTEMPATH/CodeIgniter.php(502): CodeIgniter\CodeIgniter->runController(Object(App\Controllers\VendorController))
 4 SYSTEMPATH/CodeIgniter.php(361): CodeIgniter\CodeIgniter->handleRequest(null, Object(Config\Cache), false)
 5 FCPATH/index.php(79): CodeIgniter\CodeIgniter->run()
CRITICAL - 2024-01-16 05:10:22 --> Too few arguments to function App\Models\vendorModel::getVendorListById(), 0 passed in /home/satarait/public_html/solapurzp.satarait.com/app/Controllers/VendorController.php on line 275 and exactly 1 expected
in APPPATH/Models/vendorModel.php on line 24.
 1 APPPATH/Controllers/VendorController.php(275): App\Models\vendorModel->getVendorListById()
 2 SYSTEMPATH/CodeIgniter.php(942): App\Controllers\VendorController->UpdateVendor()
 3 SYSTEMPATH/CodeIgniter.php(502): CodeIgniter\CodeIgniter->runController(Object(App\Controllers\VendorController))
 4 SYSTEMPATH/CodeIgniter.php(361): CodeIgniter\CodeIgniter->handleRequest(null, Object(Config\Cache), false)
 5 FCPATH/index.php(79): CodeIgniter\CodeIgniter->run()
CRITICAL - 2024-01-16 05:11:35 --> Too few arguments to function App\Models\vendorModel::getVendorListById(), 0 passed in /home/satarait/public_html/solapurzp.satarait.com/app/Controllers/VendorController.php on line 274 and exactly 1 expected
in APPPATH/Models/vendorModel.php on line 24.
 1 APPPATH/Controllers/VendorController.php(274): App\Models\vendorModel->getVendorListById()
 2 SYSTEMPATH/CodeIgniter.php(942): App\Controllers\VendorController->UpdateVendor()
 3 SYSTEMPATH/CodeIgniter.php(502): CodeIgniter\CodeIgniter->runController(Object(App\Controllers\VendorController))
 4 SYSTEMPATH/CodeIgniter.php(361): CodeIgniter\CodeIgniter->handleRequest(null, Object(Config\Cache), false)
 5 FCPATH/index.php(79): CodeIgniter\CodeIgniter->run()
CRITICAL - 2024-01-16 05:11:38 --> Too few arguments to function App\Models\vendorModel::getVendorListById(), 0 passed in /home/satarait/public_html/solapurzp.satarait.com/app/Controllers/VendorController.php on line 274 and exactly 1 expected
in APPPATH/Models/vendorModel.php on line 24.
 1 APPPATH/Controllers/VendorController.php(274): App\Models\vendorModel->getVendorListById()
 2 SYSTEMPATH/CodeIgniter.php(942): App\Controllers\VendorController->UpdateVendor()
 3 SYSTEMPATH/CodeIgniter.php(502): CodeIgniter\CodeIgniter->runController(Object(App\Controllers\VendorController))
 4 SYSTEMPATH/CodeIgniter.php(361): CodeIgniter\CodeIgniter->handleRequest(null, Object(Config\Cache), false)
 5 FCPATH/index.php(79): CodeIgniter\CodeIgniter->run()
CRITICAL - 2024-01-16 05:29:32 --> Too few arguments to function App\Models\vendorModel::getVendorListById(), 0 passed in /home/satarait/public_html/solapurzp.satarait.com/app/Controllers/VendorController.php on line 294 and exactly 1 expected
in APPPATH/Models/vendorModel.php on line 24.
 1 APPPATH/Controllers/VendorController.php(294): App\Models\vendorModel->getVendorListById()
 2 SYSTEMPATH/CodeIgniter.php(942): App\Controllers\VendorController->UpdateVendor()
 3 SYSTEMPATH/CodeIgniter.php(502): CodeIgniter\CodeIgniter->runController(Object(App\Controllers\VendorController))
 4 SYSTEMPATH/CodeIgniter.php(361): CodeIgniter\CodeIgniter->handleRequest(null, Object(Config\Cache), false)
 5 FCPATH/index.php(79): CodeIgniter\CodeIgniter->run()
CRITICAL - 2024-01-16 05:30:13 --> Too few arguments to function App\Models\vendorModel::getVendorListById(), 0 passed in /home/satarait/public_html/solapurzp.satarait.com/app/Controllers/VendorController.php on line 294 and exactly 1 expected
in APPPATH/Models/vendorModel.php on line 24.
 1 APPPATH/Controllers/VendorController.php(294): App\Models\vendorModel->getVendorListById()
 2 SYSTEMPATH/CodeIgniter.php(942): App\Controllers\VendorController->UpdateVendor()
 3 SYSTEMPATH/CodeIgniter.php(502): CodeIgniter\CodeIgniter->runController(Object(App\Controllers\VendorController))
 4 SYSTEMPATH/CodeIgniter.php(361): CodeIgniter\CodeIgniter->handleRequest(null, Object(Config\Cache), false)
 5 FCPATH/index.php(79): CodeIgniter\CodeIgniter->run()
CRITICAL - 2024-01-16 05:36:01 --> Too few arguments to function App\Models\vendorModel::getVendorListById(), 0 passed in /home/satarait/public_html/solapurzp.satarait.com/app/Controllers/VendorController.php on line 294 and exactly 1 expected
in APPPATH/Models/vendorModel.php on line 24.
 1 APPPATH/Controllers/VendorController.php(294): App\Models\vendorModel->getVendorListById()
 2 SYSTEMPATH/CodeIgniter.php(942): App\Controllers\VendorController->UpdateVendor()
 3 SYSTEMPATH/CodeIgniter.php(502): CodeIgniter\CodeIgniter->runController(Object(App\Controllers\VendorController))
 4 SYSTEMPATH/CodeIgniter.php(361): CodeIgniter\CodeIgniter->handleRequest(null, Object(Config\Cache), false)
 5 FCPATH/index.php(79): CodeIgniter\CodeIgniter->run()
CRITICAL - 2024-01-16 05:38:37 --> Too few arguments to function App\Models\vendorModel::getVendorListById(), 0 passed in /home/satarait/public_html/solapurzp.satarait.com/app/Controllers/VendorController.php on line 294 and exactly 1 expected
in APPPATH/Models/vendorModel.php on line 24.
 1 APPPATH/Controllers/VendorController.php(294): App\Models\vendorModel->getVendorListById()
 2 SYSTEMPATH/CodeIgniter.php(942): App\Controllers\VendorController->UpdateVendor()
 3 SYSTEMPATH/CodeIgniter.php(502): CodeIgniter\CodeIgniter->runController(Object(App\Controllers\VendorController))
 4 SYSTEMPATH/CodeIgniter.php(361): CodeIgniter\CodeIgniter->handleRequest(null, Object(Config\Cache), false)
 5 FCPATH/index.php(79): CodeIgniter\CodeIgniter->run()
CRITICAL - 2024-01-16 05:38:40 --> Too few arguments to function App\Models\vendorModel::getVendorListById(), 0 passed in /home/satarait/public_html/solapurzp.satarait.com/app/Controllers/VendorController.php on line 294 and exactly 1 expected
in APPPATH/Models/vendorModel.php on line 24.
 1 APPPATH/Controllers/VendorController.php(294): App\Models\vendorModel->getVendorListById()
 2 SYSTEMPATH/CodeIgniter.php(942): App\Controllers\VendorController->UpdateVendor()
 3 SYSTEMPATH/CodeIgniter.php(502): CodeIgniter\CodeIgniter->runController(Object(App\Controllers\VendorController))
 4 SYSTEMPATH/CodeIgniter.php(361): CodeIgniter\CodeIgniter->handleRequest(null, Object(Config\Cache), false)
 5 FCPATH/index.php(79): CodeIgniter\CodeIgniter->run()
CRITICAL - 2024-01-16 05:41:52 --> Too few arguments to function App\Models\vendorModel::getVendorListById(), 0 passed in /home/satarait/public_html/solapurzp.satarait.com/app/Controllers/VendorController.php on line 294 and exactly 1 expected
in APPPATH/Models/vendorModel.php on line 24.
 1 APPPATH/Controllers/VendorController.php(294): App\Models\vendorModel->getVendorListById()
 2 SYSTEMPATH/CodeIgniter.php(942): App\Controllers\VendorController->UpdateVendor()
 3 SYSTEMPATH/CodeIgniter.php(502): CodeIgniter\CodeIgniter->runController(Object(App\Controllers\VendorController))
 4 SYSTEMPATH/CodeIgniter.php(361): CodeIgniter\CodeIgniter->handleRequest(null, Object(Config\Cache), false)
 5 FCPATH/index.php(79): CodeIgniter\CodeIgniter->run()
CRITICAL - 2024-01-16 05:41:56 --> Too few arguments to function App\Models\vendorModel::getVendorListById(), 0 passed in /home/satarait/public_html/solapurzp.satarait.com/app/Controllers/VendorController.php on line 294 and exactly 1 expected
in APPPATH/Models/vendorModel.php on line 24.
 1 APPPATH/Controllers/VendorController.php(294): App\Models\vendorModel->getVendorListById()
 2 SYSTEMPATH/CodeIgniter.php(942): App\Controllers\VendorController->UpdateVendor()
 3 SYSTEMPATH/CodeIgniter.php(502): CodeIgniter\CodeIgniter->runController(Object(App\Controllers\VendorController))
 4 SYSTEMPATH/CodeIgniter.php(361): CodeIgniter\CodeIgniter->handleRequest(null, Object(Config\Cache), false)
 5 FCPATH/index.php(79): CodeIgniter\CodeIgniter->run()
CRITICAL - 2024-01-16 05:52:24 --> Too few arguments to function App\Models\vendorModel::getVendorListById(), 0 passed in /home/satarait/public_html/solapurzp.satarait.com/app/Controllers/VendorController.php on line 294 and exactly 1 expected
in APPPATH/Models/vendorModel.php on line 24.
 1 APPPATH/Controllers/VendorController.php(294): App\Models\vendorModel->getVendorListById()
 2 SYSTEMPATH/CodeIgniter.php(942): App\Controllers\VendorController->UpdateVendor()
 3 SYSTEMPATH/CodeIgniter.php(502): CodeIgniter\CodeIgniter->runController(Object(App\Controllers\VendorController))
 4 SYSTEMPATH/CodeIgniter.php(361): CodeIgniter\CodeIgniter->handleRequest(null, Object(Config\Cache), false)
 5 FCPATH/index.php(79): CodeIgniter\CodeIgniter->run()
CRITICAL - 2024-01-16 05:54:06 --> Undefined global variable $_SESSION
in APPPATH/Views/Include/header.php on line 560.
 1 APPPATH/Views/Include/header.php(560): CodeIgniter\Debug\Exceptions->errorHandler(2, 'Undefined global variable $_SESSION', '/home/satarait/public_html/solapurzp.satarait.com/app/Views/Include/header.php', 560)
 2 SYSTEMPATH/View/View.php(228): include('/home/satarait/public_html/solapurzp.satarait.com/app/Views/Include/header.php')
 3 SYSTEMPATH/View/View.php(231): CodeIgniter\View\View->CodeIgniter\View\{closure}()
 4 SYSTEMPATH/Common.php(1190): CodeIgniter\View\View->render('Include/header.php', [], true)
 5 APPPATH/Views/Category/ViewCategory.php(19): view('Include/header.php')
 6 SYSTEMPATH/View/View.php(228): include('/home/satarait/public_html/solapurzp.satarait.com/app/Views/Category/ViewCategory.php')
 7 SYSTEMPATH/View/View.php(231): CodeIgniter\View\View->CodeIgniter\View\{closure}()
 8 SYSTEMPATH/Common.php(1190): CodeIgniter\View\View->render('Category/ViewCategory', [], true)
 9 APPPATH/Controllers/CategoryController.php(110): view('Category/ViewCategory', [...])
10 SYSTEMPATH/CodeIgniter.php(942): App\Controllers\CategoryController->ViewCategory()
11 SYSTEMPATH/CodeIgniter.php(502): CodeIgniter\CodeIgniter->runController(Object(App\Controllers\CategoryController))
12 SYSTEMPATH/CodeIgniter.php(361): CodeIgniter\CodeIgniter->handleRequest(null, Object(Config\Cache), false)
13 FCPATH/index.php(79): CodeIgniter\CodeIgniter->run()
CRITICAL - 2024-01-16 05:54:20 --> Undefined global variable $_SESSION
in APPPATH/Views/Include/header.php on line 560.
 1 APPPATH/Views/Include/header.php(560): CodeIgniter\Debug\Exceptions->errorHandler(2, 'Undefined global variable $_SESSION', '/home/satarait/public_html/solapurzp.satarait.com/app/Views/Include/header.php', 560)
 2 APPPATH/Views/AdminDashboard.php(9): include('/home/satarait/public_html/solapurzp.satarait.com/app/Views/Include/header.php')
 3 SYSTEMPATH/View/View.php(228): include('/home/satarait/public_html/solapurzp.satarait.com/app/Views/AdminDashboard.php')
 4 SYSTEMPATH/View/View.php(231): CodeIgniter\View\View->CodeIgniter\View\{closure}()
 5 SYSTEMPATH/Common.php(1190): CodeIgniter\View\View->render('AdminDashboard', [], true)
 6 APPPATH/Controllers/DashboardController.php(9): view('AdminDashboard')
 7 SYSTEMPATH/CodeIgniter.php(942): App\Controllers\DashboardController->AdminDashboard()
 8 SYSTEMPATH/CodeIgniter.php(502): CodeIgniter\CodeIgniter->runController(Object(App\Controllers\DashboardController))
 9 SYSTEMPATH/CodeIgniter.php(361): CodeIgniter\CodeIgniter->handleRequest(null, Object(Config\Cache), false)
10 FCPATH/index.php(79): CodeIgniter\CodeIgniter->run()
CRITICAL - 2024-01-16 06:40:49 --> Call to undefined method App\Controllers\Home::isLoggedIn()
in APPPATH/Controllers/Home.php on line 60.
 1 SYSTEMPATH/CodeIgniter.php(942): App\Controllers\Home->signIn()
 2 SYSTEMPATH/CodeIgniter.php(502): CodeIgniter\CodeIgniter->runController(Object(App\Controllers\Home))
 3 SYSTEMPATH/CodeIgniter.php(361): CodeIgniter\CodeIgniter->handleRequest(null, Object(Config\Cache), false)
 4 FCPATH/index.php(79): CodeIgniter\CodeIgniter->run()
CRITICAL - 2024-01-16 06:41:27 --> session_destroy(): Trying to destroy uninitialized session
in SYSTEMPATH/Session/Session.php on line 434.
 1 [internal function]: CodeIgniter\Debug\Exceptions->errorHandler(2, 'session_destroy(): Trying to destroy uninitialized session', '/home/satarait/public_html/solapurzp.satarait.com/system/Session/Session.php', 434)
 2 SYSTEMPATH/Session/Session.php(434): session_destroy()
 3 APPPATH/Controllers/Home.php(99): CodeIgniter\Session\Session->destroy()
 4 APPPATH/Controllers/Home.php(60): App\Controllers\Home->logout()
 5 SYSTEMPATH/CodeIgniter.php(942): App\Controllers\Home->signIn()
 6 SYSTEMPATH/CodeIgniter.php(502): CodeIgniter\CodeIgniter->runController(Object(App\Controllers\Home))
 7 SYSTEMPATH/CodeIgniter.php(361): CodeIgniter\CodeIgniter->handleRequest(null, Object(Config\Cache), false)
 8 FCPATH/index.php(79): CodeIgniter\CodeIgniter->run()
CRITICAL - 2024-01-16 06:43:18 --> session_destroy(): Trying to destroy uninitialized session
in SYSTEMPATH/Session/Session.php on line 434.
 1 [internal function]: CodeIgniter\Debug\Exceptions->errorHandler(2, 'session_destroy(): Trying to destroy uninitialized session', '/home/satarait/public_html/solapurzp.satarait.com/system/Session/Session.php', 434)
 2 SYSTEMPATH/Session/Session.php(434): session_destroy()
 3 APPPATH/Controllers/Home.php(99): CodeIgniter\Session\Session->destroy()
 4 APPPATH/Controllers/Home.php(60): App\Controllers\Home->logout()
 5 SYSTEMPATH/CodeIgniter.php(942): App\Controllers\Home->signIn()
 6 SYSTEMPATH/CodeIgniter.php(502): CodeIgniter\CodeIgniter->runController(Object(App\Controllers\Home))
 7 SYSTEMPATH/CodeIgniter.php(361): CodeIgniter\CodeIgniter->handleRequest(null, Object(Config\Cache), false)
 8 FCPATH/index.php(79): CodeIgniter\CodeIgniter->run()
CRITICAL - 2024-01-16 06:53:17 --> syntax error, unexpected token "else", expecting "function" or "const"
in APPPATH/Controllers/Home.php on line 86.
 1 SYSTEMPATH/Autoloader/Autoloader.php(291): CodeIgniter\Autoloader\Autoloader->includeFile('/home/satarait/public_html/solapurzp.satarait.com/app/Controllers/Home.php')
 2 SYSTEMPATH/Autoloader/Autoloader.php(269): CodeIgniter\Autoloader\Autoloader->loadInNamespace('App\\Controllers\\Home')
 3 [internal function]: CodeIgniter\Autoloader\Autoloader->loadClass('App\\Controllers\\Home')
 4 SYSTEMPATH/CodeIgniter.php(900): class_exists('\\App\\Controllers\\Home', true)
 5 SYSTEMPATH/CodeIgniter.php(489): CodeIgniter\CodeIgniter->startController()
 6 SYSTEMPATH/CodeIgniter.php(361): CodeIgniter\CodeIgniter->handleRequest(null, Object(Config\Cache), false)
 7 FCPATH/index.php(79): CodeIgniter\CodeIgniter->run()
CRITICAL - 2024-01-16 07:34:15 --> syntax error, unexpected token "public", expecting end of file
in APPPATH/Controllers/CategoryController.php on line 234.
 1 SYSTEMPATH/Autoloader/Autoloader.php(291): CodeIgniter\Autoloader\Autoloader->includeFile('/home/satarait/public_html/solapurzp.satarait.com/app/Controllers/CategoryController.php')
 2 SYSTEMPATH/Autoloader/Autoloader.php(269): CodeIgniter\Autoloader\Autoloader->loadInNamespace('App\\Controllers\\CategoryController')
 3 [internal function]: CodeIgniter\Autoloader\Autoloader->loadClass('App\\Controllers\\CategoryController')
 4 SYSTEMPATH/CodeIgniter.php(900): class_exists('\\App\\Controllers\\CategoryController', true)
 5 SYSTEMPATH/CodeIgniter.php(489): CodeIgniter\CodeIgniter->startController()
 6 SYSTEMPATH/CodeIgniter.php(361): CodeIgniter\CodeIgniter->handleRequest(null, Object(Config\Cache), false)
 7 FCPATH/index.php(79): CodeIgniter\CodeIgniter->run()
CRITICAL - 2024-01-16 07:34:15 --> syntax error, unexpected token "public", expecting end of file
in APPPATH/Controllers/CategoryController.php on line 234.
 1 SYSTEMPATH/Autoloader/Autoloader.php(291): CodeIgniter\Autoloader\Autoloader->includeFile('/home/satarait/public_html/solapurzp.satarait.com/app/Controllers/CategoryController.php')
 2 SYSTEMPATH/Autoloader/Autoloader.php(269): CodeIgniter\Autoloader\Autoloader->loadInNamespace('App\\Controllers\\CategoryController')
 3 [internal function]: CodeIgniter\Autoloader\Autoloader->loadClass('App\\Controllers\\CategoryController')
 4 SYSTEMPATH/CodeIgniter.php(900): class_exists('\\App\\Controllers\\CategoryController', true)
 5 SYSTEMPATH/CodeIgniter.php(489): CodeIgniter\CodeIgniter->startController()
 6 SYSTEMPATH/CodeIgniter.php(361): CodeIgniter\CodeIgniter->handleRequest(null, Object(Config\Cache), false)
 7 FCPATH/index.php(79): CodeIgniter\CodeIgniter->run()
CRITICAL - 2024-01-16 07:34:20 --> syntax error, unexpected token "public", expecting end of file
in APPPATH/Controllers/CategoryController.php on line 234.
 1 SYSTEMPATH/Autoloader/Autoloader.php(291): CodeIgniter\Autoloader\Autoloader->includeFile('/home/satarait/public_html/solapurzp.satarait.com/app/Controllers/CategoryController.php')
 2 SYSTEMPATH/Autoloader/Autoloader.php(269): CodeIgniter\Autoloader\Autoloader->loadInNamespace('App\\Controllers\\CategoryController')
 3 [internal function]: CodeIgniter\Autoloader\Autoloader->loadClass('App\\Controllers\\CategoryController')
 4 SYSTEMPATH/CodeIgniter.php(900): class_exists('\\App\\Controllers\\CategoryController', true)
 5 SYSTEMPATH/CodeIgniter.php(489): CodeIgniter\CodeIgniter->startController()
 6 SYSTEMPATH/CodeIgniter.php(361): CodeIgniter\CodeIgniter->handleRequest(null, Object(Config\Cache), false)
 7 FCPATH/index.php(79): CodeIgniter\CodeIgniter->run()
CRITICAL - 2024-01-16 07:34:23 --> syntax error, unexpected token "public", expecting end of file
in APPPATH/Controllers/CategoryController.php on line 234.
 1 SYSTEMPATH/Autoloader/Autoloader.php(291): CodeIgniter\Autoloader\Autoloader->includeFile('/home/satarait/public_html/solapurzp.satarait.com/app/Controllers/CategoryController.php')
 2 SYSTEMPATH/Autoloader/Autoloader.php(269): CodeIgniter\Autoloader\Autoloader->loadInNamespace('App\\Controllers\\CategoryController')
 3 [internal function]: CodeIgniter\Autoloader\Autoloader->loadClass('App\\Controllers\\CategoryController')
 4 SYSTEMPATH/CodeIgniter.php(900): class_exists('\\App\\Controllers\\CategoryController', true)
 5 SYSTEMPATH/CodeIgniter.php(489): CodeIgniter\CodeIgniter->startController()
 6 SYSTEMPATH/CodeIgniter.php(361): CodeIgniter\CodeIgniter->handleRequest(null, Object(Config\Cache), false)
 7 FCPATH/index.php(79): CodeIgniter\CodeIgniter->run()
CRITICAL - 2024-01-16 07:34:53 --> site_url(): Argument #2 ($scheme) must be of type ?string, array given, called in /home/satarait/public_html/solapurzp.satarait.com/app/Controllers/CategoryController.php on line 222
in SYSTEMPATH/Helpers/url_helper.php on line 30.
 1 APPPATH/Controllers/CategoryController.php(222): site_url('ViewCategory', [...])
 2 SYSTEMPATH/CodeIgniter.php(942): App\Controllers\CategoryController->SubcategoryInserted()
 3 SYSTEMPATH/CodeIgniter.php(502): CodeIgniter\CodeIgniter->runController(Object(App\Controllers\CategoryController))
 4 SYSTEMPATH/CodeIgniter.php(361): CodeIgniter\CodeIgniter->handleRequest(null, Object(Config\Cache), false)
 5 FCPATH/index.php(79): CodeIgniter\CodeIgniter->run()
CRITICAL - 2024-01-16 07:44:20 --> site_url(): Argument #2 ($scheme) must be of type ?string, array given, called in /home/satarait/public_html/solapurzp.satarait.com/app/Controllers/CategoryController.php on line 223
in SYSTEMPATH/Helpers/url_helper.php on line 30.
 1 APPPATH/Controllers/CategoryController.php(223): site_url('ViewCategory', [...])
 2 SYSTEMPATH/CodeIgniter.php(942): App\Controllers\CategoryController->SubcategoryInserted()
 3 SYSTEMPATH/CodeIgniter.php(502): CodeIgniter\CodeIgniter->runController(Object(App\Controllers\CategoryController))
 4 SYSTEMPATH/CodeIgniter.php(361): CodeIgniter\CodeIgniter->handleRequest(null, Object(Config\Cache), false)
 5 FCPATH/index.php(79): CodeIgniter\CodeIgniter->run()
CRITICAL - 2024-01-16 07:45:41 --> site_url(): Argument #2 ($scheme) must be of type ?string, array given, called in /home/satarait/public_html/solapurzp.satarait.com/app/Controllers/CategoryController.php on line 223
in SYSTEMPATH/Helpers/url_helper.php on line 30.
 1 APPPATH/Controllers/CategoryController.php(223): site_url('ViewCategory', [...])
 2 SYSTEMPATH/CodeIgniter.php(942): App\Controllers\CategoryController->SubcategoryInserted()
 3 SYSTEMPATH/CodeIgniter.php(502): CodeIgniter\CodeIgniter->runController(Object(App\Controllers\CategoryController))
 4 SYSTEMPATH/CodeIgniter.php(361): CodeIgniter\CodeIgniter->handleRequest(null, Object(Config\Cache), false)
 5 FCPATH/index.php(79): CodeIgniter\CodeIgniter->run()
CRITICAL - 2024-01-16 07:59:38 --> Undefined variable $pan_upload
in APPPATH/Controllers/VendorController.php on line 198.
 1 APPPATH/Controllers/VendorController.php(198): CodeIgniter\Debug\Exceptions->errorHandler(2, 'Undefined variable $pan_upload', '/home/satarait/public_html/solapurzp.satarait.com/app/Controllers/VendorController.php', 198)
 2 SYSTEMPATH/CodeIgniter.php(942): App\Controllers\VendorController->AddVendorProcess()
 3 SYSTEMPATH/CodeIgniter.php(502): CodeIgniter\CodeIgniter->runController(Object(App\Controllers\VendorController))
 4 SYSTEMPATH/CodeIgniter.php(361): CodeIgniter\CodeIgniter->handleRequest(null, Object(Config\Cache), false)
 5 FCPATH/index.php(79): CodeIgniter\CodeIgniter->run()
CRITICAL - 2024-01-16 08:00:27 --> Undefined variable $pan_upload
in APPPATH/Controllers/VendorController.php on line 101.
 1 APPPATH/Controllers/VendorController.php(101): CodeIgniter\Debug\Exceptions->errorHandler(2, 'Undefined variable $pan_upload', '/home/satarait/public_html/solapurzp.satarait.com/app/Controllers/VendorController.php', 101)
 2 SYSTEMPATH/CodeIgniter.php(942): App\Controllers\VendorController->AddVendorProcess()
 3 SYSTEMPATH/CodeIgniter.php(502): CodeIgniter\CodeIgniter->runController(Object(App\Controllers\VendorController))
 4 SYSTEMPATH/CodeIgniter.php(361): CodeIgniter\CodeIgniter->handleRequest(null, Object(Config\Cache), false)
 5 FCPATH/index.php(79): CodeIgniter\CodeIgniter->run()
CRITICAL - 2024-01-16 08:00:52 --> Undefined variable $pan_upload
in APPPATH/Controllers/VendorController.php on line 102.
 1 APPPATH/Controllers/VendorController.php(102): CodeIgniter\Debug\Exceptions->errorHandler(2, 'Undefined variable $pan_upload', '/home/satarait/public_html/solapurzp.satarait.com/app/Controllers/VendorController.php', 102)
 2 SYSTEMPATH/CodeIgniter.php(942): App\Controllers\VendorController->AddVendorProcess()
 3 SYSTEMPATH/CodeIgniter.php(502): CodeIgniter\CodeIgniter->runController(Object(App\Controllers\VendorController))
 4 SYSTEMPATH/CodeIgniter.php(361): CodeIgniter\CodeIgniter->handleRequest(null, Object(Config\Cache), false)
 5 FCPATH/index.php(79): CodeIgniter\CodeIgniter->run()
CRITICAL - 2024-01-16 09:14:01 --> Undefined variable $CategoryList
in APPPATH/Views/Deliveryboy/ViewDeliveryboy.php on line 50.
 1 APPPATH/Views/Deliveryboy/ViewDeliveryboy.php(50): CodeIgniter\Debug\Exceptions->errorHandler(2, 'Undefined variable $CategoryList', '/home/satarait/public_html/solapurzp.satarait.com/app/Views/Deliveryboy/ViewDeliveryboy.php', 50)
 2 SYSTEMPATH/View/View.php(228): include('/home/satarait/public_html/solapurzp.satarait.com/app/Views/Deliveryboy/ViewDeliveryboy.php')
 3 SYSTEMPATH/View/View.php(231): CodeIgniter\View\View->CodeIgniter\View\{closure}()
 4 SYSTEMPATH/Common.php(1190): CodeIgniter\View\View->render('Deliveryboy/ViewDeliveryboy', [], true)
 5 APPPATH/Controllers/DeliveryboyController.php(13): view('Deliveryboy/ViewDeliveryboy')
 6 SYSTEMPATH/CodeIgniter.php(942): App\Controllers\DeliveryboyController->ViewDeliveryboy()
 7 SYSTEMPATH/CodeIgniter.php(502): CodeIgniter\CodeIgniter->runController(Object(App\Controllers\DeliveryboyController))
 8 SYSTEMPATH/CodeIgniter.php(361): CodeIgniter\CodeIgniter->handleRequest(null, Object(Config\Cache), false)
 9 FCPATH/index.php(79): CodeIgniter\CodeIgniter->run()
CRITICAL - 2024-01-16 09:14:42 --> Unmatched '}'
in APPPATH/Views/Deliveryboy/ViewDeliveryboy.php on line 65.
 1 SYSTEMPATH/View/View.php(231): CodeIgniter\View\View->CodeIgniter\View\{closure}()
 2 SYSTEMPATH/Common.php(1190): CodeIgniter\View\View->render('Deliveryboy/ViewDeliveryboy', [], true)
 3 APPPATH/Controllers/DeliveryboyController.php(13): view('Deliveryboy/ViewDeliveryboy')
 4 SYSTEMPATH/CodeIgniter.php(942): App\Controllers\DeliveryboyController->ViewDeliveryboy()
 5 SYSTEMPATH/CodeIgniter.php(502): CodeIgniter\CodeIgniter->runController(Object(App\Controllers\DeliveryboyController))
 6 SYSTEMPATH/CodeIgniter.php(361): CodeIgniter\CodeIgniter->handleRequest(null, Object(Config\Cache), false)
 7 FCPATH/index.php(79): CodeIgniter\CodeIgniter->run()
CRITICAL - 2024-01-16 09:14:54 --> Undefined variable $list
in APPPATH/Views/Deliveryboy/ViewDeliveryboy.php on line 53.
 1 APPPATH/Views/Deliveryboy/ViewDeliveryboy.php(53): CodeIgniter\Debug\Exceptions->errorHandler(2, 'Undefined variable $list', '/home/satarait/public_html/solapurzp.satarait.com/app/Views/Deliveryboy/ViewDeliveryboy.php', 53)
 2 SYSTEMPATH/View/View.php(228): include('/home/satarait/public_html/solapurzp.satarait.com/app/Views/Deliveryboy/ViewDeliveryboy.php')
 3 SYSTEMPATH/View/View.php(231): CodeIgniter\View\View->CodeIgniter\View\{closure}()
 4 SYSTEMPATH/Common.php(1190): CodeIgniter\View\View->render('Deliveryboy/ViewDeliveryboy', [], true)
 5 APPPATH/Controllers/DeliveryboyController.php(13): view('Deliveryboy/ViewDeliveryboy')
 6 SYSTEMPATH/CodeIgniter.php(942): App\Controllers\DeliveryboyController->ViewDeliveryboy()
 7 SYSTEMPATH/CodeIgniter.php(502): CodeIgniter\CodeIgniter->runController(Object(App\Controllers\DeliveryboyController))
 8 SYSTEMPATH/CodeIgniter.php(361): CodeIgniter\CodeIgniter->handleRequest(null, Object(Config\Cache), false)
 9 FCPATH/index.php(79): CodeIgniter\CodeIgniter->run()
CRITICAL - 2024-01-16 09:15:12 --> syntax error, unexpected token ";"
in APPPATH/Views/Deliveryboy/ViewDeliveryboy.php on line 53.
 1 SYSTEMPATH/View/View.php(231): CodeIgniter\View\View->CodeIgniter\View\{closure}()
 2 SYSTEMPATH/Common.php(1190): CodeIgniter\View\View->render('Deliveryboy/ViewDeliveryboy', [], true)
 3 APPPATH/Controllers/DeliveryboyController.php(13): view('Deliveryboy/ViewDeliveryboy')
 4 SYSTEMPATH/CodeIgniter.php(942): App\Controllers\DeliveryboyController->ViewDeliveryboy()
 5 SYSTEMPATH/CodeIgniter.php(502): CodeIgniter\CodeIgniter->runController(Object(App\Controllers\DeliveryboyController))
 6 SYSTEMPATH/CodeIgniter.php(361): CodeIgniter\CodeIgniter->handleRequest(null, Object(Config\Cache), false)
 7 FCPATH/index.php(79): CodeIgniter\CodeIgniter->run()
CRITICAL - 2024-01-16 09:15:26 --> Undefined variable $list
in APPPATH/Views/Deliveryboy/ViewDeliveryboy.php on line 55.
 1 APPPATH/Views/Deliveryboy/ViewDeliveryboy.php(55): CodeIgniter\Debug\Exceptions->errorHandler(2, 'Undefined variable $list', '/home/satarait/public_html/solapurzp.satarait.com/app/Views/Deliveryboy/ViewDeliveryboy.php', 55)
 2 SYSTEMPATH/View/View.php(228): include('/home/satarait/public_html/solapurzp.satarait.com/app/Views/Deliveryboy/ViewDeliveryboy.php')
 3 SYSTEMPATH/View/View.php(231): CodeIgniter\View\View->CodeIgniter\View\{closure}()
 4 SYSTEMPATH/Common.php(1190): CodeIgniter\View\View->render('Deliveryboy/ViewDeliveryboy', [], true)
 5 APPPATH/Controllers/DeliveryboyController.php(13): view('Deliveryboy/ViewDeliveryboy')
 6 SYSTEMPATH/CodeIgniter.php(942): App\Controllers\DeliveryboyController->ViewDeliveryboy()
 7 SYSTEMPATH/CodeIgniter.php(502): CodeIgniter\CodeIgniter->runController(Object(App\Controllers\DeliveryboyController))
 8 SYSTEMPATH/CodeIgniter.php(361): CodeIgniter\CodeIgniter->handleRequest(null, Object(Config\Cache), false)
 9 FCPATH/index.php(79): CodeIgniter\CodeIgniter->run()
CRITICAL - 2024-01-16 09:15:43 --> Undefined variable $list
in APPPATH/Views/Deliveryboy/ViewDeliveryboy.php on line 57.
 1 APPPATH/Views/Deliveryboy/ViewDeliveryboy.php(57): CodeIgniter\Debug\Exceptions->errorHandler(2, 'Undefined variable $list', '/home/satarait/public_html/solapurzp.satarait.com/app/Views/Deliveryboy/ViewDeliveryboy.php', 57)
 2 SYSTEMPATH/View/View.php(228): include('/home/satarait/public_html/solapurzp.satarait.com/app/Views/Deliveryboy/ViewDeliveryboy.php')
 3 SYSTEMPATH/View/View.php(231): CodeIgniter\View\View->CodeIgniter\View\{closure}()
 4 SYSTEMPATH/Common.php(1190): CodeIgniter\View\View->render('Deliveryboy/ViewDeliveryboy', [], true)
 5 APPPATH/Controllers/DeliveryboyController.php(13): view('Deliveryboy/ViewDeliveryboy')
 6 SYSTEMPATH/CodeIgniter.php(942): App\Controllers\DeliveryboyController->ViewDeliveryboy()
 7 SYSTEMPATH/CodeIgniter.php(502): CodeIgniter\CodeIgniter->runController(Object(App\Controllers\DeliveryboyController))
 8 SYSTEMPATH/CodeIgniter.php(361): CodeIgniter\CodeIgniter->handleRequest(null, Object(Config\Cache), false)
 9 FCPATH/index.php(79): CodeIgniter\CodeIgniter->run()
CRITICAL - 2024-01-16 09:15:59 --> Undefined variable $list
in APPPATH/Views/Deliveryboy/ViewDeliveryboy.php on line 55.
 1 APPPATH/Views/Deliveryboy/ViewDeliveryboy.php(55): CodeIgniter\Debug\Exceptions->errorHandler(2, 'Undefined variable $list', '/home/satarait/public_html/solapurzp.satarait.com/app/Views/Deliveryboy/ViewDeliveryboy.php', 55)
 2 SYSTEMPATH/View/View.php(228): include('/home/satarait/public_html/solapurzp.satarait.com/app/Views/Deliveryboy/ViewDeliveryboy.php')
 3 SYSTEMPATH/View/View.php(231): CodeIgniter\View\View->CodeIgniter\View\{closure}()
 4 SYSTEMPATH/Common.php(1190): CodeIgniter\View\View->render('Deliveryboy/ViewDeliveryboy', [], true)
 5 APPPATH/Controllers/DeliveryboyController.php(13): view('Deliveryboy/ViewDeliveryboy')
 6 SYSTEMPATH/CodeIgniter.php(942): App\Controllers\DeliveryboyController->ViewDeliveryboy()
 7 SYSTEMPATH/CodeIgniter.php(502): CodeIgniter\CodeIgniter->runController(Object(App\Controllers\DeliveryboyController))
 8 SYSTEMPATH/CodeIgniter.php(361): CodeIgniter\CodeIgniter->handleRequest(null, Object(Config\Cache), false)
 9 FCPATH/index.php(79): CodeIgniter\CodeIgniter->run()
CRITICAL - 2024-01-16 09:20:59 --> Invalid file: "Deliveryboy/AddDeliveryboy.php"
in SYSTEMPATH/Exceptions/FrameworkException.php on line 39.
 1 SYSTEMPATH/View/View.php(216): CodeIgniter\Exceptions\FrameworkException::forInvalidFile('Deliveryboy/AddDeliveryboy.php')
 2 SYSTEMPATH/Common.php(1190): CodeIgniter\View\View->render('Deliveryboy/AddDeliveryboy', [], true)
 3 APPPATH/Controllers/DeliveryboyController.php(18): view('Deliveryboy/AddDeliveryboy')
 4 SYSTEMPATH/CodeIgniter.php(942): App\Controllers\DeliveryboyController->AddDeliveryboy()
 5 SYSTEMPATH/CodeIgniter.php(502): CodeIgniter\CodeIgniter->runController(Object(App\Controllers\DeliveryboyController))
 6 SYSTEMPATH/CodeIgniter.php(361): CodeIgniter\CodeIgniter->handleRequest(null, Object(Config\Cache), false)
 7 FCPATH/index.php(79): CodeIgniter\CodeIgniter->run()
CRITICAL - 2024-01-16 09:21:49 --> Invalid file: "Deliveryboy/AddDeliveryboy.php"
in SYSTEMPATH/Exceptions/FrameworkException.php on line 39.
 1 SYSTEMPATH/View/View.php(216): CodeIgniter\Exceptions\FrameworkException::forInvalidFile('Deliveryboy/AddDeliveryboy.php')
 2 SYSTEMPATH/Common.php(1190): CodeIgniter\View\View->render('Deliveryboy/AddDeliveryboy', [], true)
 3 APPPATH/Controllers/DeliveryboyController.php(18): view('Deliveryboy/AddDeliveryboy')
 4 SYSTEMPATH/CodeIgniter.php(942): App\Controllers\DeliveryboyController->AddDeliveryboy()
 5 SYSTEMPATH/CodeIgniter.php(502): CodeIgniter\CodeIgniter->runController(Object(App\Controllers\DeliveryboyController))
 6 SYSTEMPATH/CodeIgniter.php(361): CodeIgniter\CodeIgniter->handleRequest(null, Object(Config\Cache), false)
 7 FCPATH/index.php(79): CodeIgniter\CodeIgniter->run()
CRITICAL - 2024-01-16 09:26:28 --> Call to undefined method CodeIgniter\Database\MySQLi\Builder::UpdateLogin()
in APPPATH/Controllers/VendorController.php on line 224.
 1 SYSTEMPATH/CodeIgniter.php(942): App\Controllers\VendorController->AddVendorProcess()
 2 SYSTEMPATH/CodeIgniter.php(502): CodeIgniter\CodeIgniter->runController(Object(App\Controllers\VendorController))
 3 SYSTEMPATH/CodeIgniter.php(361): CodeIgniter\CodeIgniter->handleRequest(null, Object(Config\Cache), false)
 4 FCPATH/index.php(79): CodeIgniter\CodeIgniter->run()
CRITICAL - 2024-01-16 09:41:15 --> Undefined variable $image
in APPPATH/Views/Deliveryboy/AddDeliveryboy.php on line 99.
 1 APPPATH/Views/Deliveryboy/AddDeliveryboy.php(99): CodeIgniter\Debug\Exceptions->errorHandler(2, 'Undefined variable $image', '/home/satarait/public_html/solapurzp.satarait.com/app/Views/Deliveryboy/AddDeliveryboy.php', 99)
 2 SYSTEMPATH/View/View.php(228): include('/home/satarait/public_html/solapurzp.satarait.com/app/Views/Deliveryboy/AddDeliveryboy.php')
 3 SYSTEMPATH/View/View.php(231): CodeIgniter\View\View->CodeIgniter\View\{closure}()
 4 SYSTEMPATH/Common.php(1190): CodeIgniter\View\View->render('Deliveryboy/AddDeliveryboy', [], true)
 5 APPPATH/Controllers/DeliveryboyController.php(18): view('Deliveryboy/AddDeliveryboy')
 6 SYSTEMPATH/CodeIgniter.php(942): App\Controllers\DeliveryboyController->AddDeliveryboy()
 7 SYSTEMPATH/CodeIgniter.php(502): CodeIgniter\CodeIgniter->runController(Object(App\Controllers\DeliveryboyController))
 8 SYSTEMPATH/CodeIgniter.php(361): CodeIgniter\CodeIgniter->handleRequest(null, Object(Config\Cache), false)
 9 FCPATH/index.php(79): CodeIgniter\CodeIgniter->run()
CRITICAL - 2024-01-16 09:43:57 --> Undefined variable $pan_upload
in APPPATH/Controllers/VendorController.php on line 200.
 1 APPPATH/Controllers/VendorController.php(200): CodeIgniter\Debug\Exceptions->errorHandler(2, 'Undefined variable $pan_upload', '/home/satarait/public_html/solapurzp.satarait.com/app/Controllers/VendorController.php', 200)
 2 SYSTEMPATH/CodeIgniter.php(942): App\Controllers\VendorController->AddVendorProcess()
 3 SYSTEMPATH/CodeIgniter.php(502): CodeIgniter\CodeIgniter->runController(Object(App\Controllers\VendorController))
 4 SYSTEMPATH/CodeIgniter.php(361): CodeIgniter\CodeIgniter->handleRequest(null, Object(Config\Cache), false)
 5 FCPATH/index.php(79): CodeIgniter\CodeIgniter->run()
CRITICAL - 2024-01-16 09:45:30 --> Undefined variable $pan_upload
in APPPATH/Controllers/VendorController.php on line 200.
 1 APPPATH/Controllers/VendorController.php(200): CodeIgniter\Debug\Exceptions->errorHandler(2, 'Undefined variable $pan_upload', '/home/satarait/public_html/solapurzp.satarait.com/app/Controllers/VendorController.php', 200)
 2 SYSTEMPATH/CodeIgniter.php(942): App\Controllers\VendorController->AddVendorProcess()
 3 SYSTEMPATH/CodeIgniter.php(502): CodeIgniter\CodeIgniter->runController(Object(App\Controllers\VendorController))
 4 SYSTEMPATH/CodeIgniter.php(361): CodeIgniter\CodeIgniter->handleRequest(null, Object(Config\Cache), false)
 5 FCPATH/index.php(79): CodeIgniter\CodeIgniter->run()
CRITICAL - 2024-01-16 09:58:24 --> Undefined variable $pan_upload
in APPPATH/Controllers/VendorController.php on line 238.
 1 APPPATH/Controllers/VendorController.php(238): CodeIgniter\Debug\Exceptions->errorHandler(2, 'Undefined variable $pan_upload', '/home/satarait/public_html/solapurzp.satarait.com/app/Controllers/VendorController.php', 238)
 2 SYSTEMPATH/CodeIgniter.php(942): App\Controllers\VendorController->AddVendorProcess()
 3 SYSTEMPATH/CodeIgniter.php(502): CodeIgniter\CodeIgniter->runController(Object(App\Controllers\VendorController))
 4 SYSTEMPATH/CodeIgniter.php(361): CodeIgniter\CodeIgniter->handleRequest(null, Object(Config\Cache), false)
 5 FCPATH/index.php(79): CodeIgniter\CodeIgniter->run()
CRITICAL - 2024-01-16 10:26:00 --> Undefined variable $categoryData
in APPPATH/Models/DeliveryboyModel.php on line 14.
 1 APPPATH/Models/DeliveryboyModel.php(14): CodeIgniter\Debug\Exceptions->errorHandler(2, 'Undefined variable $categoryData', '/home/satarait/public_html/solapurzp.satarait.com/app/Models/DeliveryboyModel.php', 14)
 2 APPPATH/Controllers/DeliveryboyController.php(85): App\Models\DeliveryboyModel->insertDeliveryboy([...])
 3 SYSTEMPATH/CodeIgniter.php(942): App\Controllers\DeliveryboyController->DeliveryboyInserted()
 4 SYSTEMPATH/CodeIgniter.php(502): CodeIgniter\CodeIgniter->runController(Object(App\Controllers\DeliveryboyController))
 5 SYSTEMPATH/CodeIgniter.php(361): CodeIgniter\CodeIgniter->handleRequest(null, Object(Config\Cache), false)
 6 FCPATH/index.php(79): CodeIgniter\CodeIgniter->run()
CRITICAL - 2024-01-16 10:35:25 --> Unclosed '{' on line 8
in APPPATH/Controllers/DeliveryboyController.php on line 138.
 1 SYSTEMPATH/Autoloader/Autoloader.php(291): CodeIgniter\Autoloader\Autoloader->includeFile('/home/satarait/public_html/solapurzp.satarait.com/app/Controllers/DeliveryboyController.php')
 2 SYSTEMPATH/Autoloader/Autoloader.php(269): CodeIgniter\Autoloader\Autoloader->loadInNamespace('App\\Controllers\\DeliveryboyController')
 3 [internal function]: CodeIgniter\Autoloader\Autoloader->loadClass('App\\Controllers\\DeliveryboyController')
 4 SYSTEMPATH/CodeIgniter.php(900): class_exists('\\App\\Controllers\\DeliveryboyController', true)
 5 SYSTEMPATH/CodeIgniter.php(489): CodeIgniter\CodeIgniter->startController()
 6 SYSTEMPATH/CodeIgniter.php(361): CodeIgniter\CodeIgniter->handleRequest(null, Object(Config\Cache), false)
 7 FCPATH/index.php(79): CodeIgniter\CodeIgniter->run()
CRITICAL - 2024-01-16 10:45:50 --> Undefined variable $UserList
in APPPATH/Views/User/ViewUser.php on line 52.
 1 APPPATH/Views/User/ViewUser.php(52): CodeIgniter\Debug\Exceptions->errorHandler(2, 'Undefined variable $UserList', '/home/satarait/public_html/solapurzp.satarait.com/app/Views/User/ViewUser.php', 52)
 2 SYSTEMPATH/View/View.php(228): include('/home/satarait/public_html/solapurzp.satarait.com/app/Views/User/ViewUser.php')
 3 SYSTEMPATH/View/View.php(231): CodeIgniter\View\View->CodeIgniter\View\{closure}()
 4 SYSTEMPATH/Common.php(1190): CodeIgniter\View\View->render('User/ViewUser', [], true)
 5 APPPATH/Controllers/UserController.php(13): view('User/ViewUser')
 6 SYSTEMPATH/CodeIgniter.php(942): App\Controllers\UserController->ViewUser()
 7 SYSTEMPATH/CodeIgniter.php(502): CodeIgniter\CodeIgniter->runController(Object(App\Controllers\UserController))
 8 SYSTEMPATH/CodeIgniter.php(361): CodeIgniter\CodeIgniter->handleRequest(null, Object(Config\Cache), false)
 9 FCPATH/index.php(79): CodeIgniter\CodeIgniter->run()
CRITICAL - 2024-01-16 10:46:17 --> Undefined variable $UserList
in APPPATH/Views/User/ViewUser.php on line 52.
 1 APPPATH/Views/User/ViewUser.php(52): CodeIgniter\Debug\Exceptions->errorHandler(2, 'Undefined variable $UserList', '/home/satarait/public_html/solapurzp.satarait.com/app/Views/User/ViewUser.php', 52)
 2 SYSTEMPATH/View/View.php(228): include('/home/satarait/public_html/solapurzp.satarait.com/app/Views/User/ViewUser.php')
 3 SYSTEMPATH/View/View.php(231): CodeIgniter\View\View->CodeIgniter\View\{closure}()
 4 SYSTEMPATH/Common.php(1190): CodeIgniter\View\View->render('User/ViewUser', [], true)
 5 APPPATH/Controllers/UserController.php(13): view('User/ViewUser')
 6 SYSTEMPATH/CodeIgniter.php(942): App\Controllers\UserController->ViewUser()
 7 SYSTEMPATH/CodeIgniter.php(502): CodeIgniter\CodeIgniter->runController(Object(App\Controllers\UserController))
 8 SYSTEMPATH/CodeIgniter.php(361): CodeIgniter\CodeIgniter->handleRequest(null, Object(Config\Cache), false)
 9 FCPATH/index.php(79): CodeIgniter\CodeIgniter->run()
CRITICAL - 2024-01-16 10:48:18 --> Undefined variable $UserList
in APPPATH/Views/User/ViewUser.php on line 52.
 1 APPPATH/Views/User/ViewUser.php(52): CodeIgniter\Debug\Exceptions->errorHandler(2, 'Undefined variable $UserList', '/home/satarait/public_html/solapurzp.satarait.com/app/Views/User/ViewUser.php', 52)
 2 SYSTEMPATH/View/View.php(228): include('/home/satarait/public_html/solapurzp.satarait.com/app/Views/User/ViewUser.php')
 3 SYSTEMPATH/View/View.php(231): CodeIgniter\View\View->CodeIgniter\View\{closure}()
 4 SYSTEMPATH/Common.php(1190): CodeIgniter\View\View->render('User/ViewUser', [], true)
 5 APPPATH/Controllers/UserController.php(13): view('User/ViewUser')
 6 SYSTEMPATH/CodeIgniter.php(942): App\Controllers\UserController->ViewUser()
 7 SYSTEMPATH/CodeIgniter.php(502): CodeIgniter\CodeIgniter->runController(Object(App\Controllers\UserController))
 8 SYSTEMPATH/CodeIgniter.php(361): CodeIgniter\CodeIgniter->handleRequest(null, Object(Config\Cache), false)
 9 FCPATH/index.php(79): CodeIgniter\CodeIgniter->run()
CRITICAL - 2024-01-16 10:53:47 --> Undefined array key "email_id"
in APPPATH/Views/User/ViewUser.php on line 57.
 1 APPPATH/Views/User/ViewUser.php(57): CodeIgniter\Debug\Exceptions->errorHandler(2, 'Undefined array key "email_id"', '/home/satarait/public_html/solapurzp.satarait.com/app/Views/User/ViewUser.php', 57)
 2 SYSTEMPATH/View/View.php(228): include('/home/satarait/public_html/solapurzp.satarait.com/app/Views/User/ViewUser.php')
 3 SYSTEMPATH/View/View.php(231): CodeIgniter\View\View->CodeIgniter\View\{closure}()
 4 SYSTEMPATH/Common.php(1190): CodeIgniter\View\View->render('User/ViewUser', [], true)
 5 APPPATH/Controllers/UserController.php(15): view('User/ViewUser', [...])
 6 SYSTEMPATH/CodeIgniter.php(942): App\Controllers\UserController->ViewUser()
 7 SYSTEMPATH/CodeIgniter.php(502): CodeIgniter\CodeIgniter->runController(Object(App\Controllers\UserController))
 8 SYSTEMPATH/CodeIgniter.php(361): CodeIgniter\CodeIgniter->handleRequest(null, Object(Config\Cache), false)
 9 FCPATH/index.php(79): CodeIgniter\CodeIgniter->run()
CRITICAL - 2024-01-16 11:04:41 --> "regex:/^" is not a valid rule.
in SYSTEMPATH/Validation/Validation.php on line 319.
 1 SYSTEMPATH/Validation/Validation.php(319): CodeIgniter\Validation\Exceptions\ValidationException::forRuleNotFound('regex:/^')
 2 SYSTEMPATH/Validation/Validation.php(197): CodeIgniter\Validation\Validation->processRules('category', 'category', 'Fast Food', [...], [...])
 3 APPPATH/Controllers/CategoryController.php(41): CodeIgniter\Validation\Validation->run()
 4 SYSTEMPATH/CodeIgniter.php(942): App\Controllers\CategoryController->CategoryInserted()
 5 SYSTEMPATH/CodeIgniter.php(502): CodeIgniter\CodeIgniter->runController(Object(App\Controllers\CategoryController))
 6 SYSTEMPATH/CodeIgniter.php(361): CodeIgniter\CodeIgniter->handleRequest(null, Object(Config\Cache), false)
 7 FCPATH/index.php(79): CodeIgniter\CodeIgniter->run()
CRITICAL - 2024-01-16 11:05:34 --> "regex:/^" is not a valid rule.
in SYSTEMPATH/Validation/Validation.php on line 319.
 1 SYSTEMPATH/Validation/Validation.php(319): CodeIgniter\Validation\Exceptions\ValidationException::forRuleNotFound('regex:/^')
 2 SYSTEMPATH/Validation/Validation.php(197): CodeIgniter\Validation\Validation->processRules('category', 'category', 'Fast Food', [...], [...])
 3 APPPATH/Controllers/CategoryController.php(41): CodeIgniter\Validation\Validation->run()
 4 SYSTEMPATH/CodeIgniter.php(942): App\Controllers\CategoryController->CategoryInserted()
 5 SYSTEMPATH/CodeIgniter.php(502): CodeIgniter\CodeIgniter->runController(Object(App\Controllers\CategoryController))
 6 SYSTEMPATH/CodeIgniter.php(361): CodeIgniter\CodeIgniter->handleRequest(null, Object(Config\Cache), false)
 7 FCPATH/index.php(79): CodeIgniter\CodeIgniter->run()
CRITICAL - 2024-01-16 11:05:48 --> "regex:/^" is not a valid rule.
in SYSTEMPATH/Validation/Validation.php on line 319.
 1 SYSTEMPATH/Validation/Validation.php(319): CodeIgniter\Validation\Exceptions\ValidationException::forRuleNotFound('regex:/^')
 2 SYSTEMPATH/Validation/Validation.php(197): CodeIgniter\Validation\Validation->processRules('category', 'category', 'Fast Food', [...], [...])
 3 APPPATH/Controllers/CategoryController.php(41): CodeIgniter\Validation\Validation->run()
 4 SYSTEMPATH/CodeIgniter.php(942): App\Controllers\CategoryController->CategoryInserted()
 5 SYSTEMPATH/CodeIgniter.php(502): CodeIgniter\CodeIgniter->runController(Object(App\Controllers\CategoryController))
 6 SYSTEMPATH/CodeIgniter.php(361): CodeIgniter\CodeIgniter->handleRequest(null, Object(Config\Cache), false)
 7 FCPATH/index.php(79): CodeIgniter\CodeIgniter->run()
CRITICAL - 2024-01-16 11:29:38 --> Invalid file: "Vendor/AddUser.php"
in SYSTEMPATH/Exceptions/FrameworkException.php on line 39.
 1 SYSTEMPATH/View/View.php(216): CodeIgniter\Exceptions\FrameworkException::forInvalidFile('Vendor/AddUser.php')
 2 SYSTEMPATH/Common.php(1190): CodeIgniter\View\View->render('Vendor/AddUser', [], true)
 3 APPPATH/Controllers/UserController.php(62): view('Vendor/AddUser', [...])
 4 SYSTEMPATH/CodeIgniter.php(942): App\Controllers\UserController->AddUserProcess()
 5 SYSTEMPATH/CodeIgniter.php(502): CodeIgniter\CodeIgniter->runController(Object(App\Controllers\UserController))
 6 SYSTEMPATH/CodeIgniter.php(361): CodeIgniter\CodeIgniter->handleRequest(null, Object(Config\Cache), false)
 7 FCPATH/index.php(79): CodeIgniter\CodeIgniter->run()
CRITICAL - 2024-01-16 11:29:54 --> Invalid file: "Vendor/AddUser.php"
in SYSTEMPATH/Exceptions/FrameworkException.php on line 39.
 1 SYSTEMPATH/View/View.php(216): CodeIgniter\Exceptions\FrameworkException::forInvalidFile('Vendor/AddUser.php')
 2 SYSTEMPATH/Common.php(1190): CodeIgniter\View\View->render('Vendor/AddUser', [], true)
 3 APPPATH/Controllers/UserController.php(62): view('Vendor/AddUser', [...])
 4 SYSTEMPATH/CodeIgniter.php(942): App\Controllers\UserController->AddUserProcess()
 5 SYSTEMPATH/CodeIgniter.php(502): CodeIgniter\CodeIgniter->runController(Object(App\Controllers\UserController))
 6 SYSTEMPATH/CodeIgniter.php(361): CodeIgniter\CodeIgniter->handleRequest(null, Object(Config\Cache), false)
 7 FCPATH/index.php(79): CodeIgniter\CodeIgniter->run()
CRITICAL - 2024-01-16 11:31:11 --> Undefined variable $pan_upload
in APPPATH/Controllers/VendorController.php on line 102.
 1 APPPATH/Controllers/VendorController.php(102): CodeIgniter\Debug\Exceptions->errorHandler(2, 'Undefined variable $pan_upload', '/home/satarait/public_html/solapurzp.satarait.com/app/Controllers/VendorController.php', 102)
 2 SYSTEMPATH/CodeIgniter.php(942): App\Controllers\VendorController->AddVendorProcess()
 3 SYSTEMPATH/CodeIgniter.php(502): CodeIgniter\CodeIgniter->runController(Object(App\Controllers\VendorController))
 4 SYSTEMPATH/CodeIgniter.php(361): CodeIgniter\CodeIgniter->handleRequest(null, Object(Config\Cache), false)
 5 FCPATH/index.php(79): CodeIgniter\CodeIgniter->run()
CRITICAL - 2024-01-16 11:33:20 --> Undefined variable $last_insert_id
in APPPATH/Controllers/UserController.php on line 50.
 1 APPPATH/Controllers/UserController.php(50): CodeIgniter\Debug\Exceptions->errorHandler(2, 'Undefined variable $last_insert_id', '/home/satarait/public_html/solapurzp.satarait.com/app/Controllers/UserController.php', 50)
 2 SYSTEMPATH/CodeIgniter.php(942): App\Controllers\UserController->AddUserProcess()
 3 SYSTEMPATH/CodeIgniter.php(502): CodeIgniter\CodeIgniter->runController(Object(App\Controllers\UserController))
 4 SYSTEMPATH/CodeIgniter.php(361): CodeIgniter\CodeIgniter->handleRequest(null, Object(Config\Cache), false)
 5 FCPATH/index.php(79): CodeIgniter\CodeIgniter->run()
CRITICAL - 2024-01-16 11:37:22 --> Call to undefined method CodeIgniter\Database\MySQLi\Builder::UpdateLogin()
in APPPATH/Controllers/VendorController.php on line 225.
 1 SYSTEMPATH/CodeIgniter.php(942): App\Controllers\VendorController->AddVendorProcess()
 2 SYSTEMPATH/CodeIgniter.php(502): CodeIgniter\CodeIgniter->runController(Object(App\Controllers\VendorController))
 3 SYSTEMPATH/CodeIgniter.php(361): CodeIgniter\CodeIgniter->handleRequest(null, Object(Config\Cache), false)
 4 FCPATH/index.php(79): CodeIgniter\CodeIgniter->run()
CRITICAL - 2024-01-16 11:40:18 --> Unclosed '{' on line 8
in APPPATH/Controllers/DeliveryboyController.php on line 191.
 1 SYSTEMPATH/Autoloader/Autoloader.php(291): CodeIgniter\Autoloader\Autoloader->includeFile('/home/satarait/public_html/solapurzp.satarait.com/app/Controllers/DeliveryboyController.php')
 2 SYSTEMPATH/Autoloader/Autoloader.php(269): CodeIgniter\Autoloader\Autoloader->loadInNamespace('App\\Controllers\\DeliveryboyController')
 3 [internal function]: CodeIgniter\Autoloader\Autoloader->loadClass('App\\Controllers\\DeliveryboyController')
 4 SYSTEMPATH/CodeIgniter.php(900): class_exists('\\App\\Controllers\\DeliveryboyController', true)
 5 SYSTEMPATH/CodeIgniter.php(489): CodeIgniter\CodeIgniter->startController()
 6 SYSTEMPATH/CodeIgniter.php(361): CodeIgniter\CodeIgniter->handleRequest(null, Object(Config\Cache), false)
 7 FCPATH/index.php(79): CodeIgniter\CodeIgniter->run()
CRITICAL - 2024-01-16 11:40:37 --> Undefined array key "login_id"
in APPPATH/Controllers/VendorController.php on line 222.
 1 APPPATH/Controllers/VendorController.php(222): CodeIgniter\Debug\Exceptions->errorHandler(2, 'Undefined array key "login_id"', '/home/satarait/public_html/solapurzp.satarait.com/app/Controllers/VendorController.php', 222)
 2 SYSTEMPATH/CodeIgniter.php(942): App\Controllers\VendorController->AddVendorProcess()
 3 SYSTEMPATH/CodeIgniter.php(502): CodeIgniter\CodeIgniter->runController(Object(App\Controllers\VendorController))
 4 SYSTEMPATH/CodeIgniter.php(361): CodeIgniter\CodeIgniter->handleRequest(null, Object(Config\Cache), false)
 5 FCPATH/index.php(79): CodeIgniter\CodeIgniter->run()
CRITICAL - 2024-01-16 11:52:09 --> Undefined variable $last_insert_id
in APPPATH/Controllers/UserController.php on line 50.
 1 APPPATH/Controllers/UserController.php(50): CodeIgniter\Debug\Exceptions->errorHandler(2, 'Undefined variable $last_insert_id', '/home/satarait/public_html/solapurzp.satarait.com/app/Controllers/UserController.php', 50)
 2 SYSTEMPATH/CodeIgniter.php(942): App\Controllers\UserController->AddUserProcess()
 3 SYSTEMPATH/CodeIgniter.php(502): CodeIgniter\CodeIgniter->runController(Object(App\Controllers\UserController))
 4 SYSTEMPATH/CodeIgniter.php(361): CodeIgniter\CodeIgniter->handleRequest(null, Object(Config\Cache), false)
 5 FCPATH/index.php(79): CodeIgniter\CodeIgniter->run()
CRITICAL - 2024-01-16 11:52:24 --> Undefined variable $last_insert_id
in APPPATH/Controllers/UserController.php on line 50.
 1 APPPATH/Controllers/UserController.php(50): CodeIgniter\Debug\Exceptions->errorHandler(2, 'Undefined variable $last_insert_id', '/home/satarait/public_html/solapurzp.satarait.com/app/Controllers/UserController.php', 50)
 2 SYSTEMPATH/CodeIgniter.php(942): App\Controllers\UserController->AddUserProcess()
 3 SYSTEMPATH/CodeIgniter.php(502): CodeIgniter\CodeIgniter->runController(Object(App\Controllers\UserController))
 4 SYSTEMPATH/CodeIgniter.php(361): CodeIgniter\CodeIgniter->handleRequest(null, Object(Config\Cache), false)
 5 FCPATH/index.php(79): CodeIgniter\CodeIgniter->run()
CRITICAL - 2024-01-16 11:52:35 --> Undefined variable $vendorData
in APPPATH/Models/UserModel.php on line 14.
 1 APPPATH/Models/UserModel.php(14): CodeIgniter\Debug\Exceptions->errorHandler(2, 'Undefined variable $vendorData', '/home/satarait/public_html/solapurzp.satarait.com/app/Models/UserModel.php', 14)
 2 APPPATH/Controllers/UserController.php(57): App\Models\UserModel->insertUser([...])
 3 SYSTEMPATH/CodeIgniter.php(942): App\Controllers\UserController->AddUserProcess()
 4 SYSTEMPATH/CodeIgniter.php(502): CodeIgniter\CodeIgniter->runController(Object(App\Controllers\UserController))
 5 SYSTEMPATH/CodeIgniter.php(361): CodeIgniter\CodeIgniter->handleRequest(null, Object(Config\Cache), false)
 6 FCPATH/index.php(79): CodeIgniter\CodeIgniter->run()
CRITICAL - 2024-01-16 11:59:08 --> Undefined array key "vendor_name"
in APPPATH/Controllers/UserController.php on line 49.
 1 APPPATH/Controllers/UserController.php(49): CodeIgniter\Debug\Exceptions->errorHandler(2, 'Undefined array key "vendor_name"', '/home/satarait/public_html/solapurzp.satarait.com/app/Controllers/UserController.php', 49)
 2 SYSTEMPATH/CodeIgniter.php(942): App\Controllers\UserController->AddUserProcess()
 3 SYSTEMPATH/CodeIgniter.php(502): CodeIgniter\CodeIgniter->runController(Object(App\Controllers\UserController))
 4 SYSTEMPATH/CodeIgniter.php(361): CodeIgniter\CodeIgniter->handleRequest(null, Object(Config\Cache), false)
 5 FCPATH/index.php(79): CodeIgniter\CodeIgniter->run()
CRITICAL - 2024-01-16 12:08:13 --> Undefined array key "mobile_no"
in APPPATH/Controllers/DeliveryboyController.php on line 108.
 1 APPPATH/Controllers/DeliveryboyController.php(108): CodeIgniter\Debug\Exceptions->errorHandler(2, 'Undefined array key "mobile_no"', '/home/satarait/public_html/solapurzp.satarait.com/app/Controllers/DeliveryboyController.php', 108)
 2 SYSTEMPATH/CodeIgniter.php(942): App\Controllers\DeliveryboyController->DeliveryboyInserted()
 3 SYSTEMPATH/CodeIgniter.php(502): CodeIgniter\CodeIgniter->runController(Object(App\Controllers\DeliveryboyController))
 4 SYSTEMPATH/CodeIgniter.php(361): CodeIgniter\CodeIgniter->handleRequest(null, Object(Config\Cache), false)
 5 FCPATH/index.php(79): CodeIgniter\CodeIgniter->run()
CRITICAL - 2024-01-16 12:18:20 --> Undefined variable $deliveryboyList
in APPPATH/Views/Deliveryboy/ViewDeliveryboy.php on line 54.
 1 APPPATH/Views/Deliveryboy/ViewDeliveryboy.php(54): CodeIgniter\Debug\Exceptions->errorHandler(2, 'Undefined variable $deliveryboyList', '/home/satarait/public_html/solapurzp.satarait.com/app/Views/Deliveryboy/ViewDeliveryboy.php', 54)
 2 SYSTEMPATH/View/View.php(228): include('/home/satarait/public_html/solapurzp.satarait.com/app/Views/Deliveryboy/ViewDeliveryboy.php')
 3 SYSTEMPATH/View/View.php(231): CodeIgniter\View\View->CodeIgniter\View\{closure}()
 4 SYSTEMPATH/Common.php(1190): CodeIgniter\View\View->render('Deliveryboy/ViewDeliveryboy', [], true)
 5 APPPATH/Controllers/DeliveryboyController.php(197): view('Deliveryboy/ViewDeliveryboy')
 6 SYSTEMPATH/CodeIgniter.php(942): App\Controllers\DeliveryboyController->ViewDeliveryboy()
 7 SYSTEMPATH/CodeIgniter.php(502): CodeIgniter\CodeIgniter->runController(Object(App\Controllers\DeliveryboyController))
 8 SYSTEMPATH/CodeIgniter.php(361): CodeIgniter\CodeIgniter->handleRequest(null, Object(Config\Cache), false)
 9 FCPATH/index.php(79): CodeIgniter\CodeIgniter->run()
CRITICAL - 2024-01-16 12:19:55 --> Undefined variable $deliveryboyList
in APPPATH/Views/Deliveryboy/ViewDeliveryboy.php on line 54.
 1 APPPATH/Views/Deliveryboy/ViewDeliveryboy.php(54): CodeIgniter\Debug\Exceptions->errorHandler(2, 'Undefined variable $deliveryboyList', '/home/satarait/public_html/solapurzp.satarait.com/app/Views/Deliveryboy/ViewDeliveryboy.php', 54)
 2 SYSTEMPATH/View/View.php(228): include('/home/satarait/public_html/solapurzp.satarait.com/app/Views/Deliveryboy/ViewDeliveryboy.php')
 3 SYSTEMPATH/View/View.php(231): CodeIgniter\View\View->CodeIgniter\View\{closure}()
 4 SYSTEMPATH/Common.php(1190): CodeIgniter\View\View->render('Deliveryboy/ViewDeliveryboy', [], true)
 5 APPPATH/Controllers/DeliveryboyController.php(197): view('Deliveryboy/ViewDeliveryboy')
 6 SYSTEMPATH/CodeIgniter.php(942): App\Controllers\DeliveryboyController->ViewDeliveryboy()
 7 SYSTEMPATH/CodeIgniter.php(502): CodeIgniter\CodeIgniter->runController(Object(App\Controllers\DeliveryboyController))
 8 SYSTEMPATH/CodeIgniter.php(361): CodeIgniter\CodeIgniter->handleRequest(null, Object(Config\Cache), false)
 9 FCPATH/index.php(79): CodeIgniter\CodeIgniter->run()
CRITICAL - 2024-01-16 12:37:07 --> Unmatched '}'
in APPPATH/Controllers/DeliveryboyController.php on line 224.
 1 SYSTEMPATH/Autoloader/Autoloader.php(291): CodeIgniter\Autoloader\Autoloader->includeFile('/home/satarait/public_html/solapurzp.satarait.com/app/Controllers/DeliveryboyController.php')
 2 SYSTEMPATH/Autoloader/Autoloader.php(269): CodeIgniter\Autoloader\Autoloader->loadInNamespace('App\\Controllers\\DeliveryboyController')
 3 [internal function]: CodeIgniter\Autoloader\Autoloader->loadClass('App\\Controllers\\DeliveryboyController')
 4 SYSTEMPATH/CodeIgniter.php(900): class_exists('\\App\\Controllers\\DeliveryboyController', true)
 5 SYSTEMPATH/CodeIgniter.php(489): CodeIgniter\CodeIgniter->startController()
 6 SYSTEMPATH/CodeIgniter.php(361): CodeIgniter\CodeIgniter->handleRequest(null, Object(Config\Cache), false)
 7 FCPATH/index.php(79): CodeIgniter\CodeIgniter->run()
CRITICAL - 2024-01-16 12:41:44 --> Invalid file: "Deliveryboy/UpdateDeliveryboy.php"
in SYSTEMPATH/Exceptions/FrameworkException.php on line 39.
 1 SYSTEMPATH/View/View.php(216): CodeIgniter\Exceptions\FrameworkException::forInvalidFile('Deliveryboy/UpdateDeliveryboy.php')
 2 SYSTEMPATH/Common.php(1190): CodeIgniter\View\View->render('Deliveryboy/UpdateDeliveryboy', [], true)
 3 APPPATH/Controllers/DeliveryboyController.php(206): view('Deliveryboy/UpdateDeliveryboy', [...])
 4 SYSTEMPATH/CodeIgniter.php(942): App\Controllers\DeliveryboyController->UpdateDeliveryboy()
 5 SYSTEMPATH/CodeIgniter.php(502): CodeIgniter\CodeIgniter->runController(Object(App\Controllers\DeliveryboyController))
 6 SYSTEMPATH/CodeIgniter.php(361): CodeIgniter\CodeIgniter->handleRequest(null, Object(Config\Cache), false)
 7 FCPATH/index.php(79): CodeIgniter\CodeIgniter->run()
CRITICAL - 2024-01-16 12:43:22 --> Undefined array key "id"
in APPPATH/Views/Deliveryboy/AddDeliveryboy.php on line 54.
 1 APPPATH/Views/Deliveryboy/AddDeliveryboy.php(54): CodeIgniter\Debug\Exceptions->errorHandler(2, 'Undefined array key "id"', '/home/satarait/public_html/solapurzp.satarait.com/app/Views/Deliveryboy/AddDeliveryboy.php', 54)
 2 SYSTEMPATH/View/View.php(228): include('/home/satarait/public_html/solapurzp.satarait.com/app/Views/Deliveryboy/AddDeliveryboy.php')
 3 SYSTEMPATH/View/View.php(231): CodeIgniter\View\View->CodeIgniter\View\{closure}()
 4 SYSTEMPATH/Common.php(1190): CodeIgniter\View\View->render('Deliveryboy/AddDeliveryboy', [], true)
 5 APPPATH/Controllers/DeliveryboyController.php(206): view('Deliveryboy/AddDeliveryboy', [...])
 6 SYSTEMPATH/CodeIgniter.php(942): App\Controllers\DeliveryboyController->UpdateDeliveryboy()
 7 SYSTEMPATH/CodeIgniter.php(502): CodeIgniter\CodeIgniter->runController(Object(App\Controllers\DeliveryboyController))
 8 SYSTEMPATH/CodeIgniter.php(361): CodeIgniter\CodeIgniter->handleRequest(null, Object(Config\Cache), false)
 9 FCPATH/index.php(79): CodeIgniter\CodeIgniter->run()
CRITICAL - 2024-01-16 12:44:12 --> Undefined array key "id"
in APPPATH/Views/Deliveryboy/AddDeliveryboy.php on line 54.
 1 APPPATH/Views/Deliveryboy/AddDeliveryboy.php(54): CodeIgniter\Debug\Exceptions->errorHandler(2, 'Undefined array key "id"', '/home/satarait/public_html/solapurzp.satarait.com/app/Views/Deliveryboy/AddDeliveryboy.php', 54)
 2 SYSTEMPATH/View/View.php(228): include('/home/satarait/public_html/solapurzp.satarait.com/app/Views/Deliveryboy/AddDeliveryboy.php')
 3 SYSTEMPATH/View/View.php(231): CodeIgniter\View\View->CodeIgniter\View\{closure}()
 4 SYSTEMPATH/Common.php(1190): CodeIgniter\View\View->render('Deliveryboy/AddDeliveryboy', [], true)
 5 APPPATH/Controllers/DeliveryboyController.php(206): view('Deliveryboy/AddDeliveryboy', [...])
 6 SYSTEMPATH/CodeIgniter.php(942): App\Controllers\DeliveryboyController->UpdateDeliveryboy()
 7 SYSTEMPATH/CodeIgniter.php(502): CodeIgniter\CodeIgniter->runController(Object(App\Controllers\DeliveryboyController))
 8 SYSTEMPATH/CodeIgniter.php(361): CodeIgniter\CodeIgniter->handleRequest(null, Object(Config\Cache), false)
 9 FCPATH/index.php(79): CodeIgniter\CodeIgniter->run()
CRITICAL - 2024-01-16 12:45:12 --> Undefined array key "id"
in APPPATH/Views/Deliveryboy/AddDeliveryboy.php on line 54.
 1 APPPATH/Views/Deliveryboy/AddDeliveryboy.php(54): CodeIgniter\Debug\Exceptions->errorHandler(2, 'Undefined array key "id"', '/home/satarait/public_html/solapurzp.satarait.com/app/Views/Deliveryboy/AddDeliveryboy.php', 54)
 2 SYSTEMPATH/View/View.php(228): include('/home/satarait/public_html/solapurzp.satarait.com/app/Views/Deliveryboy/AddDeliveryboy.php')
 3 SYSTEMPATH/View/View.php(231): CodeIgniter\View\View->CodeIgniter\View\{closure}()
 4 SYSTEMPATH/Common.php(1190): CodeIgniter\View\View->render('Deliveryboy/AddDeliveryboy', [], true)
 5 APPPATH/Controllers/DeliveryboyController.php(206): view('Deliveryboy/AddDeliveryboy', [...])
 6 SYSTEMPATH/CodeIgniter.php(942): App\Controllers\DeliveryboyController->UpdateDeliveryboy()
 7 SYSTEMPATH/CodeIgniter.php(502): CodeIgniter\CodeIgniter->runController(Object(App\Controllers\DeliveryboyController))
 8 SYSTEMPATH/CodeIgniter.php(361): CodeIgniter\CodeIgniter->handleRequest(null, Object(Config\Cache), false)
 9 FCPATH/index.php(79): CodeIgniter\CodeIgniter->run()
CRITICAL - 2024-01-16 12:45:18 --> Undefined array key "id"
in APPPATH/Views/Deliveryboy/AddDeliveryboy.php on line 54.
 1 APPPATH/Views/Deliveryboy/AddDeliveryboy.php(54): CodeIgniter\Debug\Exceptions->errorHandler(2, 'Undefined array key "id"', '/home/satarait/public_html/solapurzp.satarait.com/app/Views/Deliveryboy/AddDeliveryboy.php', 54)
 2 SYSTEMPATH/View/View.php(228): include('/home/satarait/public_html/solapurzp.satarait.com/app/Views/Deliveryboy/AddDeliveryboy.php')
 3 SYSTEMPATH/View/View.php(231): CodeIgniter\View\View->CodeIgniter\View\{closure}()
 4 SYSTEMPATH/Common.php(1190): CodeIgniter\View\View->render('Deliveryboy/AddDeliveryboy', [], true)
 5 APPPATH/Controllers/DeliveryboyController.php(206): view('Deliveryboy/AddDeliveryboy', [...])
 6 SYSTEMPATH/CodeIgniter.php(942): App\Controllers\DeliveryboyController->UpdateDeliveryboy()
 7 SYSTEMPATH/CodeIgniter.php(502): CodeIgniter\CodeIgniter->runController(Object(App\Controllers\DeliveryboyController))
 8 SYSTEMPATH/CodeIgniter.php(361): CodeIgniter\CodeIgniter->handleRequest(null, Object(Config\Cache), false)
 9 FCPATH/index.php(79): CodeIgniter\CodeIgniter->run()
CRITICAL - 2024-01-16 12:45:54 --> Undefined array key "ID"
in APPPATH/Views/Deliveryboy/AddDeliveryboy.php on line 54.
 1 APPPATH/Views/Deliveryboy/AddDeliveryboy.php(54): CodeIgniter\Debug\Exceptions->errorHandler(2, 'Undefined array key "ID"', '/home/satarait/public_html/solapurzp.satarait.com/app/Views/Deliveryboy/AddDeliveryboy.php', 54)
 2 SYSTEMPATH/View/View.php(228): include('/home/satarait/public_html/solapurzp.satarait.com/app/Views/Deliveryboy/AddDeliveryboy.php')
 3 SYSTEMPATH/View/View.php(231): CodeIgniter\View\View->CodeIgniter\View\{closure}()
 4 SYSTEMPATH/Common.php(1190): CodeIgniter\View\View->render('Deliveryboy/AddDeliveryboy', [], true)
 5 APPPATH/Controllers/DeliveryboyController.php(206): view('Deliveryboy/AddDeliveryboy', [...])
 6 SYSTEMPATH/CodeIgniter.php(942): App\Controllers\DeliveryboyController->UpdateDeliveryboy()
 7 SYSTEMPATH/CodeIgniter.php(502): CodeIgniter\CodeIgniter->runController(Object(App\Controllers\DeliveryboyController))
 8 SYSTEMPATH/CodeIgniter.php(361): CodeIgniter\CodeIgniter->handleRequest(null, Object(Config\Cache), false)
 9 FCPATH/index.php(79): CodeIgniter\CodeIgniter->run()
CRITICAL - 2024-01-16 12:45:55 --> Undefined array key "ID"
in APPPATH/Views/Deliveryboy/AddDeliveryboy.php on line 54.
 1 APPPATH/Views/Deliveryboy/AddDeliveryboy.php(54): CodeIgniter\Debug\Exceptions->errorHandler(2, 'Undefined array key "ID"', '/home/satarait/public_html/solapurzp.satarait.com/app/Views/Deliveryboy/AddDeliveryboy.php', 54)
 2 SYSTEMPATH/View/View.php(228): include('/home/satarait/public_html/solapurzp.satarait.com/app/Views/Deliveryboy/AddDeliveryboy.php')
 3 SYSTEMPATH/View/View.php(231): CodeIgniter\View\View->CodeIgniter\View\{closure}()
 4 SYSTEMPATH/Common.php(1190): CodeIgniter\View\View->render('Deliveryboy/AddDeliveryboy', [], true)
 5 APPPATH/Controllers/DeliveryboyController.php(206): view('Deliveryboy/AddDeliveryboy', [...])
 6 SYSTEMPATH/CodeIgniter.php(942): App\Controllers\DeliveryboyController->UpdateDeliveryboy()
 7 SYSTEMPATH/CodeIgniter.php(502): CodeIgniter\CodeIgniter->runController(Object(App\Controllers\DeliveryboyController))
 8 SYSTEMPATH/CodeIgniter.php(361): CodeIgniter\CodeIgniter->handleRequest(null, Object(Config\Cache), false)
 9 FCPATH/index.php(79): CodeIgniter\CodeIgniter->run()
CRITICAL - 2024-01-16 12:45:56 --> Undefined array key "ID"
in APPPATH/Views/Deliveryboy/AddDeliveryboy.php on line 54.
 1 APPPATH/Views/Deliveryboy/AddDeliveryboy.php(54): CodeIgniter\Debug\Exceptions->errorHandler(2, 'Undefined array key "ID"', '/home/satarait/public_html/solapurzp.satarait.com/app/Views/Deliveryboy/AddDeliveryboy.php', 54)
 2 SYSTEMPATH/View/View.php(228): include('/home/satarait/public_html/solapurzp.satarait.com/app/Views/Deliveryboy/AddDeliveryboy.php')
 3 SYSTEMPATH/View/View.php(231): CodeIgniter\View\View->CodeIgniter\View\{closure}()
 4 SYSTEMPATH/Common.php(1190): CodeIgniter\View\View->render('Deliveryboy/AddDeliveryboy', [], true)
 5 APPPATH/Controllers/DeliveryboyController.php(206): view('Deliveryboy/AddDeliveryboy', [...])
 6 SYSTEMPATH/CodeIgniter.php(942): App\Controllers\DeliveryboyController->UpdateDeliveryboy()
 7 SYSTEMPATH/CodeIgniter.php(502): CodeIgniter\CodeIgniter->runController(Object(App\Controllers\DeliveryboyController))
 8 SYSTEMPATH/CodeIgniter.php(361): CodeIgniter\CodeIgniter->handleRequest(null, Object(Config\Cache), false)
 9 FCPATH/index.php(79): CodeIgniter\CodeIgniter->run()
CRITICAL - 2024-01-16 12:46:56 --> Undefined array key "id"
in APPPATH/Views/Deliveryboy/AddDeliveryboy.php on line 54.
 1 APPPATH/Views/Deliveryboy/AddDeliveryboy.php(54): CodeIgniter\Debug\Exceptions->errorHandler(2, 'Undefined array key "id"', '/home/satarait/public_html/solapurzp.satarait.com/app/Views/Deliveryboy/AddDeliveryboy.php', 54)
 2 SYSTEMPATH/View/View.php(228): include('/home/satarait/public_html/solapurzp.satarait.com/app/Views/Deliveryboy/AddDeliveryboy.php')
 3 SYSTEMPATH/View/View.php(231): CodeIgniter\View\View->CodeIgniter\View\{closure}()
 4 SYSTEMPATH/Common.php(1190): CodeIgniter\View\View->render('Deliveryboy/AddDeliveryboy', [], true)
 5 APPPATH/Controllers/DeliveryboyController.php(206): view('Deliveryboy/AddDeliveryboy', [...])
 6 SYSTEMPATH/CodeIgniter.php(942): App\Controllers\DeliveryboyController->UpdateDeliveryboy()
 7 SYSTEMPATH/CodeIgniter.php(502): CodeIgniter\CodeIgniter->runController(Object(App\Controllers\DeliveryboyController))
 8 SYSTEMPATH/CodeIgniter.php(361): CodeIgniter\CodeIgniter->handleRequest(null, Object(Config\Cache), false)
 9 FCPATH/index.php(79): CodeIgniter\CodeIgniter->run()
CRITICAL - 2024-01-16 12:47:51 --> Undefined array key "$id"
in APPPATH/Views/Deliveryboy/AddDeliveryboy.php on line 54.
 1 APPPATH/Views/Deliveryboy/AddDeliveryboy.php(54): CodeIgniter\Debug\Exceptions->errorHandler(2, 'Undefined array key "$id"', '/home/satarait/public_html/solapurzp.satarait.com/app/Views/Deliveryboy/AddDeliveryboy.php', 54)
 2 SYSTEMPATH/View/View.php(228): include('/home/satarait/public_html/solapurzp.satarait.com/app/Views/Deliveryboy/AddDeliveryboy.php')
 3 SYSTEMPATH/View/View.php(231): CodeIgniter\View\View->CodeIgniter\View\{closure}()
 4 SYSTEMPATH/Common.php(1190): CodeIgniter\View\View->render('Deliveryboy/AddDeliveryboy', [], true)
 5 APPPATH/Controllers/DeliveryboyController.php(206): view('Deliveryboy/AddDeliveryboy', [...])
 6 SYSTEMPATH/CodeIgniter.php(942): App\Controllers\DeliveryboyController->UpdateDeliveryboy()
 7 SYSTEMPATH/CodeIgniter.php(502): CodeIgniter\CodeIgniter->runController(Object(App\Controllers\DeliveryboyController))
 8 SYSTEMPATH/CodeIgniter.php(361): CodeIgniter\CodeIgniter->handleRequest(null, Object(Config\Cache), false)
 9 FCPATH/index.php(79): CodeIgniter\CodeIgniter->run()
CRITICAL - 2024-01-16 12:48:49 --> Undefined array key "id"
in APPPATH/Views/Deliveryboy/AddDeliveryboy.php on line 54.
 1 APPPATH/Views/Deliveryboy/AddDeliveryboy.php(54): CodeIgniter\Debug\Exceptions->errorHandler(2, 'Undefined array key "id"', '/home/satarait/public_html/solapurzp.satarait.com/app/Views/Deliveryboy/AddDeliveryboy.php', 54)
 2 SYSTEMPATH/View/View.php(228): include('/home/satarait/public_html/solapurzp.satarait.com/app/Views/Deliveryboy/AddDeliveryboy.php')
 3 SYSTEMPATH/View/View.php(231): CodeIgniter\View\View->CodeIgniter\View\{closure}()
 4 SYSTEMPATH/Common.php(1190): CodeIgniter\View\View->render('Deliveryboy/AddDeliveryboy', [], true)
 5 APPPATH/Controllers/DeliveryboyController.php(206): view('Deliveryboy/AddDeliveryboy', [...])
 6 SYSTEMPATH/CodeIgniter.php(942): App\Controllers\DeliveryboyController->UpdateDeliveryboy()
 7 SYSTEMPATH/CodeIgniter.php(502): CodeIgniter\CodeIgniter->runController(Object(App\Controllers\DeliveryboyController))
 8 SYSTEMPATH/CodeIgniter.php(361): CodeIgniter\CodeIgniter->handleRequest(null, Object(Config\Cache), false)
 9 FCPATH/index.php(79): CodeIgniter\CodeIgniter->run()
CRITICAL - 2024-01-16 12:50:28 --> Undefined array key "id"
in APPPATH/Views/Deliveryboy/AddDeliveryboy.php on line 54.
 1 APPPATH/Views/Deliveryboy/AddDeliveryboy.php(54): CodeIgniter\Debug\Exceptions->errorHandler(2, 'Undefined array key "id"', '/home/satarait/public_html/solapurzp.satarait.com/app/Views/Deliveryboy/AddDeliveryboy.php', 54)
 2 SYSTEMPATH/View/View.php(228): include('/home/satarait/public_html/solapurzp.satarait.com/app/Views/Deliveryboy/AddDeliveryboy.php')
 3 SYSTEMPATH/View/View.php(231): CodeIgniter\View\View->CodeIgniter\View\{closure}()
 4 SYSTEMPATH/Common.php(1190): CodeIgniter\View\View->render('Deliveryboy/AddDeliveryboy', [], true)
 5 APPPATH/Controllers/DeliveryboyController.php(206): view('Deliveryboy/AddDeliveryboy', [...])
 6 SYSTEMPATH/CodeIgniter.php(942): App\Controllers\DeliveryboyController->UpdateDeliveryboy()
 7 SYSTEMPATH/CodeIgniter.php(502): CodeIgniter\CodeIgniter->runController(Object(App\Controllers\DeliveryboyController))
 8 SYSTEMPATH/CodeIgniter.php(361): CodeIgniter\CodeIgniter->handleRequest(null, Object(Config\Cache), false)
 9 FCPATH/index.php(79): CodeIgniter\CodeIgniter->run()
CRITICAL - 2024-01-16 12:55:26 --> Undefined array key "id"
in APPPATH/Views/Deliveryboy/AddDeliveryboy.php on line 54.
 1 APPPATH/Views/Deliveryboy/AddDeliveryboy.php(54): CodeIgniter\Debug\Exceptions->errorHandler(2, 'Undefined array key "id"', '/home/satarait/public_html/solapurzp.satarait.com/app/Views/Deliveryboy/AddDeliveryboy.php', 54)
 2 SYSTEMPATH/View/View.php(228): include('/home/satarait/public_html/solapurzp.satarait.com/app/Views/Deliveryboy/AddDeliveryboy.php')
 3 SYSTEMPATH/View/View.php(231): CodeIgniter\View\View->CodeIgniter\View\{closure}()
 4 SYSTEMPATH/Common.php(1190): CodeIgniter\View\View->render('Deliveryboy/AddDeliveryboy', [], true)
 5 APPPATH/Controllers/DeliveryboyController.php(206): view('Deliveryboy/AddDeliveryboy', [...])
 6 SYSTEMPATH/CodeIgniter.php(942): App\Controllers\DeliveryboyController->UpdateDeliveryboy()
 7 SYSTEMPATH/CodeIgniter.php(502): CodeIgniter\CodeIgniter->runController(Object(App\Controllers\DeliveryboyController))
 8 SYSTEMPATH/CodeIgniter.php(361): CodeIgniter\CodeIgniter->handleRequest(null, Object(Config\Cache), false)
 9 FCPATH/index.php(79): CodeIgniter\CodeIgniter->run()
CRITICAL - 2024-01-16 12:57:08 --> Undefined array key "vendor_name"
in APPPATH/Controllers/UserController.php on line 89.
 1 APPPATH/Controllers/UserController.php(89): CodeIgniter\Debug\Exceptions->errorHandler(2, 'Undefined array key "vendor_name"', '/home/satarait/public_html/solapurzp.satarait.com/app/Controllers/UserController.php', 89)
 2 SYSTEMPATH/CodeIgniter.php(942): App\Controllers\UserController->AddUserProcess()
 3 SYSTEMPATH/CodeIgniter.php(502): CodeIgniter\CodeIgniter->runController(Object(App\Controllers\UserController))
 4 SYSTEMPATH/CodeIgniter.php(361): CodeIgniter\CodeIgniter->handleRequest(null, Object(Config\Cache), false)
 5 FCPATH/index.php(79): CodeIgniter\CodeIgniter->run()
CRITICAL - 2024-01-16 12:57:37 --> Undefined variable $vendorModel
in APPPATH/Controllers/UserController.php on line 95.
 1 APPPATH/Controllers/UserController.php(95): CodeIgniter\Debug\Exceptions->errorHandler(2, 'Undefined variable $vendorModel', '/home/satarait/public_html/solapurzp.satarait.com/app/Controllers/UserController.php', 95)
 2 SYSTEMPATH/CodeIgniter.php(942): App\Controllers\UserController->AddUserProcess()
 3 SYSTEMPATH/CodeIgniter.php(502): CodeIgniter\CodeIgniter->runController(Object(App\Controllers\UserController))
 4 SYSTEMPATH/CodeIgniter.php(361): CodeIgniter\CodeIgniter->handleRequest(null, Object(Config\Cache), false)
 5 FCPATH/index.php(79): CodeIgniter\CodeIgniter->run()
CRITICAL - 2024-01-16 12:57:47 --> Undefined array key "id"
in APPPATH/Views/Deliveryboy/AddDeliveryboy.php on line 54.
 1 APPPATH/Views/Deliveryboy/AddDeliveryboy.php(54): CodeIgniter\Debug\Exceptions->errorHandler(2, 'Undefined array key "id"', '/home/satarait/public_html/solapurzp.satarait.com/app/Views/Deliveryboy/AddDeliveryboy.php', 54)
 2 SYSTEMPATH/View/View.php(228): include('/home/satarait/public_html/solapurzp.satarait.com/app/Views/Deliveryboy/AddDeliveryboy.php')
 3 SYSTEMPATH/View/View.php(231): CodeIgniter\View\View->CodeIgniter\View\{closure}()
 4 SYSTEMPATH/Common.php(1190): CodeIgniter\View\View->render('Deliveryboy/AddDeliveryboy', [], true)
 5 APPPATH/Controllers/DeliveryboyController.php(206): view('Deliveryboy/AddDeliveryboy', [...])
 6 SYSTEMPATH/CodeIgniter.php(942): App\Controllers\DeliveryboyController->UpdateDeliveryboy()
 7 SYSTEMPATH/CodeIgniter.php(502): CodeIgniter\CodeIgniter->runController(Object(App\Controllers\DeliveryboyController))
 8 SYSTEMPATH/CodeIgniter.php(361): CodeIgniter\CodeIgniter->handleRequest(null, Object(Config\Cache), false)
 9 FCPATH/index.php(79): CodeIgniter\CodeIgniter->run()
CRITICAL - 2024-01-16 13:00:16 --> Undefined array key "id"
in APPPATH/Views/Deliveryboy/AddDeliveryboy.php on line 54.
 1 APPPATH/Views/Deliveryboy/AddDeliveryboy.php(54): CodeIgniter\Debug\Exceptions->errorHandler(2, 'Undefined array key "id"', '/home/satarait/public_html/solapurzp.satarait.com/app/Views/Deliveryboy/AddDeliveryboy.php', 54)
 2 SYSTEMPATH/View/View.php(228): include('/home/satarait/public_html/solapurzp.satarait.com/app/Views/Deliveryboy/AddDeliveryboy.php')
 3 SYSTEMPATH/View/View.php(231): CodeIgniter\View\View->CodeIgniter\View\{closure}()
 4 SYSTEMPATH/Common.php(1190): CodeIgniter\View\View->render('Deliveryboy/AddDeliveryboy', [], true)
 5 APPPATH/Controllers/DeliveryboyController.php(206): view('Deliveryboy/AddDeliveryboy', [...])
 6 SYSTEMPATH/CodeIgniter.php(942): App\Controllers\DeliveryboyController->UpdateDeliveryboy()
 7 SYSTEMPATH/CodeIgniter.php(502): CodeIgniter\CodeIgniter->runController(Object(App\Controllers\DeliveryboyController))
 8 SYSTEMPATH/CodeIgniter.php(361): CodeIgniter\CodeIgniter->handleRequest(null, Object(Config\Cache), false)
 9 FCPATH/index.php(79): CodeIgniter\CodeIgniter->run()
CRITICAL - 2024-01-16 13:01:01 --> Undefined array key "login_id"
in APPPATH/Controllers/UserController.php on line 95.
 1 APPPATH/Controllers/UserController.php(95): CodeIgniter\Debug\Exceptions->errorHandler(2, 'Undefined array key "login_id"', '/home/satarait/public_html/solapurzp.satarait.com/app/Controllers/UserController.php', 95)
 2 SYSTEMPATH/CodeIgniter.php(942): App\Controllers\UserController->AddUserProcess()
 3 SYSTEMPATH/CodeIgniter.php(502): CodeIgniter\CodeIgniter->runController(Object(App\Controllers\UserController))
 4 SYSTEMPATH/CodeIgniter.php(361): CodeIgniter\CodeIgniter->handleRequest(null, Object(Config\Cache), false)
 5 FCPATH/index.php(79): CodeIgniter\CodeIgniter->run()
CRITICAL - 2024-01-16 13:01:36 --> Undefined array key "login_id"
in APPPATH/Controllers/UserController.php on line 95.
 1 APPPATH/Controllers/UserController.php(95): CodeIgniter\Debug\Exceptions->errorHandler(2, 'Undefined array key "login_id"', '/home/satarait/public_html/solapurzp.satarait.com/app/Controllers/UserController.php', 95)
 2 SYSTEMPATH/CodeIgniter.php(942): App\Controllers\UserController->AddUserProcess()
 3 SYSTEMPATH/CodeIgniter.php(502): CodeIgniter\CodeIgniter->runController(Object(App\Controllers\UserController))
 4 SYSTEMPATH/CodeIgniter.php(361): CodeIgniter\CodeIgniter->handleRequest(null, Object(Config\Cache), false)
 5 FCPATH/index.php(79): CodeIgniter\CodeIgniter->run()
