CRITICAL - 2024-12-28 05:56:47 --> Array to string conversion
in APPPATH/Views/Admin/includes/header.php on line 125.
 1 APPPATH/Views/Admin/includes/header.php(125): CodeIgniter\Debug\Exceptions->errorHandler(2, 'Array to string conversion', '/home/sitsolutionsco/public_html/cuknuk.sitsolutions.co.in/app/Views/Admin/includes/header.php', 125)
 2 SYSTEMPATH/View/View.php(228): include('/home/sitsolutionsco/public_html/cuknuk.sitsolutions.co.in/app/Views/Admin/includes/header.php')
 3 SYSTEMPATH/View/View.php(231): CodeIgniter\View\View->CodeIgniter\View\{closure}()
 4 SYSTEMPATH/Common.php(1190): CodeIgniter\View\View->render('Admin/includes/header', [], true)
 5 APPPATH/Views/Admin/AddSlider.php(17): view('Admin/includes/header')
 6 SYSTEMPATH/View/View.php(228): include('/home/sitsolutionsco/public_html/cuknuk.sitsolutions.co.in/app/Views/Admin/AddSlider.php')
 7 SYSTEMPATH/View/View.php(231): CodeIgniter\View\View->CodeIgniter\View\{closure}()
 8 SYSTEMPATH/Common.php(1190): CodeIgniter\View\View->render('Admin/AddSlider', [], true)
 9 APPPATH/Controllers/SliderController.php(21): view('Admin/AddSlider')
10 SYSTEMPATH/CodeIgniter.php(942): App\Controllers\SliderController->AddSlider()
11 SYSTEMPATH/CodeIgniter.php(502): CodeIgniter\CodeIgniter->runController(Object(App\Controllers\SliderController))
12 SYSTEMPATH/CodeIgniter.php(361): CodeIgniter\CodeIgniter->handleRequest(null, Object(Config\Cache), false)
13 FCPATH/index.php(79): CodeIgniter\CodeIgniter->run()
CRITICAL - 2024-12-28 05:56:59 --> Array to string conversion
in APPPATH/Views/Admin/includes/header.php on line 125.
 1 APPPATH/Views/Admin/includes/header.php(125): CodeIgniter\Debug\Exceptions->errorHandler(2, 'Array to string conversion', '/home/sitsolutionsco/public_html/cuknuk.sitsolutions.co.in/app/Views/Admin/includes/header.php', 125)
 2 SYSTEMPATH/View/View.php(228): include('/home/sitsolutionsco/public_html/cuknuk.sitsolutions.co.in/app/Views/Admin/includes/header.php')
 3 SYSTEMPATH/View/View.php(231): CodeIgniter\View\View->CodeIgniter\View\{closure}()
 4 SYSTEMPATH/Common.php(1190): CodeIgniter\View\View->render('Admin/includes/header', [], true)
 5 APPPATH/Views/Admin/AddSlider.php(17): view('Admin/includes/header')
 6 SYSTEMPATH/View/View.php(228): include('/home/sitsolutionsco/public_html/cuknuk.sitsolutions.co.in/app/Views/Admin/AddSlider.php')
 7 SYSTEMPATH/View/View.php(231): CodeIgniter\View\View->CodeIgniter\View\{closure}()
 8 SYSTEMPATH/Common.php(1190): CodeIgniter\View\View->render('Admin/AddSlider', [], true)
 9 APPPATH/Controllers/SliderController.php(21): view('Admin/AddSlider')
10 SYSTEMPATH/CodeIgniter.php(942): App\Controllers\SliderController->AddSlider()
11 SYSTEMPATH/CodeIgniter.php(502): CodeIgniter\CodeIgniter->runController(Object(App\Controllers\SliderController))
12 SYSTEMPATH/CodeIgniter.php(361): CodeIgniter\CodeIgniter->handleRequest(null, Object(Config\Cache), false)
13 FCPATH/index.php(79): CodeIgniter\CodeIgniter->run()
CRITICAL - 2024-12-28 05:57:25 --> Undefined array key "name"
in APPPATH/Views/Admin/includes/header.php on line 125.
 1 APPPATH/Views/Admin/includes/header.php(125): CodeIgniter\Debug\Exceptions->errorHandler(2, 'Undefined array key "name"', '/home/sitsolutionsco/public_html/cuknuk.sitsolutions.co.in/app/Views/Admin/includes/header.php', 125)
 2 SYSTEMPATH/View/View.php(228): include('/home/sitsolutionsco/public_html/cuknuk.sitsolutions.co.in/app/Views/Admin/includes/header.php')
 3 SYSTEMPATH/View/View.php(231): CodeIgniter\View\View->CodeIgniter\View\{closure}()
 4 SYSTEMPATH/Common.php(1190): CodeIgniter\View\View->render('Admin/includes/header', [], true)
 5 APPPATH/Views/Admin/AddSlider.php(17): view('Admin/includes/header')
 6 SYSTEMPATH/View/View.php(228): include('/home/sitsolutionsco/public_html/cuknuk.sitsolutions.co.in/app/Views/Admin/AddSlider.php')
 7 SYSTEMPATH/View/View.php(231): CodeIgniter\View\View->CodeIgniter\View\{closure}()
 8 SYSTEMPATH/Common.php(1190): CodeIgniter\View\View->render('Admin/AddSlider', [], true)
 9 APPPATH/Controllers/SliderController.php(21): view('Admin/AddSlider')
10 SYSTEMPATH/CodeIgniter.php(942): App\Controllers\SliderController->AddSlider()
11 SYSTEMPATH/CodeIgniter.php(502): CodeIgniter\CodeIgniter->runController(Object(App\Controllers\SliderController))
12 SYSTEMPATH/CodeIgniter.php(361): CodeIgniter\CodeIgniter->handleRequest(null, Object(Config\Cache), false)
13 FCPATH/index.php(79): CodeIgniter\CodeIgniter->run()
CRITICAL - 2024-12-28 06:06:48 --> Undefined global variable $_SESSION
in APPPATH/Views/Admin/includes/header.php on line 120.
 1 APPPATH/Views/Admin/includes/header.php(120): CodeIgniter\Debug\Exceptions->errorHandler(2, 'Undefined global variable $_SESSION', '/home/sitsolutionsco/public_html/cuknuk.sitsolutions.co.in/app/Views/Admin/includes/header.php', 120)
 2 SYSTEMPATH/View/View.php(228): include('/home/sitsolutionsco/public_html/cuknuk.sitsolutions.co.in/app/Views/Admin/includes/header.php')
 3 SYSTEMPATH/View/View.php(231): CodeIgniter\View\View->CodeIgniter\View\{closure}()
 4 SYSTEMPATH/Common.php(1190): CodeIgniter\View\View->render('Admin/includes/header', [], true)
 5 APPPATH/Views/Admin/AddProducts.php(17): view('Admin/includes/header')
 6 SYSTEMPATH/View/View.php(228): include('/home/sitsolutionsco/public_html/cuknuk.sitsolutions.co.in/app/Views/Admin/AddProducts.php')
 7 SYSTEMPATH/View/View.php(231): CodeIgniter\View\View->CodeIgniter\View\{closure}()
 8 SYSTEMPATH/Common.php(1190): CodeIgniter\View\View->render('Admin/AddProducts', [], true)
 9 APPPATH/Controllers/ProductController.php(26): view('Admin/AddProducts', [...])
10 SYSTEMPATH/CodeIgniter.php(942): App\Controllers\ProductController->AddProducts()
11 SYSTEMPATH/CodeIgniter.php(502): CodeIgniter\CodeIgniter->runController(Object(App\Controllers\ProductController))
12 SYSTEMPATH/CodeIgniter.php(361): CodeIgniter\CodeIgniter->handleRequest(null, Object(Config\Cache), false)
13 FCPATH/index.php(79): CodeIgniter\CodeIgniter->run()
CRITICAL - 2024-12-28 06:07:35 --> Undefined global variable $_SESSION
in APPPATH/Views/Admin/includes/header.php on line 120.
 1 APPPATH/Views/Admin/includes/header.php(120): CodeIgniter\Debug\Exceptions->errorHandler(2, 'Undefined global variable $_SESSION', '/home/sitsolutionsco/public_html/cuknuk.sitsolutions.co.in/app/Views/Admin/includes/header.php', 120)
 2 SYSTEMPATH/View/View.php(228): include('/home/sitsolutionsco/public_html/cuknuk.sitsolutions.co.in/app/Views/Admin/includes/header.php')
 3 SYSTEMPATH/View/View.php(231): CodeIgniter\View\View->CodeIgniter\View\{closure}()
 4 SYSTEMPATH/Common.php(1190): CodeIgniter\View\View->render('Admin/includes/header', [], true)
 5 APPPATH/Views/Admin/AddCategory.php(17): view('Admin/includes/header')
 6 SYSTEMPATH/View/View.php(228): include('/home/sitsolutionsco/public_html/cuknuk.sitsolutions.co.in/app/Views/Admin/AddCategory.php')
 7 SYSTEMPATH/View/View.php(231): CodeIgniter\View\View->CodeIgniter\View\{closure}()
 8 SYSTEMPATH/Common.php(1190): CodeIgniter\View\View->render('Admin/AddCategory', [], true)
 9 APPPATH/Controllers/CategoryController.php(21): view('Admin/AddCategory')
10 SYSTEMPATH/CodeIgniter.php(942): App\Controllers\CategoryController->AddCategory()
11 SYSTEMPATH/CodeIgniter.php(502): CodeIgniter\CodeIgniter->runController(Object(App\Controllers\CategoryController))
12 SYSTEMPATH/CodeIgniter.php(361): CodeIgniter\CodeIgniter->handleRequest(null, Object(Config\Cache), false)
13 FCPATH/index.php(79): CodeIgniter\CodeIgniter->run()
CRITICAL - 2024-12-28 06:11:41 --> Undefined global variable $_SESSION
in APPPATH/Views/Admin/includes/header.php on line 120.
 1 APPPATH/Views/Admin/includes/header.php(120): CodeIgniter\Debug\Exceptions->errorHandler(2, 'Undefined global variable $_SESSION', '/home/sitsolutionsco/public_html/cuknuk.sitsolutions.co.in/app/Views/Admin/includes/header.php', 120)
 2 SYSTEMPATH/View/View.php(228): include('/home/sitsolutionsco/public_html/cuknuk.sitsolutions.co.in/app/Views/Admin/includes/header.php')
 3 SYSTEMPATH/View/View.php(231): CodeIgniter\View\View->CodeIgniter\View\{closure}()
 4 SYSTEMPATH/Common.php(1190): CodeIgniter\View\View->render('Admin/includes/header', [], true)
 5 APPPATH/Views/Admin/AddCategory.php(17): view('Admin/includes/header')
 6 SYSTEMPATH/View/View.php(228): include('/home/sitsolutionsco/public_html/cuknuk.sitsolutions.co.in/app/Views/Admin/AddCategory.php')
 7 SYSTEMPATH/View/View.php(231): CodeIgniter\View\View->CodeIgniter\View\{closure}()
 8 SYSTEMPATH/Common.php(1190): CodeIgniter\View\View->render('Admin/AddCategory', [], true)
 9 APPPATH/Controllers/CategoryController.php(21): view('Admin/AddCategory')
10 SYSTEMPATH/CodeIgniter.php(942): App\Controllers\CategoryController->AddCategory()
11 SYSTEMPATH/CodeIgniter.php(502): CodeIgniter\CodeIgniter->runController(Object(App\Controllers\CategoryController))
12 SYSTEMPATH/CodeIgniter.php(361): CodeIgniter\CodeIgniter->handleRequest(null, Object(Config\Cache), false)
13 FCPATH/index.php(79): CodeIgniter\CodeIgniter->run()
CRITICAL - 2024-12-28 06:11:53 --> Undefined global variable $_SESSION
in APPPATH/Views/Admin/includes/header.php on line 120.
 1 APPPATH/Views/Admin/includes/header.php(120): CodeIgniter\Debug\Exceptions->errorHandler(2, 'Undefined global variable $_SESSION', '/home/sitsolutionsco/public_html/cuknuk.sitsolutions.co.in/app/Views/Admin/includes/header.php', 120)
 2 SYSTEMPATH/View/View.php(228): include('/home/sitsolutionsco/public_html/cuknuk.sitsolutions.co.in/app/Views/Admin/includes/header.php')
 3 SYSTEMPATH/View/View.php(231): CodeIgniter\View\View->CodeIgniter\View\{closure}()
 4 SYSTEMPATH/Common.php(1190): CodeIgniter\View\View->render('Admin/includes/header', [], true)
 5 APPPATH/Views/Admin/AddProducts.php(17): view('Admin/includes/header')
 6 SYSTEMPATH/View/View.php(228): include('/home/sitsolutionsco/public_html/cuknuk.sitsolutions.co.in/app/Views/Admin/AddProducts.php')
 7 SYSTEMPATH/View/View.php(231): CodeIgniter\View\View->CodeIgniter\View\{closure}()
 8 SYSTEMPATH/Common.php(1190): CodeIgniter\View\View->render('Admin/AddProducts', [], true)
 9 APPPATH/Controllers/ProductController.php(26): view('Admin/AddProducts', [...])
10 SYSTEMPATH/CodeIgniter.php(942): App\Controllers\ProductController->AddProducts()
11 SYSTEMPATH/CodeIgniter.php(502): CodeIgniter\CodeIgniter->runController(Object(App\Controllers\ProductController))
12 SYSTEMPATH/CodeIgniter.php(361): CodeIgniter\CodeIgniter->handleRequest(null, Object(Config\Cache), false)
13 FCPATH/index.php(79): CodeIgniter\CodeIgniter->run()
CRITICAL - 2024-12-28 06:12:57 --> Undefined global variable $_SESSION
in APPPATH/Views/Admin/includes/header.php on line 120.
 1 APPPATH/Views/Admin/includes/header.php(120): CodeIgniter\Debug\Exceptions->errorHandler(2, 'Undefined global variable $_SESSION', '/home/sitsolutionsco/public_html/cuknuk.sitsolutions.co.in/app/Views/Admin/includes/header.php', 120)
 2 SYSTEMPATH/View/View.php(228): include('/home/sitsolutionsco/public_html/cuknuk.sitsolutions.co.in/app/Views/Admin/includes/header.php')
 3 SYSTEMPATH/View/View.php(231): CodeIgniter\View\View->CodeIgniter\View\{closure}()
 4 SYSTEMPATH/Common.php(1190): CodeIgniter\View\View->render('Admin/includes/header', [], true)
 5 APPPATH/Views/Admin/AddCategory.php(17): view('Admin/includes/header')
 6 SYSTEMPATH/View/View.php(228): include('/home/sitsolutionsco/public_html/cuknuk.sitsolutions.co.in/app/Views/Admin/AddCategory.php')
 7 SYSTEMPATH/View/View.php(231): CodeIgniter\View\View->CodeIgniter\View\{closure}()
 8 SYSTEMPATH/Common.php(1190): CodeIgniter\View\View->render('Admin/AddCategory', [], true)
 9 APPPATH/Controllers/CategoryController.php(21): view('Admin/AddCategory')
10 SYSTEMPATH/CodeIgniter.php(942): App\Controllers\CategoryController->AddCategory()
11 SYSTEMPATH/CodeIgniter.php(502): CodeIgniter\CodeIgniter->runController(Object(App\Controllers\CategoryController))
12 SYSTEMPATH/CodeIgniter.php(361): CodeIgniter\CodeIgniter->handleRequest(null, Object(Config\Cache), false)
13 FCPATH/index.php(79): CodeIgniter\CodeIgniter->run()
CRITICAL - 2024-12-28 06:12:59 --> Undefined global variable $_SESSION
in APPPATH/Views/Admin/includes/header.php on line 120.
 1 APPPATH/Views/Admin/includes/header.php(120): CodeIgniter\Debug\Exceptions->errorHandler(2, 'Undefined global variable $_SESSION', '/home/sitsolutionsco/public_html/cuknuk.sitsolutions.co.in/app/Views/Admin/includes/header.php', 120)
 2 SYSTEMPATH/View/View.php(228): include('/home/sitsolutionsco/public_html/cuknuk.sitsolutions.co.in/app/Views/Admin/includes/header.php')
 3 SYSTEMPATH/View/View.php(231): CodeIgniter\View\View->CodeIgniter\View\{closure}()
 4 SYSTEMPATH/Common.php(1190): CodeIgniter\View\View->render('Admin/includes/header', [], true)
 5 APPPATH/Views/Admin/AddCategory.php(17): view('Admin/includes/header')
 6 SYSTEMPATH/View/View.php(228): include('/home/sitsolutionsco/public_html/cuknuk.sitsolutions.co.in/app/Views/Admin/AddCategory.php')
 7 SYSTEMPATH/View/View.php(231): CodeIgniter\View\View->CodeIgniter\View\{closure}()
 8 SYSTEMPATH/Common.php(1190): CodeIgniter\View\View->render('Admin/AddCategory', [], true)
 9 APPPATH/Controllers/CategoryController.php(21): view('Admin/AddCategory')
10 SYSTEMPATH/CodeIgniter.php(942): App\Controllers\CategoryController->AddCategory()
11 SYSTEMPATH/CodeIgniter.php(502): CodeIgniter\CodeIgniter->runController(Object(App\Controllers\CategoryController))
12 SYSTEMPATH/CodeIgniter.php(361): CodeIgniter\CodeIgniter->handleRequest(null, Object(Config\Cache), false)
13 FCPATH/index.php(79): CodeIgniter\CodeIgniter->run()
CRITICAL - 2024-12-28 06:13:23 --> Undefined global variable $_SESSION
in APPPATH/Views/Admin/includes/header.php on line 120.
 1 APPPATH/Views/Admin/includes/header.php(120): CodeIgniter\Debug\Exceptions->errorHandler(2, 'Undefined global variable $_SESSION', '/home/sitsolutionsco/public_html/cuknuk.sitsolutions.co.in/app/Views/Admin/includes/header.php', 120)
 2 SYSTEMPATH/View/View.php(228): include('/home/sitsolutionsco/public_html/cuknuk.sitsolutions.co.in/app/Views/Admin/includes/header.php')
 3 SYSTEMPATH/View/View.php(231): CodeIgniter\View\View->CodeIgniter\View\{closure}()
 4 SYSTEMPATH/Common.php(1190): CodeIgniter\View\View->render('Admin/includes/header', [], true)
 5 APPPATH/Views/Admin/ViewContactDetails.php(8): view('Admin/includes/header')
 6 SYSTEMPATH/View/View.php(228): include('/home/sitsolutionsco/public_html/cuknuk.sitsolutions.co.in/app/Views/Admin/ViewContactDetails.php')
 7 SYSTEMPATH/View/View.php(231): CodeIgniter\View\View->CodeIgniter\View\{closure}()
 8 SYSTEMPATH/Common.php(1190): CodeIgniter\View\View->render('Admin/ViewContactDetails', [], true)
 9 APPPATH/Controllers/ContactController.php(97): view('Admin/ViewContactDetails', [...])
10 SYSTEMPATH/CodeIgniter.php(942): App\Controllers\ContactController->ViewContact()
11 SYSTEMPATH/CodeIgniter.php(502): CodeIgniter\CodeIgniter->runController(Object(App\Controllers\ContactController))
12 SYSTEMPATH/CodeIgniter.php(361): CodeIgniter\CodeIgniter->handleRequest(null, Object(Config\Cache), false)
13 FCPATH/index.php(79): CodeIgniter\CodeIgniter->run()
CRITICAL - 2024-12-28 06:13:33 --> Undefined global variable $_SESSION
in APPPATH/Views/Admin/includes/header.php on line 120.
 1 APPPATH/Views/Admin/includes/header.php(120): CodeIgniter\Debug\Exceptions->errorHandler(2, 'Undefined global variable $_SESSION', '/home/sitsolutionsco/public_html/cuknuk.sitsolutions.co.in/app/Views/Admin/includes/header.php', 120)
 2 SYSTEMPATH/View/View.php(228): include('/home/sitsolutionsco/public_html/cuknuk.sitsolutions.co.in/app/Views/Admin/includes/header.php')
 3 SYSTEMPATH/View/View.php(231): CodeIgniter\View\View->CodeIgniter\View\{closure}()
 4 SYSTEMPATH/Common.php(1190): CodeIgniter\View\View->render('Admin/includes/header', [], true)
 5 APPPATH/Views/Admin/ViewContactDetails.php(8): view('Admin/includes/header')
 6 SYSTEMPATH/View/View.php(228): include('/home/sitsolutionsco/public_html/cuknuk.sitsolutions.co.in/app/Views/Admin/ViewContactDetails.php')
 7 SYSTEMPATH/View/View.php(231): CodeIgniter\View\View->CodeIgniter\View\{closure}()
 8 SYSTEMPATH/Common.php(1190): CodeIgniter\View\View->render('Admin/ViewContactDetails', [], true)
 9 APPPATH/Controllers/ContactController.php(97): view('Admin/ViewContactDetails', [...])
10 SYSTEMPATH/CodeIgniter.php(942): App\Controllers\ContactController->ViewContact()
11 SYSTEMPATH/CodeIgniter.php(502): CodeIgniter\CodeIgniter->runController(Object(App\Controllers\ContactController))
12 SYSTEMPATH/CodeIgniter.php(361): CodeIgniter\CodeIgniter->handleRequest(null, Object(Config\Cache), false)
13 FCPATH/index.php(79): CodeIgniter\CodeIgniter->run()
CRITICAL - 2024-12-28 06:14:24 --> Undefined global variable $_SESSION
in APPPATH/Views/Admin/includes/header.php on line 120.
 1 APPPATH/Views/Admin/includes/header.php(120): CodeIgniter\Debug\Exceptions->errorHandler(2, 'Undefined global variable $_SESSION', '/home/sitsolutionsco/public_html/cuknuk.sitsolutions.co.in/app/Views/Admin/includes/header.php', 120)
 2 SYSTEMPATH/View/View.php(228): include('/home/sitsolutionsco/public_html/cuknuk.sitsolutions.co.in/app/Views/Admin/includes/header.php')
 3 SYSTEMPATH/View/View.php(231): CodeIgniter\View\View->CodeIgniter\View\{closure}()
 4 SYSTEMPATH/Common.php(1190): CodeIgniter\View\View->render('Admin/includes/header', [], true)
 5 APPPATH/Views/Admin/AddCategory.php(17): view('Admin/includes/header')
 6 SYSTEMPATH/View/View.php(228): include('/home/sitsolutionsco/public_html/cuknuk.sitsolutions.co.in/app/Views/Admin/AddCategory.php')
 7 SYSTEMPATH/View/View.php(231): CodeIgniter\View\View->CodeIgniter\View\{closure}()
 8 SYSTEMPATH/Common.php(1190): CodeIgniter\View\View->render('Admin/AddCategory', [], true)
 9 APPPATH/Controllers/CategoryController.php(21): view('Admin/AddCategory')
10 SYSTEMPATH/CodeIgniter.php(942): App\Controllers\CategoryController->AddCategory()
11 SYSTEMPATH/CodeIgniter.php(502): CodeIgniter\CodeIgniter->runController(Object(App\Controllers\CategoryController))
12 SYSTEMPATH/CodeIgniter.php(361): CodeIgniter\CodeIgniter->handleRequest(null, Object(Config\Cache), false)
13 FCPATH/index.php(79): CodeIgniter\CodeIgniter->run()
CRITICAL - 2024-12-28 06:14:51 --> Undefined global variable $_SESSION
in APPPATH/Views/Admin/includes/header.php on line 120.
 1 APPPATH/Views/Admin/includes/header.php(120): CodeIgniter\Debug\Exceptions->errorHandler(2, 'Undefined global variable $_SESSION', '/home/sitsolutionsco/public_html/cuknuk.sitsolutions.co.in/app/Views/Admin/includes/header.php', 120)
 2 SYSTEMPATH/View/View.php(228): include('/home/sitsolutionsco/public_html/cuknuk.sitsolutions.co.in/app/Views/Admin/includes/header.php')
 3 SYSTEMPATH/View/View.php(231): CodeIgniter\View\View->CodeIgniter\View\{closure}()
 4 SYSTEMPATH/Common.php(1190): CodeIgniter\View\View->render('Admin/includes/header', [], true)
 5 APPPATH/Views/Admin/ViewContactDetails.php(8): view('Admin/includes/header')
 6 SYSTEMPATH/View/View.php(228): include('/home/sitsolutionsco/public_html/cuknuk.sitsolutions.co.in/app/Views/Admin/ViewContactDetails.php')
 7 SYSTEMPATH/View/View.php(231): CodeIgniter\View\View->CodeIgniter\View\{closure}()
 8 SYSTEMPATH/Common.php(1190): CodeIgniter\View\View->render('Admin/ViewContactDetails', [], true)
 9 APPPATH/Controllers/ContactController.php(97): view('Admin/ViewContactDetails', [...])
10 SYSTEMPATH/CodeIgniter.php(942): App\Controllers\ContactController->ViewContact()
11 SYSTEMPATH/CodeIgniter.php(502): CodeIgniter\CodeIgniter->runController(Object(App\Controllers\ContactController))
12 SYSTEMPATH/CodeIgniter.php(361): CodeIgniter\CodeIgniter->handleRequest(null, Object(Config\Cache), false)
13 FCPATH/index.php(79): CodeIgniter\CodeIgniter->run()
CRITICAL - 2024-12-28 06:15:09 --> Undefined global variable $_SESSION
in APPPATH/Views/Admin/includes/header.php on line 120.
 1 APPPATH/Views/Admin/includes/header.php(120): CodeIgniter\Debug\Exceptions->errorHandler(2, 'Undefined global variable $_SESSION', '/home/sitsolutionsco/public_html/cuknuk.sitsolutions.co.in/app/Views/Admin/includes/header.php', 120)
 2 SYSTEMPATH/View/View.php(228): include('/home/sitsolutionsco/public_html/cuknuk.sitsolutions.co.in/app/Views/Admin/includes/header.php')
 3 SYSTEMPATH/View/View.php(231): CodeIgniter\View\View->CodeIgniter\View\{closure}()
 4 SYSTEMPATH/Common.php(1190): CodeIgniter\View\View->render('Admin/includes/header', [], true)
 5 APPPATH/Views/Admin/AddCategory.php(17): view('Admin/includes/header')
 6 SYSTEMPATH/View/View.php(228): include('/home/sitsolutionsco/public_html/cuknuk.sitsolutions.co.in/app/Views/Admin/AddCategory.php')
 7 SYSTEMPATH/View/View.php(231): CodeIgniter\View\View->CodeIgniter\View\{closure}()
 8 SYSTEMPATH/Common.php(1190): CodeIgniter\View\View->render('Admin/AddCategory', [], true)
 9 APPPATH/Controllers/CategoryController.php(205): view('Admin/AddCategory', [...])
10 SYSTEMPATH/CodeIgniter.php(942): App\Controllers\CategoryController->UpdateCategory()
11 SYSTEMPATH/CodeIgniter.php(502): CodeIgniter\CodeIgniter->runController(Object(App\Controllers\CategoryController))
12 SYSTEMPATH/CodeIgniter.php(361): CodeIgniter\CodeIgniter->handleRequest(null, Object(Config\Cache), false)
13 FCPATH/index.php(79): CodeIgniter\CodeIgniter->run()
CRITICAL - 2024-12-28 06:15:17 --> Undefined global variable $_SESSION
in APPPATH/Views/Admin/includes/header.php on line 120.
 1 APPPATH/Views/Admin/includes/header.php(120): CodeIgniter\Debug\Exceptions->errorHandler(2, 'Undefined global variable $_SESSION', '/home/sitsolutionsco/public_html/cuknuk.sitsolutions.co.in/app/Views/Admin/includes/header.php', 120)
 2 SYSTEMPATH/View/View.php(228): include('/home/sitsolutionsco/public_html/cuknuk.sitsolutions.co.in/app/Views/Admin/includes/header.php')
 3 SYSTEMPATH/View/View.php(231): CodeIgniter\View\View->CodeIgniter\View\{closure}()
 4 SYSTEMPATH/Common.php(1190): CodeIgniter\View\View->render('Admin/includes/header', [], true)
 5 APPPATH/Views/Admin/AddCategory.php(17): view('Admin/includes/header')
 6 SYSTEMPATH/View/View.php(228): include('/home/sitsolutionsco/public_html/cuknuk.sitsolutions.co.in/app/Views/Admin/AddCategory.php')
 7 SYSTEMPATH/View/View.php(231): CodeIgniter\View\View->CodeIgniter\View\{closure}()
 8 SYSTEMPATH/Common.php(1190): CodeIgniter\View\View->render('Admin/AddCategory', [], true)
 9 APPPATH/Controllers/CategoryController.php(21): view('Admin/AddCategory')
10 SYSTEMPATH/CodeIgniter.php(942): App\Controllers\CategoryController->AddCategory()
11 SYSTEMPATH/CodeIgniter.php(502): CodeIgniter\CodeIgniter->runController(Object(App\Controllers\CategoryController))
12 SYSTEMPATH/CodeIgniter.php(361): CodeIgniter\CodeIgniter->handleRequest(null, Object(Config\Cache), false)
13 FCPATH/index.php(79): CodeIgniter\CodeIgniter->run()
CRITICAL - 2024-12-28 06:15:25 --> Undefined global variable $_SESSION
in APPPATH/Views/Admin/includes/header.php on line 120.
 1 APPPATH/Views/Admin/includes/header.php(120): CodeIgniter\Debug\Exceptions->errorHandler(2, 'Undefined global variable $_SESSION', '/home/sitsolutionsco/public_html/cuknuk.sitsolutions.co.in/app/Views/Admin/includes/header.php', 120)
 2 SYSTEMPATH/View/View.php(228): include('/home/sitsolutionsco/public_html/cuknuk.sitsolutions.co.in/app/Views/Admin/includes/header.php')
 3 SYSTEMPATH/View/View.php(231): CodeIgniter\View\View->CodeIgniter\View\{closure}()
 4 SYSTEMPATH/Common.php(1190): CodeIgniter\View\View->render('Admin/includes/header', [], true)
 5 APPPATH/Views/Admin/AddCategory.php(17): view('Admin/includes/header')
 6 SYSTEMPATH/View/View.php(228): include('/home/sitsolutionsco/public_html/cuknuk.sitsolutions.co.in/app/Views/Admin/AddCategory.php')
 7 SYSTEMPATH/View/View.php(231): CodeIgniter\View\View->CodeIgniter\View\{closure}()
 8 SYSTEMPATH/Common.php(1190): CodeIgniter\View\View->render('Admin/AddCategory', [], true)
 9 APPPATH/Controllers/CategoryController.php(205): view('Admin/AddCategory', [...])
10 SYSTEMPATH/CodeIgniter.php(942): App\Controllers\CategoryController->UpdateCategory()
11 SYSTEMPATH/CodeIgniter.php(502): CodeIgniter\CodeIgniter->runController(Object(App\Controllers\CategoryController))
12 SYSTEMPATH/CodeIgniter.php(361): CodeIgniter\CodeIgniter->handleRequest(null, Object(Config\Cache), false)
13 FCPATH/index.php(79): CodeIgniter\CodeIgniter->run()
CRITICAL - 2024-12-28 06:15:36 --> Undefined array key "id"
in APPPATH/Views/Admin/includes/header.php on line 123.
 1 APPPATH/Views/Admin/includes/header.php(123): CodeIgniter\Debug\Exceptions->errorHandler(2, 'Undefined array key "id"', '/home/sitsolutionsco/public_html/cuknuk.sitsolutions.co.in/app/Views/Admin/includes/header.php', 123)
 2 SYSTEMPATH/View/View.php(228): include('/home/sitsolutionsco/public_html/cuknuk.sitsolutions.co.in/app/Views/Admin/includes/header.php')
 3 SYSTEMPATH/View/View.php(231): CodeIgniter\View\View->CodeIgniter\View\{closure}()
 4 SYSTEMPATH/Common.php(1190): CodeIgniter\View\View->render('Admin/includes/header', [], true)
 5 APPPATH/Views/Admin/ViewContactDetails.php(8): view('Admin/includes/header')
 6 SYSTEMPATH/View/View.php(228): include('/home/sitsolutionsco/public_html/cuknuk.sitsolutions.co.in/app/Views/Admin/ViewContactDetails.php')
 7 SYSTEMPATH/View/View.php(231): CodeIgniter\View\View->CodeIgniter\View\{closure}()
 8 SYSTEMPATH/Common.php(1190): CodeIgniter\View\View->render('Admin/ViewContactDetails', [], true)
 9 APPPATH/Controllers/ContactController.php(97): view('Admin/ViewContactDetails', [...])
10 SYSTEMPATH/CodeIgniter.php(942): App\Controllers\ContactController->ViewContact()
11 SYSTEMPATH/CodeIgniter.php(502): CodeIgniter\CodeIgniter->runController(Object(App\Controllers\ContactController))
12 SYSTEMPATH/CodeIgniter.php(361): CodeIgniter\CodeIgniter->handleRequest(null, Object(Config\Cache), false)
13 FCPATH/index.php(79): CodeIgniter\CodeIgniter->run()
CRITICAL - 2024-12-28 06:15:38 --> Undefined array key "id"
in APPPATH/Views/Admin/includes/header.php on line 123.
 1 APPPATH/Views/Admin/includes/header.php(123): CodeIgniter\Debug\Exceptions->errorHandler(2, 'Undefined array key "id"', '/home/sitsolutionsco/public_html/cuknuk.sitsolutions.co.in/app/Views/Admin/includes/header.php', 123)
 2 SYSTEMPATH/View/View.php(228): include('/home/sitsolutionsco/public_html/cuknuk.sitsolutions.co.in/app/Views/Admin/includes/header.php')
 3 SYSTEMPATH/View/View.php(231): CodeIgniter\View\View->CodeIgniter\View\{closure}()
 4 SYSTEMPATH/Common.php(1190): CodeIgniter\View\View->render('Admin/includes/header', [], true)
 5 APPPATH/Views/Admin/ViewContactDetails.php(8): view('Admin/includes/header')
 6 SYSTEMPATH/View/View.php(228): include('/home/sitsolutionsco/public_html/cuknuk.sitsolutions.co.in/app/Views/Admin/ViewContactDetails.php')
 7 SYSTEMPATH/View/View.php(231): CodeIgniter\View\View->CodeIgniter\View\{closure}()
 8 SYSTEMPATH/Common.php(1190): CodeIgniter\View\View->render('Admin/ViewContactDetails', [], true)
 9 APPPATH/Controllers/ContactController.php(97): view('Admin/ViewContactDetails', [...])
10 SYSTEMPATH/CodeIgniter.php(942): App\Controllers\ContactController->ViewContact()
11 SYSTEMPATH/CodeIgniter.php(502): CodeIgniter\CodeIgniter->runController(Object(App\Controllers\ContactController))
12 SYSTEMPATH/CodeIgniter.php(361): CodeIgniter\CodeIgniter->handleRequest(null, Object(Config\Cache), false)
13 FCPATH/index.php(79): CodeIgniter\CodeIgniter->run()
CRITICAL - 2024-12-28 06:16:20 --> Class "App\Controllers\LoginModel" not found
in APPPATH/Controllers/CategoryController.php on line 14.
 1 SYSTEMPATH/CodeIgniter.php(914): App\Controllers\CategoryController->__construct()
 2 SYSTEMPATH/CodeIgniter.php(493): CodeIgniter\CodeIgniter->createController()
 3 SYSTEMPATH/CodeIgniter.php(361): CodeIgniter\CodeIgniter->handleRequest(null, Object(Config\Cache), false)
 4 FCPATH/index.php(79): CodeIgniter\CodeIgniter->run()
CRITICAL - 2024-12-28 06:16:22 --> Class "App\Controllers\LoginModel" not found
in APPPATH/Controllers/CategoryController.php on line 14.
 1 SYSTEMPATH/CodeIgniter.php(914): App\Controllers\CategoryController->__construct()
 2 SYSTEMPATH/CodeIgniter.php(493): CodeIgniter\CodeIgniter->createController()
 3 SYSTEMPATH/CodeIgniter.php(361): CodeIgniter\CodeIgniter->handleRequest(null, Object(Config\Cache), false)
 4 FCPATH/index.php(79): CodeIgniter\CodeIgniter->run()
CRITICAL - 2024-12-28 06:57:48 --> "email" is not a valid rule.
in SYSTEMPATH/Validation/Validation.php on line 319.
 1 SYSTEMPATH/Validation/Validation.php(319): CodeIgniter\Validation\Exceptions\ValidationException::forRuleNotFound('email')
 2 SYSTEMPATH/Validation/Validation.php(197): CodeIgniter\Validation\Validation->processRules('email', 'email', 'demo@gmail.com', [...], [...])
 3 APPPATH/Controllers/ContactController.php(56): CodeIgniter\Validation\Validation->run()
 4 SYSTEMPATH/CodeIgniter.php(942): App\Controllers\ContactController->ContactProcess()
 5 SYSTEMPATH/CodeIgniter.php(502): CodeIgniter\CodeIgniter->runController(Object(App\Controllers\ContactController))
 6 SYSTEMPATH/CodeIgniter.php(361): CodeIgniter\CodeIgniter->handleRequest(null, Object(Config\Cache), false)
 7 FCPATH/index.php(79): CodeIgniter\CodeIgniter->run()
CRITICAL - 2024-12-28 06:58:26 --> "regex:/^" is not a valid rule.
in SYSTEMPATH/Validation/Validation.php on line 319.
 1 SYSTEMPATH/Validation/Validation.php(319): CodeIgniter\Validation\Exceptions\ValidationException::forRuleNotFound('regex:/^')
 2 SYSTEMPATH/Validation/Validation.php(197): CodeIgniter\Validation\Validation->processRules('email', 'email', 'demo@gmail.com', [...], [...])
 3 APPPATH/Controllers/ContactController.php(56): CodeIgniter\Validation\Validation->run()
 4 SYSTEMPATH/CodeIgniter.php(942): App\Controllers\ContactController->ContactProcess()
 5 SYSTEMPATH/CodeIgniter.php(502): CodeIgniter\CodeIgniter->runController(Object(App\Controllers\ContactController))
 6 SYSTEMPATH/CodeIgniter.php(361): CodeIgniter\CodeIgniter->handleRequest(null, Object(Config\Cache), false)
 7 FCPATH/index.php(79): CodeIgniter\CodeIgniter->run()
CRITICAL - 2024-12-28 06:58:54 --> "regex:/^" is not a valid rule.
in SYSTEMPATH/Validation/Validation.php on line 319.
 1 SYSTEMPATH/Validation/Validation.php(319): CodeIgniter\Validation\Exceptions\ValidationException::forRuleNotFound('regex:/^')
 2 SYSTEMPATH/Validation/Validation.php(197): CodeIgniter\Validation\Validation->processRules('email', 'email', 'demo@gmail.com', [...], [...])
 3 APPPATH/Controllers/ContactController.php(56): CodeIgniter\Validation\Validation->run()
 4 SYSTEMPATH/CodeIgniter.php(942): App\Controllers\ContactController->ContactProcess()
 5 SYSTEMPATH/CodeIgniter.php(502): CodeIgniter\CodeIgniter->runController(Object(App\Controllers\ContactController))
 6 SYSTEMPATH/CodeIgniter.php(361): CodeIgniter\CodeIgniter->handleRequest(null, Object(Config\Cache), false)
 7 FCPATH/index.php(79): CodeIgniter\CodeIgniter->run()
CRITICAL - 2024-12-28 06:59:43 --> "digits:10" is not a valid rule.
in SYSTEMPATH/Validation/Validation.php on line 319.
 1 SYSTEMPATH/Validation/Validation.php(319): CodeIgniter\Validation\Exceptions\ValidationException::forRuleNotFound('digits:10')
 2 SYSTEMPATH/Validation/Validation.php(197): CodeIgniter\Validation\Validation->processRules('phone_no', 'phone_no', '666666666', [...], [...])
 3 APPPATH/Controllers/ContactController.php(55): CodeIgniter\Validation\Validation->run()
 4 SYSTEMPATH/CodeIgniter.php(942): App\Controllers\ContactController->ContactProcess()
 5 SYSTEMPATH/CodeIgniter.php(502): CodeIgniter\CodeIgniter->runController(Object(App\Controllers\ContactController))
 6 SYSTEMPATH/CodeIgniter.php(361): CodeIgniter\CodeIgniter->handleRequest(null, Object(Config\Cache), false)
 7 FCPATH/index.php(79): CodeIgniter\CodeIgniter->run()
CRITICAL - 2024-12-28 07:13:34 --> preg_match(): Compilation failed: \g is not followed by a braced, angle-bracketed, or quoted name/number or by a plain number at offset 36
in SYSTEMPATH/Validation/FormatRules.php on line 173.
 1 [internal function]: CodeIgniter\Debug\Exceptions->errorHandler(2, 'preg_match(): Compilation failed: \\g is not followed by a braced, angle-bracketed, or quoted name/number or by a plain number at offset 36', '/home/sitsolutionsco/public_html/cuknuk.sitsolutions.co.in/system/Validation/FormatRules.php', 173)
 2 SYSTEMPATH/Validation/FormatRules.php(173): preg_match('/^[a-zA-Z0-9._%+-]+[a-zA-Z0-9._%+-]\\gmail.com$/', 'demo@gmail.com')
 3 SYSTEMPATH/Validation/StrictRules/FormatRules.php(269): CodeIgniter\Validation\FormatRules->regex_match('demo@gmail.com', '/^[a-zA-Z0-9._%+-]+[a-zA-Z0-9._%+-]\\gmail.com$/')
 4 SYSTEMPATH/Validation/Validation.php(311): CodeIgniter\Validation\StrictRules\FormatRules->regex_match('demo@gmail.com', '/^[a-zA-Z0-9._%+-]+[a-zA-Z0-9._%+-]\\gmail.com$/', [...], null, 'email')
 5 SYSTEMPATH/Validation/Validation.php(197): CodeIgniter\Validation\Validation->processRules('email', 'email', 'demo@gmail.com', [...], [...])
 6 APPPATH/Controllers/ContactController.php(57): CodeIgniter\Validation\Validation->run()
 7 SYSTEMPATH/CodeIgniter.php(942): App\Controllers\ContactController->ContactProcess()
 8 SYSTEMPATH/CodeIgniter.php(502): CodeIgniter\CodeIgniter->runController(Object(App\Controllers\ContactController))
 9 SYSTEMPATH/CodeIgniter.php(361): CodeIgniter\CodeIgniter->handleRequest(null, Object(Config\Cache), false)
10 FCPATH/index.php(79): CodeIgniter\CodeIgniter->run()
CRITICAL - 2024-12-28 07:53:59 --> "" is not a valid rule.
in SYSTEMPATH/Validation/Validation.php on line 319.
 1 SYSTEMPATH/Validation/Validation.php(319): CodeIgniter\Validation\Exceptions\ValidationException::forRuleNotFound('')
 2 SYSTEMPATH/Validation/Validation.php(197): CodeIgniter\Validation\Validation->processRules('product_name', 'product_name', '11qqqqqqqq11qqqqqqqq', [...], [...])
 3 APPPATH/Controllers/ProductController.php(79): CodeIgniter\Validation\Validation->run()
 4 SYSTEMPATH/CodeIgniter.php(942): App\Controllers\ProductController->ProductInserted()
 5 SYSTEMPATH/CodeIgniter.php(502): CodeIgniter\CodeIgniter->runController(Object(App\Controllers\ProductController))
 6 SYSTEMPATH/CodeIgniter.php(361): CodeIgniter\CodeIgniter->handleRequest(null, Object(Config\Cache), false)
 7 FCPATH/index.php(79): CodeIgniter\CodeIgniter->run()
ERROR - 2024-12-28 08:00:02 --> mysqli_sql_exception: You have an error in your SQL syntax; check the manual that corresponds to your MySQL server version for the right syntax to use near '' at line 1 in /home/sitsolutionsco/public_html/cuknuk.sitsolutions.co.in/system/Database/MySQLi/Connection.php:306
Stack trace:
#0 /home/sitsolutionsco/public_html/cuknuk.sitsolutions.co.in/system/Database/MySQLi/Connection.php(306): mysqli->query('SELECT COUNT(di...', 0)
#1 /home/sitsolutionsco/public_html/cuknuk.sitsolutions.co.in/system/Database/BaseConnection.php(693): CodeIgniter\Database\MySQLi\Connection->execute('SELECT COUNT(di...')
#2 /home/sitsolutionsco/public_html/cuknuk.sitsolutions.co.in/system/Database/BaseConnection.php(607): CodeIgniter\Database\BaseConnection->simpleQuery('SELECT COUNT(di...')
#3 /home/sitsolutionsco/public_html/cuknuk.sitsolutions.co.in/app/Models/ProductModel.php(111): CodeIgniter\Database\BaseConnection->query('SELECT COUNT(di...')
#4 /home/sitsolutionsco/public_html/cuknuk.sitsolutions.co.in/app/Controllers/AdminController.php(25): App\Models\ProductModel->getProductCount()
#5 /home/sitsolutionsco/public_html/cuknuk.sitsolutions.co.in/system/CodeIgniter.php(942): App\Controllers\AdminController->AdminDashboard()
#6 /home/sitsolutionsco/public_html/cuknuk.sitsolutions.co.in/system/CodeIgniter.php(502): CodeIgniter\CodeIgniter->runController(Object(App\Controllers\AdminController))
#7 /home/sitsolutionsco/public_html/cuknuk.sitsolutions.co.in/system/CodeIgniter.php(361): CodeIgniter\CodeIgniter->handleRequest(NULL, Object(Config\Cache), false)
#8 /home/sitsolutionsco/public_html/cuknuk.sitsolutions.co.in/index.php(79): CodeIgniter\CodeIgniter->run()
#9 {main}
CRITICAL - 2024-12-28 08:00:02 --> You have an error in your SQL syntax; check the manual that corresponds to your MySQL server version for the right syntax to use near '' at line 1
in SYSTEMPATH/Database/BaseConnection.php on line 647.
 1 APPPATH/Models/ProductModel.php(111): CodeIgniter\Database\BaseConnection->query('SELECT COUNT(distinct(id)) AS product_count FROM `tbl_product` where ')
 2 APPPATH/Controllers/AdminController.php(25): App\Models\ProductModel->getProductCount()
 3 SYSTEMPATH/CodeIgniter.php(942): App\Controllers\AdminController->AdminDashboard()
 4 SYSTEMPATH/CodeIgniter.php(502): CodeIgniter\CodeIgniter->runController(Object(App\Controllers\AdminController))
 5 SYSTEMPATH/CodeIgniter.php(361): CodeIgniter\CodeIgniter->handleRequest(null, Object(Config\Cache), false)
 6 FCPATH/index.php(79): CodeIgniter\CodeIgniter->run()
ERROR - 2024-12-28 08:00:12 --> mysqli_sql_exception: You have an error in your SQL syntax; check the manual that corresponds to your MySQL server version for the right syntax to use near '' at line 1 in /home/sitsolutionsco/public_html/cuknuk.sitsolutions.co.in/system/Database/MySQLi/Connection.php:306
Stack trace:
#0 /home/sitsolutionsco/public_html/cuknuk.sitsolutions.co.in/system/Database/MySQLi/Connection.php(306): mysqli->query('SELECT COUNT(id...', 0)
#1 /home/sitsolutionsco/public_html/cuknuk.sitsolutions.co.in/system/Database/BaseConnection.php(693): CodeIgniter\Database\MySQLi\Connection->execute('SELECT COUNT(id...')
#2 /home/sitsolutionsco/public_html/cuknuk.sitsolutions.co.in/system/Database/BaseConnection.php(607): CodeIgniter\Database\BaseConnection->simpleQuery('SELECT COUNT(id...')
#3 /home/sitsolutionsco/public_html/cuknuk.sitsolutions.co.in/app/Models/ProductModel.php(111): CodeIgniter\Database\BaseConnection->query('SELECT COUNT(id...')
#4 /home/sitsolutionsco/public_html/cuknuk.sitsolutions.co.in/app/Controllers/AdminController.php(25): App\Models\ProductModel->getProductCount()
#5 /home/sitsolutionsco/public_html/cuknuk.sitsolutions.co.in/system/CodeIgniter.php(942): App\Controllers\AdminController->AdminDashboard()
#6 /home/sitsolutionsco/public_html/cuknuk.sitsolutions.co.in/system/CodeIgniter.php(502): CodeIgniter\CodeIgniter->runController(Object(App\Controllers\AdminController))
#7 /home/sitsolutionsco/public_html/cuknuk.sitsolutions.co.in/system/CodeIgniter.php(361): CodeIgniter\CodeIgniter->handleRequest(NULL, Object(Config\Cache), false)
#8 /home/sitsolutionsco/public_html/cuknuk.sitsolutions.co.in/index.php(79): CodeIgniter\CodeIgniter->run()
#9 {main}
CRITICAL - 2024-12-28 08:00:12 --> You have an error in your SQL syntax; check the manual that corresponds to your MySQL server version for the right syntax to use near '' at line 1
in SYSTEMPATH/Database/BaseConnection.php on line 647.
 1 APPPATH/Models/ProductModel.php(111): CodeIgniter\Database\BaseConnection->query('SELECT COUNT(id) AS product_count FROM `tbl_product` where ')
 2 APPPATH/Controllers/AdminController.php(25): App\Models\ProductModel->getProductCount()
 3 SYSTEMPATH/CodeIgniter.php(942): App\Controllers\AdminController->AdminDashboard()
 4 SYSTEMPATH/CodeIgniter.php(502): CodeIgniter\CodeIgniter->runController(Object(App\Controllers\AdminController))
 5 SYSTEMPATH/CodeIgniter.php(361): CodeIgniter\CodeIgniter->handleRequest(null, Object(Config\Cache), false)
 6 FCPATH/index.php(79): CodeIgniter\CodeIgniter->run()
CRITICAL - 2024-12-28 08:07:22 --> Undefined array key "category_name"
in APPPATH/Views/Admin/ViewProducts.php on line 53.
 1 APPPATH/Views/Admin/ViewProducts.php(53): CodeIgniter\Debug\Exceptions->errorHandler(2, 'Undefined array key "category_name"', '/home/sitsolutionsco/public_html/cuknuk.sitsolutions.co.in/app/Views/Admin/ViewProducts.php', 53)
 2 SYSTEMPATH/View/View.php(228): include('/home/sitsolutionsco/public_html/cuknuk.sitsolutions.co.in/app/Views/Admin/ViewProducts.php')
 3 SYSTEMPATH/View/View.php(231): CodeIgniter\View\View->CodeIgniter\View\{closure}()
 4 SYSTEMPATH/Common.php(1190): CodeIgniter\View\View->render('Admin/ViewProducts', [], true)
 5 APPPATH/Controllers/ProductController.php(25): view('Admin/ViewProducts', [...])
 6 SYSTEMPATH/CodeIgniter.php(942): App\Controllers\ProductController->ViewProducts()
 7 SYSTEMPATH/CodeIgniter.php(502): CodeIgniter\CodeIgniter->runController(Object(App\Controllers\ProductController))
 8 SYSTEMPATH/CodeIgniter.php(361): CodeIgniter\CodeIgniter->handleRequest(null, Object(Config\Cache), false)
 9 FCPATH/index.php(79): CodeIgniter\CodeIgniter->run()
CRITICAL - 2024-12-28 08:07:48 --> Undefined array key "category_name"
in APPPATH/Views/Admin/ViewProducts.php on line 58.
 1 APPPATH/Views/Admin/ViewProducts.php(58): CodeIgniter\Debug\Exceptions->errorHandler(2, 'Undefined array key "category_name"', '/home/sitsolutionsco/public_html/cuknuk.sitsolutions.co.in/app/Views/Admin/ViewProducts.php', 58)
 2 SYSTEMPATH/View/View.php(228): include('/home/sitsolutionsco/public_html/cuknuk.sitsolutions.co.in/app/Views/Admin/ViewProducts.php')
 3 SYSTEMPATH/View/View.php(231): CodeIgniter\View\View->CodeIgniter\View\{closure}()
 4 SYSTEMPATH/Common.php(1190): CodeIgniter\View\View->render('Admin/ViewProducts', [], true)
 5 APPPATH/Controllers/ProductController.php(25): view('Admin/ViewProducts', [...])
 6 SYSTEMPATH/CodeIgniter.php(942): App\Controllers\ProductController->ViewProducts()
 7 SYSTEMPATH/CodeIgniter.php(502): CodeIgniter\CodeIgniter->runController(Object(App\Controllers\ProductController))
 8 SYSTEMPATH/CodeIgniter.php(361): CodeIgniter\CodeIgniter->handleRequest(null, Object(Config\Cache), false)
 9 FCPATH/index.php(79): CodeIgniter\CodeIgniter->run()
CRITICAL - 2024-12-28 08:08:04 --> Undefined array key "category_name"
in APPPATH/Views/Admin/ViewProducts.php on line 58.
 1 APPPATH/Views/Admin/ViewProducts.php(58): CodeIgniter\Debug\Exceptions->errorHandler(2, 'Undefined array key "category_name"', '/home/sitsolutionsco/public_html/cuknuk.sitsolutions.co.in/app/Views/Admin/ViewProducts.php', 58)
 2 SYSTEMPATH/View/View.php(228): include('/home/sitsolutionsco/public_html/cuknuk.sitsolutions.co.in/app/Views/Admin/ViewProducts.php')
 3 SYSTEMPATH/View/View.php(231): CodeIgniter\View\View->CodeIgniter\View\{closure}()
 4 SYSTEMPATH/Common.php(1190): CodeIgniter\View\View->render('Admin/ViewProducts', [], true)
 5 APPPATH/Controllers/ProductController.php(25): view('Admin/ViewProducts', [...])
 6 SYSTEMPATH/CodeIgniter.php(942): App\Controllers\ProductController->ViewProducts()
 7 SYSTEMPATH/CodeIgniter.php(502): CodeIgniter\CodeIgniter->runController(Object(App\Controllers\ProductController))
 8 SYSTEMPATH/CodeIgniter.php(361): CodeIgniter\CodeIgniter->handleRequest(null, Object(Config\Cache), false)
 9 FCPATH/index.php(79): CodeIgniter\CodeIgniter->run()
CRITICAL - 2024-12-28 08:08:19 --> Undefined array key "category_name"
in APPPATH/Views/Admin/ViewProducts.php on line 58.
 1 APPPATH/Views/Admin/ViewProducts.php(58): CodeIgniter\Debug\Exceptions->errorHandler(2, 'Undefined array key "category_name"', '/home/sitsolutionsco/public_html/cuknuk.sitsolutions.co.in/app/Views/Admin/ViewProducts.php', 58)
 2 SYSTEMPATH/View/View.php(228): include('/home/sitsolutionsco/public_html/cuknuk.sitsolutions.co.in/app/Views/Admin/ViewProducts.php')
 3 SYSTEMPATH/View/View.php(231): CodeIgniter\View\View->CodeIgniter\View\{closure}()
 4 SYSTEMPATH/Common.php(1190): CodeIgniter\View\View->render('Admin/ViewProducts', [], true)
 5 APPPATH/Controllers/ProductController.php(25): view('Admin/ViewProducts', [...])
 6 SYSTEMPATH/CodeIgniter.php(942): App\Controllers\ProductController->ViewProducts()
 7 SYSTEMPATH/CodeIgniter.php(502): CodeIgniter\CodeIgniter->runController(Object(App\Controllers\ProductController))
 8 SYSTEMPATH/CodeIgniter.php(361): CodeIgniter\CodeIgniter->handleRequest(null, Object(Config\Cache), false)
 9 FCPATH/index.php(79): CodeIgniter\CodeIgniter->run()
CRITICAL - 2024-12-28 08:08:56 --> Undefined constant "print_r"
in APPPATH/Views/Admin/ViewProducts.php on line 55.
 1 SYSTEMPATH/View/View.php(228): include()
 2 SYSTEMPATH/View/View.php(231): CodeIgniter\View\View->CodeIgniter\View\{closure}()
 3 SYSTEMPATH/Common.php(1190): CodeIgniter\View\View->render('Admin/ViewProducts', [], true)
 4 APPPATH/Controllers/ProductController.php(25): view('Admin/ViewProducts', [...])
 5 SYSTEMPATH/CodeIgniter.php(942): App\Controllers\ProductController->ViewProducts()
 6 SYSTEMPATH/CodeIgniter.php(502): CodeIgniter\CodeIgniter->runController(Object(App\Controllers\ProductController))
 7 SYSTEMPATH/CodeIgniter.php(361): CodeIgniter\CodeIgniter->handleRequest(null, Object(Config\Cache), false)
 8 FCPATH/index.php(79): CodeIgniter\CodeIgniter->run()
CRITICAL - 2024-12-28 08:08:59 --> Undefined constant "print_r"
in APPPATH/Views/Admin/ViewProducts.php on line 55.
 1 SYSTEMPATH/View/View.php(228): include()
 2 SYSTEMPATH/View/View.php(231): CodeIgniter\View\View->CodeIgniter\View\{closure}()
 3 SYSTEMPATH/Common.php(1190): CodeIgniter\View\View->render('Admin/ViewProducts', [], true)
 4 APPPATH/Controllers/ProductController.php(25): view('Admin/ViewProducts', [...])
 5 SYSTEMPATH/CodeIgniter.php(942): App\Controllers\ProductController->ViewProducts()
 6 SYSTEMPATH/CodeIgniter.php(502): CodeIgniter\CodeIgniter->runController(Object(App\Controllers\ProductController))
 7 SYSTEMPATH/CodeIgniter.php(361): CodeIgniter\CodeIgniter->handleRequest(null, Object(Config\Cache), false)
 8 FCPATH/index.php(79): CodeIgniter\CodeIgniter->run()
CRITICAL - 2024-12-28 08:09:39 --> Undefined array key "category_name"
in APPPATH/Views/Admin/ViewProducts.php on line 59.
 1 APPPATH/Views/Admin/ViewProducts.php(59): CodeIgniter\Debug\Exceptions->errorHandler(2, 'Undefined array key "category_name"', '/home/sitsolutionsco/public_html/cuknuk.sitsolutions.co.in/app/Views/Admin/ViewProducts.php', 59)
 2 SYSTEMPATH/View/View.php(228): include('/home/sitsolutionsco/public_html/cuknuk.sitsolutions.co.in/app/Views/Admin/ViewProducts.php')
 3 SYSTEMPATH/View/View.php(231): CodeIgniter\View\View->CodeIgniter\View\{closure}()
 4 SYSTEMPATH/Common.php(1190): CodeIgniter\View\View->render('Admin/ViewProducts', [], true)
 5 APPPATH/Controllers/ProductController.php(25): view('Admin/ViewProducts', [...])
 6 SYSTEMPATH/CodeIgniter.php(942): App\Controllers\ProductController->ViewProducts()
 7 SYSTEMPATH/CodeIgniter.php(502): CodeIgniter\CodeIgniter->runController(Object(App\Controllers\ProductController))
 8 SYSTEMPATH/CodeIgniter.php(361): CodeIgniter\CodeIgniter->handleRequest(null, Object(Config\Cache), false)
 9 FCPATH/index.php(79): CodeIgniter\CodeIgniter->run()
CRITICAL - 2024-12-28 13:29:25 --> Undefined array key "id"
in APPPATH/Views/Admin/includes/header.php on line 120.
 1 APPPATH/Views/Admin/includes/header.php(120): CodeIgniter\Debug\Exceptions->errorHandler(2, 'Undefined array key "id"', '/home/sitsolutionsco/public_html/cuknuk.sitsolutions.co.in/app/Views/Admin/includes/header.php', 120)
 2 SYSTEMPATH/View/View.php(228): include('/home/sitsolutionsco/public_html/cuknuk.sitsolutions.co.in/app/Views/Admin/includes/header.php')
 3 SYSTEMPATH/View/View.php(231): CodeIgniter\View\View->CodeIgniter\View\{closure}()
 4 SYSTEMPATH/Common.php(1190): CodeIgniter\View\View->render('Admin/includes/header', [], true)
 5 APPPATH/Views/Admin/ViewProducts.php(8): view('Admin/includes/header')
 6 SYSTEMPATH/View/View.php(228): include('/home/sitsolutionsco/public_html/cuknuk.sitsolutions.co.in/app/Views/Admin/ViewProducts.php')
 7 SYSTEMPATH/View/View.php(231): CodeIgniter\View\View->CodeIgniter\View\{closure}()
 8 SYSTEMPATH/Common.php(1190): CodeIgniter\View\View->render('Admin/ViewProducts', [], true)
 9 APPPATH/Controllers/ProductController.php(25): view('Admin/ViewProducts', [...])
10 SYSTEMPATH/CodeIgniter.php(942): App\Controllers\ProductController->ViewProducts()
11 SYSTEMPATH/CodeIgniter.php(502): CodeIgniter\CodeIgniter->runController(Object(App\Controllers\ProductController))
12 SYSTEMPATH/CodeIgniter.php(361): CodeIgniter\CodeIgniter->handleRequest(null, Object(Config\Cache), false)
13 FCPATH/index.php(79): CodeIgniter\CodeIgniter->run()
CRITICAL - 2024-12-28 13:29:52 --> Undefined array key "id"
in APPPATH/Views/Admin/includes/header.php on line 120.
 1 APPPATH/Views/Admin/includes/header.php(120): CodeIgniter\Debug\Exceptions->errorHandler(2, 'Undefined array key "id"', '/home/sitsolutionsco/public_html/cuknuk.sitsolutions.co.in/app/Views/Admin/includes/header.php', 120)
 2 SYSTEMPATH/View/View.php(228): include('/home/sitsolutionsco/public_html/cuknuk.sitsolutions.co.in/app/Views/Admin/includes/header.php')
 3 SYSTEMPATH/View/View.php(231): CodeIgniter\View\View->CodeIgniter\View\{closure}()
 4 SYSTEMPATH/Common.php(1190): CodeIgniter\View\View->render('Admin/includes/header', [], true)
 5 APPPATH/Views/Admin/ViewProducts.php(8): view('Admin/includes/header')
 6 SYSTEMPATH/View/View.php(228): include('/home/sitsolutionsco/public_html/cuknuk.sitsolutions.co.in/app/Views/Admin/ViewProducts.php')
 7 SYSTEMPATH/View/View.php(231): CodeIgniter\View\View->CodeIgniter\View\{closure}()
 8 SYSTEMPATH/Common.php(1190): CodeIgniter\View\View->render('Admin/ViewProducts', [], true)
 9 APPPATH/Controllers/ProductController.php(25): view('Admin/ViewProducts', [...])
10 SYSTEMPATH/CodeIgniter.php(942): App\Controllers\ProductController->ViewProducts()
11 SYSTEMPATH/CodeIgniter.php(502): CodeIgniter\CodeIgniter->runController(Object(App\Controllers\ProductController))
12 SYSTEMPATH/CodeIgniter.php(361): CodeIgniter\CodeIgniter->handleRequest(null, Object(Config\Cache), false)
13 FCPATH/index.php(79): CodeIgniter\CodeIgniter->run()
