CRITICAL - 2024-12-30 04:10:34 --> Undefined array key "id"
in APPPATH/Views/Admin/includes/header.php on line 120.
 1 APPPATH/Views/Admin/includes/header.php(120): CodeIgniter\Debug\Exceptions->errorHandler(2, 'Undefined array key "id"', '/home/sitsolutionsco/public_html/cuknuk.sitsolutions.co.in/app/Views/Admin/includes/header.php', 120)
 2 SYSTEMPATH/View/View.php(228): include('/home/sitsolutionsco/public_html/cuknuk.sitsolutions.co.in/app/Views/Admin/includes/header.php')
 3 SYSTEMPATH/View/View.php(231): CodeIgniter\View\View->CodeIgniter\View\{closure}()
 4 SYSTEMPATH/Common.php(1190): CodeIgniter\View\View->render('Admin/includes/header', [], true)
 5 APPPATH/Views/Admin/ViewProducts.php(8): view('Admin/includes/header')
 6 SYSTEMPATH/View/View.php(228): include('/home/sitsolutionsco/public_html/cuknuk.sitsolutions.co.in/app/Views/Admin/ViewProducts.php')
 7 SYSTEMPATH/View/View.php(231): CodeIgniter\View\View->CodeIgniter\View\{closure}()
 8 SYSTEMPATH/Common.php(1190): CodeIgniter\View\View->render('Admin/ViewProducts', [], true)
 9 APPPATH/Controllers/ProductController.php(25): view('Admin/ViewProducts', [...])
10 SYSTEMPATH/CodeIgniter.php(942): App\Controllers\ProductController->ViewProducts()
11 SYSTEMPATH/CodeIgniter.php(502): CodeIgniter\CodeIgniter->runController(Object(App\Controllers\ProductController))
12 SYSTEMPATH/CodeIgniter.php(361): CodeIgniter\CodeIgniter->handleRequest(null, Object(Config\Cache), false)
13 FCPATH/index.php(79): CodeIgniter\CodeIgniter->run()
CRITICAL - 2024-12-30 04:10:35 --> Undefined array key "id"
in APPPATH/Views/Admin/includes/header.php on line 120.
 1 APPPATH/Views/Admin/includes/header.php(120): CodeIgniter\Debug\Exceptions->errorHandler(2, 'Undefined array key "id"', '/home/sitsolutionsco/public_html/cuknuk.sitsolutions.co.in/app/Views/Admin/includes/header.php', 120)
 2 SYSTEMPATH/View/View.php(228): include('/home/sitsolutionsco/public_html/cuknuk.sitsolutions.co.in/app/Views/Admin/includes/header.php')
 3 SYSTEMPATH/View/View.php(231): CodeIgniter\View\View->CodeIgniter\View\{closure}()
 4 SYSTEMPATH/Common.php(1190): CodeIgniter\View\View->render('Admin/includes/header', [], true)
 5 APPPATH/Views/Admin/ViewProducts.php(8): view('Admin/includes/header')
 6 SYSTEMPATH/View/View.php(228): include('/home/sitsolutionsco/public_html/cuknuk.sitsolutions.co.in/app/Views/Admin/ViewProducts.php')
 7 SYSTEMPATH/View/View.php(231): CodeIgniter\View\View->CodeIgniter\View\{closure}()
 8 SYSTEMPATH/Common.php(1190): CodeIgniter\View\View->render('Admin/ViewProducts', [], true)
 9 APPPATH/Controllers/ProductController.php(25): view('Admin/ViewProducts', [...])
10 SYSTEMPATH/CodeIgniter.php(942): App\Controllers\ProductController->ViewProducts()
11 SYSTEMPATH/CodeIgniter.php(502): CodeIgniter\CodeIgniter->runController(Object(App\Controllers\ProductController))
12 SYSTEMPATH/CodeIgniter.php(361): CodeIgniter\CodeIgniter->handleRequest(null, Object(Config\Cache), false)
13 FCPATH/index.php(79): CodeIgniter\CodeIgniter->run()
CRITICAL - 2024-12-30 06:15:17 --> Undefined array key "product_type"
in APPPATH/Views/productDetails.php on line 90.
 1 APPPATH/Views/productDetails.php(90): CodeIgniter\Debug\Exceptions->errorHandler(2, 'Undefined array key "product_type"', '/home/sitsolutionsco/public_html/cuknuk.sitsolutions.co.in/app/Views/productDetails.php', 90)
 2 SYSTEMPATH/View/View.php(228): include('/home/sitsolutionsco/public_html/cuknuk.sitsolutions.co.in/app/Views/productDetails.php')
 3 SYSTEMPATH/View/View.php(231): CodeIgniter\View\View->CodeIgniter\View\{closure}()
 4 SYSTEMPATH/Common.php(1190): CodeIgniter\View\View->render('productDetails', [], true)
 5 APPPATH/Controllers/Home.php(85): view('productDetails', [...])
 6 SYSTEMPATH/CodeIgniter.php(942): App\Controllers\Home->productDetails()
 7 SYSTEMPATH/CodeIgniter.php(502): CodeIgniter\CodeIgniter->runController(Object(App\Controllers\Home))
 8 SYSTEMPATH/CodeIgniter.php(361): CodeIgniter\CodeIgniter->handleRequest(null, Object(Config\Cache), false)
 9 FCPATH/index.php(79): CodeIgniter\CodeIgniter->run()
CRITICAL - 2024-12-30 09:19:20 --> Undefined variable $categories
in APPPATH/Views/Product.php on line 29.
 1 APPPATH/Views/Product.php(29): CodeIgniter\Debug\Exceptions->errorHandler(2, 'Undefined variable $categories', '/home/sitsolutionsco/public_html/cuknuk.sitsolutions.co.in/app/Views/Product.php', 29)
 2 SYSTEMPATH/View/View.php(228): include('/home/sitsolutionsco/public_html/cuknuk.sitsolutions.co.in/app/Views/Product.php')
 3 SYSTEMPATH/View/View.php(231): CodeIgniter\View\View->CodeIgniter\View\{closure}()
 4 SYSTEMPATH/Common.php(1190): CodeIgniter\View\View->render('Product', [], true)
 5 APPPATH/Controllers/Home.php(76): view('Product', [...])
 6 SYSTEMPATH/CodeIgniter.php(942): App\Controllers\Home->Product()
 7 SYSTEMPATH/CodeIgniter.php(502): CodeIgniter\CodeIgniter->runController(Object(App\Controllers\Home))
 8 SYSTEMPATH/CodeIgniter.php(361): CodeIgniter\CodeIgniter->handleRequest(null, Object(Config\Cache), false)
 9 FCPATH/index.php(79): CodeIgniter\CodeIgniter->run()
CRITICAL - 2024-12-30 09:20:19 --> Undefined array key "name"
in APPPATH/Views/Product.php on line 33.
 1 APPPATH/Views/Product.php(33): CodeIgniter\Debug\Exceptions->errorHandler(2, 'Undefined array key "name"', '/home/sitsolutionsco/public_html/cuknuk.sitsolutions.co.in/app/Views/Product.php', 33)
 2 SYSTEMPATH/View/View.php(228): include('/home/sitsolutionsco/public_html/cuknuk.sitsolutions.co.in/app/Views/Product.php')
 3 SYSTEMPATH/View/View.php(231): CodeIgniter\View\View->CodeIgniter\View\{closure}()
 4 SYSTEMPATH/Common.php(1190): CodeIgniter\View\View->render('Product', [], true)
 5 APPPATH/Controllers/Home.php(76): view('Product', [...])
 6 SYSTEMPATH/CodeIgniter.php(942): App\Controllers\Home->Product()
 7 SYSTEMPATH/CodeIgniter.php(502): CodeIgniter\CodeIgniter->runController(Object(App\Controllers\Home))
 8 SYSTEMPATH/CodeIgniter.php(361): CodeIgniter\CodeIgniter->handleRequest(null, Object(Config\Cache), false)
 9 FCPATH/index.php(79): CodeIgniter\CodeIgniter->run()
CRITICAL - 2024-12-30 09:54:29 --> Undefined array key "id"
in APPPATH/Views/Admin/includes/header.php on line 120.
 1 APPPATH/Views/Admin/includes/header.php(120): CodeIgniter\Debug\Exceptions->errorHandler(2, 'Undefined array key "id"', '/home/sitsolutionsco/public_html/cuknuk.sitsolutions.co.in/app/Views/Admin/includes/header.php', 120)
 2 SYSTEMPATH/View/View.php(228): include('/home/sitsolutionsco/public_html/cuknuk.sitsolutions.co.in/app/Views/Admin/includes/header.php')
 3 SYSTEMPATH/View/View.php(231): CodeIgniter\View\View->CodeIgniter\View\{closure}()
 4 SYSTEMPATH/Common.php(1190): CodeIgniter\View\View->render('Admin/includes/header', [], true)
 5 APPPATH/Views/Admin/ViewProducts.php(8): view('Admin/includes/header')
 6 SYSTEMPATH/View/View.php(228): include('/home/sitsolutionsco/public_html/cuknuk.sitsolutions.co.in/app/Views/Admin/ViewProducts.php')
 7 SYSTEMPATH/View/View.php(231): CodeIgniter\View\View->CodeIgniter\View\{closure}()
 8 SYSTEMPATH/Common.php(1190): CodeIgniter\View\View->render('Admin/ViewProducts', [], true)
 9 APPPATH/Controllers/ProductController.php(25): view('Admin/ViewProducts', [...])
10 SYSTEMPATH/CodeIgniter.php(942): App\Controllers\ProductController->ViewProducts()
11 SYSTEMPATH/CodeIgniter.php(502): CodeIgniter\CodeIgniter->runController(Object(App\Controllers\ProductController))
12 SYSTEMPATH/CodeIgniter.php(361): CodeIgniter\CodeIgniter->handleRequest(null, Object(Config\Cache), false)
13 FCPATH/index.php(79): CodeIgniter\CodeIgniter->run()
CRITICAL - 2024-12-30 10:22:28 --> Attempt to read property "id" on array
in APPPATH/Views/Product.php on line 67.
 1 APPPATH/Views/Product.php(67): CodeIgniter\Debug\Exceptions->errorHandler(2, 'Attempt to read property "id" on array', '/home/sitsolutionsco/public_html/cuknuk.sitsolutions.co.in/app/Views/Product.php', 67)
 2 SYSTEMPATH/View/View.php(228): include('/home/sitsolutionsco/public_html/cuknuk.sitsolutions.co.in/app/Views/Product.php')
 3 SYSTEMPATH/View/View.php(231): CodeIgniter\View\View->CodeIgniter\View\{closure}()
 4 SYSTEMPATH/Common.php(1190): CodeIgniter\View\View->render('Product', [], true)
 5 APPPATH/Controllers/Home.php(76): view('Product', [...])
 6 SYSTEMPATH/CodeIgniter.php(942): App\Controllers\Home->Product()
 7 SYSTEMPATH/CodeIgniter.php(502): CodeIgniter\CodeIgniter->runController(Object(App\Controllers\Home))
 8 SYSTEMPATH/CodeIgniter.php(361): CodeIgniter\CodeIgniter->handleRequest(null, Object(Config\Cache), false)
 9 FCPATH/index.php(79): CodeIgniter\CodeIgniter->run()
CRITICAL - 2024-12-30 10:23:07 --> Attempt to read property "id" on array
in APPPATH/Views/Product.php on line 67.
 1 APPPATH/Views/Product.php(67): CodeIgniter\Debug\Exceptions->errorHandler(2, 'Attempt to read property "id" on array', '/home/sitsolutionsco/public_html/cuknuk.sitsolutions.co.in/app/Views/Product.php', 67)
 2 SYSTEMPATH/View/View.php(228): include('/home/sitsolutionsco/public_html/cuknuk.sitsolutions.co.in/app/Views/Product.php')
 3 SYSTEMPATH/View/View.php(231): CodeIgniter\View\View->CodeIgniter\View\{closure}()
 4 SYSTEMPATH/Common.php(1190): CodeIgniter\View\View->render('Product', [], true)
 5 APPPATH/Controllers/Home.php(76): view('Product', [...])
 6 SYSTEMPATH/CodeIgniter.php(942): App\Controllers\Home->Product()
 7 SYSTEMPATH/CodeIgniter.php(502): CodeIgniter\CodeIgniter->runController(Object(App\Controllers\Home))
 8 SYSTEMPATH/CodeIgniter.php(361): CodeIgniter\CodeIgniter->handleRequest(null, Object(Config\Cache), false)
 9 FCPATH/index.php(79): CodeIgniter\CodeIgniter->run()
CRITICAL - 2024-12-30 10:32:19 --> Undefined variable $request
in APPPATH/Controllers/ProductController.php on line 260.
 1 APPPATH/Controllers/ProductController.php(260): CodeIgniter\Debug\Exceptions->errorHandler(2, 'Undefined variable $request', '/home/sitsolutionsco/public_html/cuknuk.sitsolutions.co.in/app/Controllers/ProductController.php', 260)
 2 SYSTEMPATH/CodeIgniter.php(942): App\Controllers\ProductController->getCategoryProducts()
 3 SYSTEMPATH/CodeIgniter.php(502): CodeIgniter\CodeIgniter->runController(Object(App\Controllers\ProductController))
 4 SYSTEMPATH/CodeIgniter.php(361): CodeIgniter\CodeIgniter->handleRequest(null, Object(Config\Cache), false)
 5 FCPATH/index.php(79): CodeIgniter\CodeIgniter->run()
CRITICAL - 2024-12-30 10:32:50 --> Undefined variable $request
in APPPATH/Controllers/ProductController.php on line 260.
 1 APPPATH/Controllers/ProductController.php(260): CodeIgniter\Debug\Exceptions->errorHandler(2, 'Undefined variable $request', '/home/sitsolutionsco/public_html/cuknuk.sitsolutions.co.in/app/Controllers/ProductController.php', 260)
 2 SYSTEMPATH/CodeIgniter.php(942): App\Controllers\ProductController->getCategoryProducts()
 3 SYSTEMPATH/CodeIgniter.php(502): CodeIgniter\CodeIgniter->runController(Object(App\Controllers\ProductController))
 4 SYSTEMPATH/CodeIgniter.php(361): CodeIgniter\CodeIgniter->handleRequest(null, Object(Config\Cache), false)
 5 FCPATH/index.php(79): CodeIgniter\CodeIgniter->run()
CRITICAL - 2024-12-30 10:32:52 --> Undefined variable $request
in APPPATH/Controllers/ProductController.php on line 260.
 1 APPPATH/Controllers/ProductController.php(260): CodeIgniter\Debug\Exceptions->errorHandler(2, 'Undefined variable $request', '/home/sitsolutionsco/public_html/cuknuk.sitsolutions.co.in/app/Controllers/ProductController.php', 260)
 2 SYSTEMPATH/CodeIgniter.php(942): App\Controllers\ProductController->getCategoryProducts()
 3 SYSTEMPATH/CodeIgniter.php(502): CodeIgniter\CodeIgniter->runController(Object(App\Controllers\ProductController))
 4 SYSTEMPATH/CodeIgniter.php(361): CodeIgniter\CodeIgniter->handleRequest(null, Object(Config\Cache), false)
 5 FCPATH/index.php(79): CodeIgniter\CodeIgniter->run()
CRITICAL - 2024-12-30 10:33:44 --> Undefined variable $request
in APPPATH/Controllers/ProductController.php on line 260.
 1 APPPATH/Controllers/ProductController.php(260): CodeIgniter\Debug\Exceptions->errorHandler(2, 'Undefined variable $request', '/home/sitsolutionsco/public_html/cuknuk.sitsolutions.co.in/app/Controllers/ProductController.php', 260)
 2 SYSTEMPATH/CodeIgniter.php(942): App\Controllers\ProductController->getCategoryProducts()
 3 SYSTEMPATH/CodeIgniter.php(502): CodeIgniter\CodeIgniter->runController(Object(App\Controllers\ProductController))
 4 SYSTEMPATH/CodeIgniter.php(361): CodeIgniter\CodeIgniter->handleRequest(null, Object(Config\Cache), false)
 5 FCPATH/index.php(79): CodeIgniter\CodeIgniter->run()
CRITICAL - 2024-12-30 10:33:46 --> Undefined variable $request
in APPPATH/Controllers/ProductController.php on line 260.
 1 APPPATH/Controllers/ProductController.php(260): CodeIgniter\Debug\Exceptions->errorHandler(2, 'Undefined variable $request', '/home/sitsolutionsco/public_html/cuknuk.sitsolutions.co.in/app/Controllers/ProductController.php', 260)
 2 SYSTEMPATH/CodeIgniter.php(942): App\Controllers\ProductController->getCategoryProducts()
 3 SYSTEMPATH/CodeIgniter.php(502): CodeIgniter\CodeIgniter->runController(Object(App\Controllers\ProductController))
 4 SYSTEMPATH/CodeIgniter.php(361): CodeIgniter\CodeIgniter->handleRequest(null, Object(Config\Cache), false)
 5 FCPATH/index.php(79): CodeIgniter\CodeIgniter->run()
CRITICAL - 2024-12-30 10:36:07 --> Undefined variable $GET
in APPPATH/Controllers/ProductController.php on line 260.
 1 APPPATH/Controllers/ProductController.php(260): CodeIgniter\Debug\Exceptions->errorHandler(2, 'Undefined variable $GET', '/home/sitsolutionsco/public_html/cuknuk.sitsolutions.co.in/app/Controllers/ProductController.php', 260)
 2 SYSTEMPATH/CodeIgniter.php(942): App\Controllers\ProductController->getCategoryProducts()
 3 SYSTEMPATH/CodeIgniter.php(502): CodeIgniter\CodeIgniter->runController(Object(App\Controllers\ProductController))
 4 SYSTEMPATH/CodeIgniter.php(361): CodeIgniter\CodeIgniter->handleRequest(null, Object(Config\Cache), false)
 5 FCPATH/index.php(79): CodeIgniter\CodeIgniter->run()
CRITICAL - 2024-12-30 10:37:06 --> Undefined variable $request
in APPPATH/Controllers/ProductController.php on line 260.
 1 APPPATH/Controllers/ProductController.php(260): CodeIgniter\Debug\Exceptions->errorHandler(2, 'Undefined variable $request', '/home/sitsolutionsco/public_html/cuknuk.sitsolutions.co.in/app/Controllers/ProductController.php', 260)
 2 SYSTEMPATH/CodeIgniter.php(942): App\Controllers\ProductController->getCategoryProducts()
 3 SYSTEMPATH/CodeIgniter.php(502): CodeIgniter\CodeIgniter->runController(Object(App\Controllers\ProductController))
 4 SYSTEMPATH/CodeIgniter.php(361): CodeIgniter\CodeIgniter->handleRequest(null, Object(Config\Cache), false)
 5 FCPATH/index.php(79): CodeIgniter\CodeIgniter->run()
CRITICAL - 2024-12-30 10:39:40 --> Array to string conversion
in APPPATH/Controllers/ProductController.php on line 264.
 1 APPPATH/Controllers/ProductController.php(264): CodeIgniter\Debug\Exceptions->errorHandler(2, 'Array to string conversion', '/home/sitsolutionsco/public_html/cuknuk.sitsolutions.co.in/app/Controllers/ProductController.php', 264)
 2 SYSTEMPATH/CodeIgniter.php(942): App\Controllers\ProductController->getCategoryProducts()
 3 SYSTEMPATH/CodeIgniter.php(502): CodeIgniter\CodeIgniter->runController(Object(App\Controllers\ProductController))
 4 SYSTEMPATH/CodeIgniter.php(361): CodeIgniter\CodeIgniter->handleRequest(null, Object(Config\Cache), false)
 5 FCPATH/index.php(79): CodeIgniter\CodeIgniter->run()
CRITICAL - 2024-12-30 10:49:11 --> Array to string conversion
in APPPATH/Controllers/ProductController.php on line 263.
 1 APPPATH/Controllers/ProductController.php(263): CodeIgniter\Debug\Exceptions->errorHandler(2, 'Array to string conversion', '/home/sitsolutionsco/public_html/cuknuk.sitsolutions.co.in/app/Controllers/ProductController.php', 263)
 2 SYSTEMPATH/CodeIgniter.php(942): App\Controllers\ProductController->getCategoryProduct()
 3 SYSTEMPATH/CodeIgniter.php(502): CodeIgniter\CodeIgniter->runController(Object(App\Controllers\ProductController))
 4 SYSTEMPATH/CodeIgniter.php(361): CodeIgniter\CodeIgniter->handleRequest(null, Object(Config\Cache), false)
 5 FCPATH/index.php(79): CodeIgniter\CodeIgniter->run()
CRITICAL - 2024-12-30 10:49:14 --> Array to string conversion
in APPPATH/Controllers/ProductController.php on line 263.
 1 APPPATH/Controllers/ProductController.php(263): CodeIgniter\Debug\Exceptions->errorHandler(2, 'Array to string conversion', '/home/sitsolutionsco/public_html/cuknuk.sitsolutions.co.in/app/Controllers/ProductController.php', 263)
 2 SYSTEMPATH/CodeIgniter.php(942): App\Controllers\ProductController->getCategoryProduct()
 3 SYSTEMPATH/CodeIgniter.php(502): CodeIgniter\CodeIgniter->runController(Object(App\Controllers\ProductController))
 4 SYSTEMPATH/CodeIgniter.php(361): CodeIgniter\CodeIgniter->handleRequest(null, Object(Config\Cache), false)
 5 FCPATH/index.php(79): CodeIgniter\CodeIgniter->run()
CRITICAL - 2024-12-30 10:50:05 --> Array to string conversion
in APPPATH/Controllers/ProductController.php on line 263.
 1 APPPATH/Controllers/ProductController.php(263): CodeIgniter\Debug\Exceptions->errorHandler(2, 'Array to string conversion', '/home/sitsolutionsco/public_html/cuknuk.sitsolutions.co.in/app/Controllers/ProductController.php', 263)
 2 SYSTEMPATH/CodeIgniter.php(942): App\Controllers\ProductController->getCategoryProduct()
 3 SYSTEMPATH/CodeIgniter.php(502): CodeIgniter\CodeIgniter->runController(Object(App\Controllers\ProductController))
 4 SYSTEMPATH/CodeIgniter.php(361): CodeIgniter\CodeIgniter->handleRequest(null, Object(Config\Cache), false)
 5 FCPATH/index.php(79): CodeIgniter\CodeIgniter->run()
CRITICAL - 2024-12-30 10:51:13 --> Array to string conversion
in APPPATH/Controllers/ProductController.php on line 264.
 1 APPPATH/Controllers/ProductController.php(264): CodeIgniter\Debug\Exceptions->errorHandler(2, 'Array to string conversion', '/home/sitsolutionsco/public_html/cuknuk.sitsolutions.co.in/app/Controllers/ProductController.php', 264)
 2 SYSTEMPATH/CodeIgniter.php(942): App\Controllers\ProductController->getCategoryProduct()
 3 SYSTEMPATH/CodeIgniter.php(502): CodeIgniter\CodeIgniter->runController(Object(App\Controllers\ProductController))
 4 SYSTEMPATH/CodeIgniter.php(361): CodeIgniter\CodeIgniter->handleRequest(null, Object(Config\Cache), false)
 5 FCPATH/index.php(79): CodeIgniter\CodeIgniter->run()
CRITICAL - 2024-12-30 10:53:07 --> Array to string conversion
in APPPATH/Controllers/ProductController.php on line 264.
 1 APPPATH/Controllers/ProductController.php(264): CodeIgniter\Debug\Exceptions->errorHandler(2, 'Array to string conversion', '/home/sitsolutionsco/public_html/cuknuk.sitsolutions.co.in/app/Controllers/ProductController.php', 264)
 2 SYSTEMPATH/CodeIgniter.php(942): App\Controllers\ProductController->getCategoryProduct()
 3 SYSTEMPATH/CodeIgniter.php(502): CodeIgniter\CodeIgniter->runController(Object(App\Controllers\ProductController))
 4 SYSTEMPATH/CodeIgniter.php(361): CodeIgniter\CodeIgniter->handleRequest(null, Object(Config\Cache), false)
 5 FCPATH/index.php(79): CodeIgniter\CodeIgniter->run()
CRITICAL - 2024-12-30 10:53:20 --> Array to string conversion
in APPPATH/Controllers/ProductController.php on line 264.
 1 APPPATH/Controllers/ProductController.php(264): CodeIgniter\Debug\Exceptions->errorHandler(2, 'Array to string conversion', '/home/sitsolutionsco/public_html/cuknuk.sitsolutions.co.in/app/Controllers/ProductController.php', 264)
 2 SYSTEMPATH/CodeIgniter.php(942): App\Controllers\ProductController->getCategoryProduct()
 3 SYSTEMPATH/CodeIgniter.php(502): CodeIgniter\CodeIgniter->runController(Object(App\Controllers\ProductController))
 4 SYSTEMPATH/CodeIgniter.php(361): CodeIgniter\CodeIgniter->handleRequest(null, Object(Config\Cache), false)
 5 FCPATH/index.php(79): CodeIgniter\CodeIgniter->run()
CRITICAL - 2024-12-30 10:53:41 --> Array to string conversion
in APPPATH/Controllers/ProductController.php on line 264.
 1 APPPATH/Controllers/ProductController.php(264): CodeIgniter\Debug\Exceptions->errorHandler(2, 'Array to string conversion', '/home/sitsolutionsco/public_html/cuknuk.sitsolutions.co.in/app/Controllers/ProductController.php', 264)
 2 SYSTEMPATH/CodeIgniter.php(942): App\Controllers\ProductController->getCategoryProduct()
 3 SYSTEMPATH/CodeIgniter.php(502): CodeIgniter\CodeIgniter->runController(Object(App\Controllers\ProductController))
 4 SYSTEMPATH/CodeIgniter.php(361): CodeIgniter\CodeIgniter->handleRequest(null, Object(Config\Cache), false)
 5 FCPATH/index.php(79): CodeIgniter\CodeIgniter->run()
CRITICAL - 2024-12-30 10:54:42 --> Too few arguments to function App\Models\ProductModel::getCategoryProduct(), 0 passed in /home/sitsolutionsco/public_html/cuknuk.sitsolutions.co.in/app/Controllers/ProductController.php on line 272 and exactly 1 expected
in APPPATH/Models/ProductModel.php on line 133.
 1 APPPATH/Controllers/ProductController.php(272): App\Models\ProductModel->getCategoryProduct()
 2 SYSTEMPATH/CodeIgniter.php(942): App\Controllers\ProductController->getCategoryProduct()
 3 SYSTEMPATH/CodeIgniter.php(502): CodeIgniter\CodeIgniter->runController(Object(App\Controllers\ProductController))
 4 SYSTEMPATH/CodeIgniter.php(361): CodeIgniter\CodeIgniter->handleRequest(null, Object(Config\Cache), false)
 5 FCPATH/index.php(79): CodeIgniter\CodeIgniter->run()
CRITICAL - 2024-12-30 10:59:30 --> Array to string conversion
in APPPATH/Controllers/ProductController.php on line 265.
 1 APPPATH/Controllers/ProductController.php(265): CodeIgniter\Debug\Exceptions->errorHandler(2, 'Array to string conversion', '/home/sitsolutionsco/public_html/cuknuk.sitsolutions.co.in/app/Controllers/ProductController.php', 265)
 2 SYSTEMPATH/CodeIgniter.php(942): App\Controllers\ProductController->getCategoryProduct()
 3 SYSTEMPATH/CodeIgniter.php(502): CodeIgniter\CodeIgniter->runController(Object(App\Controllers\ProductController))
 4 SYSTEMPATH/CodeIgniter.php(361): CodeIgniter\CodeIgniter->handleRequest(null, Object(Config\Cache), false)
 5 FCPATH/index.php(79): CodeIgniter\CodeIgniter->run()
CRITICAL - 2024-12-30 10:59:31 --> Array to string conversion
in APPPATH/Controllers/ProductController.php on line 265.
 1 APPPATH/Controllers/ProductController.php(265): CodeIgniter\Debug\Exceptions->errorHandler(2, 'Array to string conversion', '/home/sitsolutionsco/public_html/cuknuk.sitsolutions.co.in/app/Controllers/ProductController.php', 265)
 2 SYSTEMPATH/CodeIgniter.php(942): App\Controllers\ProductController->getCategoryProduct()
 3 SYSTEMPATH/CodeIgniter.php(502): CodeIgniter\CodeIgniter->runController(Object(App\Controllers\ProductController))
 4 SYSTEMPATH/CodeIgniter.php(361): CodeIgniter\CodeIgniter->handleRequest(null, Object(Config\Cache), false)
 5 FCPATH/index.php(79): CodeIgniter\CodeIgniter->run()
CRITICAL - 2024-12-30 11:00:20 --> Array to string conversion
in APPPATH/Controllers/ProductController.php on line 264.
 1 APPPATH/Controllers/ProductController.php(264): CodeIgniter\Debug\Exceptions->errorHandler(2, 'Array to string conversion', '/home/sitsolutionsco/public_html/cuknuk.sitsolutions.co.in/app/Controllers/ProductController.php', 264)
 2 SYSTEMPATH/CodeIgniter.php(942): App\Controllers\ProductController->getCategoryProduct()
 3 SYSTEMPATH/CodeIgniter.php(502): CodeIgniter\CodeIgniter->runController(Object(App\Controllers\ProductController))
 4 SYSTEMPATH/CodeIgniter.php(361): CodeIgniter\CodeIgniter->handleRequest(null, Object(Config\Cache), false)
 5 FCPATH/index.php(79): CodeIgniter\CodeIgniter->run()
CRITICAL - 2024-12-30 11:06:16 --> syntax error, unexpected token "else", expecting "function" or "const"
in APPPATH/Controllers/ProductController.php on line 294.
 1 SYSTEMPATH/Autoloader/Autoloader.php(291): CodeIgniter\Autoloader\Autoloader->includeFile('/home/sitsolutionsco/public_html/cuknuk.sitsolutions.co.in/app/Controllers/ProductController.php')
 2 SYSTEMPATH/Autoloader/Autoloader.php(269): CodeIgniter\Autoloader\Autoloader->loadInNamespace('App\\Controllers\\ProductController')
 3 [internal function]: CodeIgniter\Autoloader\Autoloader->loadClass('App\\Controllers\\ProductController')
 4 SYSTEMPATH/CodeIgniter.php(900): class_exists('\\App\\Controllers\\ProductController', true)
 5 SYSTEMPATH/CodeIgniter.php(489): CodeIgniter\CodeIgniter->startController()
 6 SYSTEMPATH/CodeIgniter.php(361): CodeIgniter\CodeIgniter->handleRequest(null, Object(Config\Cache), false)
 7 FCPATH/index.php(79): CodeIgniter\CodeIgniter->run()
CRITICAL - 2024-12-30 11:06:17 --> syntax error, unexpected token "else", expecting "function" or "const"
in APPPATH/Controllers/ProductController.php on line 294.
 1 SYSTEMPATH/Autoloader/Autoloader.php(291): CodeIgniter\Autoloader\Autoloader->includeFile('/home/sitsolutionsco/public_html/cuknuk.sitsolutions.co.in/app/Controllers/ProductController.php')
 2 SYSTEMPATH/Autoloader/Autoloader.php(269): CodeIgniter\Autoloader\Autoloader->loadInNamespace('App\\Controllers\\ProductController')
 3 [internal function]: CodeIgniter\Autoloader\Autoloader->loadClass('App\\Controllers\\ProductController')
 4 SYSTEMPATH/CodeIgniter.php(900): class_exists('\\App\\Controllers\\ProductController', true)
 5 SYSTEMPATH/CodeIgniter.php(489): CodeIgniter\CodeIgniter->startController()
 6 SYSTEMPATH/CodeIgniter.php(361): CodeIgniter\CodeIgniter->handleRequest(null, Object(Config\Cache), false)
 7 FCPATH/index.php(79): CodeIgniter\CodeIgniter->run()
CRITICAL - 2024-12-30 11:06:34 --> syntax error, unexpected token "else", expecting "function" or "const"
in APPPATH/Controllers/ProductController.php on line 294.
 1 SYSTEMPATH/Autoloader/Autoloader.php(291): CodeIgniter\Autoloader\Autoloader->includeFile('/home/sitsolutionsco/public_html/cuknuk.sitsolutions.co.in/app/Controllers/ProductController.php')
 2 SYSTEMPATH/Autoloader/Autoloader.php(269): CodeIgniter\Autoloader\Autoloader->loadInNamespace('App\\Controllers\\ProductController')
 3 [internal function]: CodeIgniter\Autoloader\Autoloader->loadClass('App\\Controllers\\ProductController')
 4 SYSTEMPATH/CodeIgniter.php(900): class_exists('\\App\\Controllers\\ProductController', true)
 5 SYSTEMPATH/CodeIgniter.php(489): CodeIgniter\CodeIgniter->startController()
 6 SYSTEMPATH/CodeIgniter.php(361): CodeIgniter\CodeIgniter->handleRequest(null, Object(Config\Cache), false)
 7 FCPATH/index.php(79): CodeIgniter\CodeIgniter->run()
CRITICAL - 2024-12-30 11:07:20 --> syntax error, unexpected token "else", expecting "function" or "const"
in APPPATH/Controllers/ProductController.php on line 294.
 1 SYSTEMPATH/Autoloader/Autoloader.php(291): CodeIgniter\Autoloader\Autoloader->includeFile('/home/sitsolutionsco/public_html/cuknuk.sitsolutions.co.in/app/Controllers/ProductController.php')
 2 SYSTEMPATH/Autoloader/Autoloader.php(269): CodeIgniter\Autoloader\Autoloader->loadInNamespace('App\\Controllers\\ProductController')
 3 [internal function]: CodeIgniter\Autoloader\Autoloader->loadClass('App\\Controllers\\ProductController')
 4 SYSTEMPATH/CodeIgniter.php(900): class_exists('\\App\\Controllers\\ProductController', true)
 5 SYSTEMPATH/CodeIgniter.php(489): CodeIgniter\CodeIgniter->startController()
 6 SYSTEMPATH/CodeIgniter.php(361): CodeIgniter\CodeIgniter->handleRequest(null, Object(Config\Cache), false)
 7 FCPATH/index.php(79): CodeIgniter\CodeIgniter->run()
CRITICAL - 2024-12-30 11:07:46 --> Unmatched '}'
in APPPATH/Controllers/ProductController.php on line 297.
 1 SYSTEMPATH/Autoloader/Autoloader.php(291): CodeIgniter\Autoloader\Autoloader->includeFile('/home/sitsolutionsco/public_html/cuknuk.sitsolutions.co.in/app/Controllers/ProductController.php')
 2 SYSTEMPATH/Autoloader/Autoloader.php(269): CodeIgniter\Autoloader\Autoloader->loadInNamespace('App\\Controllers\\ProductController')
 3 [internal function]: CodeIgniter\Autoloader\Autoloader->loadClass('App\\Controllers\\ProductController')
 4 SYSTEMPATH/CodeIgniter.php(900): class_exists('\\App\\Controllers\\ProductController', true)
 5 SYSTEMPATH/CodeIgniter.php(489): CodeIgniter\CodeIgniter->startController()
 6 SYSTEMPATH/CodeIgniter.php(361): CodeIgniter\CodeIgniter->handleRequest(null, Object(Config\Cache), false)
 7 FCPATH/index.php(79): CodeIgniter\CodeIgniter->run()
CRITICAL - 2024-12-30 11:08:02 --> Array to string conversion
in APPPATH/Controllers/ProductController.php on line 264.
 1 APPPATH/Controllers/ProductController.php(264): CodeIgniter\Debug\Exceptions->errorHandler(2, 'Array to string conversion', '/home/sitsolutionsco/public_html/cuknuk.sitsolutions.co.in/app/Controllers/ProductController.php', 264)
 2 SYSTEMPATH/CodeIgniter.php(942): App\Controllers\ProductController->getCategoryProduct()
 3 SYSTEMPATH/CodeIgniter.php(502): CodeIgniter\CodeIgniter->runController(Object(App\Controllers\ProductController))
 4 SYSTEMPATH/CodeIgniter.php(361): CodeIgniter\CodeIgniter->handleRequest(null, Object(Config\Cache), false)
 5 FCPATH/index.php(79): CodeIgniter\CodeIgniter->run()
CRITICAL - 2024-12-30 11:08:48 --> Undefined variable $category
in APPPATH/Controllers/ProductController.php on line 264.
 1 APPPATH/Controllers/ProductController.php(264): CodeIgniter\Debug\Exceptions->errorHandler(2, 'Undefined variable $category', '/home/sitsolutionsco/public_html/cuknuk.sitsolutions.co.in/app/Controllers/ProductController.php', 264)
 2 SYSTEMPATH/CodeIgniter.php(942): App\Controllers\ProductController->getCategoryProduct()
 3 SYSTEMPATH/CodeIgniter.php(502): CodeIgniter\CodeIgniter->runController(Object(App\Controllers\ProductController))
 4 SYSTEMPATH/CodeIgniter.php(361): CodeIgniter\CodeIgniter->handleRequest(null, Object(Config\Cache), false)
 5 FCPATH/index.php(79): CodeIgniter\CodeIgniter->run()
CRITICAL - 2024-12-30 11:08:50 --> Undefined variable $category
in APPPATH/Controllers/ProductController.php on line 264.
 1 APPPATH/Controllers/ProductController.php(264): CodeIgniter\Debug\Exceptions->errorHandler(2, 'Undefined variable $category', '/home/sitsolutionsco/public_html/cuknuk.sitsolutions.co.in/app/Controllers/ProductController.php', 264)
 2 SYSTEMPATH/CodeIgniter.php(942): App\Controllers\ProductController->getCategoryProduct()
 3 SYSTEMPATH/CodeIgniter.php(502): CodeIgniter\CodeIgniter->runController(Object(App\Controllers\ProductController))
 4 SYSTEMPATH/CodeIgniter.php(361): CodeIgniter\CodeIgniter->handleRequest(null, Object(Config\Cache), false)
 5 FCPATH/index.php(79): CodeIgniter\CodeIgniter->run()
CRITICAL - 2024-12-30 11:09:04 --> Undefined variable $category
in APPPATH/Controllers/ProductController.php on line 264.
 1 APPPATH/Controllers/ProductController.php(264): CodeIgniter\Debug\Exceptions->errorHandler(2, 'Undefined variable $category', '/home/sitsolutionsco/public_html/cuknuk.sitsolutions.co.in/app/Controllers/ProductController.php', 264)
 2 SYSTEMPATH/CodeIgniter.php(942): App\Controllers\ProductController->getCategoryProduct()
 3 SYSTEMPATH/CodeIgniter.php(502): CodeIgniter\CodeIgniter->runController(Object(App\Controllers\ProductController))
 4 SYSTEMPATH/CodeIgniter.php(361): CodeIgniter\CodeIgniter->handleRequest(null, Object(Config\Cache), false)
 5 FCPATH/index.php(79): CodeIgniter\CodeIgniter->run()
CRITICAL - 2024-12-30 11:09:24 --> Undefined variable $category
in APPPATH/Controllers/ProductController.php on line 264.
 1 APPPATH/Controllers/ProductController.php(264): CodeIgniter\Debug\Exceptions->errorHandler(2, 'Undefined variable $category', '/home/sitsolutionsco/public_html/cuknuk.sitsolutions.co.in/app/Controllers/ProductController.php', 264)
 2 SYSTEMPATH/CodeIgniter.php(942): App\Controllers\ProductController->getCategoryProduct()
 3 SYSTEMPATH/CodeIgniter.php(502): CodeIgniter\CodeIgniter->runController(Object(App\Controllers\ProductController))
 4 SYSTEMPATH/CodeIgniter.php(361): CodeIgniter\CodeIgniter->handleRequest(null, Object(Config\Cache), false)
 5 FCPATH/index.php(79): CodeIgniter\CodeIgniter->run()
CRITICAL - 2024-12-30 11:11:06 --> Undefined variable $category
in APPPATH/Controllers/ProductController.php on line 264.
 1 APPPATH/Controllers/ProductController.php(264): CodeIgniter\Debug\Exceptions->errorHandler(2, 'Undefined variable $category', '/home/sitsolutionsco/public_html/cuknuk.sitsolutions.co.in/app/Controllers/ProductController.php', 264)
 2 SYSTEMPATH/CodeIgniter.php(942): App\Controllers\ProductController->getCategoryProduct()
 3 SYSTEMPATH/CodeIgniter.php(502): CodeIgniter\CodeIgniter->runController(Object(App\Controllers\ProductController))
 4 SYSTEMPATH/CodeIgniter.php(361): CodeIgniter\CodeIgniter->handleRequest(null, Object(Config\Cache), false)
 5 FCPATH/index.php(79): CodeIgniter\CodeIgniter->run()
CRITICAL - 2024-12-30 11:11:20 --> Undefined variable $category
in APPPATH/Controllers/ProductController.php on line 264.
 1 APPPATH/Controllers/ProductController.php(264): CodeIgniter\Debug\Exceptions->errorHandler(2, 'Undefined variable $category', '/home/sitsolutionsco/public_html/cuknuk.sitsolutions.co.in/app/Controllers/ProductController.php', 264)
 2 SYSTEMPATH/CodeIgniter.php(942): App\Controllers\ProductController->getCategoryProduct()
 3 SYSTEMPATH/CodeIgniter.php(502): CodeIgniter\CodeIgniter->runController(Object(App\Controllers\ProductController))
 4 SYSTEMPATH/CodeIgniter.php(361): CodeIgniter\CodeIgniter->handleRequest(null, Object(Config\Cache), false)
 5 FCPATH/index.php(79): CodeIgniter\CodeIgniter->run()
CRITICAL - 2024-12-30 11:12:18 --> Undefined variable $category
in APPPATH/Controllers/ProductController.php on line 264.
 1 APPPATH/Controllers/ProductController.php(264): CodeIgniter\Debug\Exceptions->errorHandler(2, 'Undefined variable $category', '/home/sitsolutionsco/public_html/cuknuk.sitsolutions.co.in/app/Controllers/ProductController.php', 264)
 2 SYSTEMPATH/CodeIgniter.php(942): App\Controllers\ProductController->getCategoryProduct()
 3 SYSTEMPATH/CodeIgniter.php(502): CodeIgniter\CodeIgniter->runController(Object(App\Controllers\ProductController))
 4 SYSTEMPATH/CodeIgniter.php(361): CodeIgniter\CodeIgniter->handleRequest(null, Object(Config\Cache), false)
 5 FCPATH/index.php(79): CodeIgniter\CodeIgniter->run()
ERROR - 2024-12-30 11:13:19 --> mysqli_sql_exception: You have an error in your SQL syntax; check the manual that corresponds to your MySQL server version for the right syntax to use near ','17' order by id desc' at line 1 in /home/sitsolutionsco/public_html/cuknuk.sitsolutions.co.in/system/Database/MySQLi/Connection.php:306
Stack trace:
#0 /home/sitsolutionsco/public_html/cuknuk.sitsolutions.co.in/system/Database/MySQLi/Connection.php(306): mysqli->query('SELECT * FROM t...', 0)
#1 /home/sitsolutionsco/public_html/cuknuk.sitsolutions.co.in/system/Database/BaseConnection.php(693): CodeIgniter\Database\MySQLi\Connection->execute('SELECT * FROM t...')
#2 /home/sitsolutionsco/public_html/cuknuk.sitsolutions.co.in/system/Database/BaseConnection.php(607): CodeIgniter\Database\BaseConnection->simpleQuery('SELECT * FROM t...')
#3 /home/sitsolutionsco/public_html/cuknuk.sitsolutions.co.in/app/Models/ProductModel.php(135): CodeIgniter\Database\BaseConnection->query('SELECT * FROM t...')
#4 /home/sitsolutionsco/public_html/cuknuk.sitsolutions.co.in/app/Controllers/ProductController.php(264): App\Models\ProductModel->getCategoryProduct(''18','17'')
#5 /home/sitsolutionsco/public_html/cuknuk.sitsolutions.co.in/system/CodeIgniter.php(942): App\Controllers\ProductController->getCategoryProduct()
#6 /home/sitsolutionsco/public_html/cuknuk.sitsolutions.co.in/system/CodeIgniter.php(502): CodeIgniter\CodeIgniter->runController(Object(App\Controllers\ProductController))
#7 /home/sitsolutionsco/public_html/cuknuk.sitsolutions.co.in/system/CodeIgniter.php(361): CodeIgniter\CodeIgniter->handleRequest(NULL, Object(Config\Cache), false)
#8 /home/sitsolutionsco/public_html/cuknuk.sitsolutions.co.in/index.php(79): CodeIgniter\CodeIgniter->run()
#9 {main}
CRITICAL - 2024-12-30 11:13:19 --> You have an error in your SQL syntax; check the manual that corresponds to your MySQL server version for the right syntax to use near ','17' order by id desc' at line 1
in SYSTEMPATH/Database/BaseConnection.php on line 647.
 1 APPPATH/Models/ProductModel.php(135): CodeIgniter\Database\BaseConnection->query('SELECT * FROM tbl_product WHERE product_type=\'18\',\'17\' order by id desc')
 2 APPPATH/Controllers/ProductController.php(264): App\Models\ProductModel->getCategoryProduct('\'18\',\'17\'')
 3 SYSTEMPATH/CodeIgniter.php(942): App\Controllers\ProductController->getCategoryProduct()
 4 SYSTEMPATH/CodeIgniter.php(502): CodeIgniter\CodeIgniter->runController(Object(App\Controllers\ProductController))
 5 SYSTEMPATH/CodeIgniter.php(361): CodeIgniter\CodeIgniter->handleRequest(null, Object(Config\Cache), false)
 6 FCPATH/index.php(79): CodeIgniter\CodeIgniter->run()
ERROR - 2024-12-30 11:13:20 --> mysqli_sql_exception: You have an error in your SQL syntax; check the manual that corresponds to your MySQL server version for the right syntax to use near ','17','16' order by id desc' at line 1 in /home/sitsolutionsco/public_html/cuknuk.sitsolutions.co.in/system/Database/MySQLi/Connection.php:306
Stack trace:
#0 /home/sitsolutionsco/public_html/cuknuk.sitsolutions.co.in/system/Database/MySQLi/Connection.php(306): mysqli->query('SELECT * FROM t...', 0)
#1 /home/sitsolutionsco/public_html/cuknuk.sitsolutions.co.in/system/Database/BaseConnection.php(693): CodeIgniter\Database\MySQLi\Connection->execute('SELECT * FROM t...')
#2 /home/sitsolutionsco/public_html/cuknuk.sitsolutions.co.in/system/Database/BaseConnection.php(607): CodeIgniter\Database\BaseConnection->simpleQuery('SELECT * FROM t...')
#3 /home/sitsolutionsco/public_html/cuknuk.sitsolutions.co.in/app/Models/ProductModel.php(135): CodeIgniter\Database\BaseConnection->query('SELECT * FROM t...')
#4 /home/sitsolutionsco/public_html/cuknuk.sitsolutions.co.in/app/Controllers/ProductController.php(264): App\Models\ProductModel->getCategoryProduct(''18','17','16'')
#5 /home/sitsolutionsco/public_html/cuknuk.sitsolutions.co.in/system/CodeIgniter.php(942): App\Controllers\ProductController->getCategoryProduct()
#6 /home/sitsolutionsco/public_html/cuknuk.sitsolutions.co.in/system/CodeIgniter.php(502): CodeIgniter\CodeIgniter->runController(Object(App\Controllers\ProductController))
#7 /home/sitsolutionsco/public_html/cuknuk.sitsolutions.co.in/system/CodeIgniter.php(361): CodeIgniter\CodeIgniter->handleRequest(NULL, Object(Config\Cache), false)
#8 /home/sitsolutionsco/public_html/cuknuk.sitsolutions.co.in/index.php(79): CodeIgniter\CodeIgniter->run()
#9 {main}
CRITICAL - 2024-12-30 11:13:20 --> You have an error in your SQL syntax; check the manual that corresponds to your MySQL server version for the right syntax to use near ','17','16' order by id desc' at line 1
in SYSTEMPATH/Database/BaseConnection.php on line 647.
 1 APPPATH/Models/ProductModel.php(135): CodeIgniter\Database\BaseConnection->query('SELECT * FROM tbl_product WHERE product_type=\'18\',\'17\',\'16\' order by id desc')
 2 APPPATH/Controllers/ProductController.php(264): App\Models\ProductModel->getCategoryProduct('\'18\',\'17\',\'16\'')
 3 SYSTEMPATH/CodeIgniter.php(942): App\Controllers\ProductController->getCategoryProduct()
 4 SYSTEMPATH/CodeIgniter.php(502): CodeIgniter\CodeIgniter->runController(Object(App\Controllers\ProductController))
 5 SYSTEMPATH/CodeIgniter.php(361): CodeIgniter\CodeIgniter->handleRequest(null, Object(Config\Cache), false)
 6 FCPATH/index.php(79): CodeIgniter\CodeIgniter->run()
ERROR - 2024-12-30 11:13:22 --> mysqli_sql_exception: You have an error in your SQL syntax; check the manual that corresponds to your MySQL server version for the right syntax to use near ','16' order by id desc' at line 1 in /home/sitsolutionsco/public_html/cuknuk.sitsolutions.co.in/system/Database/MySQLi/Connection.php:306
Stack trace:
#0 /home/sitsolutionsco/public_html/cuknuk.sitsolutions.co.in/system/Database/MySQLi/Connection.php(306): mysqli->query('SELECT * FROM t...', 0)
#1 /home/sitsolutionsco/public_html/cuknuk.sitsolutions.co.in/system/Database/BaseConnection.php(693): CodeIgniter\Database\MySQLi\Connection->execute('SELECT * FROM t...')
#2 /home/sitsolutionsco/public_html/cuknuk.sitsolutions.co.in/system/Database/BaseConnection.php(607): CodeIgniter\Database\BaseConnection->simpleQuery('SELECT * FROM t...')
#3 /home/sitsolutionsco/public_html/cuknuk.sitsolutions.co.in/app/Models/ProductModel.php(135): CodeIgniter\Database\BaseConnection->query('SELECT * FROM t...')
#4 /home/sitsolutionsco/public_html/cuknuk.sitsolutions.co.in/app/Controllers/ProductController.php(264): App\Models\ProductModel->getCategoryProduct(''18','16'')
#5 /home/sitsolutionsco/public_html/cuknuk.sitsolutions.co.in/system/CodeIgniter.php(942): App\Controllers\ProductController->getCategoryProduct()
#6 /home/sitsolutionsco/public_html/cuknuk.sitsolutions.co.in/system/CodeIgniter.php(502): CodeIgniter\CodeIgniter->runController(Object(App\Controllers\ProductController))
#7 /home/sitsolutionsco/public_html/cuknuk.sitsolutions.co.in/system/CodeIgniter.php(361): CodeIgniter\CodeIgniter->handleRequest(NULL, Object(Config\Cache), false)
#8 /home/sitsolutionsco/public_html/cuknuk.sitsolutions.co.in/index.php(79): CodeIgniter\CodeIgniter->run()
#9 {main}
CRITICAL - 2024-12-30 11:13:22 --> You have an error in your SQL syntax; check the manual that corresponds to your MySQL server version for the right syntax to use near ','16' order by id desc' at line 1
in SYSTEMPATH/Database/BaseConnection.php on line 647.
 1 APPPATH/Models/ProductModel.php(135): CodeIgniter\Database\BaseConnection->query('SELECT * FROM tbl_product WHERE product_type=\'18\',\'16\' order by id desc')
 2 APPPATH/Controllers/ProductController.php(264): App\Models\ProductModel->getCategoryProduct('\'18\',\'16\'')
 3 SYSTEMPATH/CodeIgniter.php(942): App\Controllers\ProductController->getCategoryProduct()
 4 SYSTEMPATH/CodeIgniter.php(502): CodeIgniter\CodeIgniter->runController(Object(App\Controllers\ProductController))
 5 SYSTEMPATH/CodeIgniter.php(361): CodeIgniter\CodeIgniter->handleRequest(null, Object(Config\Cache), false)
 6 FCPATH/index.php(79): CodeIgniter\CodeIgniter->run()
ERROR - 2024-12-30 11:13:33 --> mysqli_sql_exception: You have an error in your SQL syntax; check the manual that corresponds to your MySQL server version for the right syntax to use near ','15' order by id desc' at line 1 in /home/sitsolutionsco/public_html/cuknuk.sitsolutions.co.in/system/Database/MySQLi/Connection.php:306
Stack trace:
#0 /home/sitsolutionsco/public_html/cuknuk.sitsolutions.co.in/system/Database/MySQLi/Connection.php(306): mysqli->query('SELECT * FROM t...', 0)
#1 /home/sitsolutionsco/public_html/cuknuk.sitsolutions.co.in/system/Database/BaseConnection.php(693): CodeIgniter\Database\MySQLi\Connection->execute('SELECT * FROM t...')
#2 /home/sitsolutionsco/public_html/cuknuk.sitsolutions.co.in/system/Database/BaseConnection.php(607): CodeIgniter\Database\BaseConnection->simpleQuery('SELECT * FROM t...')
#3 /home/sitsolutionsco/public_html/cuknuk.sitsolutions.co.in/app/Models/ProductModel.php(135): CodeIgniter\Database\BaseConnection->query('SELECT * FROM t...')
#4 /home/sitsolutionsco/public_html/cuknuk.sitsolutions.co.in/app/Controllers/ProductController.php(264): App\Models\ProductModel->getCategoryProduct(''16','15'')
#5 /home/sitsolutionsco/public_html/cuknuk.sitsolutions.co.in/system/CodeIgniter.php(942): App\Controllers\ProductController->getCategoryProduct()
#6 /home/sitsolutionsco/public_html/cuknuk.sitsolutions.co.in/system/CodeIgniter.php(502): CodeIgniter\CodeIgniter->runController(Object(App\Controllers\ProductController))
#7 /home/sitsolutionsco/public_html/cuknuk.sitsolutions.co.in/system/CodeIgniter.php(361): CodeIgniter\CodeIgniter->handleRequest(NULL, Object(Config\Cache), false)
#8 /home/sitsolutionsco/public_html/cuknuk.sitsolutions.co.in/index.php(79): CodeIgniter\CodeIgniter->run()
#9 {main}
CRITICAL - 2024-12-30 11:13:33 --> You have an error in your SQL syntax; check the manual that corresponds to your MySQL server version for the right syntax to use near ','15' order by id desc' at line 1
in SYSTEMPATH/Database/BaseConnection.php on line 647.
 1 APPPATH/Models/ProductModel.php(135): CodeIgniter\Database\BaseConnection->query('SELECT * FROM tbl_product WHERE product_type=\'16\',\'15\' order by id desc')
 2 APPPATH/Controllers/ProductController.php(264): App\Models\ProductModel->getCategoryProduct('\'16\',\'15\'')
 3 SYSTEMPATH/CodeIgniter.php(942): App\Controllers\ProductController->getCategoryProduct()
 4 SYSTEMPATH/CodeIgniter.php(502): CodeIgniter\CodeIgniter->runController(Object(App\Controllers\ProductController))
 5 SYSTEMPATH/CodeIgniter.php(361): CodeIgniter\CodeIgniter->handleRequest(null, Object(Config\Cache), false)
 6 FCPATH/index.php(79): CodeIgniter\CodeIgniter->run()
ERROR - 2024-12-30 11:14:18 --> mysqli_sql_exception: You have an error in your SQL syntax; check the manual that corresponds to your MySQL server version for the right syntax to use near ','13' order by id desc' at line 1 in /home/sitsolutionsco/public_html/cuknuk.sitsolutions.co.in/system/Database/MySQLi/Connection.php:306
Stack trace:
#0 /home/sitsolutionsco/public_html/cuknuk.sitsolutions.co.in/system/Database/MySQLi/Connection.php(306): mysqli->query('SELECT * FROM t...', 0)
#1 /home/sitsolutionsco/public_html/cuknuk.sitsolutions.co.in/system/Database/BaseConnection.php(693): CodeIgniter\Database\MySQLi\Connection->execute('SELECT * FROM t...')
#2 /home/sitsolutionsco/public_html/cuknuk.sitsolutions.co.in/system/Database/BaseConnection.php(607): CodeIgniter\Database\BaseConnection->simpleQuery('SELECT * FROM t...')
#3 /home/sitsolutionsco/public_html/cuknuk.sitsolutions.co.in/app/Models/ProductModel.php(135): CodeIgniter\Database\BaseConnection->query('SELECT * FROM t...')
#4 /home/sitsolutionsco/public_html/cuknuk.sitsolutions.co.in/app/Controllers/ProductController.php(264): App\Models\ProductModel->getCategoryProduct(''16','13'')
#5 /home/sitsolutionsco/public_html/cuknuk.sitsolutions.co.in/system/CodeIgniter.php(942): App\Controllers\ProductController->getCategoryProduct()
#6 /home/sitsolutionsco/public_html/cuknuk.sitsolutions.co.in/system/CodeIgniter.php(502): CodeIgniter\CodeIgniter->runController(Object(App\Controllers\ProductController))
#7 /home/sitsolutionsco/public_html/cuknuk.sitsolutions.co.in/system/CodeIgniter.php(361): CodeIgniter\CodeIgniter->handleRequest(NULL, Object(Config\Cache), false)
#8 /home/sitsolutionsco/public_html/cuknuk.sitsolutions.co.in/index.php(79): CodeIgniter\CodeIgniter->run()
#9 {main}
CRITICAL - 2024-12-30 11:14:18 --> You have an error in your SQL syntax; check the manual that corresponds to your MySQL server version for the right syntax to use near ','13' order by id desc' at line 1
in SYSTEMPATH/Database/BaseConnection.php on line 647.
 1 APPPATH/Models/ProductModel.php(135): CodeIgniter\Database\BaseConnection->query('SELECT * FROM tbl_product WHERE product_type=\'16\',\'13\' order by id desc')
 2 APPPATH/Controllers/ProductController.php(264): App\Models\ProductModel->getCategoryProduct('\'16\',\'13\'')
 3 SYSTEMPATH/CodeIgniter.php(942): App\Controllers\ProductController->getCategoryProduct()
 4 SYSTEMPATH/CodeIgniter.php(502): CodeIgniter\CodeIgniter->runController(Object(App\Controllers\ProductController))
 5 SYSTEMPATH/CodeIgniter.php(361): CodeIgniter\CodeIgniter->handleRequest(null, Object(Config\Cache), false)
 6 FCPATH/index.php(79): CodeIgniter\CodeIgniter->run()
ERROR - 2024-12-30 11:14:20 --> mysqli_sql_exception: You have an error in your SQL syntax; check the manual that corresponds to your MySQL server version for the right syntax to use near ','14' order by id desc' at line 1 in /home/sitsolutionsco/public_html/cuknuk.sitsolutions.co.in/system/Database/MySQLi/Connection.php:306
Stack trace:
#0 /home/sitsolutionsco/public_html/cuknuk.sitsolutions.co.in/system/Database/MySQLi/Connection.php(306): mysqli->query('SELECT * FROM t...', 0)
#1 /home/sitsolutionsco/public_html/cuknuk.sitsolutions.co.in/system/Database/BaseConnection.php(693): CodeIgniter\Database\MySQLi\Connection->execute('SELECT * FROM t...')
#2 /home/sitsolutionsco/public_html/cuknuk.sitsolutions.co.in/system/Database/BaseConnection.php(607): CodeIgniter\Database\BaseConnection->simpleQuery('SELECT * FROM t...')
#3 /home/sitsolutionsco/public_html/cuknuk.sitsolutions.co.in/app/Models/ProductModel.php(135): CodeIgniter\Database\BaseConnection->query('SELECT * FROM t...')
#4 /home/sitsolutionsco/public_html/cuknuk.sitsolutions.co.in/app/Controllers/ProductController.php(264): App\Models\ProductModel->getCategoryProduct(''16','14'')
#5 /home/sitsolutionsco/public_html/cuknuk.sitsolutions.co.in/system/CodeIgniter.php(942): App\Controllers\ProductController->getCategoryProduct()
#6 /home/sitsolutionsco/public_html/cuknuk.sitsolutions.co.in/system/CodeIgniter.php(502): CodeIgniter\CodeIgniter->runController(Object(App\Controllers\ProductController))
#7 /home/sitsolutionsco/public_html/cuknuk.sitsolutions.co.in/system/CodeIgniter.php(361): CodeIgniter\CodeIgniter->handleRequest(NULL, Object(Config\Cache), false)
#8 /home/sitsolutionsco/public_html/cuknuk.sitsolutions.co.in/index.php(79): CodeIgniter\CodeIgniter->run()
#9 {main}
CRITICAL - 2024-12-30 11:14:20 --> You have an error in your SQL syntax; check the manual that corresponds to your MySQL server version for the right syntax to use near ','14' order by id desc' at line 1
in SYSTEMPATH/Database/BaseConnection.php on line 647.
 1 APPPATH/Models/ProductModel.php(135): CodeIgniter\Database\BaseConnection->query('SELECT * FROM tbl_product WHERE product_type=\'16\',\'14\' order by id desc')
 2 APPPATH/Controllers/ProductController.php(264): App\Models\ProductModel->getCategoryProduct('\'16\',\'14\'')
 3 SYSTEMPATH/CodeIgniter.php(942): App\Controllers\ProductController->getCategoryProduct()
 4 SYSTEMPATH/CodeIgniter.php(502): CodeIgniter\CodeIgniter->runController(Object(App\Controllers\ProductController))
 5 SYSTEMPATH/CodeIgniter.php(361): CodeIgniter\CodeIgniter->handleRequest(null, Object(Config\Cache), false)
 6 FCPATH/index.php(79): CodeIgniter\CodeIgniter->run()
ERROR - 2024-12-30 11:14:59 --> mysqli_sql_exception: You have an error in your SQL syntax; check the manual that corresponds to your MySQL server version for the right syntax to use near ','15' order by id desc' at line 1 in /home/sitsolutionsco/public_html/cuknuk.sitsolutions.co.in/system/Database/MySQLi/Connection.php:306
Stack trace:
#0 /home/sitsolutionsco/public_html/cuknuk.sitsolutions.co.in/system/Database/MySQLi/Connection.php(306): mysqli->query('SELECT * FROM t...', 0)
#1 /home/sitsolutionsco/public_html/cuknuk.sitsolutions.co.in/system/Database/BaseConnection.php(693): CodeIgniter\Database\MySQLi\Connection->execute('SELECT * FROM t...')
#2 /home/sitsolutionsco/public_html/cuknuk.sitsolutions.co.in/system/Database/BaseConnection.php(607): CodeIgniter\Database\BaseConnection->simpleQuery('SELECT * FROM t...')
#3 /home/sitsolutionsco/public_html/cuknuk.sitsolutions.co.in/app/Models/ProductModel.php(135): CodeIgniter\Database\BaseConnection->query('SELECT * FROM t...')
#4 /home/sitsolutionsco/public_html/cuknuk.sitsolutions.co.in/app/Controllers/ProductController.php(264): App\Models\ProductModel->getCategoryProduct(''16','15'')
#5 /home/sitsolutionsco/public_html/cuknuk.sitsolutions.co.in/system/CodeIgniter.php(942): App\Controllers\ProductController->getCategoryProduct()
#6 /home/sitsolutionsco/public_html/cuknuk.sitsolutions.co.in/system/CodeIgniter.php(502): CodeIgniter\CodeIgniter->runController(Object(App\Controllers\ProductController))
#7 /home/sitsolutionsco/public_html/cuknuk.sitsolutions.co.in/system/CodeIgniter.php(361): CodeIgniter\CodeIgniter->handleRequest(NULL, Object(Config\Cache), false)
#8 /home/sitsolutionsco/public_html/cuknuk.sitsolutions.co.in/index.php(79): CodeIgniter\CodeIgniter->run()
#9 {main}
CRITICAL - 2024-12-30 11:14:59 --> You have an error in your SQL syntax; check the manual that corresponds to your MySQL server version for the right syntax to use near ','15' order by id desc' at line 1
in SYSTEMPATH/Database/BaseConnection.php on line 647.
 1 APPPATH/Models/ProductModel.php(135): CodeIgniter\Database\BaseConnection->query('SELECT * FROM tbl_product WHERE product_type=\'16\',\'15\' order by id desc')
 2 APPPATH/Controllers/ProductController.php(264): App\Models\ProductModel->getCategoryProduct('\'16\',\'15\'')
 3 SYSTEMPATH/CodeIgniter.php(942): App\Controllers\ProductController->getCategoryProduct()
 4 SYSTEMPATH/CodeIgniter.php(502): CodeIgniter\CodeIgniter->runController(Object(App\Controllers\ProductController))
 5 SYSTEMPATH/CodeIgniter.php(361): CodeIgniter\CodeIgniter->handleRequest(null, Object(Config\Cache), false)
 6 FCPATH/index.php(79): CodeIgniter\CodeIgniter->run()
