CRITICAL - 2024-04-04 04:40:14 --> Trying to access array offset on value of type null
in APPPATH/Controllers/Home.php on line 59.
 1 APPPATH/Controllers/Home.php(59): CodeIgniter\Debug\Exceptions->errorHandler(2, 'Trying to access array offset on value of type null', '/home/anujyotindustrie/public_html/app/Controllers/Home.php', 59)
 2 SYSTEMPATH/CodeIgniter.php(942): App\Controllers\Home->productDetails()
 3 SYSTEMPATH/CodeIgniter.php(502): CodeIgniter\CodeIgniter->runController(Object(App\Controllers\Home))
 4 SYSTEMPATH/CodeIgniter.php(361): CodeIgniter\CodeIgniter->handleRequest(null, Object(Config\Cache), false)
 5 FCPATH/index.php(79): CodeIgniter\CodeIgniter->run()
CRITICAL - 2024-04-04 04:44:18 --> Trying to access array offset on value of type null
in APPPATH/Controllers/Home.php on line 59.
 1 APPPATH/Controllers/Home.php(59): CodeIgniter\Debug\Exceptions->errorHandler(2, 'Trying to access array offset on value of type null', '/home/anujyotindustrie/public_html/app/Controllers/Home.php', 59)
 2 SYSTEMPATH/CodeIgniter.php(942): App\Controllers\Home->productDetails()
 3 SYSTEMPATH/CodeIgniter.php(502): CodeIgniter\CodeIgniter->runController(Object(App\Controllers\Home))
 4 SYSTEMPATH/CodeIgniter.php(361): CodeIgniter\CodeIgniter->handleRequest(null, Object(Config\Cache), false)
 5 FCPATH/index.php(79): CodeIgniter\CodeIgniter->run()
CRITICAL - 2024-04-04 04:45:44 --> Undefined variable $product_type
in APPPATH/Controllers/Home.php on line 60.
 1 APPPATH/Controllers/Home.php(60): CodeIgniter\Debug\Exceptions->errorHandler(2, 'Undefined variable $product_type', '/home/anujyotindustrie/public_html/app/Controllers/Home.php', 60)
 2 SYSTEMPATH/CodeIgniter.php(942): App\Controllers\Home->productDetails()
 3 SYSTEMPATH/CodeIgniter.php(502): CodeIgniter\CodeIgniter->runController(Object(App\Controllers\Home))
 4 SYSTEMPATH/CodeIgniter.php(361): CodeIgniter\CodeIgniter->handleRequest(null, Object(Config\Cache), false)
 5 FCPATH/index.php(79): CodeIgniter\CodeIgniter->run()
CRITICAL - 2024-04-04 04:47:11 --> You must set the database table to be used with your query.
in SYSTEMPATH/Database/BaseConnection.php on line 884.
 1 SYSTEMPATH/Model.php(635): CodeIgniter\Database\BaseConnection->table(null)
 2 SYSTEMPATH/Model.php(863): CodeIgniter\Model->builder()
 3 APPPATH/Controllers/Home.php(58): CodeIgniter\Model->__call('getProdDetailsByPer', [...])
 4 SYSTEMPATH/CodeIgniter.php(942): App\Controllers\Home->productDetails()
 5 SYSTEMPATH/CodeIgniter.php(502): CodeIgniter\CodeIgniter->runController(Object(App\Controllers\Home))
 6 SYSTEMPATH/CodeIgniter.php(361): CodeIgniter\CodeIgniter->handleRequest(null, Object(Config\Cache), false)
 7 FCPATH/index.php(79): CodeIgniter\CodeIgniter->run()
CRITICAL - 2024-04-04 05:05:45 --> Cannot access offset of type string on string
in APPPATH/Views/productDetails.php on line 40.
 1 SYSTEMPATH/View/View.php(228): include()
 2 SYSTEMPATH/View/View.php(231): CodeIgniter\View\View->CodeIgniter\View\{closure}()
 3 SYSTEMPATH/Common.php(1190): CodeIgniter\View\View->render('productDetails', [], true)
 4 APPPATH/Controllers/Home.php(60): view('productDetails', [...])
 5 SYSTEMPATH/CodeIgniter.php(942): App\Controllers\Home->productDetails()
 6 SYSTEMPATH/CodeIgniter.php(502): CodeIgniter\CodeIgniter->runController(Object(App\Controllers\Home))
 7 SYSTEMPATH/CodeIgniter.php(361): CodeIgniter\CodeIgniter->handleRequest(null, Object(Config\Cache), false)
 8 FCPATH/index.php(79): CodeIgniter\CodeIgniter->run()
CRITICAL - 2024-04-04 21:07:57 --> Trying to access array offset on value of type null
in APPPATH/Views/productDetails.php on line 37.
 1 APPPATH/Views/productDetails.php(37): CodeIgniter\Debug\Exceptions->errorHandler(2, 'Trying to access array offset on value of type null', '/home/anujyotindustrie/public_html/app/Views/productDetails.php', 37)
 2 SYSTEMPATH/View/View.php(228): include('/home/anujyotindustrie/public_html/app/Views/productDetails.php')
 3 SYSTEMPATH/View/View.php(231): CodeIgniter\View\View->CodeIgniter\View\{closure}()
 4 SYSTEMPATH/Common.php(1190): CodeIgniter\View\View->render('productDetails', [], true)
 5 APPPATH/Controllers/Home.php(60): view('productDetails', [...])
 6 SYSTEMPATH/CodeIgniter.php(942): App\Controllers\Home->productDetails()
 7 SYSTEMPATH/CodeIgniter.php(502): CodeIgniter\CodeIgniter->runController(Object(App\Controllers\Home))
 8 SYSTEMPATH/CodeIgniter.php(361): CodeIgniter\CodeIgniter->handleRequest(null, Object(Config\Cache), false)
 9 FCPATH/index.php(79): CodeIgniter\CodeIgniter->run()
