CRITICAL - 2024-12-31 04:24:28 --> Undefined array key "id"
in APPPATH/Views/Admin/includes/header.php on line 120.
 1 APPPATH/Views/Admin/includes/header.php(120): CodeIgniter\Debug\Exceptions->errorHandler(2, 'Undefined array key "id"', '/home/sitsolutionsco/public_html/cuknuk.sitsolutions.co.in/app/Views/Admin/includes/header.php', 120)
 2 SYSTEMPATH/View/View.php(228): include('/home/sitsolutionsco/public_html/cuknuk.sitsolutions.co.in/app/Views/Admin/includes/header.php')
 3 SYSTEMPATH/View/View.php(231): CodeIgniter\View\View->CodeIgniter\View\{closure}()
 4 SYSTEMPATH/Common.php(1190): CodeIgniter\View\View->render('Admin/includes/header', [], true)
 5 APPPATH/Views/Admin/ViewProducts.php(8): view('Admin/includes/header')
 6 SYSTEMPATH/View/View.php(228): include('/home/sitsolutionsco/public_html/cuknuk.sitsolutions.co.in/app/Views/Admin/ViewProducts.php')
 7 SYSTEMPATH/View/View.php(231): CodeIgniter\View\View->CodeIgniter\View\{closure}()
 8 SYSTEMPATH/Common.php(1190): CodeIgniter\View\View->render('Admin/ViewProducts', [], true)
 9 APPPATH/Controllers/ProductController.php(25): view('Admin/ViewProducts', [...])
10 SYSTEMPATH/CodeIgniter.php(942): App\Controllers\ProductController->ViewProducts()
11 SYSTEMPATH/CodeIgniter.php(502): CodeIgniter\CodeIgniter->runController(Object(App\Controllers\ProductController))
12 SYSTEMPATH/CodeIgniter.php(361): CodeIgniter\CodeIgniter->handleRequest(null, Object(Config\Cache), false)
13 FCPATH/index.php(79): CodeIgniter\CodeIgniter->run()
CRITICAL - 2024-12-31 04:24:28 --> Undefined array key "id"
in APPPATH/Views/Admin/includes/header.php on line 120.
 1 APPPATH/Views/Admin/includes/header.php(120): CodeIgniter\Debug\Exceptions->errorHandler(2, 'Undefined array key "id"', '/home/sitsolutionsco/public_html/cuknuk.sitsolutions.co.in/app/Views/Admin/includes/header.php', 120)
 2 SYSTEMPATH/View/View.php(228): include('/home/sitsolutionsco/public_html/cuknuk.sitsolutions.co.in/app/Views/Admin/includes/header.php')
 3 SYSTEMPATH/View/View.php(231): CodeIgniter\View\View->CodeIgniter\View\{closure}()
 4 SYSTEMPATH/Common.php(1190): CodeIgniter\View\View->render('Admin/includes/header', [], true)
 5 APPPATH/Views/Admin/ViewProducts.php(8): view('Admin/includes/header')
 6 SYSTEMPATH/View/View.php(228): include('/home/sitsolutionsco/public_html/cuknuk.sitsolutions.co.in/app/Views/Admin/ViewProducts.php')
 7 SYSTEMPATH/View/View.php(231): CodeIgniter\View\View->CodeIgniter\View\{closure}()
 8 SYSTEMPATH/Common.php(1190): CodeIgniter\View\View->render('Admin/ViewProducts', [], true)
 9 APPPATH/Controllers/ProductController.php(25): view('Admin/ViewProducts', [...])
10 SYSTEMPATH/CodeIgniter.php(942): App\Controllers\ProductController->ViewProducts()
11 SYSTEMPATH/CodeIgniter.php(502): CodeIgniter\CodeIgniter->runController(Object(App\Controllers\ProductController))
12 SYSTEMPATH/CodeIgniter.php(361): CodeIgniter\CodeIgniter->handleRequest(null, Object(Config\Cache), false)
13 FCPATH/index.php(79): CodeIgniter\CodeIgniter->run()
