CRITICAL - 2024-12-25 06:51:09 --> Invalid file: "TermsConditions.php"
in SYSTEMPATH\Exceptions\FrameworkException.php on line 39.
 1 SYSTEMPATH\View\View.php(216): CodeIgniter\Exceptions\FrameworkException::forInvalidFile('TermsConditions.php')
 2 SYSTEMPATH\Common.php(1190): CodeIgniter\View\View->render('TermsConditions', [], true)
 3 APPPATH\Controllers\Home.php(58): view('TermsConditions')
 4 SYSTEMPATH\CodeIgniter.php(942): App\Controllers\Home->TermsConditions()
 5 SYSTEMPATH\CodeIgniter.php(502): CodeIgniter\CodeIgniter->runController(Object(App\Controllers\Home))
 6 SYSTEMPATH\CodeIgniter.php(361): CodeIgniter\CodeIgniter->handleRequest(null, Object(Config\Cache), false)
 7 FCPATH\index.php(79): CodeIgniter\CodeIgniter->run()
CRITICAL - 2024-12-25 07:16:58 --> You must set the database table to be used with your query.
in SYSTEMPATH\Database\BaseConnection.php on line 884.
 1 SYSTEMPATH\Model.php(635): CodeIgniter\Database\BaseConnection->table(null)
 2 SYSTEMPATH\Model.php(863): CodeIgniter\Model->builder()
 3 APPPATH\Controllers\Home.php(65): CodeIgniter\Model->__call('getCategoryProduct', [...])
 4 SYSTEMPATH\CodeIgniter.php(942): App\Controllers\Home->ViewCategory()
 5 SYSTEMPATH\CodeIgniter.php(502): CodeIgniter\CodeIgniter->runController(Object(App\Controllers\Home))
 6 SYSTEMPATH\CodeIgniter.php(361): CodeIgniter\CodeIgniter->handleRequest(null, Object(Config\Cache), false)
 7 FCPATH\index.php(79): CodeIgniter\CodeIgniter->run()
ERROR - 2024-12-25 07:19:03 --> mysqli_sql_exception: You have an error in your SQL syntax; check the manual that corresponds to your MariaDB server version for the right syntax to use near 'ORDER BY p.id' at line 1 in C:\xampp\htdocs\CukNuk\system\Database\MySQLi\Connection.php:306
Stack trace:
#0 C:\xampp\htdocs\CukNuk\system\Database\MySQLi\Connection.php(306): mysqli->query('SELECT p.*, c.c...', 0)
#1 C:\xampp\htdocs\CukNuk\system\Database\BaseConnection.php(693): CodeIgniter\Database\MySQLi\Connection->execute('SELECT p.*, c.c...')
#2 C:\xampp\htdocs\CukNuk\system\Database\BaseConnection.php(607): CodeIgniter\Database\BaseConnection->simpleQuery('SELECT p.*, c.c...')
#3 C:\xampp\htdocs\CukNuk\app\Models\ProductModel.php(135): CodeIgniter\Database\BaseConnection->query('SELECT p.*, c.c...')
#4 C:\xampp\htdocs\CukNuk\app\Controllers\Home.php(65): App\Models\ProductModel->getCategoryProduct('')
#5 C:\xampp\htdocs\CukNuk\system\CodeIgniter.php(942): App\Controllers\Home->ViewCategory()
#6 C:\xampp\htdocs\CukNuk\system\CodeIgniter.php(502): CodeIgniter\CodeIgniter->runController(Object(App\Controllers\Home))
#7 C:\xampp\htdocs\CukNuk\system\CodeIgniter.php(361): CodeIgniter\CodeIgniter->handleRequest(NULL, Object(Config\Cache), false)
#8 C:\xampp\htdocs\CukNuk\index.php(79): CodeIgniter\CodeIgniter->run()
#9 {main}
CRITICAL - 2024-12-25 07:19:03 --> You have an error in your SQL syntax; check the manual that corresponds to your MariaDB server version for the right syntax to use near 'ORDER BY p.id' at line 1
in SYSTEMPATH\Database\BaseConnection.php on line 647.
 1 APPPATH\Models\ProductModel.php(135): CodeIgniter\Database\BaseConnection->query('SELECT p.*, c.category_name FROM tbl_product p JOIN tbl_category c ON p.product_type = c.id WHERE p.product_type=c. ORDER BY p.id')
 2 APPPATH\Controllers\Home.php(65): App\Models\ProductModel->getCategoryProduct('')
 3 SYSTEMPATH\CodeIgniter.php(942): App\Controllers\Home->ViewCategory()
 4 SYSTEMPATH\CodeIgniter.php(502): CodeIgniter\CodeIgniter->runController(Object(App\Controllers\Home))
 5 SYSTEMPATH\CodeIgniter.php(361): CodeIgniter\CodeIgniter->handleRequest(null, Object(Config\Cache), false)
 6 FCPATH\index.php(79): CodeIgniter\CodeIgniter->run()
ERROR - 2024-12-25 07:21:32 --> mysqli_sql_exception: You have an error in your SQL syntax; check the manual that corresponds to your MariaDB server version for the right syntax to use near 'order by id desc' at line 1 in C:\xampp\htdocs\CukNuk\system\Database\MySQLi\Connection.php:306
Stack trace:
#0 C:\xampp\htdocs\CukNuk\system\Database\MySQLi\Connection.php(306): mysqli->query('SELECT * FROM t...', 0)
#1 C:\xampp\htdocs\CukNuk\system\Database\BaseConnection.php(693): CodeIgniter\Database\MySQLi\Connection->execute('SELECT * FROM t...')
#2 C:\xampp\htdocs\CukNuk\system\Database\BaseConnection.php(607): CodeIgniter\Database\BaseConnection->simpleQuery('SELECT * FROM t...')
#3 C:\xampp\htdocs\CukNuk\app\Models\ProductModel.php(135): CodeIgniter\Database\BaseConnection->query('SELECT * FROM t...')
#4 C:\xampp\htdocs\CukNuk\app\Controllers\Home.php(65): App\Models\ProductModel->getCategoryProduct('')
#5 C:\xampp\htdocs\CukNuk\system\CodeIgniter.php(942): App\Controllers\Home->ViewCategory()
#6 C:\xampp\htdocs\CukNuk\system\CodeIgniter.php(502): CodeIgniter\CodeIgniter->runController(Object(App\Controllers\Home))
#7 C:\xampp\htdocs\CukNuk\system\CodeIgniter.php(361): CodeIgniter\CodeIgniter->handleRequest(NULL, Object(Config\Cache), false)
#8 C:\xampp\htdocs\CukNuk\index.php(79): CodeIgniter\CodeIgniter->run()
#9 {main}
CRITICAL - 2024-12-25 07:21:32 --> You have an error in your SQL syntax; check the manual that corresponds to your MariaDB server version for the right syntax to use near 'order by id desc' at line 1
in SYSTEMPATH\Database\BaseConnection.php on line 647.
 1 APPPATH\Models\ProductModel.php(135): CodeIgniter\Database\BaseConnection->query('SELECT * FROM tbl_product WHERE product_type= order by id desc')
 2 APPPATH\Controllers\Home.php(65): App\Models\ProductModel->getCategoryProduct('')
 3 SYSTEMPATH\CodeIgniter.php(942): App\Controllers\Home->ViewCategory()
 4 SYSTEMPATH\CodeIgniter.php(502): CodeIgniter\CodeIgniter->runController(Object(App\Controllers\Home))
 5 SYSTEMPATH\CodeIgniter.php(361): CodeIgniter\CodeIgniter->handleRequest(null, Object(Config\Cache), false)
 6 FCPATH\index.php(79): CodeIgniter\CodeIgniter->run()
CRITICAL - 2024-12-25 07:23:47 --> Undefined variable $editId
in APPPATH\Controllers\Home.php on line 64.
 1 APPPATH\Controllers\Home.php(64): CodeIgniter\Debug\Exceptions->errorHandler(2, 'Undefined variable $editId', 'C:\\xampp\\htdocs\\CukNuk\\app\\Controllers\\Home.php', 64)
 2 SYSTEMPATH\CodeIgniter.php(942): App\Controllers\Home->ViewCategory()
 3 SYSTEMPATH\CodeIgniter.php(502): CodeIgniter\CodeIgniter->runController(Object(App\Controllers\Home))
 4 SYSTEMPATH\CodeIgniter.php(361): CodeIgniter\CodeIgniter->handleRequest(null, Object(Config\Cache), false)
 5 FCPATH\index.php(79): CodeIgniter\CodeIgniter->run()
CRITICAL - 2024-12-25 07:27:09 --> Undefined variable $Id
in APPPATH\Controllers\Home.php on line 65.
 1 APPPATH\Controllers\Home.php(65): CodeIgniter\Debug\Exceptions->errorHandler(2, 'Undefined variable $Id', 'C:\\xampp\\htdocs\\CukNuk\\app\\Controllers\\Home.php', 65)
 2 SYSTEMPATH\CodeIgniter.php(942): App\Controllers\Home->ViewCategory()
 3 SYSTEMPATH\CodeIgniter.php(502): CodeIgniter\CodeIgniter->runController(Object(App\Controllers\Home))
 4 SYSTEMPATH\CodeIgniter.php(361): CodeIgniter\CodeIgniter->handleRequest(null, Object(Config\Cache), false)
 5 FCPATH\index.php(79): CodeIgniter\CodeIgniter->run()
CRITICAL - 2024-12-25 07:32:03 --> Undefined variable $CategoryModel
in APPPATH\Controllers\Home.php on line 66.
 1 APPPATH\Controllers\Home.php(66): CodeIgniter\Debug\Exceptions->errorHandler(2, 'Undefined variable $CategoryModel', 'C:\\xampp\\htdocs\\CukNuk\\app\\Controllers\\Home.php', 66)
 2 SYSTEMPATH\CodeIgniter.php(942): App\Controllers\Home->ViewCategory()
 3 SYSTEMPATH\CodeIgniter.php(502): CodeIgniter\CodeIgniter->runController(Object(App\Controllers\Home))
 4 SYSTEMPATH\CodeIgniter.php(361): CodeIgniter\CodeIgniter->handleRequest(null, Object(Config\Cache), false)
 5 FCPATH\index.php(79): CodeIgniter\CodeIgniter->run()
CRITICAL - 2024-12-25 07:32:30 --> Undefined variable $CategoryModel
in APPPATH\Controllers\Home.php on line 66.
 1 APPPATH\Controllers\Home.php(66): CodeIgniter\Debug\Exceptions->errorHandler(2, 'Undefined variable $CategoryModel', 'C:\\xampp\\htdocs\\CukNuk\\app\\Controllers\\Home.php', 66)
 2 SYSTEMPATH\CodeIgniter.php(942): App\Controllers\Home->ViewCategory()
 3 SYSTEMPATH\CodeIgniter.php(502): CodeIgniter\CodeIgniter->runController(Object(App\Controllers\Home))
 4 SYSTEMPATH\CodeIgniter.php(361): CodeIgniter\CodeIgniter->handleRequest(null, Object(Config\Cache), false)
 5 FCPATH\index.php(79): CodeIgniter\CodeIgniter->run()
CRITICAL - 2024-12-25 07:34:38 --> Array to string conversion
in APPPATH\Views\ViewCategory.php on line 24.
 1 APPPATH\Views\ViewCategory.php(24): CodeIgniter\Debug\Exceptions->errorHandler(2, 'Array to string conversion', 'C:\\xampp\\htdocs\\CukNuk\\app\\Views\\ViewCategory.php', 24)
 2 SYSTEMPATH\View\View.php(228): include('C:\\xampp\\htdocs\\CukNuk\\app\\Views\\ViewCategory.php')
 3 SYSTEMPATH\View\View.php(231): CodeIgniter\View\View->CodeIgniter\View\{closure}()
 4 SYSTEMPATH\Common.php(1190): CodeIgniter\View\View->render('ViewCategory', [], true)
 5 APPPATH\Controllers\Home.php(68): view('ViewCategory', [...])
 6 SYSTEMPATH\CodeIgniter.php(942): App\Controllers\Home->ViewCategory()
 7 SYSTEMPATH\CodeIgniter.php(502): CodeIgniter\CodeIgniter->runController(Object(App\Controllers\Home))
 8 SYSTEMPATH\CodeIgniter.php(361): CodeIgniter\CodeIgniter->handleRequest(null, Object(Config\Cache), false)
 9 FCPATH\index.php(79): CodeIgniter\CodeIgniter->run()
CRITICAL - 2024-12-25 07:34:49 --> Array to string conversion
in APPPATH\Views\ViewCategory.php on line 24.
 1 APPPATH\Views\ViewCategory.php(24): CodeIgniter\Debug\Exceptions->errorHandler(2, 'Array to string conversion', 'C:\\xampp\\htdocs\\CukNuk\\app\\Views\\ViewCategory.php', 24)
 2 SYSTEMPATH\View\View.php(228): include('C:\\xampp\\htdocs\\CukNuk\\app\\Views\\ViewCategory.php')
 3 SYSTEMPATH\View\View.php(231): CodeIgniter\View\View->CodeIgniter\View\{closure}()
 4 SYSTEMPATH\Common.php(1190): CodeIgniter\View\View->render('ViewCategory', [], true)
 5 APPPATH\Controllers\Home.php(68): view('ViewCategory', [...])
 6 SYSTEMPATH\CodeIgniter.php(942): App\Controllers\Home->ViewCategory()
 7 SYSTEMPATH\CodeIgniter.php(502): CodeIgniter\CodeIgniter->runController(Object(App\Controllers\Home))
 8 SYSTEMPATH\CodeIgniter.php(361): CodeIgniter\CodeIgniter->handleRequest(null, Object(Config\Cache), false)
 9 FCPATH\index.php(79): CodeIgniter\CodeIgniter->run()
CRITICAL - 2024-12-25 07:34:50 --> Array to string conversion
in APPPATH\Views\ViewCategory.php on line 24.
 1 APPPATH\Views\ViewCategory.php(24): CodeIgniter\Debug\Exceptions->errorHandler(2, 'Array to string conversion', 'C:\\xampp\\htdocs\\CukNuk\\app\\Views\\ViewCategory.php', 24)
 2 SYSTEMPATH\View\View.php(228): include('C:\\xampp\\htdocs\\CukNuk\\app\\Views\\ViewCategory.php')
 3 SYSTEMPATH\View\View.php(231): CodeIgniter\View\View->CodeIgniter\View\{closure}()
 4 SYSTEMPATH\Common.php(1190): CodeIgniter\View\View->render('ViewCategory', [], true)
 5 APPPATH\Controllers\Home.php(68): view('ViewCategory', [...])
 6 SYSTEMPATH\CodeIgniter.php(942): App\Controllers\Home->ViewCategory()
 7 SYSTEMPATH\CodeIgniter.php(502): CodeIgniter\CodeIgniter->runController(Object(App\Controllers\Home))
 8 SYSTEMPATH\CodeIgniter.php(361): CodeIgniter\CodeIgniter->handleRequest(null, Object(Config\Cache), false)
 9 FCPATH\index.php(79): CodeIgniter\CodeIgniter->run()
CRITICAL - 2024-12-25 07:34:51 --> Array to string conversion
in APPPATH\Views\ViewCategory.php on line 24.
 1 APPPATH\Views\ViewCategory.php(24): CodeIgniter\Debug\Exceptions->errorHandler(2, 'Array to string conversion', 'C:\\xampp\\htdocs\\CukNuk\\app\\Views\\ViewCategory.php', 24)
 2 SYSTEMPATH\View\View.php(228): include('C:\\xampp\\htdocs\\CukNuk\\app\\Views\\ViewCategory.php')
 3 SYSTEMPATH\View\View.php(231): CodeIgniter\View\View->CodeIgniter\View\{closure}()
 4 SYSTEMPATH\Common.php(1190): CodeIgniter\View\View->render('ViewCategory', [], true)
 5 APPPATH\Controllers\Home.php(68): view('ViewCategory', [...])
 6 SYSTEMPATH\CodeIgniter.php(942): App\Controllers\Home->ViewCategory()
 7 SYSTEMPATH\CodeIgniter.php(502): CodeIgniter\CodeIgniter->runController(Object(App\Controllers\Home))
 8 SYSTEMPATH\CodeIgniter.php(361): CodeIgniter\CodeIgniter->handleRequest(null, Object(Config\Cache), false)
 9 FCPATH\index.php(79): CodeIgniter\CodeIgniter->run()
CRITICAL - 2024-12-25 07:35:52 --> Undefined array key "catgeory_name"
in APPPATH\Views\ViewCategory.php on line 24.
 1 APPPATH\Views\ViewCategory.php(24): CodeIgniter\Debug\Exceptions->errorHandler(2, 'Undefined array key "catgeory_name"', 'C:\\xampp\\htdocs\\CukNuk\\app\\Views\\ViewCategory.php', 24)
 2 SYSTEMPATH\View\View.php(228): include('C:\\xampp\\htdocs\\CukNuk\\app\\Views\\ViewCategory.php')
 3 SYSTEMPATH\View\View.php(231): CodeIgniter\View\View->CodeIgniter\View\{closure}()
 4 SYSTEMPATH\Common.php(1190): CodeIgniter\View\View->render('ViewCategory', [], true)
 5 APPPATH\Controllers\Home.php(68): view('ViewCategory', [...])
 6 SYSTEMPATH\CodeIgniter.php(942): App\Controllers\Home->ViewCategory()
 7 SYSTEMPATH\CodeIgniter.php(502): CodeIgniter\CodeIgniter->runController(Object(App\Controllers\Home))
 8 SYSTEMPATH\CodeIgniter.php(361): CodeIgniter\CodeIgniter->handleRequest(null, Object(Config\Cache), false)
 9 FCPATH\index.php(79): CodeIgniter\CodeIgniter->run()
CRITICAL - 2024-12-25 07:36:24 --> Undefined array key "catgeory_name"
in APPPATH\Views\ViewCategory.php on line 26.
 1 APPPATH\Views\ViewCategory.php(26): CodeIgniter\Debug\Exceptions->errorHandler(2, 'Undefined array key "catgeory_name"', 'C:\\xampp\\htdocs\\CukNuk\\app\\Views\\ViewCategory.php', 26)
 2 SYSTEMPATH\View\View.php(228): include('C:\\xampp\\htdocs\\CukNuk\\app\\Views\\ViewCategory.php')
 3 SYSTEMPATH\View\View.php(231): CodeIgniter\View\View->CodeIgniter\View\{closure}()
 4 SYSTEMPATH\Common.php(1190): CodeIgniter\View\View->render('ViewCategory', [], true)
 5 APPPATH\Controllers\Home.php(68): view('ViewCategory', [...])
 6 SYSTEMPATH\CodeIgniter.php(942): App\Controllers\Home->ViewCategory()
 7 SYSTEMPATH\CodeIgniter.php(502): CodeIgniter\CodeIgniter->runController(Object(App\Controllers\Home))
 8 SYSTEMPATH\CodeIgniter.php(361): CodeIgniter\CodeIgniter->handleRequest(null, Object(Config\Cache), false)
 9 FCPATH\index.php(79): CodeIgniter\CodeIgniter->run()
CRITICAL - 2024-12-25 12:44:15 --> Undefined array key "ID"
in APPPATH\Controllers\Home.php on line 63.
 1 APPPATH\Controllers\Home.php(63): CodeIgniter\Debug\Exceptions->errorHandler(2, 'Undefined array key "ID"', 'C:\\xampp\\htdocs\\CukNuk\\app\\Controllers\\Home.php', 63)
 2 SYSTEMPATH\CodeIgniter.php(942): App\Controllers\Home->ViewCategory()
 3 SYSTEMPATH\CodeIgniter.php(502): CodeIgniter\CodeIgniter->runController(Object(App\Controllers\Home))
 4 SYSTEMPATH\CodeIgniter.php(361): CodeIgniter\CodeIgniter->handleRequest(null, Object(Config\Cache), false)
 5 FCPATH\index.php(79): CodeIgniter\CodeIgniter->run()
CRITICAL - 2024-12-25 12:49:57 --> Undefined array key "ID"
in APPPATH\Controllers\Home.php on line 63.
 1 APPPATH\Controllers\Home.php(63): CodeIgniter\Debug\Exceptions->errorHandler(2, 'Undefined array key "ID"', 'C:\\xampp\\htdocs\\CukNuk\\app\\Controllers\\Home.php', 63)
 2 SYSTEMPATH\CodeIgniter.php(942): App\Controllers\Home->ViewCategory()
 3 SYSTEMPATH\CodeIgniter.php(502): CodeIgniter\CodeIgniter->runController(Object(App\Controllers\Home))
 4 SYSTEMPATH\CodeIgniter.php(361): CodeIgniter\CodeIgniter->handleRequest(null, Object(Config\Cache), false)
 5 FCPATH\index.php(79): CodeIgniter\CodeIgniter->run()
