CRITICAL - 2024-02-08 10:32:04 --> Cannot use empty array elements in arrays
in APPPATH/Controllers/CategoryController.php on line 32.
 1 [internal function]: CodeIgniter\Debug\Exceptions->shutdownHandler()
CRITICAL - 2024-02-08 10:33:21 --> Class "App\Models\CategoryModel" not found
in APPPATH/Controllers/CategoryController.php on line 50.
 1 SYSTEMPATH/CodeIgniter.php(942): App\Controllers\CategoryController->CategoryInserted()
 2 SYSTEMPATH/CodeIgniter.php(502): CodeIgniter\CodeIgniter->runController(Object(App\Controllers\CategoryController))
 3 SYSTEMPATH/CodeIgniter.php(361): CodeIgniter\CodeIgniter->handleRequest(null, Object(Config\Cache), false)
 4 FCPATH/index.php(79): CodeIgniter\CodeIgniter->run()
CRITICAL - 2024-02-08 10:34:22 --> Class "App\Models\CategoryModel" not found
in APPPATH/Controllers/CategoryController.php on line 50.
 1 SYSTEMPATH/CodeIgniter.php(942): App\Controllers\CategoryController->CategoryInserted()
 2 SYSTEMPATH/CodeIgniter.php(502): CodeIgniter\CodeIgniter->runController(Object(App\Controllers\CategoryController))
 3 SYSTEMPATH/CodeIgniter.php(361): CodeIgniter\CodeIgniter->handleRequest(null, Object(Config\Cache), false)
 4 FCPATH/index.php(79): CodeIgniter\CodeIgniter->run()
CRITICAL - 2024-02-08 10:36:47 --> Class "App\Models\CategoryModel" not found
in APPPATH/Controllers/CategoryController.php on line 50.
 1 SYSTEMPATH/CodeIgniter.php(942): App\Controllers\CategoryController->CategoryInserted()
 2 SYSTEMPATH/CodeIgniter.php(502): CodeIgniter\CodeIgniter->runController(Object(App\Controllers\CategoryController))
 3 SYSTEMPATH/CodeIgniter.php(361): CodeIgniter\CodeIgniter->handleRequest(null, Object(Config\Cache), false)
 4 FCPATH/index.php(79): CodeIgniter\CodeIgniter->run()
CRITICAL - 2024-02-08 10:37:50 --> Class "App\Models\CategoryModel" not found
in APPPATH/Controllers/CategoryController.php on line 50.
 1 SYSTEMPATH/CodeIgniter.php(942): App\Controllers\CategoryController->CategoryInserted()
 2 SYSTEMPATH/CodeIgniter.php(502): CodeIgniter\CodeIgniter->runController(Object(App\Controllers\CategoryController))
 3 SYSTEMPATH/CodeIgniter.php(361): CodeIgniter\CodeIgniter->handleRequest(null, Object(Config\Cache), false)
 4 FCPATH/index.php(79): CodeIgniter\CodeIgniter->run()
CRITICAL - 2024-02-08 10:51:14 --> Undefined variable $ProductData
in APPPATH/Models/CategoryModel.php on line 35.
 1 APPPATH/Models/CategoryModel.php(35): CodeIgniter\Debug\Exceptions->errorHandler(2, 'Undefined variable $ProductData', '/home/anujyotindustrie/public_html/app/Models/CategoryModel.php', 35)
 2 APPPATH/Controllers/CategoryController.php(70): App\Models\CategoryModel->updateCategory([...], '2')
 3 SYSTEMPATH/CodeIgniter.php(942): App\Controllers\CategoryController->CategoryInserted()
 4 SYSTEMPATH/CodeIgniter.php(502): CodeIgniter\CodeIgniter->runController(Object(App\Controllers\CategoryController))
 5 SYSTEMPATH/CodeIgniter.php(361): CodeIgniter\CodeIgniter->handleRequest(null, Object(Config\Cache), false)
 6 FCPATH/index.php(79): CodeIgniter\CodeIgniter->run()
CRITICAL - 2024-02-08 11:00:07 --> Undefined variable $productCategory
in APPPATH/Views/Admin/AddProducts.php on line 55.
 1 APPPATH/Views/Admin/AddProducts.php(55): CodeIgniter\Debug\Exceptions->errorHandler(2, 'Undefined variable $productCategory', '/home/anujyotindustrie/public_html/app/Views/Admin/AddProducts.php', 55)
 2 SYSTEMPATH/View/View.php(228): include('/home/anujyotindustrie/public_html/app/Views/Admin/AddProducts.php')
 3 SYSTEMPATH/View/View.php(231): CodeIgniter\View\View->CodeIgniter\View\{closure}()
 4 SYSTEMPATH/Common.php(1190): CodeIgniter\View\View->render('Admin/AddProducts', [], true)
 5 APPPATH/Controllers/ProductController.php(21): view('Admin/AddProducts')
 6 SYSTEMPATH/CodeIgniter.php(942): App\Controllers\ProductController->AddProducts()
 7 SYSTEMPATH/CodeIgniter.php(502): CodeIgniter\CodeIgniter->runController(Object(App\Controllers\ProductController))
 8 SYSTEMPATH/CodeIgniter.php(361): CodeIgniter\CodeIgniter->handleRequest(null, Object(Config\Cache), false)
 9 FCPATH/index.php(79): CodeIgniter\CodeIgniter->run()
CRITICAL - 2024-02-08 11:00:30 --> foreach() argument must be of type array|object, string given
in APPPATH/Views/Admin/AddProducts.php on line 55.
 1 APPPATH/Views/Admin/AddProducts.php(55): CodeIgniter\Debug\Exceptions->errorHandler(2, 'foreach() argument must be of type array|object, string given', '/home/anujyotindustrie/public_html/app/Views/Admin/AddProducts.php', 55)
 2 SYSTEMPATH/View/View.php(228): include('/home/anujyotindustrie/public_html/app/Views/Admin/AddProducts.php')
 3 SYSTEMPATH/View/View.php(231): CodeIgniter\View\View->CodeIgniter\View\{closure}()
 4 SYSTEMPATH/Common.php(1190): CodeIgniter\View\View->render('Admin/AddProducts', [], true)
 5 APPPATH/Controllers/ProductController.php(21): view('Admin/AddProducts')
 6 SYSTEMPATH/CodeIgniter.php(942): App\Controllers\ProductController->AddProducts()
 7 SYSTEMPATH/CodeIgniter.php(502): CodeIgniter\CodeIgniter->runController(Object(App\Controllers\ProductController))
 8 SYSTEMPATH/CodeIgniter.php(361): CodeIgniter\CodeIgniter->handleRequest(null, Object(Config\Cache), false)
 9 FCPATH/index.php(79): CodeIgniter\CodeIgniter->run()
CRITICAL - 2024-02-08 11:00:56 --> foreach() argument must be of type array|object, string given
in APPPATH/Views/Admin/AddProducts.php on line 55.
 1 APPPATH/Views/Admin/AddProducts.php(55): CodeIgniter\Debug\Exceptions->errorHandler(2, 'foreach() argument must be of type array|object, string given', '/home/anujyotindustrie/public_html/app/Views/Admin/AddProducts.php', 55)
 2 SYSTEMPATH/View/View.php(228): include('/home/anujyotindustrie/public_html/app/Views/Admin/AddProducts.php')
 3 SYSTEMPATH/View/View.php(231): CodeIgniter\View\View->CodeIgniter\View\{closure}()
 4 SYSTEMPATH/Common.php(1190): CodeIgniter\View\View->render('Admin/AddProducts', [], true)
 5 APPPATH/Controllers/ProductController.php(21): view('Admin/AddProducts')
 6 SYSTEMPATH/CodeIgniter.php(942): App\Controllers\ProductController->AddProducts()
 7 SYSTEMPATH/CodeIgniter.php(502): CodeIgniter\CodeIgniter->runController(Object(App\Controllers\ProductController))
 8 SYSTEMPATH/CodeIgniter.php(361): CodeIgniter\CodeIgniter->handleRequest(null, Object(Config\Cache), false)
 9 FCPATH/index.php(79): CodeIgniter\CodeIgniter->run()
CRITICAL - 2024-02-08 11:02:58 --> Undefined variable $id
in APPPATH/Controllers/ProductController.php on line 22.
 1 APPPATH/Controllers/ProductController.php(22): CodeIgniter\Debug\Exceptions->errorHandler(2, 'Undefined variable $id', '/home/anujyotindustrie/public_html/app/Controllers/ProductController.php', 22)
 2 SYSTEMPATH/CodeIgniter.php(942): App\Controllers\ProductController->AddProducts()
 3 SYSTEMPATH/CodeIgniter.php(502): CodeIgniter\CodeIgniter->runController(Object(App\Controllers\ProductController))
 4 SYSTEMPATH/CodeIgniter.php(361): CodeIgniter\CodeIgniter->handleRequest(null, Object(Config\Cache), false)
 5 FCPATH/index.php(79): CodeIgniter\CodeIgniter->run()
CRITICAL - 2024-02-08 11:03:37 --> foreach() argument must be of type array|object, string given
in APPPATH/Views/Admin/AddProducts.php on line 55.
 1 APPPATH/Views/Admin/AddProducts.php(55): CodeIgniter\Debug\Exceptions->errorHandler(2, 'foreach() argument must be of type array|object, string given', '/home/anujyotindustrie/public_html/app/Views/Admin/AddProducts.php', 55)
 2 SYSTEMPATH/View/View.php(228): include('/home/anujyotindustrie/public_html/app/Views/Admin/AddProducts.php')
 3 SYSTEMPATH/View/View.php(231): CodeIgniter\View\View->CodeIgniter\View\{closure}()
 4 SYSTEMPATH/Common.php(1190): CodeIgniter\View\View->render('Admin/AddProducts', [], true)
 5 APPPATH/Controllers/ProductController.php(23): view('Admin/AddProducts', [...])
 6 SYSTEMPATH/CodeIgniter.php(942): App\Controllers\ProductController->AddProducts()
 7 SYSTEMPATH/CodeIgniter.php(502): CodeIgniter\CodeIgniter->runController(Object(App\Controllers\ProductController))
 8 SYSTEMPATH/CodeIgniter.php(361): CodeIgniter\CodeIgniter->handleRequest(null, Object(Config\Cache), false)
 9 FCPATH/index.php(79): CodeIgniter\CodeIgniter->run()
CRITICAL - 2024-02-08 11:14:17 --> Undefined array key "product_type"
in APPPATH/Views/Admin/AddProducts.php on line 56.
 1 APPPATH/Views/Admin/AddProducts.php(56): CodeIgniter\Debug\Exceptions->errorHandler(2, 'Undefined array key "product_type"', '/home/anujyotindustrie/public_html/app/Views/Admin/AddProducts.php', 56)
 2 SYSTEMPATH/View/View.php(228): include('/home/anujyotindustrie/public_html/app/Views/Admin/AddProducts.php')
 3 SYSTEMPATH/View/View.php(231): CodeIgniter\View\View->CodeIgniter\View\{closure}()
 4 SYSTEMPATH/Common.php(1190): CodeIgniter\View\View->render('Admin/AddProducts', [], true)
 5 APPPATH/Controllers/ProductController.php(24): view('Admin/AddProducts', [...])
 6 SYSTEMPATH/CodeIgniter.php(942): App\Controllers\ProductController->AddProducts()
 7 SYSTEMPATH/CodeIgniter.php(502): CodeIgniter\CodeIgniter->runController(Object(App\Controllers\ProductController))
 8 SYSTEMPATH/CodeIgniter.php(361): CodeIgniter\CodeIgniter->handleRequest(null, Object(Config\Cache), false)
 9 FCPATH/index.php(79): CodeIgniter\CodeIgniter->run()
CRITICAL - 2024-02-08 11:27:04 --> Undefined variable $category_name
in APPPATH/Views/index.php on line 540.
 1 APPPATH/Views/index.php(540): CodeIgniter\Debug\Exceptions->errorHandler(2, 'Undefined variable $category_name', '/home/anujyotindustrie/public_html/app/Views/index.php', 540)
 2 SYSTEMPATH/View/View.php(228): include('/home/anujyotindustrie/public_html/app/Views/index.php')
 3 SYSTEMPATH/View/View.php(231): CodeIgniter\View\View->CodeIgniter\View\{closure}()
 4 SYSTEMPATH/Common.php(1190): CodeIgniter\View\View->render('index', [], true)
 5 APPPATH/Controllers/Home.php(22): view('index', [...])
 6 SYSTEMPATH/CodeIgniter.php(942): App\Controllers\Home->index()
 7 SYSTEMPATH/CodeIgniter.php(502): CodeIgniter\CodeIgniter->runController(Object(App\Controllers\Home))
 8 SYSTEMPATH/CodeIgniter.php(361): CodeIgniter\CodeIgniter->handleRequest(null, Object(Config\Cache), false)
 9 FCPATH/index.php(79): CodeIgniter\CodeIgniter->run()
