ERROR - 2024-09-22 12:20:43 --> Email: sendWithSmtp throwed ErrorException: fsockopen(): Unable to connect to ssl://smtp.gmail.com:465 (Network is unreachable) in /home/anujyotindustrie/public_html/system/Email/Email.php:1891
Stack trace:
#0 [internal function]: CodeIgniter\Debug\Exceptions->errorHandler(2, 'fsockopen(): Un...', '/home/anujyotin...', 1891)
#1 /home/anujyotindustrie/public_html/system/Email/Email.php(1891): fsockopen('ssl://smtp.gmai...', 465, NULL, NULL, 60)
#2 /home/anujyotindustrie/public_html/system/Email/Email.php(1799): CodeIgniter\Email\Email->SMTPConnect()
#3 /home/anujyotindustrie/public_html/system/Email/Email.php(1684): CodeIgniter\Email\Email->sendWithSmtp()
#4 /home/anujyotindustrie/public_html/system/Email/Email.php(1578): CodeIgniter\Email\Email->spoolEmail()
#5 /home/anujyotindustrie/public_html/app/Controllers/ContactController.php(58): CodeIgniter\Email\Email->send()
#6 /home/anujyotindustrie/public_html/system/CodeIgniter.php(942): App\Controllers\ContactController->ContactProcess()
#7 /home/anujyotindustrie/public_html/system/CodeIgniter.php(502): CodeIgniter\CodeIgniter->runController(Object(App\Controllers\ContactController))
#8 /home/anujyotindustrie/public_html/system/CodeIgniter.php(361): CodeIgniter\CodeIgniter->handleRequest(NULL, Object(Config\Cache), false)
#9 /home/anujyotindustrie/public_html/index.php(79): CodeIgniter\CodeIgniter->run()
#10 {main}
ERROR - 2024-09-22 12:20:43 --> Email: Unable to send email using SMTP. Your server might not be configured to send mail using this method.
ERROR - 2024-09-22 12:20:43 --> 
ERROR - 2024-09-22 12:20:44 --> Email: sendWithSmtp throwed ErrorException: fsockopen(): Unable to connect to ssl://smtp.gmail.com:465 (Network is unreachable) in /home/anujyotindustrie/public_html/system/Email/Email.php:1891
Stack trace:
#0 [internal function]: CodeIgniter\Debug\Exceptions->errorHandler(2, 'fsockopen(): Un...', '/home/anujyotin...', 1891)
#1 /home/anujyotindustrie/public_html/system/Email/Email.php(1891): fsockopen('ssl://smtp.gmai...', 465, NULL, NULL, 60)
#2 /home/anujyotindustrie/public_html/system/Email/Email.php(1799): CodeIgniter\Email\Email->SMTPConnect()
#3 /home/anujyotindustrie/public_html/system/Email/Email.php(1684): CodeIgniter\Email\Email->sendWithSmtp()
#4 /home/anujyotindustrie/public_html/system/Email/Email.php(1578): CodeIgniter\Email\Email->spoolEmail()
#5 /home/anujyotindustrie/public_html/app/Controllers/ContactController.php(60): CodeIgniter\Email\Email->send()
#6 /home/anujyotindustrie/public_html/system/CodeIgniter.php(942): App\Controllers\ContactController->ContactProcess()
#7 /home/anujyotindustrie/public_html/system/CodeIgniter.php(502): CodeIgniter\CodeIgniter->runController(Object(App\Controllers\ContactController))
#8 /home/anujyotindustrie/public_html/system/CodeIgniter.php(361): CodeIgniter\CodeIgniter->handleRequest(NULL, Object(Config\Cache), false)
#9 /home/anujyotindustrie/public_html/index.php(79): CodeIgniter\CodeIgniter->run()
#10 {main}
ERROR - 2024-09-22 12:20:44 --> Email: Unable to send email using SMTP. Your server might not be configured to send mail using this method.
ERROR - 2024-09-22 12:20:44 --> Unable to send email using SMTP. Your server might not be configured to send mail using this method.
ERROR - 2024-09-22 12:29:32 --> Email: sendWithSmtp throwed ErrorException: fsockopen(): Unable to connect to ssl://smtp.gmail.com:465 (Network is unreachable) in /home/anujyotindustrie/public_html/system/Email/Email.php:1891
Stack trace:
#0 [internal function]: CodeIgniter\Debug\Exceptions->errorHandler(2, 'fsockopen(): Un...', '/home/anujyotin...', 1891)
#1 /home/anujyotindustrie/public_html/system/Email/Email.php(1891): fsockopen('ssl://smtp.gmai...', 465, NULL, NULL, 60)
#2 /home/anujyotindustrie/public_html/system/Email/Email.php(1799): CodeIgniter\Email\Email->SMTPConnect()
#3 /home/anujyotindustrie/public_html/system/Email/Email.php(1684): CodeIgniter\Email\Email->sendWithSmtp()
#4 /home/anujyotindustrie/public_html/system/Email/Email.php(1578): CodeIgniter\Email\Email->spoolEmail()
#5 /home/anujyotindustrie/public_html/app/Controllers/ContactController.php(58): CodeIgniter\Email\Email->send()
#6 /home/anujyotindustrie/public_html/system/CodeIgniter.php(942): App\Controllers\ContactController->ContactProcess()
#7 /home/anujyotindustrie/public_html/system/CodeIgniter.php(502): CodeIgniter\CodeIgniter->runController(Object(App\Controllers\ContactController))
#8 /home/anujyotindustrie/public_html/system/CodeIgniter.php(361): CodeIgniter\CodeIgniter->handleRequest(NULL, Object(Config\Cache), false)
#9 /home/anujyotindustrie/public_html/index.php(79): CodeIgniter\CodeIgniter->run()
#10 {main}
ERROR - 2024-09-22 12:29:32 --> Email: Unable to send email using SMTP. Your server might not be configured to send mail using this method.
ERROR - 2024-09-22 12:29:32 --> 
ERROR - 2024-09-22 12:29:33 --> Email: sendWithSmtp throwed ErrorException: fsockopen(): Unable to connect to ssl://smtp.gmail.com:465 (Network is unreachable) in /home/anujyotindustrie/public_html/system/Email/Email.php:1891
Stack trace:
#0 [internal function]: CodeIgniter\Debug\Exceptions->errorHandler(2, 'fsockopen(): Un...', '/home/anujyotin...', 1891)
#1 /home/anujyotindustrie/public_html/system/Email/Email.php(1891): fsockopen('ssl://smtp.gmai...', 465, NULL, NULL, 60)
#2 /home/anujyotindustrie/public_html/system/Email/Email.php(1799): CodeIgniter\Email\Email->SMTPConnect()
#3 /home/anujyotindustrie/public_html/system/Email/Email.php(1684): CodeIgniter\Email\Email->sendWithSmtp()
#4 /home/anujyotindustrie/public_html/system/Email/Email.php(1578): CodeIgniter\Email\Email->spoolEmail()
#5 /home/anujyotindustrie/public_html/app/Controllers/ContactController.php(60): CodeIgniter\Email\Email->send()
#6 /home/anujyotindustrie/public_html/system/CodeIgniter.php(942): App\Controllers\ContactController->ContactProcess()
#7 /home/anujyotindustrie/public_html/system/CodeIgniter.php(502): CodeIgniter\CodeIgniter->runController(Object(App\Controllers\ContactController))
#8 /home/anujyotindustrie/public_html/system/CodeIgniter.php(361): CodeIgniter\CodeIgniter->handleRequest(NULL, Object(Config\Cache), false)
#9 /home/anujyotindustrie/public_html/index.php(79): CodeIgniter\CodeIgniter->run()
#10 {main}
ERROR - 2024-09-22 12:29:33 --> Email: Unable to send email using SMTP. Your server might not be configured to send mail using this method.
ERROR - 2024-09-22 12:29:33 --> Unable to send email using SMTP. Your server might not be configured to send mail using this method.
ERROR - 2024-09-22 12:31:34 --> Email: sendWithSmtp throwed ErrorException: fsockopen(): Unable to connect to ssl://smtp.gmail.com:465 (Network is unreachable) in /home/anujyotindustrie/public_html/system/Email/Email.php:1891
Stack trace:
#0 [internal function]: CodeIgniter\Debug\Exceptions->errorHandler(2, 'fsockopen(): Un...', '/home/anujyotin...', 1891)
#1 /home/anujyotindustrie/public_html/system/Email/Email.php(1891): fsockopen('ssl://smtp.gmai...', 465, NULL, NULL, 60)
#2 /home/anujyotindustrie/public_html/system/Email/Email.php(1799): CodeIgniter\Email\Email->SMTPConnect()
#3 /home/anujyotindustrie/public_html/system/Email/Email.php(1684): CodeIgniter\Email\Email->sendWithSmtp()
#4 /home/anujyotindustrie/public_html/system/Email/Email.php(1578): CodeIgniter\Email\Email->spoolEmail()
#5 /home/anujyotindustrie/public_html/app/Controllers/ContactController.php(58): CodeIgniter\Email\Email->send()
#6 /home/anujyotindustrie/public_html/system/CodeIgniter.php(942): App\Controllers\ContactController->ContactProcess()
#7 /home/anujyotindustrie/public_html/system/CodeIgniter.php(502): CodeIgniter\CodeIgniter->runController(Object(App\Controllers\ContactController))
#8 /home/anujyotindustrie/public_html/system/CodeIgniter.php(361): CodeIgniter\CodeIgniter->handleRequest(NULL, Object(Config\Cache), false)
#9 /home/anujyotindustrie/public_html/index.php(79): CodeIgniter\CodeIgniter->run()
#10 {main}
ERROR - 2024-09-22 12:31:34 --> Email: Unable to send email using SMTP. Your server might not be configured to send mail using this method.
ERROR - 2024-09-22 12:31:34 --> 
ERROR - 2024-09-22 12:31:35 --> Email: sendWithSmtp throwed ErrorException: fsockopen(): Unable to connect to ssl://smtp.gmail.com:465 (Network is unreachable) in /home/anujyotindustrie/public_html/system/Email/Email.php:1891
Stack trace:
#0 [internal function]: CodeIgniter\Debug\Exceptions->errorHandler(2, 'fsockopen(): Un...', '/home/anujyotin...', 1891)
#1 /home/anujyotindustrie/public_html/system/Email/Email.php(1891): fsockopen('ssl://smtp.gmai...', 465, NULL, NULL, 60)
#2 /home/anujyotindustrie/public_html/system/Email/Email.php(1799): CodeIgniter\Email\Email->SMTPConnect()
#3 /home/anujyotindustrie/public_html/system/Email/Email.php(1684): CodeIgniter\Email\Email->sendWithSmtp()
#4 /home/anujyotindustrie/public_html/system/Email/Email.php(1578): CodeIgniter\Email\Email->spoolEmail()
#5 /home/anujyotindustrie/public_html/app/Controllers/ContactController.php(60): CodeIgniter\Email\Email->send()
#6 /home/anujyotindustrie/public_html/system/CodeIgniter.php(942): App\Controllers\ContactController->ContactProcess()
#7 /home/anujyotindustrie/public_html/system/CodeIgniter.php(502): CodeIgniter\CodeIgniter->runController(Object(App\Controllers\ContactController))
#8 /home/anujyotindustrie/public_html/system/CodeIgniter.php(361): CodeIgniter\CodeIgniter->handleRequest(NULL, Object(Config\Cache), false)
#9 /home/anujyotindustrie/public_html/index.php(79): CodeIgniter\CodeIgniter->run()
#10 {main}
ERROR - 2024-09-22 12:31:35 --> Email: Unable to send email using SMTP. Your server might not be configured to send mail using this method.
ERROR - 2024-09-22 12:31:35 --> Unable to send email using SMTP. Your server might not be configured to send mail using this method.
