CRITICAL - 2024-12-24 06:31:59 --> Undefined array key "ID"
in APPPATH\Controllers\SliderController.php on line 168.
 1 APPPATH\Controllers\SliderController.php(168): CodeIgniter\Debug\Exceptions->errorHandler(2, 'Undefined array key "ID"', 'C:\\xampp\\htdocs\\CukNuk\\app\\Controllers\\SliderController.php', 168)
 2 SYSTEMPATH\CodeIgniter.php(942): App\Controllers\SliderController->UpdateBanner()
 3 SYSTEMPATH\CodeIgniter.php(502): CodeIgniter\CodeIgniter->runController(Object(App\Controllers\SliderController))
 4 SYSTEMPATH\CodeIgniter.php(361): CodeIgniter\CodeIgniter->handleRequest(null, Object(Config\Cache), false)
 5 FCPATH\index.php(79): CodeIgniter\CodeIgniter->run()
CRITICAL - 2024-12-24 06:32:22 --> Too few arguments to function App\Models\SliderModel::getSliderhList(), 0 passed in C:\xampp\htdocs\CukNuk\app\Controllers\SliderController.php on line 141 and exactly 1 expected
in APPPATH\Models\SliderModel.php on line 19.
 1 APPPATH\Controllers\SliderController.php(141): App\Models\SliderModel->getSliderhList()
 2 SYSTEMPATH\CodeIgniter.php(942): App\Controllers\SliderController->ViewSlider()
 3 SYSTEMPATH\CodeIgniter.php(502): CodeIgniter\CodeIgniter->runController(Object(App\Controllers\SliderController))
 4 SYSTEMPATH\CodeIgniter.php(361): CodeIgniter\CodeIgniter->handleRequest(null, Object(Config\Cache), false)
 5 FCPATH\index.php(79): CodeIgniter\CodeIgniter->run()
CRITICAL - 2024-12-24 06:36:58 --> Too few arguments to function App\Models\SliderModel::getSliderhList(), 0 passed in C:\xampp\htdocs\CukNuk\app\Controllers\SliderController.php on line 141 and exactly 1 expected
in APPPATH\Models\SliderModel.php on line 19.
 1 APPPATH\Controllers\SliderController.php(141): App\Models\SliderModel->getSliderhList()
 2 SYSTEMPATH\CodeIgniter.php(942): App\Controllers\SliderController->ViewSlider()
 3 SYSTEMPATH\CodeIgniter.php(502): CodeIgniter\CodeIgniter->runController(Object(App\Controllers\SliderController))
 4 SYSTEMPATH\CodeIgniter.php(361): CodeIgniter\CodeIgniter->handleRequest(null, Object(Config\Cache), false)
 5 FCPATH\index.php(79): CodeIgniter\CodeIgniter->run()
CRITICAL - 2024-12-24 06:37:02 --> You must set the database table to be used with your query.
in SYSTEMPATH\Database\BaseConnection.php on line 884.
 1 SYSTEMPATH\Model.php(635): CodeIgniter\Database\BaseConnection->table(null)
 2 SYSTEMPATH\Model.php(863): CodeIgniter\Model->builder()
 3 APPPATH\Controllers\SliderController.php(214): CodeIgniter\Model->__call('getBannerList', [])
 4 SYSTEMPATH\CodeIgniter.php(942): App\Controllers\SliderController->ViewBanner()
 5 SYSTEMPATH\CodeIgniter.php(502): CodeIgniter\CodeIgniter->runController(Object(App\Controllers\SliderController))
 6 SYSTEMPATH\CodeIgniter.php(361): CodeIgniter\CodeIgniter->handleRequest(null, Object(Config\Cache), false)
 7 FCPATH\index.php(79): CodeIgniter\CodeIgniter->run()
CRITICAL - 2024-12-24 06:38:23 --> Too few arguments to function App\Models\SliderModel::getBannerList(), 0 passed in C:\xampp\htdocs\CukNuk\app\Controllers\SliderController.php on line 214 and exactly 1 expected
in APPPATH\Models\SliderModel.php on line 65.
 1 APPPATH\Controllers\SliderController.php(214): App\Models\SliderModel->getBannerList()
 2 SYSTEMPATH\CodeIgniter.php(942): App\Controllers\SliderController->ViewBanner()
 3 SYSTEMPATH\CodeIgniter.php(502): CodeIgniter\CodeIgniter->runController(Object(App\Controllers\SliderController))
 4 SYSTEMPATH\CodeIgniter.php(361): CodeIgniter\CodeIgniter->handleRequest(null, Object(Config\Cache), false)
 5 FCPATH\index.php(79): CodeIgniter\CodeIgniter->run()
CRITICAL - 2024-12-24 07:39:52 --> Invalid file: "Admin/UpdateBanner.php"
in SYSTEMPATH\Exceptions\FrameworkException.php on line 39.
 1 SYSTEMPATH\View\View.php(216): CodeIgniter\Exceptions\FrameworkException::forInvalidFile('Admin/UpdateBanner.php')
 2 SYSTEMPATH\Common.php(1190): CodeIgniter\View\View->render('Admin/UpdateBanner', [], true)
 3 APPPATH\Controllers\SliderController.php(170): view('Admin/UpdateBanner', [...])
 4 SYSTEMPATH\CodeIgniter.php(942): App\Controllers\SliderController->UpdateBanner()
 5 SYSTEMPATH\CodeIgniter.php(502): CodeIgniter\CodeIgniter->runController(Object(App\Controllers\SliderController))
 6 SYSTEMPATH\CodeIgniter.php(361): CodeIgniter\CodeIgniter->handleRequest(null, Object(Config\Cache), false)
 7 FCPATH\index.php(79): CodeIgniter\CodeIgniter->run()
CRITICAL - 2024-12-24 07:40:13 --> Invalid file: "Admin/UpdateBanner.php"
in SYSTEMPATH\Exceptions\FrameworkException.php on line 39.
 1 SYSTEMPATH\View\View.php(216): CodeIgniter\Exceptions\FrameworkException::forInvalidFile('Admin/UpdateBanner.php')
 2 SYSTEMPATH\Common.php(1190): CodeIgniter\View\View->render('Admin/UpdateBanner', [], true)
 3 APPPATH\Controllers\SliderController.php(170): view('Admin/UpdateBanner', [...])
 4 SYSTEMPATH\CodeIgniter.php(942): App\Controllers\SliderController->UpdateBanner()
 5 SYSTEMPATH\CodeIgniter.php(502): CodeIgniter\CodeIgniter->runController(Object(App\Controllers\SliderController))
 6 SYSTEMPATH\CodeIgniter.php(361): CodeIgniter\CodeIgniter->handleRequest(null, Object(Config\Cache), false)
 7 FCPATH\index.php(79): CodeIgniter\CodeIgniter->run()
CRITICAL - 2024-12-24 07:41:39 --> Undefined variable $bannerData
in APPPATH\Models\SliderModel.php on line 61.
 1 APPPATH\Models\SliderModel.php(61): CodeIgniter\Debug\Exceptions->errorHandler(2, 'Undefined variable $bannerData', 'C:\\xampp\\htdocs\\CukNuk\\app\\Models\\SliderModel.php', 61)
 2 APPPATH\Controllers\SliderController.php(202): App\Models\SliderModel->updateBanner([...], '1')
 3 SYSTEMPATH\CodeIgniter.php(942): App\Controllers\SliderController->UpdateBannerPro()
 4 SYSTEMPATH\CodeIgniter.php(502): CodeIgniter\CodeIgniter->runController(Object(App\Controllers\SliderController))
 5 SYSTEMPATH\CodeIgniter.php(361): CodeIgniter\CodeIgniter->handleRequest(null, Object(Config\Cache), false)
 6 FCPATH\index.php(79): CodeIgniter\CodeIgniter->run()
CRITICAL - 2024-12-24 09:17:52 --> Too few arguments to function App\Models\SliderModel::getSliderhList(), 0 passed in C:\xampp\htdocs\CukNuk\app\Controllers\SliderController.php on line 141 and exactly 1 expected
in APPPATH\Models\SliderModel.php on line 19.
 1 APPPATH\Controllers\SliderController.php(141): App\Models\SliderModel->getSliderhList()
 2 SYSTEMPATH\CodeIgniter.php(942): App\Controllers\SliderController->ViewSlider()
 3 SYSTEMPATH\CodeIgniter.php(502): CodeIgniter\CodeIgniter->runController(Object(App\Controllers\SliderController))
 4 SYSTEMPATH\CodeIgniter.php(361): CodeIgniter\CodeIgniter->handleRequest(null, Object(Config\Cache), false)
 5 FCPATH\index.php(79): CodeIgniter\CodeIgniter->run()
CRITICAL - 2024-12-24 09:30:19 --> Too few arguments to function App\Models\SliderModel::getBannerList(), 0 passed in C:\xampp\htdocs\CukNuk\app\Controllers\SliderController.php on line 214 and exactly 1 expected
in APPPATH\Models\SliderModel.php on line 71.
 1 APPPATH\Controllers\SliderController.php(214): App\Models\SliderModel->getBannerList()
 2 SYSTEMPATH\CodeIgniter.php(942): App\Controllers\SliderController->ViewBanner()
 3 SYSTEMPATH\CodeIgniter.php(502): CodeIgniter\CodeIgniter->runController(Object(App\Controllers\SliderController))
 4 SYSTEMPATH\CodeIgniter.php(361): CodeIgniter\CodeIgniter->handleRequest(null, Object(Config\Cache), false)
 5 FCPATH\index.php(79): CodeIgniter\CodeIgniter->run()
CRITICAL - 2024-12-24 09:31:07 --> Cannot access offset of type string on string
in APPPATH\Views\Admin\ViewBanner.php on line 52.
 1 SYSTEMPATH\View\View.php(228): include()
 2 SYSTEMPATH\View\View.php(231): CodeIgniter\View\View->CodeIgniter\View\{closure}()
 3 SYSTEMPATH\Common.php(1190): CodeIgniter\View\View->render('Admin/ViewBanner', [], true)
 4 APPPATH\Controllers\SliderController.php(215): view('Admin/ViewBanner', [...])
 5 SYSTEMPATH\CodeIgniter.php(942): App\Controllers\SliderController->ViewBanner()
 6 SYSTEMPATH\CodeIgniter.php(502): CodeIgniter\CodeIgniter->runController(Object(App\Controllers\SliderController))
 7 SYSTEMPATH\CodeIgniter.php(361): CodeIgniter\CodeIgniter->handleRequest(null, Object(Config\Cache), false)
 8 FCPATH\index.php(79): CodeIgniter\CodeIgniter->run()
CRITICAL - 2024-12-24 10:00:23 --> Cannot access offset of type string on string
in APPPATH\Views\index.php on line 248.
 1 SYSTEMPATH\View\View.php(228): include()
 2 SYSTEMPATH\View\View.php(231): CodeIgniter\View\View->CodeIgniter\View\{closure}()
 3 SYSTEMPATH\Common.php(1190): CodeIgniter\View\View->render('index', [], true)
 4 APPPATH\Controllers\Home.php(38): view('index', [...])
 5 SYSTEMPATH\CodeIgniter.php(942): App\Controllers\Home->index()
 6 SYSTEMPATH\CodeIgniter.php(502): CodeIgniter\CodeIgniter->runController(Object(App\Controllers\Home))
 7 SYSTEMPATH\CodeIgniter.php(361): CodeIgniter\CodeIgniter->handleRequest(null, Object(Config\Cache), false)
 8 FCPATH\index.php(79): CodeIgniter\CodeIgniter->run()
CRITICAL - 2024-12-24 10:04:25 --> Undefined array key "name"
in APPPATH\Views\index.php on line 282.
 1 APPPATH\Views\index.php(282): CodeIgniter\Debug\Exceptions->errorHandler(2, 'Undefined array key "name"', 'C:\\xampp\\htdocs\\CukNuk\\app\\Views\\index.php', 282)
 2 SYSTEMPATH\View\View.php(228): include('C:\\xampp\\htdocs\\CukNuk\\app\\Views\\index.php')
 3 SYSTEMPATH\View\View.php(231): CodeIgniter\View\View->CodeIgniter\View\{closure}()
 4 SYSTEMPATH\Common.php(1190): CodeIgniter\View\View->render('index', [], true)
 5 APPPATH\Controllers\Home.php(38): view('index', [...])
 6 SYSTEMPATH\CodeIgniter.php(942): App\Controllers\Home->index()
 7 SYSTEMPATH\CodeIgniter.php(502): CodeIgniter\CodeIgniter->runController(Object(App\Controllers\Home))
 8 SYSTEMPATH\CodeIgniter.php(361): CodeIgniter\CodeIgniter->handleRequest(null, Object(Config\Cache), false)
 9 FCPATH\index.php(79): CodeIgniter\CodeIgniter->run()
CRITICAL - 2024-12-24 10:05:57 --> Undefined array key "hover_image"
in APPPATH\Views\index.php on line 287.
 1 APPPATH\Views\index.php(287): CodeIgniter\Debug\Exceptions->errorHandler(2, 'Undefined array key "hover_image"', 'C:\\xampp\\htdocs\\CukNuk\\app\\Views\\index.php', 287)
 2 SYSTEMPATH\View\View.php(228): include('C:\\xampp\\htdocs\\CukNuk\\app\\Views\\index.php')
 3 SYSTEMPATH\View\View.php(231): CodeIgniter\View\View->CodeIgniter\View\{closure}()
 4 SYSTEMPATH\Common.php(1190): CodeIgniter\View\View->render('index', [], true)
 5 APPPATH\Controllers\Home.php(38): view('index', [...])
 6 SYSTEMPATH\CodeIgniter.php(942): App\Controllers\Home->index()
 7 SYSTEMPATH\CodeIgniter.php(502): CodeIgniter\CodeIgniter->runController(Object(App\Controllers\Home))
 8 SYSTEMPATH\CodeIgniter.php(361): CodeIgniter\CodeIgniter->handleRequest(null, Object(Config\Cache), false)
 9 FCPATH\index.php(79): CodeIgniter\CodeIgniter->run()
CRITICAL - 2024-12-24 10:06:36 --> number_format(): Argument #1 ($num) must be of type float, string given
in APPPATH\Views\index.php on line 306.
 1 APPPATH\Views\index.php(306): number_format('Butter Chicken', 2)
 2 SYSTEMPATH\View\View.php(228): include('C:\\xampp\\htdocs\\CukNuk\\app\\Views\\index.php')
 3 SYSTEMPATH\View\View.php(231): CodeIgniter\View\View->CodeIgniter\View\{closure}()
 4 SYSTEMPATH\Common.php(1190): CodeIgniter\View\View->render('index', [], true)
 5 APPPATH\Controllers\Home.php(38): view('index', [...])
 6 SYSTEMPATH\CodeIgniter.php(942): App\Controllers\Home->index()
 7 SYSTEMPATH\CodeIgniter.php(502): CodeIgniter\CodeIgniter->runController(Object(App\Controllers\Home))
 8 SYSTEMPATH\CodeIgniter.php(361): CodeIgniter\CodeIgniter->handleRequest(null, Object(Config\Cache), false)
 9 FCPATH\index.php(79): CodeIgniter\CodeIgniter->run()
CRITICAL - 2024-12-24 10:06:49 --> number_format(): Argument #1 ($num) must be of type float, string given
in APPPATH\Views\index.php on line 306.
 1 APPPATH\Views\index.php(306): number_format('Butter Chicken')
 2 SYSTEMPATH\View\View.php(228): include('C:\\xampp\\htdocs\\CukNuk\\app\\Views\\index.php')
 3 SYSTEMPATH\View\View.php(231): CodeIgniter\View\View->CodeIgniter\View\{closure}()
 4 SYSTEMPATH\Common.php(1190): CodeIgniter\View\View->render('index', [], true)
 5 APPPATH\Controllers\Home.php(38): view('index', [...])
 6 SYSTEMPATH\CodeIgniter.php(942): App\Controllers\Home->index()
 7 SYSTEMPATH\CodeIgniter.php(502): CodeIgniter\CodeIgniter->runController(Object(App\Controllers\Home))
 8 SYSTEMPATH\CodeIgniter.php(361): CodeIgniter\CodeIgniter->handleRequest(null, Object(Config\Cache), false)
 9 FCPATH\index.php(79): CodeIgniter\CodeIgniter->run()
CRITICAL - 2024-12-24 10:06:50 --> number_format(): Argument #1 ($num) must be of type float, string given
in APPPATH\Views\index.php on line 306.
 1 APPPATH\Views\index.php(306): number_format('Butter Chicken')
 2 SYSTEMPATH\View\View.php(228): include('C:\\xampp\\htdocs\\CukNuk\\app\\Views\\index.php')
 3 SYSTEMPATH\View\View.php(231): CodeIgniter\View\View->CodeIgniter\View\{closure}()
 4 SYSTEMPATH\Common.php(1190): CodeIgniter\View\View->render('index', [], true)
 5 APPPATH\Controllers\Home.php(38): view('index', [...])
 6 SYSTEMPATH\CodeIgniter.php(942): App\Controllers\Home->index()
 7 SYSTEMPATH\CodeIgniter.php(502): CodeIgniter\CodeIgniter->runController(Object(App\Controllers\Home))
 8 SYSTEMPATH\CodeIgniter.php(361): CodeIgniter\CodeIgniter->handleRequest(null, Object(Config\Cache), false)
 9 FCPATH\index.php(79): CodeIgniter\CodeIgniter->run()
CRITICAL - 2024-12-24 10:14:58 --> Undefined array key "product_name"
in APPPATH\Views\index.php on line 267.
 1 APPPATH\Views\index.php(267): CodeIgniter\Debug\Exceptions->errorHandler(2, 'Undefined array key "product_name"', 'C:\\xampp\\htdocs\\CukNuk\\app\\Views\\index.php', 267)
 2 SYSTEMPATH\View\View.php(228): include('C:\\xampp\\htdocs\\CukNuk\\app\\Views\\index.php')
 3 SYSTEMPATH\View\View.php(231): CodeIgniter\View\View->CodeIgniter\View\{closure}()
 4 SYSTEMPATH\Common.php(1190): CodeIgniter\View\View->render('index', [], true)
 5 APPPATH\Controllers\Home.php(38): view('index', [...])
 6 SYSTEMPATH\CodeIgniter.php(942): App\Controllers\Home->index()
 7 SYSTEMPATH\CodeIgniter.php(502): CodeIgniter\CodeIgniter->runController(Object(App\Controllers\Home))
 8 SYSTEMPATH\CodeIgniter.php(361): CodeIgniter\CodeIgniter->handleRequest(null, Object(Config\Cache), false)
 9 FCPATH\index.php(79): CodeIgniter\CodeIgniter->run()
CRITICAL - 2024-12-24 10:16:18 --> Trying to access array offset on value of type null
in APPPATH\Views\index.php on line 272.
 1 APPPATH\Views\index.php(272): CodeIgniter\Debug\Exceptions->errorHandler(2, 'Trying to access array offset on value of type null', 'C:\\xampp\\htdocs\\CukNuk\\app\\Views\\index.php', 272)
 2 SYSTEMPATH\View\View.php(228): include('C:\\xampp\\htdocs\\CukNuk\\app\\Views\\index.php')
 3 SYSTEMPATH\View\View.php(231): CodeIgniter\View\View->CodeIgniter\View\{closure}()
 4 SYSTEMPATH\Common.php(1190): CodeIgniter\View\View->render('index', [], true)
 5 APPPATH\Controllers\Home.php(38): view('index', [...])
 6 SYSTEMPATH\CodeIgniter.php(942): App\Controllers\Home->index()
 7 SYSTEMPATH\CodeIgniter.php(502): CodeIgniter\CodeIgniter->runController(Object(App\Controllers\Home))
 8 SYSTEMPATH\CodeIgniter.php(361): CodeIgniter\CodeIgniter->handleRequest(null, Object(Config\Cache), false)
 9 FCPATH\index.php(79): CodeIgniter\CodeIgniter->run()
CRITICAL - 2024-12-24 11:56:56 --> Call to undefined function sanitizeString()
in APPPATH\Views\index.php on line 233.
 1 SYSTEMPATH\View\View.php(228): include()
 2 SYSTEMPATH\View\View.php(231): CodeIgniter\View\View->CodeIgniter\View\{closure}()
 3 SYSTEMPATH\Common.php(1190): CodeIgniter\View\View->render('index', [], true)
 4 APPPATH\Controllers\Home.php(38): view('index', [...])
 5 SYSTEMPATH\CodeIgniter.php(942): App\Controllers\Home->index()
 6 SYSTEMPATH\CodeIgniter.php(502): CodeIgniter\CodeIgniter->runController(Object(App\Controllers\Home))
 7 SYSTEMPATH\CodeIgniter.php(361): CodeIgniter\CodeIgniter->handleRequest(null, Object(Config\Cache), false)
 8 FCPATH\index.php(79): CodeIgniter\CodeIgniter->run()
CRITICAL - 2024-12-24 11:57:56 --> Call to undefined function sanitizeString()
in APPPATH\Views\index.php on line 230.
 1 SYSTEMPATH\View\View.php(228): include()
 2 SYSTEMPATH\View\View.php(231): CodeIgniter\View\View->CodeIgniter\View\{closure}()
 3 SYSTEMPATH\Common.php(1190): CodeIgniter\View\View->render('index', [], true)
 4 APPPATH\Controllers\Home.php(38): view('index', [...])
 5 SYSTEMPATH\CodeIgniter.php(942): App\Controllers\Home->index()
 6 SYSTEMPATH\CodeIgniter.php(502): CodeIgniter\CodeIgniter->runController(Object(App\Controllers\Home))
 7 SYSTEMPATH\CodeIgniter.php(361): CodeIgniter\CodeIgniter->handleRequest(null, Object(Config\Cache), false)
 8 FCPATH\index.php(79): CodeIgniter\CodeIgniter->run()
CRITICAL - 2024-12-24 11:58:50 --> Cannot redeclare sanitizeString() (previously declared in C:\xampp\htdocs\CukNuk\app\Views\index.php:231)
in APPPATH\Views\index.php on line 231.
 1 [internal function]: CodeIgniter\Debug\Exceptions->shutdownHandler()
CRITICAL - 2024-12-24 11:58:57 --> Cannot redeclare sanitizeString() (previously declared in C:\xampp\htdocs\CukNuk\app\Views\index.php:231)
in APPPATH\Views\index.php on line 231.
 1 [internal function]: CodeIgniter\Debug\Exceptions->shutdownHandler()
CRITICAL - 2024-12-24 12:01:15 --> Call to undefined function sanitizeString()
in APPPATH\Views\index.php on line 230.
 1 SYSTEMPATH\View\View.php(228): include()
 2 SYSTEMPATH\View\View.php(231): CodeIgniter\View\View->CodeIgniter\View\{closure}()
 3 SYSTEMPATH\Common.php(1190): CodeIgniter\View\View->render('index', [], true)
 4 APPPATH\Controllers\Home.php(38): view('index', [...])
 5 SYSTEMPATH\CodeIgniter.php(942): App\Controllers\Home->index()
 6 SYSTEMPATH\CodeIgniter.php(502): CodeIgniter\CodeIgniter->runController(Object(App\Controllers\Home))
 7 SYSTEMPATH\CodeIgniter.php(361): CodeIgniter\CodeIgniter->handleRequest(null, Object(Config\Cache), false)
 8 FCPATH\index.php(79): CodeIgniter\CodeIgniter->run()
CRITICAL - 2024-12-24 12:09:51 --> Undefined array key "image"
in APPPATH\Views\index.php on line 257.
 1 APPPATH\Views\index.php(257): CodeIgniter\Debug\Exceptions->errorHandler(2, 'Undefined array key "image"', 'C:\\xampp\\htdocs\\CukNuk\\app\\Views\\index.php', 257)
 2 SYSTEMPATH\View\View.php(228): include('C:\\xampp\\htdocs\\CukNuk\\app\\Views\\index.php')
 3 SYSTEMPATH\View\View.php(231): CodeIgniter\View\View->CodeIgniter\View\{closure}()
 4 SYSTEMPATH\Common.php(1190): CodeIgniter\View\View->render('index', [], true)
 5 APPPATH\Controllers\Home.php(38): view('index', [...])
 6 SYSTEMPATH\CodeIgniter.php(942): App\Controllers\Home->index()
 7 SYSTEMPATH\CodeIgniter.php(502): CodeIgniter\CodeIgniter->runController(Object(App\Controllers\Home))
 8 SYSTEMPATH\CodeIgniter.php(361): CodeIgniter\CodeIgniter->handleRequest(null, Object(Config\Cache), false)
 9 FCPATH\index.php(79): CodeIgniter\CodeIgniter->run()
CRITICAL - 2024-12-24 12:11:40 --> Unmatched '}'
in APPPATH\Views\index.php on line 298.
 1 SYSTEMPATH\View\View.php(231): CodeIgniter\View\View->CodeIgniter\View\{closure}()
 2 SYSTEMPATH\Common.php(1190): CodeIgniter\View\View->render('index', [], true)
 3 APPPATH\Controllers\Home.php(38): view('index', [...])
 4 SYSTEMPATH\CodeIgniter.php(942): App\Controllers\Home->index()
 5 SYSTEMPATH\CodeIgniter.php(502): CodeIgniter\CodeIgniter->runController(Object(App\Controllers\Home))
 6 SYSTEMPATH\CodeIgniter.php(361): CodeIgniter\CodeIgniter->handleRequest(null, Object(Config\Cache), false)
 7 FCPATH\index.php(79): CodeIgniter\CodeIgniter->run()
CRITICAL - 2024-12-24 12:11:55 --> Cannot access offset of type string on string
in APPPATH\Views\index.php on line 258.
 1 SYSTEMPATH\View\View.php(228): include()
 2 SYSTEMPATH\View\View.php(231): CodeIgniter\View\View->CodeIgniter\View\{closure}()
 3 SYSTEMPATH\Common.php(1190): CodeIgniter\View\View->render('index', [], true)
 4 APPPATH\Controllers\Home.php(38): view('index', [...])
 5 SYSTEMPATH\CodeIgniter.php(942): App\Controllers\Home->index()
 6 SYSTEMPATH\CodeIgniter.php(502): CodeIgniter\CodeIgniter->runController(Object(App\Controllers\Home))
 7 SYSTEMPATH\CodeIgniter.php(361): CodeIgniter\CodeIgniter->handleRequest(null, Object(Config\Cache), false)
 8 FCPATH\index.php(79): CodeIgniter\CodeIgniter->run()
