CRITICAL - 2024-12-26 04:39:35 --> Undefined variable $imageValidationRules
in APPPATH\Controllers\SliderController.php on line 121.
 1 APPPATH\Controllers\SliderController.php(121): CodeIgniter\Debug\Exceptions->errorHandler(2, 'Undefined variable $imageValidationRules', 'C:\\xampp\\htdocs\\CukNuk\\app\\Controllers\\SliderController.php', 121)
 2 SYSTEMPATH\CodeIgniter.php(942): App\Controllers\SliderController->SliderInserted()
 3 SYSTEMPATH\CodeIgniter.php(502): CodeIgniter\CodeIgniter->runController(Object(App\Controllers\SliderController))
 4 SYSTEMPATH\CodeIgniter.php(361): CodeIgniter\CodeIgniter->handleRequest(null, Object(Config\Cache), false)
 5 FCPATH\index.php(79): CodeIgniter\CodeIgniter->run()
CRITICAL - 2024-12-26 04:43:56 --> Undefined variable $EID
in APPPATH\Controllers\SliderController.php on line 162.
 1 APPPATH\Controllers\SliderController.php(162): CodeIgniter\Debug\Exceptions->errorHandler(2, 'Undefined variable $EID', 'C:\\xampp\\htdocs\\CukNuk\\app\\Controllers\\SliderController.php', 162)
 2 SYSTEMPATH\CodeIgniter.php(942): App\Controllers\SliderController->SliderInserted()
 3 SYSTEMPATH\CodeIgniter.php(502): CodeIgniter\CodeIgniter->runController(Object(App\Controllers\SliderController))
 4 SYSTEMPATH\CodeIgniter.php(361): CodeIgniter\CodeIgniter->handleRequest(null, Object(Config\Cache), false)
 5 FCPATH\index.php(79): CodeIgniter\CodeIgniter->run()
CRITICAL - 2024-12-26 04:44:22 --> Invalid file: "Admin/UpdateSlider.php"
in SYSTEMPATH\Exceptions\FrameworkException.php on line 39.
 1 SYSTEMPATH\View\View.php(216): CodeIgniter\Exceptions\FrameworkException::forInvalidFile('Admin/UpdateSlider.php')
 2 SYSTEMPATH\Common.php(1190): CodeIgniter\View\View->render('Admin/UpdateSlider', [], true)
 3 APPPATH\Controllers\SliderController.php(161): view('Admin/UpdateSlider', [...])
 4 SYSTEMPATH\CodeIgniter.php(942): App\Controllers\SliderController->SliderInserted()
 5 SYSTEMPATH\CodeIgniter.php(502): CodeIgniter\CodeIgniter->runController(Object(App\Controllers\SliderController))
 6 SYSTEMPATH\CodeIgniter.php(361): CodeIgniter\CodeIgniter->handleRequest(null, Object(Config\Cache), false)
 7 FCPATH\index.php(79): CodeIgniter\CodeIgniter->run()
CRITICAL - 2024-12-26 04:44:57 --> Invalid file: "Admin/UpdateSlider.php"
in SYSTEMPATH\Exceptions\FrameworkException.php on line 39.
 1 SYSTEMPATH\View\View.php(216): CodeIgniter\Exceptions\FrameworkException::forInvalidFile('Admin/UpdateSlider.php')
 2 SYSTEMPATH\Common.php(1190): CodeIgniter\View\View->render('Admin/UpdateSlider', [], true)
 3 APPPATH\Controllers\SliderController.php(161): view('Admin/UpdateSlider', [...])
 4 SYSTEMPATH\CodeIgniter.php(942): App\Controllers\SliderController->SliderInserted()
 5 SYSTEMPATH\CodeIgniter.php(502): CodeIgniter\CodeIgniter->runController(Object(App\Controllers\SliderController))
 6 SYSTEMPATH\CodeIgniter.php(361): CodeIgniter\CodeIgniter->handleRequest(null, Object(Config\Cache), false)
 7 FCPATH\index.php(79): CodeIgniter\CodeIgniter->run()
CRITICAL - 2024-12-26 04:48:04 --> Invalid file: "$view.php"
in SYSTEMPATH\Exceptions\FrameworkException.php on line 39.
 1 SYSTEMPATH\View\View.php(216): CodeIgniter\Exceptions\FrameworkException::forInvalidFile('$view.php')
 2 SYSTEMPATH\Common.php(1190): CodeIgniter\View\View->render('$view', [], true)
 3 APPPATH\Controllers\SliderController.php(162): view('$view', [...])
 4 SYSTEMPATH\CodeIgniter.php(942): App\Controllers\SliderController->SliderInserted()
 5 SYSTEMPATH\CodeIgniter.php(502): CodeIgniter\CodeIgniter->runController(Object(App\Controllers\SliderController))
 6 SYSTEMPATH\CodeIgniter.php(361): CodeIgniter\CodeIgniter->handleRequest(null, Object(Config\Cache), false)
 7 FCPATH\index.php(79): CodeIgniter\CodeIgniter->run()
CRITICAL - 2024-12-26 04:48:16 --> Invalid file: "Admin/UpdateSlider.php"
in SYSTEMPATH\Exceptions\FrameworkException.php on line 39.
 1 SYSTEMPATH\View\View.php(216): CodeIgniter\Exceptions\FrameworkException::forInvalidFile('Admin/UpdateSlider.php')
 2 SYSTEMPATH\Common.php(1190): CodeIgniter\View\View->render('Admin/UpdateSlider', [], true)
 3 APPPATH\Controllers\SliderController.php(162): view('Admin/UpdateSlider', [...])
 4 SYSTEMPATH\CodeIgniter.php(942): App\Controllers\SliderController->SliderInserted()
 5 SYSTEMPATH\CodeIgniter.php(502): CodeIgniter\CodeIgniter->runController(Object(App\Controllers\SliderController))
 6 SYSTEMPATH\CodeIgniter.php(361): CodeIgniter\CodeIgniter->handleRequest(null, Object(Config\Cache), false)
 7 FCPATH\index.php(79): CodeIgniter\CodeIgniter->run()
CRITICAL - 2024-12-26 05:05:21 --> Undefined variable $image
in APPPATH\Controllers\ProductController.php on line 121.
 1 APPPATH\Controllers\ProductController.php(121): CodeIgniter\Debug\Exceptions->errorHandler(2, 'Undefined variable $image', 'C:\\xampp\\htdocs\\CukNuk\\app\\Controllers\\ProductController.php', 121)
 2 SYSTEMPATH\CodeIgniter.php(942): App\Controllers\ProductController->ProductInserted()
 3 SYSTEMPATH\CodeIgniter.php(502): CodeIgniter\CodeIgniter->runController(Object(App\Controllers\ProductController))
 4 SYSTEMPATH\CodeIgniter.php(361): CodeIgniter\CodeIgniter->handleRequest(null, Object(Config\Cache), false)
 5 FCPATH\index.php(79): CodeIgniter\CodeIgniter->run()
CRITICAL - 2024-12-26 05:05:41 --> Undefined variable $image
in APPPATH\Controllers\ProductController.php on line 121.
 1 APPPATH\Controllers\ProductController.php(121): CodeIgniter\Debug\Exceptions->errorHandler(2, 'Undefined variable $image', 'C:\\xampp\\htdocs\\CukNuk\\app\\Controllers\\ProductController.php', 121)
 2 SYSTEMPATH\CodeIgniter.php(942): App\Controllers\ProductController->ProductInserted()
 3 SYSTEMPATH\CodeIgniter.php(502): CodeIgniter\CodeIgniter->runController(Object(App\Controllers\ProductController))
 4 SYSTEMPATH\CodeIgniter.php(361): CodeIgniter\CodeIgniter->handleRequest(null, Object(Config\Cache), false)
 5 FCPATH\index.php(79): CodeIgniter\CodeIgniter->run()
CRITICAL - 2024-12-26 05:07:44 --> syntax error, unexpected token "public"
in APPPATH\Controllers\ProductController.php on line 222.
 1 SYSTEMPATH\Autoloader\Autoloader.php(291): CodeIgniter\Autoloader\Autoloader->includeFile('C:\\xampp\\htdocs\\CukNuk\\app\\Controllers\\ProductController.php')
 2 SYSTEMPATH\Autoloader\Autoloader.php(269): CodeIgniter\Autoloader\Autoloader->loadInNamespace('App\\Controllers\\ProductController')
 3 [internal function]: CodeIgniter\Autoloader\Autoloader->loadClass('App\\Controllers\\ProductController')
 4 SYSTEMPATH\CodeIgniter.php(900): class_exists('\\App\\Controllers\\ProductController', true)
 5 SYSTEMPATH\CodeIgniter.php(489): CodeIgniter\CodeIgniter->startController()
 6 SYSTEMPATH\CodeIgniter.php(361): CodeIgniter\CodeIgniter->handleRequest(null, Object(Config\Cache), false)
 7 FCPATH\index.php(79): CodeIgniter\CodeIgniter->run()
CRITICAL - 2024-12-26 05:07:53 --> syntax error, unexpected token "public"
in APPPATH\Controllers\ProductController.php on line 222.
 1 SYSTEMPATH\Autoloader\Autoloader.php(291): CodeIgniter\Autoloader\Autoloader->includeFile('C:\\xampp\\htdocs\\CukNuk\\app\\Controllers\\ProductController.php')
 2 SYSTEMPATH\Autoloader\Autoloader.php(269): CodeIgniter\Autoloader\Autoloader->loadInNamespace('App\\Controllers\\ProductController')
 3 [internal function]: CodeIgniter\Autoloader\Autoloader->loadClass('App\\Controllers\\ProductController')
 4 SYSTEMPATH\CodeIgniter.php(900): class_exists('\\App\\Controllers\\ProductController', true)
 5 SYSTEMPATH\CodeIgniter.php(489): CodeIgniter\CodeIgniter->startController()
 6 SYSTEMPATH\CodeIgniter.php(361): CodeIgniter\CodeIgniter->handleRequest(null, Object(Config\Cache), false)
 7 FCPATH\index.php(79): CodeIgniter\CodeIgniter->run()
CRITICAL - 2024-12-26 05:12:04 --> Undefined variable $image
in APPPATH\Controllers\ProductController.php on line 116.
 1 APPPATH\Controllers\ProductController.php(116): CodeIgniter\Debug\Exceptions->errorHandler(2, 'Undefined variable $image', 'C:\\xampp\\htdocs\\CukNuk\\app\\Controllers\\ProductController.php', 116)
 2 SYSTEMPATH\CodeIgniter.php(942): App\Controllers\ProductController->ProductInserted()
 3 SYSTEMPATH\CodeIgniter.php(502): CodeIgniter\CodeIgniter->runController(Object(App\Controllers\ProductController))
 4 SYSTEMPATH\CodeIgniter.php(361): CodeIgniter\CodeIgniter->handleRequest(null, Object(Config\Cache), false)
 5 FCPATH\index.php(79): CodeIgniter\CodeIgniter->run()
ERROR - 2024-12-26 06:30:25 --> Error connecting to the database: mysqli_sql_exception: Access denied for user 'root'@'localhost' (using password: NO) in /home/sitsolutionsco/public_html/cuknuk.sitsolutions.co.in/system/Database/MySQLi/Connection.php:185
Stack trace:
#0 /home/sitsolutionsco/public_html/cuknuk.sitsolutions.co.in/system/Database/MySQLi/Connection.php(185): mysqli->real_connect('localhost', 'root', '', 'anujyot_industr...', 3306, '', 0)
#1 /home/sitsolutionsco/public_html/cuknuk.sitsolutions.co.in/system/Database/BaseConnection.php(392): CodeIgniter\Database\MySQLi\Connection->connect(false)
#2 /home/sitsolutionsco/public_html/cuknuk.sitsolutions.co.in/system/Database/BaseConnection.php(575): CodeIgniter\Database\BaseConnection->initialize()
#3 /home/sitsolutionsco/public_html/cuknuk.sitsolutions.co.in/app/Models/SliderModel.php(27): CodeIgniter\Database\BaseConnection->query('SELECT * FROM `...')
#4 /home/sitsolutionsco/public_html/cuknuk.sitsolutions.co.in/app/Controllers/Home.php(25): App\Models\SliderModel->getSliderList(1)
#5 /home/sitsolutionsco/public_html/cuknuk.sitsolutions.co.in/system/CodeIgniter.php(942): App\Controllers\Home->index()
#6 /home/sitsolutionsco/public_html/cuknuk.sitsolutions.co.in/system/CodeIgniter.php(502): CodeIgniter\CodeIgniter->runController(Object(App\Controllers\Home))
#7 /home/sitsolutionsco/public_html/cuknuk.sitsolutions.co.in/system/CodeIgniter.php(361): CodeIgniter\CodeIgniter->handleRequest(NULL, Object(Config\Cache), false)
#8 /home/sitsolutionsco/public_html/cuknuk.sitsolutions.co.in/index.php(79): CodeIgniter\CodeIgniter->run()
#9 {main}

Next CodeIgniter\Database\Exceptions\DatabaseException: Access denied for user '****'@'localhost' (using password: NO) in /home/sitsolutionsco/public_html/cuknuk.sitsolutions.co.in/system/Database/MySQLi/Connection.php:229
Stack trace:
#0 /home/sitsolutionsco/public_html/cuknuk.sitsolutions.co.in/system/Database/BaseConnection.php(392): CodeIgniter\Database\MySQLi\Connection->connect(false)
#1 /home/sitsolutionsco/public_html/cuknuk.sitsolutions.co.in/system/Database/BaseConnection.php(575): CodeIgniter\Database\BaseConnection->initialize()
#2 /home/sitsolutionsco/public_html/cuknuk.sitsolutions.co.in/app/Models/SliderModel.php(27): CodeIgniter\Database\BaseConnection->query('SELECT * FROM `...')
#3 /home/sitsolutionsco/public_html/cuknuk.sitsolutions.co.in/app/Controllers/Home.php(25): App\Models\SliderModel->getSliderList(1)
#4 /home/sitsolutionsco/public_html/cuknuk.sitsolutions.co.in/system/CodeIgniter.php(942): App\Controllers\Home->index()
#5 /home/sitsolutionsco/public_html/cuknuk.sitsolutions.co.in/system/CodeIgniter.php(502): CodeIgniter\CodeIgniter->runController(Object(App\Controllers\Home))
#6 /home/sitsolutionsco/public_html/cuknuk.sitsolutions.co.in/system/CodeIgniter.php(361): CodeIgniter\CodeIgniter->handleRequest(NULL, Object(Config\Cache), false)
#7 /home/sitsolutionsco/public_html/cuknuk.sitsolutions.co.in/index.php(79): CodeIgniter\CodeIgniter->run()
#8 {main}
CRITICAL - 2024-12-26 06:30:25 --> Unable to connect to the database.
Main connection [MySQLi]: Access denied for user '****'@'localhost' (using password: NO)
in SYSTEMPATH/Database/BaseConnection.php on line 428.
 1 SYSTEMPATH/Database/BaseConnection.php(575): CodeIgniter\Database\BaseConnection->initialize()
 2 APPPATH/Models/SliderModel.php(27): CodeIgniter\Database\BaseConnection->query('SELECT * FROM `tbl_slider` where active=1 and index_no=\'1\' order by id desc LIMIT 5')
 3 APPPATH/Controllers/Home.php(25): App\Models\SliderModel->getSliderList(1)
 4 SYSTEMPATH/CodeIgniter.php(942): App\Controllers\Home->index()
 5 SYSTEMPATH/CodeIgniter.php(502): CodeIgniter\CodeIgniter->runController(Object(App\Controllers\Home))
 6 SYSTEMPATH/CodeIgniter.php(361): CodeIgniter\CodeIgniter->handleRequest(null, Object(Config\Cache), false)
 7 FCPATH/index.php(79): CodeIgniter\CodeIgniter->run()
ERROR - 2024-12-26 06:30:52 --> Error connecting to the database: mysqli_sql_exception: Access denied for user 'root'@'localhost' (using password: NO) in /home/sitsolutionsco/public_html/cuknuk.sitsolutions.co.in/system/Database/MySQLi/Connection.php:185
Stack trace:
#0 /home/sitsolutionsco/public_html/cuknuk.sitsolutions.co.in/system/Database/MySQLi/Connection.php(185): mysqli->real_connect('localhost', 'root', '', 'anujyot_industr...', 3306, '', 0)
#1 /home/sitsolutionsco/public_html/cuknuk.sitsolutions.co.in/system/Database/BaseConnection.php(392): CodeIgniter\Database\MySQLi\Connection->connect(false)
#2 /home/sitsolutionsco/public_html/cuknuk.sitsolutions.co.in/system/Database/BaseConnection.php(575): CodeIgniter\Database\BaseConnection->initialize()
#3 /home/sitsolutionsco/public_html/cuknuk.sitsolutions.co.in/app/Models/SliderModel.php(27): CodeIgniter\Database\BaseConnection->query('SELECT * FROM `...')
#4 /home/sitsolutionsco/public_html/cuknuk.sitsolutions.co.in/app/Controllers/Home.php(25): App\Models\SliderModel->getSliderList(1)
#5 /home/sitsolutionsco/public_html/cuknuk.sitsolutions.co.in/system/CodeIgniter.php(942): App\Controllers\Home->index()
#6 /home/sitsolutionsco/public_html/cuknuk.sitsolutions.co.in/system/CodeIgniter.php(502): CodeIgniter\CodeIgniter->runController(Object(App\Controllers\Home))
#7 /home/sitsolutionsco/public_html/cuknuk.sitsolutions.co.in/system/CodeIgniter.php(361): CodeIgniter\CodeIgniter->handleRequest(NULL, Object(Config\Cache), false)
#8 /home/sitsolutionsco/public_html/cuknuk.sitsolutions.co.in/index.php(79): CodeIgniter\CodeIgniter->run()
#9 {main}

Next CodeIgniter\Database\Exceptions\DatabaseException: Access denied for user '****'@'localhost' (using password: NO) in /home/sitsolutionsco/public_html/cuknuk.sitsolutions.co.in/system/Database/MySQLi/Connection.php:229
Stack trace:
#0 /home/sitsolutionsco/public_html/cuknuk.sitsolutions.co.in/system/Database/BaseConnection.php(392): CodeIgniter\Database\MySQLi\Connection->connect(false)
#1 /home/sitsolutionsco/public_html/cuknuk.sitsolutions.co.in/system/Database/BaseConnection.php(575): CodeIgniter\Database\BaseConnection->initialize()
#2 /home/sitsolutionsco/public_html/cuknuk.sitsolutions.co.in/app/Models/SliderModel.php(27): CodeIgniter\Database\BaseConnection->query('SELECT * FROM `...')
#3 /home/sitsolutionsco/public_html/cuknuk.sitsolutions.co.in/app/Controllers/Home.php(25): App\Models\SliderModel->getSliderList(1)
#4 /home/sitsolutionsco/public_html/cuknuk.sitsolutions.co.in/system/CodeIgniter.php(942): App\Controllers\Home->index()
#5 /home/sitsolutionsco/public_html/cuknuk.sitsolutions.co.in/system/CodeIgniter.php(502): CodeIgniter\CodeIgniter->runController(Object(App\Controllers\Home))
#6 /home/sitsolutionsco/public_html/cuknuk.sitsolutions.co.in/system/CodeIgniter.php(361): CodeIgniter\CodeIgniter->handleRequest(NULL, Object(Config\Cache), false)
#7 /home/sitsolutionsco/public_html/cuknuk.sitsolutions.co.in/index.php(79): CodeIgniter\CodeIgniter->run()
#8 {main}
CRITICAL - 2024-12-26 06:30:52 --> Unable to connect to the database.
Main connection [MySQLi]: Access denied for user '****'@'localhost' (using password: NO)
in SYSTEMPATH/Database/BaseConnection.php on line 428.
 1 SYSTEMPATH/Database/BaseConnection.php(575): CodeIgniter\Database\BaseConnection->initialize()
 2 APPPATH/Models/SliderModel.php(27): CodeIgniter\Database\BaseConnection->query('SELECT * FROM `tbl_slider` where active=1 and index_no=\'1\' order by id desc LIMIT 5')
 3 APPPATH/Controllers/Home.php(25): App\Models\SliderModel->getSliderList(1)
 4 SYSTEMPATH/CodeIgniter.php(942): App\Controllers\Home->index()
 5 SYSTEMPATH/CodeIgniter.php(502): CodeIgniter\CodeIgniter->runController(Object(App\Controllers\Home))
 6 SYSTEMPATH/CodeIgniter.php(361): CodeIgniter\CodeIgniter->handleRequest(null, Object(Config\Cache), false)
 7 FCPATH/index.php(79): CodeIgniter\CodeIgniter->run()
CRITICAL - 2024-12-26 11:11:31 --> strpos() expects at least 2 arguments, 1 given
in APPPATH/Views/Include/header.php on line 73.
 1 APPPATH/Views/Include/header.php(73): strpos(false)
 2 APPPATH/Views/ViewCategories.php(15): include('/home/sitsolutionsco/public_html/cuknuk.sitsolutions.co.in/app/Views/Include/header.php')
 3 SYSTEMPATH/View/View.php(228): include('/home/sitsolutionsco/public_html/cuknuk.sitsolutions.co.in/app/Views/ViewCategories.php')
 4 SYSTEMPATH/View/View.php(231): CodeIgniter\View\View->CodeIgniter\View\{closure}()
 5 SYSTEMPATH/Common.php(1190): CodeIgniter\View\View->render('ViewCategories', [], true)
 6 APPPATH/Controllers/Home.php(68): view('ViewCategories', [...])
 7 SYSTEMPATH/CodeIgniter.php(942): App\Controllers\Home->ViewCategories()
 8 SYSTEMPATH/CodeIgniter.php(502): CodeIgniter\CodeIgniter->runController(Object(App\Controllers\Home))
 9 SYSTEMPATH/CodeIgniter.php(361): CodeIgniter\CodeIgniter->handleRequest(null, Object(Config\Cache), false)
10 FCPATH/index.php(79): CodeIgniter\CodeIgniter->run()
CRITICAL - 2024-12-26 12:06:00 --> Undefined property: stdClass::$product_count
in APPPATH/Models/CategoryModel.php on line 74.
 1 APPPATH/Models/CategoryModel.php(74): CodeIgniter\Debug\Exceptions->errorHandler(2, 'Undefined property: stdClass::$product_count', '/home/sitsolutionsco/public_html/cuknuk.sitsolutions.co.in/app/Models/CategoryModel.php', 74)
 2 APPPATH/Controllers/AdminController.php(31): App\Models\CategoryModel->getCategoryCount()
 3 SYSTEMPATH/CodeIgniter.php(942): App\Controllers\AdminController->AdminDashboard()
 4 SYSTEMPATH/CodeIgniter.php(502): CodeIgniter\CodeIgniter->runController(Object(App\Controllers\AdminController))
 5 SYSTEMPATH/CodeIgniter.php(361): CodeIgniter\CodeIgniter->handleRequest(null, Object(Config\Cache), false)
 6 FCPATH/index.php(79): CodeIgniter\CodeIgniter->run()
