CRITICAL - 2024-04-16 00:23:23 --> Trying to access array offset on value of type null
in APPPATH/Views/productDetails.php on line 37.
 1 APPPATH/Views/productDetails.php(37): CodeIgniter\Debug\Exceptions->errorHandler(2, 'Trying to access array offset on value of type null', '/home/anujyotindustrie/public_html/app/Views/productDetails.php', 37)
 2 SYSTEMPATH/View/View.php(228): include('/home/anujyotindustrie/public_html/app/Views/productDetails.php')
 3 SYSTEMPATH/View/View.php(231): CodeIgniter\View\View->CodeIgniter\View\{closure}()
 4 SYSTEMPATH/Common.php(1190): CodeIgniter\View\View->render('productDetails', [], true)
 5 APPPATH/Controllers/Home.php(60): view('productDetails', [...])
 6 SYSTEMPATH/CodeIgniter.php(942): App\Controllers\Home->productDetails()
 7 SYSTEMPATH/CodeIgniter.php(502): CodeIgniter\CodeIgniter->runController(Object(App\Controllers\Home))
 8 SYSTEMPATH/CodeIgniter.php(361): CodeIgniter\CodeIgniter->handleRequest(null, Object(Config\Cache), false)
 9 FCPATH/index.php(79): CodeIgniter\CodeIgniter->run()
CRITICAL - 2024-04-16 06:55:50 --> Trying to access array offset on value of type null
in APPPATH/Views/productDetails.php on line 37.
 1 APPPATH/Views/productDetails.php(37): CodeIgniter\Debug\Exceptions->errorHandler(2, 'Trying to access array offset on value of type null', '/home/anujyotindustrie/public_html/app/Views/productDetails.php', 37)
 2 SYSTEMPATH/View/View.php(228): include('/home/anujyotindustrie/public_html/app/Views/productDetails.php')
 3 SYSTEMPATH/View/View.php(231): CodeIgniter\View\View->CodeIgniter\View\{closure}()
 4 SYSTEMPATH/Common.php(1190): CodeIgniter\View\View->render('productDetails', [], true)
 5 APPPATH/Controllers/Home.php(60): view('productDetails', [...])
 6 SYSTEMPATH/CodeIgniter.php(942): App\Controllers\Home->productDetails()
 7 SYSTEMPATH/CodeIgniter.php(502): CodeIgniter\CodeIgniter->runController(Object(App\Controllers\Home))
 8 SYSTEMPATH/CodeIgniter.php(361): CodeIgniter\CodeIgniter->handleRequest(null, Object(Config\Cache), false)
 9 FCPATH/index.php(79): CodeIgniter\CodeIgniter->run()
CRITICAL - 2024-04-16 12:36:52 --> Trying to access array offset on value of type null
in APPPATH/Views/productDetails.php on line 37.
 1 APPPATH/Views/productDetails.php(37): CodeIgniter\Debug\Exceptions->errorHandler(2, 'Trying to access array offset on value of type null', '/home/anujyotindustrie/public_html/app/Views/productDetails.php', 37)
 2 SYSTEMPATH/View/View.php(228): include('/home/anujyotindustrie/public_html/app/Views/productDetails.php')
 3 SYSTEMPATH/View/View.php(231): CodeIgniter\View\View->CodeIgniter\View\{closure}()
 4 SYSTEMPATH/Common.php(1190): CodeIgniter\View\View->render('productDetails', [], true)
 5 APPPATH/Controllers/Home.php(60): view('productDetails', [...])
 6 SYSTEMPATH/CodeIgniter.php(942): App\Controllers\Home->productDetails()
 7 SYSTEMPATH/CodeIgniter.php(502): CodeIgniter\CodeIgniter->runController(Object(App\Controllers\Home))
 8 SYSTEMPATH/CodeIgniter.php(361): CodeIgniter\CodeIgniter->handleRequest(null, Object(Config\Cache), false)
 9 FCPATH/index.php(79): CodeIgniter\CodeIgniter->run()
CRITICAL - 2024-04-16 19:57:47 --> Trying to access array offset on value of type null
in APPPATH/Views/productDetails.php on line 37.
 1 APPPATH/Views/productDetails.php(37): CodeIgniter\Debug\Exceptions->errorHandler(2, 'Trying to access array offset on value of type null', '/home/anujyotindustrie/public_html/app/Views/productDetails.php', 37)
 2 SYSTEMPATH/View/View.php(228): include('/home/anujyotindustrie/public_html/app/Views/productDetails.php')
 3 SYSTEMPATH/View/View.php(231): CodeIgniter\View\View->CodeIgniter\View\{closure}()
 4 SYSTEMPATH/Common.php(1190): CodeIgniter\View\View->render('productDetails', [], true)
 5 APPPATH/Controllers/Home.php(60): view('productDetails', [...])
 6 SYSTEMPATH/CodeIgniter.php(942): App\Controllers\Home->productDetails()
 7 SYSTEMPATH/CodeIgniter.php(502): CodeIgniter\CodeIgniter->runController(Object(App\Controllers\Home))
 8 SYSTEMPATH/CodeIgniter.php(361): CodeIgniter\CodeIgniter->handleRequest(null, Object(Config\Cache), false)
 9 FCPATH/index.php(79): CodeIgniter\CodeIgniter->run()
CRITICAL - 2024-04-16 21:51:29 --> Trying to access array offset on value of type null
in APPPATH/Views/productDetails.php on line 37.
 1 APPPATH/Views/productDetails.php(37): CodeIgniter\Debug\Exceptions->errorHandler(2, 'Trying to access array offset on value of type null', '/home/anujyotindustrie/public_html/app/Views/productDetails.php', 37)
 2 SYSTEMPATH/View/View.php(228): include('/home/anujyotindustrie/public_html/app/Views/productDetails.php')
 3 SYSTEMPATH/View/View.php(231): CodeIgniter\View\View->CodeIgniter\View\{closure}()
 4 SYSTEMPATH/Common.php(1190): CodeIgniter\View\View->render('productDetails', [], true)
 5 APPPATH/Controllers/Home.php(60): view('productDetails', [...])
 6 SYSTEMPATH/CodeIgniter.php(942): App\Controllers\Home->productDetails()
 7 SYSTEMPATH/CodeIgniter.php(502): CodeIgniter\CodeIgniter->runController(Object(App\Controllers\Home))
 8 SYSTEMPATH/CodeIgniter.php(361): CodeIgniter\CodeIgniter->handleRequest(null, Object(Config\Cache), false)
 9 FCPATH/index.php(79): CodeIgniter\CodeIgniter->run()
