CRITICAL - 2024-01-19 03:55:19 --> Undefined constant "session"
in APPPATH/Views/Include/header.php on line 2.
 1 SYSTEMPATH/View/View.php(228): include()
 2 SYSTEMPATH/View/View.php(231): CodeIgniter\View\View->CodeIgniter\View\{closure}()
 3 SYSTEMPATH/Common.php(1190): CodeIgniter\View\View->render('Include/header.php', [], true)
 4 APPPATH/Views/Admin/AdminDashboard.php(13): view('Include/header.php')
 5 SYSTEMPATH/View/View.php(228): include('/home/satarait/public_html/solapurzp.satarait.com/app/Views/Admin/AdminDashboard.php')
 6 SYSTEMPATH/View/View.php(231): CodeIgniter\View\View->CodeIgniter\View\{closure}()
 7 SYSTEMPATH/Common.php(1190): CodeIgniter\View\View->render('Admin/AdminDashboard', [], true)
 8 APPPATH/Controllers/DashboardController.php(9): view('Admin/AdminDashboard')
 9 SYSTEMPATH/CodeIgniter.php(942): App\Controllers\DashboardController->AdminDashboard()
10 SYSTEMPATH/CodeIgniter.php(502): CodeIgniter\CodeIgniter->runController(Object(App\Controllers\DashboardController))
11 SYSTEMPATH/CodeIgniter.php(361): CodeIgniter\CodeIgniter->handleRequest(null, Object(Config\Cache), false)
12 FCPATH/index.php(79): CodeIgniter\CodeIgniter->run()
CRITICAL - 2024-01-19 04:10:52 --> Undefined constant "session"
in APPPATH/Views/Include/header.php on line 2.
 1 SYSTEMPATH/View/View.php(228): include()
 2 SYSTEMPATH/View/View.php(231): CodeIgniter\View\View->CodeIgniter\View\{closure}()
 3 SYSTEMPATH/Common.php(1190): CodeIgniter\View\View->render('Include/header.php', [], true)
 4 APPPATH/Views/Admin/AdminDashboard.php(13): view('Include/header.php')
 5 SYSTEMPATH/View/View.php(228): include('/home/satarait/public_html/solapurzp.satarait.com/app/Views/Admin/AdminDashboard.php')
 6 SYSTEMPATH/View/View.php(231): CodeIgniter\View\View->CodeIgniter\View\{closure}()
 7 SYSTEMPATH/Common.php(1190): CodeIgniter\View\View->render('Admin/AdminDashboard', [], true)
 8 APPPATH/Controllers/DashboardController.php(9): view('Admin/AdminDashboard')
 9 SYSTEMPATH/CodeIgniter.php(942): App\Controllers\DashboardController->AdminDashboard()
10 SYSTEMPATH/CodeIgniter.php(502): CodeIgniter\CodeIgniter->runController(Object(App\Controllers\DashboardController))
11 SYSTEMPATH/CodeIgniter.php(361): CodeIgniter\CodeIgniter->handleRequest(null, Object(Config\Cache), false)
12 FCPATH/index.php(79): CodeIgniter\CodeIgniter->run()
CRITICAL - 2024-01-19 04:15:28 --> Undefined variable $MenuD
in APPPATH/Views/Vendor/Menu/ViewMenu.php on line 56.
 1 APPPATH/Views/Vendor/Menu/ViewMenu.php(56): CodeIgniter\Debug\Exceptions->errorHandler(2, 'Undefined variable $MenuD', '/home/satarait/public_html/solapurzp.satarait.com/app/Views/Vendor/Menu/ViewMenu.php', 56)
 2 SYSTEMPATH/View/View.php(228): include('/home/satarait/public_html/solapurzp.satarait.com/app/Views/Vendor/Menu/ViewMenu.php')
 3 SYSTEMPATH/View/View.php(231): CodeIgniter\View\View->CodeIgniter\View\{closure}()
 4 SYSTEMPATH/Common.php(1190): CodeIgniter\View\View->render('Vendor/Menu/ViewMenu', [], true)
 5 APPPATH/Controllers/VendorMenuController.php(25): view('Vendor/Menu/ViewMenu')
 6 SYSTEMPATH/CodeIgniter.php(942): App\Controllers\VendorMenuController->ViewMenu()
 7 SYSTEMPATH/CodeIgniter.php(502): CodeIgniter\CodeIgniter->runController(Object(App\Controllers\VendorMenuController))
 8 SYSTEMPATH/CodeIgniter.php(361): CodeIgniter\CodeIgniter->handleRequest(null, Object(Config\Cache), false)
 9 FCPATH/index.php(79): CodeIgniter\CodeIgniter->run()
CRITICAL - 2024-01-19 04:15:50 --> Undefined variable $MenuD
in APPPATH/Views/Vendor/Menu/ViewMenu.php on line 56.
 1 APPPATH/Views/Vendor/Menu/ViewMenu.php(56): CodeIgniter\Debug\Exceptions->errorHandler(2, 'Undefined variable $MenuD', '/home/satarait/public_html/solapurzp.satarait.com/app/Views/Vendor/Menu/ViewMenu.php', 56)
 2 SYSTEMPATH/View/View.php(228): include('/home/satarait/public_html/solapurzp.satarait.com/app/Views/Vendor/Menu/ViewMenu.php')
 3 SYSTEMPATH/View/View.php(231): CodeIgniter\View\View->CodeIgniter\View\{closure}()
 4 SYSTEMPATH/Common.php(1190): CodeIgniter\View\View->render('Vendor/Menu/ViewMenu', [], true)
 5 APPPATH/Controllers/VendorMenuController.php(25): view('Vendor/Menu/ViewMenu')
 6 SYSTEMPATH/CodeIgniter.php(942): App\Controllers\VendorMenuController->ViewMenu()
 7 SYSTEMPATH/CodeIgniter.php(502): CodeIgniter\CodeIgniter->runController(Object(App\Controllers\VendorMenuController))
 8 SYSTEMPATH/CodeIgniter.php(361): CodeIgniter\CodeIgniter->handleRequest(null, Object(Config\Cache), false)
 9 FCPATH/index.php(79): CodeIgniter\CodeIgniter->run()
CRITICAL - 2024-01-19 04:17:34 --> Unmatched '}'
in APPPATH/Views/Vendor/Menu/ViewMenu.php on line 70.
 1 SYSTEMPATH/View/View.php(231): CodeIgniter\View\View->CodeIgniter\View\{closure}()
 2 SYSTEMPATH/Common.php(1190): CodeIgniter\View\View->render('Vendor/Menu/ViewMenu', [], true)
 3 APPPATH/Controllers/VendorMenuController.php(25): view('Vendor/Menu/ViewMenu')
 4 SYSTEMPATH/CodeIgniter.php(942): App\Controllers\VendorMenuController->ViewMenu()
 5 SYSTEMPATH/CodeIgniter.php(502): CodeIgniter\CodeIgniter->runController(Object(App\Controllers\VendorMenuController))
 6 SYSTEMPATH/CodeIgniter.php(361): CodeIgniter\CodeIgniter->handleRequest(null, Object(Config\Cache), false)
 7 FCPATH/index.php(79): CodeIgniter\CodeIgniter->run()
CRITICAL - 2024-01-19 04:17:38 --> Unmatched '}'
in APPPATH/Views/Vendor/Menu/ViewMenu.php on line 70.
 1 SYSTEMPATH/View/View.php(231): CodeIgniter\View\View->CodeIgniter\View\{closure}()
 2 SYSTEMPATH/Common.php(1190): CodeIgniter\View\View->render('Vendor/Menu/ViewMenu', [], true)
 3 APPPATH/Controllers/VendorMenuController.php(25): view('Vendor/Menu/ViewMenu')
 4 SYSTEMPATH/CodeIgniter.php(942): App\Controllers\VendorMenuController->ViewMenu()
 5 SYSTEMPATH/CodeIgniter.php(502): CodeIgniter\CodeIgniter->runController(Object(App\Controllers\VendorMenuController))
 6 SYSTEMPATH/CodeIgniter.php(361): CodeIgniter\CodeIgniter->handleRequest(null, Object(Config\Cache), false)
 7 FCPATH/index.php(79): CodeIgniter\CodeIgniter->run()
CRITICAL - 2024-01-19 04:17:53 --> Undefined variable $list
in APPPATH/Views/Vendor/Menu/ViewMenu.php on line 59.
 1 APPPATH/Views/Vendor/Menu/ViewMenu.php(59): CodeIgniter\Debug\Exceptions->errorHandler(2, 'Undefined variable $list', '/home/satarait/public_html/solapurzp.satarait.com/app/Views/Vendor/Menu/ViewMenu.php', 59)
 2 SYSTEMPATH/View/View.php(228): include('/home/satarait/public_html/solapurzp.satarait.com/app/Views/Vendor/Menu/ViewMenu.php')
 3 SYSTEMPATH/View/View.php(231): CodeIgniter\View\View->CodeIgniter\View\{closure}()
 4 SYSTEMPATH/Common.php(1190): CodeIgniter\View\View->render('Vendor/Menu/ViewMenu', [], true)
 5 APPPATH/Controllers/VendorMenuController.php(25): view('Vendor/Menu/ViewMenu')
 6 SYSTEMPATH/CodeIgniter.php(942): App\Controllers\VendorMenuController->ViewMenu()
 7 SYSTEMPATH/CodeIgniter.php(502): CodeIgniter\CodeIgniter->runController(Object(App\Controllers\VendorMenuController))
 8 SYSTEMPATH/CodeIgniter.php(361): CodeIgniter\CodeIgniter->handleRequest(null, Object(Config\Cache), false)
 9 FCPATH/index.php(79): CodeIgniter\CodeIgniter->run()
CRITICAL - 2024-01-19 04:19:32 --> Undefined variable $MenuList
in APPPATH/Views/Vendor/Menu/ViewMenu.php on line 56.
 1 APPPATH/Views/Vendor/Menu/ViewMenu.php(56): CodeIgniter\Debug\Exceptions->errorHandler(2, 'Undefined variable $MenuList', '/home/satarait/public_html/solapurzp.satarait.com/app/Views/Vendor/Menu/ViewMenu.php', 56)
 2 SYSTEMPATH/View/View.php(228): include('/home/satarait/public_html/solapurzp.satarait.com/app/Views/Vendor/Menu/ViewMenu.php')
 3 SYSTEMPATH/View/View.php(231): CodeIgniter\View\View->CodeIgniter\View\{closure}()
 4 SYSTEMPATH/Common.php(1190): CodeIgniter\View\View->render('Vendor/Menu/ViewMenu', [], true)
 5 APPPATH/Controllers/VendorMenuController.php(25): view('Vendor/Menu/ViewMenu')
 6 SYSTEMPATH/CodeIgniter.php(942): App\Controllers\VendorMenuController->ViewMenu()
 7 SYSTEMPATH/CodeIgniter.php(502): CodeIgniter\CodeIgniter->runController(Object(App\Controllers\VendorMenuController))
 8 SYSTEMPATH/CodeIgniter.php(361): CodeIgniter\CodeIgniter->handleRequest(null, Object(Config\Cache), false)
 9 FCPATH/index.php(79): CodeIgniter\CodeIgniter->run()
CRITICAL - 2024-01-19 04:22:15 --> Undefined variable $MenuList
in APPPATH/Views/Vendor/Menu/ViewMenu.php on line 56.
 1 APPPATH/Views/Vendor/Menu/ViewMenu.php(56): CodeIgniter\Debug\Exceptions->errorHandler(2, 'Undefined variable $MenuList', '/home/satarait/public_html/solapurzp.satarait.com/app/Views/Vendor/Menu/ViewMenu.php', 56)
 2 SYSTEMPATH/View/View.php(228): include('/home/satarait/public_html/solapurzp.satarait.com/app/Views/Vendor/Menu/ViewMenu.php')
 3 SYSTEMPATH/View/View.php(231): CodeIgniter\View\View->CodeIgniter\View\{closure}()
 4 SYSTEMPATH/Common.php(1190): CodeIgniter\View\View->render('Vendor/Menu/ViewMenu', [], true)
 5 APPPATH/Controllers/VendorMenuController.php(25): view('Vendor/Menu/ViewMenu')
 6 SYSTEMPATH/CodeIgniter.php(942): App\Controllers\VendorMenuController->ViewMenu()
 7 SYSTEMPATH/CodeIgniter.php(502): CodeIgniter\CodeIgniter->runController(Object(App\Controllers\VendorMenuController))
 8 SYSTEMPATH/CodeIgniter.php(361): CodeIgniter\CodeIgniter->handleRequest(null, Object(Config\Cache), false)
 9 FCPATH/index.php(79): CodeIgniter\CodeIgniter->run()
CRITICAL - 2024-01-19 04:49:01 --> You must set the database table to be used with your query.
in SYSTEMPATH/Database/BaseConnection.php on line 884.
 1 SYSTEMPATH/Model.php(635): CodeIgniter\Database\BaseConnection->table(null)
 2 SYSTEMPATH/Model.php(863): CodeIgniter\Model->builder()
 3 APPPATH/Controllers/VendorMenuController.php(92): CodeIgniter\Model->__call('insertVendorMenu', [...])
 4 SYSTEMPATH/CodeIgniter.php(942): App\Controllers\VendorMenuController->VendorAddMenuProcess()
 5 SYSTEMPATH/CodeIgniter.php(502): CodeIgniter\CodeIgniter->runController(Object(App\Controllers\VendorMenuController))
 6 SYSTEMPATH/CodeIgniter.php(361): CodeIgniter\CodeIgniter->handleRequest(null, Object(Config\Cache), false)
 7 FCPATH/index.php(79): CodeIgniter\CodeIgniter->run()
CRITICAL - 2024-01-19 05:05:06 --> Invalid file: "Vendor/Menu/ViewMenu.php"
in SYSTEMPATH/Exceptions/FrameworkException.php on line 39.
 1 SYSTEMPATH/View/View.php(216): CodeIgniter\Exceptions\FrameworkException::forInvalidFile('Vendor/Menu/ViewMenu.php')
 2 SYSTEMPATH/Common.php(1190): CodeIgniter\View\View->render('Vendor/Menu/ViewMenu', [], true)
 3 APPPATH/Controllers/VendorMenuController.php(25): view('Vendor/Menu/ViewMenu', [...])
 4 SYSTEMPATH/CodeIgniter.php(942): App\Controllers\VendorMenuController->VendorViewMenu()
 5 SYSTEMPATH/CodeIgniter.php(502): CodeIgniter\CodeIgniter->runController(Object(App\Controllers\VendorMenuController))
 6 SYSTEMPATH/CodeIgniter.php(361): CodeIgniter\CodeIgniter->handleRequest(null, Object(Config\Cache), false)
 7 FCPATH/index.php(79): CodeIgniter\CodeIgniter->run()
CRITICAL - 2024-01-19 05:05:07 --> Invalid file: "Vendor/Menu/ViewMenu.php"
in SYSTEMPATH/Exceptions/FrameworkException.php on line 39.
 1 SYSTEMPATH/View/View.php(216): CodeIgniter\Exceptions\FrameworkException::forInvalidFile('Vendor/Menu/ViewMenu.php')
 2 SYSTEMPATH/Common.php(1190): CodeIgniter\View\View->render('Vendor/Menu/ViewMenu', [], true)
 3 APPPATH/Controllers/VendorMenuController.php(25): view('Vendor/Menu/ViewMenu', [...])
 4 SYSTEMPATH/CodeIgniter.php(942): App\Controllers\VendorMenuController->VendorViewMenu()
 5 SYSTEMPATH/CodeIgniter.php(502): CodeIgniter\CodeIgniter->runController(Object(App\Controllers\VendorMenuController))
 6 SYSTEMPATH/CodeIgniter.php(361): CodeIgniter\CodeIgniter->handleRequest(null, Object(Config\Cache), false)
 7 FCPATH/index.php(79): CodeIgniter\CodeIgniter->run()
CRITICAL - 2024-01-19 05:05:29 --> Invalid file: "Vendor/Menu/ViewMenu.php"
in SYSTEMPATH/Exceptions/FrameworkException.php on line 39.
 1 SYSTEMPATH/View/View.php(216): CodeIgniter\Exceptions\FrameworkException::forInvalidFile('Vendor/Menu/ViewMenu.php')
 2 SYSTEMPATH/Common.php(1190): CodeIgniter\View\View->render('Vendor/Menu/ViewMenu', [], true)
 3 APPPATH/Controllers/VendorMenuController.php(25): view('Vendor/Menu/ViewMenu', [...])
 4 SYSTEMPATH/CodeIgniter.php(942): App\Controllers\VendorMenuController->VendorViewMenu()
 5 SYSTEMPATH/CodeIgniter.php(502): CodeIgniter\CodeIgniter->runController(Object(App\Controllers\VendorMenuController))
 6 SYSTEMPATH/CodeIgniter.php(361): CodeIgniter\CodeIgniter->handleRequest(null, Object(Config\Cache), false)
 7 FCPATH/index.php(79): CodeIgniter\CodeIgniter->run()
CRITICAL - 2024-01-19 05:13:41 --> syntax error, unexpected token "{"
in APPPATH/Views/Vendor/Menu/VendorAddMenu.php on line 28.
 1 SYSTEMPATH/View/View.php(231): CodeIgniter\View\View->CodeIgniter\View\{closure}()
 2 SYSTEMPATH/Common.php(1190): CodeIgniter\View\View->render('Vendor/Menu/VendorAddMenu', [], true)
 3 APPPATH/Controllers/VendorMenuController.php(127): view('Vendor/Menu/VendorAddMenu', [...])
 4 SYSTEMPATH/CodeIgniter.php(942): App\Controllers\VendorMenuController->VendorUpdateMenu()
 5 SYSTEMPATH/CodeIgniter.php(502): CodeIgniter\CodeIgniter->runController(Object(App\Controllers\VendorMenuController))
 6 SYSTEMPATH/CodeIgniter.php(361): CodeIgniter\CodeIgniter->handleRequest(null, Object(Config\Cache), false)
 7 FCPATH/index.php(79): CodeIgniter\CodeIgniter->run()
CRITICAL - 2024-01-19 06:36:43 --> Undefined constant "session"
in APPPATH/Views/Include/header.php on line 2.
 1 SYSTEMPATH/View/View.php(228): include()
 2 SYSTEMPATH/View/View.php(231): CodeIgniter\View\View->CodeIgniter\View\{closure}()
 3 SYSTEMPATH/Common.php(1190): CodeIgniter\View\View->render('Include/header.php', [], true)
 4 APPPATH/Views/Admin/AdminDashboard.php(13): view('Include/header.php')
 5 SYSTEMPATH/View/View.php(228): include('/home/satarait/public_html/solapurzp.satarait.com/app/Views/Admin/AdminDashboard.php')
 6 SYSTEMPATH/View/View.php(231): CodeIgniter\View\View->CodeIgniter\View\{closure}()
 7 SYSTEMPATH/Common.php(1190): CodeIgniter\View\View->render('Admin/AdminDashboard', [], true)
 8 APPPATH/Controllers/DashboardController.php(9): view('Admin/AdminDashboard')
 9 SYSTEMPATH/CodeIgniter.php(942): App\Controllers\DashboardController->AdminDashboard()
10 SYSTEMPATH/CodeIgniter.php(502): CodeIgniter\CodeIgniter->runController(Object(App\Controllers\DashboardController))
11 SYSTEMPATH/CodeIgniter.php(361): CodeIgniter\CodeIgniter->handleRequest(null, Object(Config\Cache), false)
12 FCPATH/index.php(79): CodeIgniter\CodeIgniter->run()
CRITICAL - 2024-01-19 06:37:06 --> Undefined constant "session"
in APPPATH/Views/Include/header.php on line 3.
 1 SYSTEMPATH/View/View.php(228): include()
 2 SYSTEMPATH/View/View.php(231): CodeIgniter\View\View->CodeIgniter\View\{closure}()
 3 SYSTEMPATH/Common.php(1190): CodeIgniter\View\View->render('Include/header.php', [], true)
 4 APPPATH/Views/Admin/AdminDashboard.php(13): view('Include/header.php')
 5 SYSTEMPATH/View/View.php(228): include('/home/satarait/public_html/solapurzp.satarait.com/app/Views/Admin/AdminDashboard.php')
 6 SYSTEMPATH/View/View.php(231): CodeIgniter\View\View->CodeIgniter\View\{closure}()
 7 SYSTEMPATH/Common.php(1190): CodeIgniter\View\View->render('Admin/AdminDashboard', [], true)
 8 APPPATH/Controllers/DashboardController.php(9): view('Admin/AdminDashboard')
 9 SYSTEMPATH/CodeIgniter.php(942): App\Controllers\DashboardController->AdminDashboard()
10 SYSTEMPATH/CodeIgniter.php(502): CodeIgniter\CodeIgniter->runController(Object(App\Controllers\DashboardController))
11 SYSTEMPATH/CodeIgniter.php(361): CodeIgniter\CodeIgniter->handleRequest(null, Object(Config\Cache), false)
12 FCPATH/index.php(79): CodeIgniter\CodeIgniter->run()
CRITICAL - 2024-01-19 06:37:07 --> Undefined constant "session"
in APPPATH/Views/Include/header.php on line 3.
 1 SYSTEMPATH/View/View.php(228): include()
 2 SYSTEMPATH/View/View.php(231): CodeIgniter\View\View->CodeIgniter\View\{closure}()
 3 SYSTEMPATH/Common.php(1190): CodeIgniter\View\View->render('Include/header.php', [], true)
 4 APPPATH/Views/Admin/AdminDashboard.php(13): view('Include/header.php')
 5 SYSTEMPATH/View/View.php(228): include('/home/satarait/public_html/solapurzp.satarait.com/app/Views/Admin/AdminDashboard.php')
 6 SYSTEMPATH/View/View.php(231): CodeIgniter\View\View->CodeIgniter\View\{closure}()
 7 SYSTEMPATH/Common.php(1190): CodeIgniter\View\View->render('Admin/AdminDashboard', [], true)
 8 APPPATH/Controllers/DashboardController.php(9): view('Admin/AdminDashboard')
 9 SYSTEMPATH/CodeIgniter.php(942): App\Controllers\DashboardController->AdminDashboard()
10 SYSTEMPATH/CodeIgniter.php(502): CodeIgniter\CodeIgniter->runController(Object(App\Controllers\DashboardController))
11 SYSTEMPATH/CodeIgniter.php(361): CodeIgniter\CodeIgniter->handleRequest(null, Object(Config\Cache), false)
12 FCPATH/index.php(79): CodeIgniter\CodeIgniter->run()
CRITICAL - 2024-01-19 06:44:36 --> Undefined global variable $_SESSION
in APPPATH/Views/Include/header.php on line 3.
 1 APPPATH/Views/Include/header.php(3): CodeIgniter\Debug\Exceptions->errorHandler(2, 'Undefined global variable $_SESSION', '/home/satarait/public_html/solapurzp.satarait.com/app/Views/Include/header.php', 3)
 2 SYSTEMPATH/View/View.php(228): include('/home/satarait/public_html/solapurzp.satarait.com/app/Views/Include/header.php')
 3 SYSTEMPATH/View/View.php(231): CodeIgniter\View\View->CodeIgniter\View\{closure}()
 4 SYSTEMPATH/Common.php(1190): CodeIgniter\View\View->render('Include/header.php', [], true)
 5 APPPATH/Views/Admin/AdminDashboard.php(13): view('Include/header.php')
 6 SYSTEMPATH/View/View.php(228): include('/home/satarait/public_html/solapurzp.satarait.com/app/Views/Admin/AdminDashboard.php')
 7 SYSTEMPATH/View/View.php(231): CodeIgniter\View\View->CodeIgniter\View\{closure}()
 8 SYSTEMPATH/Common.php(1190): CodeIgniter\View\View->render('Admin/AdminDashboard', [], true)
 9 APPPATH/Controllers/DashboardController.php(9): view('Admin/AdminDashboard')
10 SYSTEMPATH/CodeIgniter.php(942): App\Controllers\DashboardController->AdminDashboard()
11 SYSTEMPATH/CodeIgniter.php(502): CodeIgniter\CodeIgniter->runController(Object(App\Controllers\DashboardController))
12 SYSTEMPATH/CodeIgniter.php(361): CodeIgniter\CodeIgniter->handleRequest(null, Object(Config\Cache), false)
13 FCPATH/index.php(79): CodeIgniter\CodeIgniter->run()
CRITICAL - 2024-01-19 06:51:02 --> Undefined variable $session
in APPPATH/Controllers/Home.php on line 39.
 1 APPPATH/Controllers/Home.php(39): CodeIgniter\Debug\Exceptions->errorHandler(2, 'Undefined variable $session', '/home/satarait/public_html/solapurzp.satarait.com/app/Controllers/Home.php', 39)
 2 SYSTEMPATH/CodeIgniter.php(942): App\Controllers\Home->signIn()
 3 SYSTEMPATH/CodeIgniter.php(502): CodeIgniter\CodeIgniter->runController(Object(App\Controllers\Home))
 4 SYSTEMPATH/CodeIgniter.php(361): CodeIgniter\CodeIgniter->handleRequest(null, Object(Config\Cache), false)
 5 FCPATH/index.php(79): CodeIgniter\CodeIgniter->run()
CRITICAL - 2024-01-19 06:52:13 --> Undefined global variable $_SESSION
in APPPATH/Views/Include/header.php on line 4.
 1 APPPATH/Views/Include/header.php(4): CodeIgniter\Debug\Exceptions->errorHandler(2, 'Undefined global variable $_SESSION', '/home/satarait/public_html/solapurzp.satarait.com/app/Views/Include/header.php', 4)
 2 SYSTEMPATH/View/View.php(228): include('/home/satarait/public_html/solapurzp.satarait.com/app/Views/Include/header.php')
 3 SYSTEMPATH/View/View.php(231): CodeIgniter\View\View->CodeIgniter\View\{closure}()
 4 SYSTEMPATH/Common.php(1190): CodeIgniter\View\View->render('Include/header.php', [], true)
 5 APPPATH/Views/Admin/AdminDashboard.php(13): view('Include/header.php')
 6 SYSTEMPATH/View/View.php(228): include('/home/satarait/public_html/solapurzp.satarait.com/app/Views/Admin/AdminDashboard.php')
 7 SYSTEMPATH/View/View.php(231): CodeIgniter\View\View->CodeIgniter\View\{closure}()
 8 SYSTEMPATH/Common.php(1190): CodeIgniter\View\View->render('Admin/AdminDashboard', [], true)
 9 APPPATH/Controllers/DashboardController.php(9): view('Admin/AdminDashboard')
10 SYSTEMPATH/CodeIgniter.php(942): App\Controllers\DashboardController->AdminDashboard()
11 SYSTEMPATH/CodeIgniter.php(502): CodeIgniter\CodeIgniter->runController(Object(App\Controllers\DashboardController))
12 SYSTEMPATH/CodeIgniter.php(361): CodeIgniter\CodeIgniter->handleRequest(null, Object(Config\Cache), false)
13 FCPATH/index.php(79): CodeIgniter\CodeIgniter->run()
CRITICAL - 2024-01-19 07:09:46 --> Undefined variable $dashboard
in APPPATH/Views/Include/header.php on line 606.
 1 APPPATH/Views/Include/header.php(606): CodeIgniter\Debug\Exceptions->errorHandler(2, 'Undefined variable $dashboard', '/home/satarait/public_html/solapurzp.satarait.com/app/Views/Include/header.php', 606)
 2 SYSTEMPATH/View/View.php(228): include('/home/satarait/public_html/solapurzp.satarait.com/app/Views/Include/header.php')
 3 SYSTEMPATH/View/View.php(231): CodeIgniter\View\View->CodeIgniter\View\{closure}()
 4 SYSTEMPATH/Common.php(1190): CodeIgniter\View\View->render('Include/header.php', [], true)
 5 APPPATH/Views/Admin/AdminDashboard.php(13): view('Include/header.php')
 6 SYSTEMPATH/View/View.php(228): include('/home/satarait/public_html/solapurzp.satarait.com/app/Views/Admin/AdminDashboard.php')
 7 SYSTEMPATH/View/View.php(231): CodeIgniter\View\View->CodeIgniter\View\{closure}()
 8 SYSTEMPATH/Common.php(1190): CodeIgniter\View\View->render('Admin/AdminDashboard', [], true)
 9 APPPATH/Controllers/DashboardController.php(9): view('Admin/AdminDashboard')
10 SYSTEMPATH/CodeIgniter.php(942): App\Controllers\DashboardController->AdminDashboard()
11 SYSTEMPATH/CodeIgniter.php(502): CodeIgniter\CodeIgniter->runController(Object(App\Controllers\DashboardController))
12 SYSTEMPATH/CodeIgniter.php(361): CodeIgniter\CodeIgniter->handleRequest(null, Object(Config\Cache), false)
13 FCPATH/index.php(79): CodeIgniter\CodeIgniter->run()
CRITICAL - 2024-01-19 07:11:36 --> Undefined array key "role"
in APPPATH/Views/Include/header.php on line 6.
 1 APPPATH/Views/Include/header.php(6): CodeIgniter\Debug\Exceptions->errorHandler(2, 'Undefined array key "role"', '/home/satarait/public_html/solapurzp.satarait.com/app/Views/Include/header.php', 6)
 2 SYSTEMPATH/View/View.php(228): include('/home/satarait/public_html/solapurzp.satarait.com/app/Views/Include/header.php')
 3 SYSTEMPATH/View/View.php(231): CodeIgniter\View\View->CodeIgniter\View\{closure}()
 4 SYSTEMPATH/Common.php(1190): CodeIgniter\View\View->render('Include/header.php', [], true)
 5 APPPATH/Views/Admin/Deliveryboy/ViewDeliveryboy.php(19): view('Include/header.php')
 6 SYSTEMPATH/View/View.php(228): include('/home/satarait/public_html/solapurzp.satarait.com/app/Views/Admin/Deliveryboy/ViewDeliveryboy.php')
 7 SYSTEMPATH/View/View.php(231): CodeIgniter\View\View->CodeIgniter\View\{closure}()
 8 SYSTEMPATH/Common.php(1190): CodeIgniter\View\View->render('Admin/Deliveryboy/ViewDeliveryboy', [], true)
 9 APPPATH/Controllers/DeliveryboyController.php(184): view('Admin/Deliveryboy/ViewDeliveryboy', [...])
10 SYSTEMPATH/CodeIgniter.php(942): App\Controllers\DeliveryboyController->ViewDeliveryboy()
11 SYSTEMPATH/CodeIgniter.php(502): CodeIgniter\CodeIgniter->runController(Object(App\Controllers\DeliveryboyController))
12 SYSTEMPATH/CodeIgniter.php(361): CodeIgniter\CodeIgniter->handleRequest(null, Object(Config\Cache), false)
13 FCPATH/index.php(79): CodeIgniter\CodeIgniter->run()
CRITICAL - 2024-01-19 07:11:40 --> Undefined array key "role"
in APPPATH/Views/Include/header.php on line 6.
 1 APPPATH/Views/Include/header.php(6): CodeIgniter\Debug\Exceptions->errorHandler(2, 'Undefined array key "role"', '/home/satarait/public_html/solapurzp.satarait.com/app/Views/Include/header.php', 6)
 2 SYSTEMPATH/View/View.php(228): include('/home/satarait/public_html/solapurzp.satarait.com/app/Views/Include/header.php')
 3 SYSTEMPATH/View/View.php(231): CodeIgniter\View\View->CodeIgniter\View\{closure}()
 4 SYSTEMPATH/Common.php(1190): CodeIgniter\View\View->render('Include/header.php', [], true)
 5 APPPATH/Views/Admin/Deliveryboy/ViewDeliveryboy.php(19): view('Include/header.php')
 6 SYSTEMPATH/View/View.php(228): include('/home/satarait/public_html/solapurzp.satarait.com/app/Views/Admin/Deliveryboy/ViewDeliveryboy.php')
 7 SYSTEMPATH/View/View.php(231): CodeIgniter\View\View->CodeIgniter\View\{closure}()
 8 SYSTEMPATH/Common.php(1190): CodeIgniter\View\View->render('Admin/Deliveryboy/ViewDeliveryboy', [], true)
 9 APPPATH/Controllers/DeliveryboyController.php(184): view('Admin/Deliveryboy/ViewDeliveryboy', [...])
10 SYSTEMPATH/CodeIgniter.php(942): App\Controllers\DeliveryboyController->ViewDeliveryboy()
11 SYSTEMPATH/CodeIgniter.php(502): CodeIgniter\CodeIgniter->runController(Object(App\Controllers\DeliveryboyController))
12 SYSTEMPATH/CodeIgniter.php(361): CodeIgniter\CodeIgniter->handleRequest(null, Object(Config\Cache), false)
13 FCPATH/index.php(79): CodeIgniter\CodeIgniter->run()
CRITICAL - 2024-01-19 07:28:07 --> syntax error, unexpected string content "", expecting "-" or identifier or variable or number
in APPPATH/Models/MenuModel.php on line 29.
 1 SYSTEMPATH/Autoloader/Autoloader.php(291): CodeIgniter\Autoloader\Autoloader->includeFile('/home/satarait/public_html/solapurzp.satarait.com/app/Models/MenuModel.php')
 2 SYSTEMPATH/Autoloader/Autoloader.php(269): CodeIgniter\Autoloader\Autoloader->loadInNamespace('App\\Models\\MenuModel')
 3 APPPATH/Controllers/VendorMenuController.php(23): CodeIgniter\Autoloader\Autoloader->loadClass('App\\Models\\MenuModel')
 4 SYSTEMPATH/CodeIgniter.php(942): App\Controllers\VendorMenuController->VendorViewMenu()
 5 SYSTEMPATH/CodeIgniter.php(502): CodeIgniter\CodeIgniter->runController(Object(App\Controllers\VendorMenuController))
 6 SYSTEMPATH/CodeIgniter.php(361): CodeIgniter\CodeIgniter->handleRequest(null, Object(Config\Cache), false)
 7 FCPATH/index.php(79): CodeIgniter\CodeIgniter->run()
CRITICAL - 2024-01-19 07:54:10 --> The namespace delimiter is a backslash (\), not a slash (/). Route handler: "\App\Controllers\User/RestaurantController::UserRestaurant"
in SYSTEMPATH/Router/Router.php on line 479.
 1 SYSTEMPATH/Router/Router.php(479): CodeIgniter\Router\Exceptions\RouterException::forInvalidControllerName('\\App\\Controllers\\User/RestaurantController::UserRestaurant')
 2 SYSTEMPATH/Router/Router.php(186): CodeIgniter\Router\Router->checkRoutes('UserRestaurant')
 3 SYSTEMPATH/CodeIgniter.php(823): CodeIgniter\Router\Router->handle('UserRestaurant')
 4 SYSTEMPATH/CodeIgniter.php(450): CodeIgniter\CodeIgniter->tryToRouteIt(Object(CodeIgniter\Router\RouteCollection))
 5 SYSTEMPATH/CodeIgniter.php(361): CodeIgniter\CodeIgniter->handleRequest(null, Object(Config\Cache), false)
 6 FCPATH/index.php(79): CodeIgniter\CodeIgniter->run()
CRITICAL - 2024-01-19 07:56:07 --> Class "App\Controllers\User\BaseController" not found
in APPPATH/Controllers/User/RestaurantController.php on line 7.
 1 SYSTEMPATH/Autoloader/Autoloader.php(312): include_once()
 2 SYSTEMPATH/Autoloader/Autoloader.php(291): CodeIgniter\Autoloader\Autoloader->includeFile('/home/satarait/public_html/solapurzp.satarait.com/app/Controllers/User/RestaurantController.php')
 3 SYSTEMPATH/Autoloader/Autoloader.php(269): CodeIgniter\Autoloader\Autoloader->loadInNamespace('App\\Controllers\\User\\RestaurantController')
 4 [internal function]: CodeIgniter\Autoloader\Autoloader->loadClass('App\\Controllers\\User\\RestaurantController')
 5 SYSTEMPATH/CodeIgniter.php(900): class_exists('\\App\\Controllers\\User\\RestaurantController', true)
 6 SYSTEMPATH/CodeIgniter.php(489): CodeIgniter\CodeIgniter->startController()
 7 SYSTEMPATH/CodeIgniter.php(361): CodeIgniter\CodeIgniter->handleRequest(null, Object(Config\Cache), false)
 8 FCPATH/index.php(79): CodeIgniter\CodeIgniter->run()
CRITICAL - 2024-01-19 09:51:43 --> Undefined array key "role"
in APPPATH/Views/Include/header.php on line 6.
 1 APPPATH/Views/Include/header.php(6): CodeIgniter\Debug\Exceptions->errorHandler(2, 'Undefined array key "role"', '/home/satarait/public_html/solapurzp.satarait.com/app/Views/Include/header.php', 6)
 2 SYSTEMPATH/View/View.php(228): include('/home/satarait/public_html/solapurzp.satarait.com/app/Views/Include/header.php')
 3 SYSTEMPATH/View/View.php(231): CodeIgniter\View\View->CodeIgniter\View\{closure}()
 4 SYSTEMPATH/Common.php(1190): CodeIgniter\View\View->render('Include/header.php', [], true)
 5 APPPATH/Views/Admin/Deliveryboy/AddDeliveryboy.php(19): view('Include/header.php')
 6 SYSTEMPATH/View/View.php(228): include('/home/satarait/public_html/solapurzp.satarait.com/app/Views/Admin/Deliveryboy/AddDeliveryboy.php')
 7 SYSTEMPATH/View/View.php(231): CodeIgniter\View\View->CodeIgniter\View\{closure}()
 8 SYSTEMPATH/Common.php(1190): CodeIgniter\View\View->render('Admin/Deliveryboy/AddDeliveryboy', [], true)
 9 APPPATH/Controllers/DeliveryboyController.php(193): view('Admin/Deliveryboy/AddDeliveryboy', [...])
10 SYSTEMPATH/CodeIgniter.php(942): App\Controllers\DeliveryboyController->UpdateDeliveryboy()
11 SYSTEMPATH/CodeIgniter.php(502): CodeIgniter\CodeIgniter->runController(Object(App\Controllers\DeliveryboyController))
12 SYSTEMPATH/CodeIgniter.php(361): CodeIgniter\CodeIgniter->handleRequest(null, Object(Config\Cache), false)
13 FCPATH/index.php(79): CodeIgniter\CodeIgniter->run()
CRITICAL - 2024-01-19 09:51:46 --> Undefined array key "role"
in APPPATH/Views/Include/header.php on line 6.
 1 APPPATH/Views/Include/header.php(6): CodeIgniter\Debug\Exceptions->errorHandler(2, 'Undefined array key "role"', '/home/satarait/public_html/solapurzp.satarait.com/app/Views/Include/header.php', 6)
 2 SYSTEMPATH/View/View.php(228): include('/home/satarait/public_html/solapurzp.satarait.com/app/Views/Include/header.php')
 3 SYSTEMPATH/View/View.php(231): CodeIgniter\View\View->CodeIgniter\View\{closure}()
 4 SYSTEMPATH/Common.php(1190): CodeIgniter\View\View->render('Include/header.php', [], true)
 5 APPPATH/Views/Admin/Deliveryboy/ViewDeliveryboy.php(19): view('Include/header.php')
 6 SYSTEMPATH/View/View.php(228): include('/home/satarait/public_html/solapurzp.satarait.com/app/Views/Admin/Deliveryboy/ViewDeliveryboy.php')
 7 SYSTEMPATH/View/View.php(231): CodeIgniter\View\View->CodeIgniter\View\{closure}()
 8 SYSTEMPATH/Common.php(1190): CodeIgniter\View\View->render('Admin/Deliveryboy/ViewDeliveryboy', [], true)
 9 APPPATH/Controllers/DeliveryboyController.php(184): view('Admin/Deliveryboy/ViewDeliveryboy', [...])
10 SYSTEMPATH/CodeIgniter.php(942): App\Controllers\DeliveryboyController->ViewDeliveryboy()
11 SYSTEMPATH/CodeIgniter.php(502): CodeIgniter\CodeIgniter->runController(Object(App\Controllers\DeliveryboyController))
12 SYSTEMPATH/CodeIgniter.php(361): CodeIgniter\CodeIgniter->handleRequest(null, Object(Config\Cache), false)
13 FCPATH/index.php(79): CodeIgniter\CodeIgniter->run()
CRITICAL - 2024-01-19 09:51:47 --> Undefined array key "role"
in APPPATH/Views/Include/header.php on line 6.
 1 APPPATH/Views/Include/header.php(6): CodeIgniter\Debug\Exceptions->errorHandler(2, 'Undefined array key "role"', '/home/satarait/public_html/solapurzp.satarait.com/app/Views/Include/header.php', 6)
 2 SYSTEMPATH/View/View.php(228): include('/home/satarait/public_html/solapurzp.satarait.com/app/Views/Include/header.php')
 3 SYSTEMPATH/View/View.php(231): CodeIgniter\View\View->CodeIgniter\View\{closure}()
 4 SYSTEMPATH/Common.php(1190): CodeIgniter\View\View->render('Include/header.php', [], true)
 5 APPPATH/Views/Admin/Deliveryboy/AddDeliveryboy.php(19): view('Include/header.php')
 6 SYSTEMPATH/View/View.php(228): include('/home/satarait/public_html/solapurzp.satarait.com/app/Views/Admin/Deliveryboy/AddDeliveryboy.php')
 7 SYSTEMPATH/View/View.php(231): CodeIgniter\View\View->CodeIgniter\View\{closure}()
 8 SYSTEMPATH/Common.php(1190): CodeIgniter\View\View->render('Admin/Deliveryboy/AddDeliveryboy', [], true)
 9 APPPATH/Controllers/DeliveryboyController.php(193): view('Admin/Deliveryboy/AddDeliveryboy', [...])
10 SYSTEMPATH/CodeIgniter.php(942): App\Controllers\DeliveryboyController->UpdateDeliveryboy()
11 SYSTEMPATH/CodeIgniter.php(502): CodeIgniter\CodeIgniter->runController(Object(App\Controllers\DeliveryboyController))
12 SYSTEMPATH/CodeIgniter.php(361): CodeIgniter\CodeIgniter->handleRequest(null, Object(Config\Cache), false)
13 FCPATH/index.php(79): CodeIgniter\CodeIgniter->run()
CRITICAL - 2024-01-19 09:51:48 --> Undefined array key "role"
in APPPATH/Views/Include/header.php on line 6.
 1 APPPATH/Views/Include/header.php(6): CodeIgniter\Debug\Exceptions->errorHandler(2, 'Undefined array key "role"', '/home/satarait/public_html/solapurzp.satarait.com/app/Views/Include/header.php', 6)
 2 SYSTEMPATH/View/View.php(228): include('/home/satarait/public_html/solapurzp.satarait.com/app/Views/Include/header.php')
 3 SYSTEMPATH/View/View.php(231): CodeIgniter\View\View->CodeIgniter\View\{closure}()
 4 SYSTEMPATH/Common.php(1190): CodeIgniter\View\View->render('Include/header.php', [], true)
 5 APPPATH/Views/Admin/Deliveryboy/AddDeliveryboy.php(19): view('Include/header.php')
 6 SYSTEMPATH/View/View.php(228): include('/home/satarait/public_html/solapurzp.satarait.com/app/Views/Admin/Deliveryboy/AddDeliveryboy.php')
 7 SYSTEMPATH/View/View.php(231): CodeIgniter\View\View->CodeIgniter\View\{closure}()
 8 SYSTEMPATH/Common.php(1190): CodeIgniter\View\View->render('Admin/Deliveryboy/AddDeliveryboy', [], true)
 9 APPPATH/Controllers/DeliveryboyController.php(193): view('Admin/Deliveryboy/AddDeliveryboy', [...])
10 SYSTEMPATH/CodeIgniter.php(942): App\Controllers\DeliveryboyController->UpdateDeliveryboy()
11 SYSTEMPATH/CodeIgniter.php(502): CodeIgniter\CodeIgniter->runController(Object(App\Controllers\DeliveryboyController))
12 SYSTEMPATH/CodeIgniter.php(361): CodeIgniter\CodeIgniter->handleRequest(null, Object(Config\Cache), false)
13 FCPATH/index.php(79): CodeIgniter\CodeIgniter->run()
CRITICAL - 2024-01-19 09:51:49 --> Undefined array key "role"
in APPPATH/Views/Include/header.php on line 6.
 1 APPPATH/Views/Include/header.php(6): CodeIgniter\Debug\Exceptions->errorHandler(2, 'Undefined array key "role"', '/home/satarait/public_html/solapurzp.satarait.com/app/Views/Include/header.php', 6)
 2 SYSTEMPATH/View/View.php(228): include('/home/satarait/public_html/solapurzp.satarait.com/app/Views/Include/header.php')
 3 SYSTEMPATH/View/View.php(231): CodeIgniter\View\View->CodeIgniter\View\{closure}()
 4 SYSTEMPATH/Common.php(1190): CodeIgniter\View\View->render('Include/header.php', [], true)
 5 APPPATH/Views/Admin/Deliveryboy/AddDeliveryboy.php(19): view('Include/header.php')
 6 SYSTEMPATH/View/View.php(228): include('/home/satarait/public_html/solapurzp.satarait.com/app/Views/Admin/Deliveryboy/AddDeliveryboy.php')
 7 SYSTEMPATH/View/View.php(231): CodeIgniter\View\View->CodeIgniter\View\{closure}()
 8 SYSTEMPATH/Common.php(1190): CodeIgniter\View\View->render('Admin/Deliveryboy/AddDeliveryboy', [], true)
 9 APPPATH/Controllers/DeliveryboyController.php(193): view('Admin/Deliveryboy/AddDeliveryboy', [...])
10 SYSTEMPATH/CodeIgniter.php(942): App\Controllers\DeliveryboyController->UpdateDeliveryboy()
11 SYSTEMPATH/CodeIgniter.php(502): CodeIgniter\CodeIgniter->runController(Object(App\Controllers\DeliveryboyController))
12 SYSTEMPATH/CodeIgniter.php(361): CodeIgniter\CodeIgniter->handleRequest(null, Object(Config\Cache), false)
13 FCPATH/index.php(79): CodeIgniter\CodeIgniter->run()
CRITICAL - 2024-01-19 09:51:50 --> Undefined array key "role"
in APPPATH/Views/Include/header.php on line 6.
 1 APPPATH/Views/Include/header.php(6): CodeIgniter\Debug\Exceptions->errorHandler(2, 'Undefined array key "role"', '/home/satarait/public_html/solapurzp.satarait.com/app/Views/Include/header.php', 6)
 2 SYSTEMPATH/View/View.php(228): include('/home/satarait/public_html/solapurzp.satarait.com/app/Views/Include/header.php')
 3 SYSTEMPATH/View/View.php(231): CodeIgniter\View\View->CodeIgniter\View\{closure}()
 4 SYSTEMPATH/Common.php(1190): CodeIgniter\View\View->render('Include/header.php', [], true)
 5 APPPATH/Views/Admin/Deliveryboy/AddDeliveryboy.php(19): view('Include/header.php')
 6 SYSTEMPATH/View/View.php(228): include('/home/satarait/public_html/solapurzp.satarait.com/app/Views/Admin/Deliveryboy/AddDeliveryboy.php')
 7 SYSTEMPATH/View/View.php(231): CodeIgniter\View\View->CodeIgniter\View\{closure}()
 8 SYSTEMPATH/Common.php(1190): CodeIgniter\View\View->render('Admin/Deliveryboy/AddDeliveryboy', [], true)
 9 APPPATH/Controllers/DeliveryboyController.php(193): view('Admin/Deliveryboy/AddDeliveryboy', [...])
10 SYSTEMPATH/CodeIgniter.php(942): App\Controllers\DeliveryboyController->UpdateDeliveryboy()
11 SYSTEMPATH/CodeIgniter.php(502): CodeIgniter\CodeIgniter->runController(Object(App\Controllers\DeliveryboyController))
12 SYSTEMPATH/CodeIgniter.php(361): CodeIgniter\CodeIgniter->handleRequest(null, Object(Config\Cache), false)
13 FCPATH/index.php(79): CodeIgniter\CodeIgniter->run()
CRITICAL - 2024-01-19 09:51:50 --> Undefined array key "role"
in APPPATH/Views/Include/header.php on line 6.
 1 APPPATH/Views/Include/header.php(6): CodeIgniter\Debug\Exceptions->errorHandler(2, 'Undefined array key "role"', '/home/satarait/public_html/solapurzp.satarait.com/app/Views/Include/header.php', 6)
 2 SYSTEMPATH/View/View.php(228): include('/home/satarait/public_html/solapurzp.satarait.com/app/Views/Include/header.php')
 3 SYSTEMPATH/View/View.php(231): CodeIgniter\View\View->CodeIgniter\View\{closure}()
 4 SYSTEMPATH/Common.php(1190): CodeIgniter\View\View->render('Include/header.php', [], true)
 5 APPPATH/Views/Admin/Deliveryboy/AddDeliveryboy.php(19): view('Include/header.php')
 6 SYSTEMPATH/View/View.php(228): include('/home/satarait/public_html/solapurzp.satarait.com/app/Views/Admin/Deliveryboy/AddDeliveryboy.php')
 7 SYSTEMPATH/View/View.php(231): CodeIgniter\View\View->CodeIgniter\View\{closure}()
 8 SYSTEMPATH/Common.php(1190): CodeIgniter\View\View->render('Admin/Deliveryboy/AddDeliveryboy', [], true)
 9 APPPATH/Controllers/DeliveryboyController.php(193): view('Admin/Deliveryboy/AddDeliveryboy', [...])
10 SYSTEMPATH/CodeIgniter.php(942): App\Controllers\DeliveryboyController->UpdateDeliveryboy()
11 SYSTEMPATH/CodeIgniter.php(502): CodeIgniter\CodeIgniter->runController(Object(App\Controllers\DeliveryboyController))
12 SYSTEMPATH/CodeIgniter.php(361): CodeIgniter\CodeIgniter->handleRequest(null, Object(Config\Cache), false)
13 FCPATH/index.php(79): CodeIgniter\CodeIgniter->run()
CRITICAL - 2024-01-19 09:51:50 --> Undefined array key "role"
in APPPATH/Views/Include/header.php on line 6.
 1 APPPATH/Views/Include/header.php(6): CodeIgniter\Debug\Exceptions->errorHandler(2, 'Undefined array key "role"', '/home/satarait/public_html/solapurzp.satarait.com/app/Views/Include/header.php', 6)
 2 SYSTEMPATH/View/View.php(228): include('/home/satarait/public_html/solapurzp.satarait.com/app/Views/Include/header.php')
 3 SYSTEMPATH/View/View.php(231): CodeIgniter\View\View->CodeIgniter\View\{closure}()
 4 SYSTEMPATH/Common.php(1190): CodeIgniter\View\View->render('Include/header.php', [], true)
 5 APPPATH/Views/Admin/Deliveryboy/AddDeliveryboy.php(19): view('Include/header.php')
 6 SYSTEMPATH/View/View.php(228): include('/home/satarait/public_html/solapurzp.satarait.com/app/Views/Admin/Deliveryboy/AddDeliveryboy.php')
 7 SYSTEMPATH/View/View.php(231): CodeIgniter\View\View->CodeIgniter\View\{closure}()
 8 SYSTEMPATH/Common.php(1190): CodeIgniter\View\View->render('Admin/Deliveryboy/AddDeliveryboy', [], true)
 9 APPPATH/Controllers/DeliveryboyController.php(193): view('Admin/Deliveryboy/AddDeliveryboy', [...])
10 SYSTEMPATH/CodeIgniter.php(942): App\Controllers\DeliveryboyController->UpdateDeliveryboy()
11 SYSTEMPATH/CodeIgniter.php(502): CodeIgniter\CodeIgniter->runController(Object(App\Controllers\DeliveryboyController))
12 SYSTEMPATH/CodeIgniter.php(361): CodeIgniter\CodeIgniter->handleRequest(null, Object(Config\Cache), false)
13 FCPATH/index.php(79): CodeIgniter\CodeIgniter->run()
CRITICAL - 2024-01-19 09:51:50 --> Undefined array key "role"
in APPPATH/Views/Include/header.php on line 6.
 1 APPPATH/Views/Include/header.php(6): CodeIgniter\Debug\Exceptions->errorHandler(2, 'Undefined array key "role"', '/home/satarait/public_html/solapurzp.satarait.com/app/Views/Include/header.php', 6)
 2 SYSTEMPATH/View/View.php(228): include('/home/satarait/public_html/solapurzp.satarait.com/app/Views/Include/header.php')
 3 SYSTEMPATH/View/View.php(231): CodeIgniter\View\View->CodeIgniter\View\{closure}()
 4 SYSTEMPATH/Common.php(1190): CodeIgniter\View\View->render('Include/header.php', [], true)
 5 APPPATH/Views/Admin/Deliveryboy/AddDeliveryboy.php(19): view('Include/header.php')
 6 SYSTEMPATH/View/View.php(228): include('/home/satarait/public_html/solapurzp.satarait.com/app/Views/Admin/Deliveryboy/AddDeliveryboy.php')
 7 SYSTEMPATH/View/View.php(231): CodeIgniter\View\View->CodeIgniter\View\{closure}()
 8 SYSTEMPATH/Common.php(1190): CodeIgniter\View\View->render('Admin/Deliveryboy/AddDeliveryboy', [], true)
 9 APPPATH/Controllers/DeliveryboyController.php(193): view('Admin/Deliveryboy/AddDeliveryboy', [...])
10 SYSTEMPATH/CodeIgniter.php(942): App\Controllers\DeliveryboyController->UpdateDeliveryboy()
11 SYSTEMPATH/CodeIgniter.php(502): CodeIgniter\CodeIgniter->runController(Object(App\Controllers\DeliveryboyController))
12 SYSTEMPATH/CodeIgniter.php(361): CodeIgniter\CodeIgniter->handleRequest(null, Object(Config\Cache), false)
13 FCPATH/index.php(79): CodeIgniter\CodeIgniter->run()
CRITICAL - 2024-01-19 09:51:51 --> Undefined array key "role"
in APPPATH/Views/Include/header.php on line 6.
 1 APPPATH/Views/Include/header.php(6): CodeIgniter\Debug\Exceptions->errorHandler(2, 'Undefined array key "role"', '/home/satarait/public_html/solapurzp.satarait.com/app/Views/Include/header.php', 6)
 2 SYSTEMPATH/View/View.php(228): include('/home/satarait/public_html/solapurzp.satarait.com/app/Views/Include/header.php')
 3 SYSTEMPATH/View/View.php(231): CodeIgniter\View\View->CodeIgniter\View\{closure}()
 4 SYSTEMPATH/Common.php(1190): CodeIgniter\View\View->render('Include/header.php', [], true)
 5 APPPATH/Views/Admin/Deliveryboy/AddDeliveryboy.php(19): view('Include/header.php')
 6 SYSTEMPATH/View/View.php(228): include('/home/satarait/public_html/solapurzp.satarait.com/app/Views/Admin/Deliveryboy/AddDeliveryboy.php')
 7 SYSTEMPATH/View/View.php(231): CodeIgniter\View\View->CodeIgniter\View\{closure}()
 8 SYSTEMPATH/Common.php(1190): CodeIgniter\View\View->render('Admin/Deliveryboy/AddDeliveryboy', [], true)
 9 APPPATH/Controllers/DeliveryboyController.php(193): view('Admin/Deliveryboy/AddDeliveryboy', [...])
10 SYSTEMPATH/CodeIgniter.php(942): App\Controllers\DeliveryboyController->UpdateDeliveryboy()
11 SYSTEMPATH/CodeIgniter.php(502): CodeIgniter\CodeIgniter->runController(Object(App\Controllers\DeliveryboyController))
12 SYSTEMPATH/CodeIgniter.php(361): CodeIgniter\CodeIgniter->handleRequest(null, Object(Config\Cache), false)
13 FCPATH/index.php(79): CodeIgniter\CodeIgniter->run()
CRITICAL - 2024-01-19 09:51:51 --> Undefined array key "role"
in APPPATH/Views/Include/header.php on line 6.
 1 APPPATH/Views/Include/header.php(6): CodeIgniter\Debug\Exceptions->errorHandler(2, 'Undefined array key "role"', '/home/satarait/public_html/solapurzp.satarait.com/app/Views/Include/header.php', 6)
 2 SYSTEMPATH/View/View.php(228): include('/home/satarait/public_html/solapurzp.satarait.com/app/Views/Include/header.php')
 3 SYSTEMPATH/View/View.php(231): CodeIgniter\View\View->CodeIgniter\View\{closure}()
 4 SYSTEMPATH/Common.php(1190): CodeIgniter\View\View->render('Include/header.php', [], true)
 5 APPPATH/Views/Admin/Deliveryboy/AddDeliveryboy.php(19): view('Include/header.php')
 6 SYSTEMPATH/View/View.php(228): include('/home/satarait/public_html/solapurzp.satarait.com/app/Views/Admin/Deliveryboy/AddDeliveryboy.php')
 7 SYSTEMPATH/View/View.php(231): CodeIgniter\View\View->CodeIgniter\View\{closure}()
 8 SYSTEMPATH/Common.php(1190): CodeIgniter\View\View->render('Admin/Deliveryboy/AddDeliveryboy', [], true)
 9 APPPATH/Controllers/DeliveryboyController.php(193): view('Admin/Deliveryboy/AddDeliveryboy', [...])
10 SYSTEMPATH/CodeIgniter.php(942): App\Controllers\DeliveryboyController->UpdateDeliveryboy()
11 SYSTEMPATH/CodeIgniter.php(502): CodeIgniter\CodeIgniter->runController(Object(App\Controllers\DeliveryboyController))
12 SYSTEMPATH/CodeIgniter.php(361): CodeIgniter\CodeIgniter->handleRequest(null, Object(Config\Cache), false)
13 FCPATH/index.php(79): CodeIgniter\CodeIgniter->run()
CRITICAL - 2024-01-19 09:51:52 --> Undefined array key "role"
in APPPATH/Views/Include/header.php on line 6.
 1 APPPATH/Views/Include/header.php(6): CodeIgniter\Debug\Exceptions->errorHandler(2, 'Undefined array key "role"', '/home/satarait/public_html/solapurzp.satarait.com/app/Views/Include/header.php', 6)
 2 SYSTEMPATH/View/View.php(228): include('/home/satarait/public_html/solapurzp.satarait.com/app/Views/Include/header.php')
 3 SYSTEMPATH/View/View.php(231): CodeIgniter\View\View->CodeIgniter\View\{closure}()
 4 SYSTEMPATH/Common.php(1190): CodeIgniter\View\View->render('Include/header.php', [], true)
 5 APPPATH/Views/Admin/Deliveryboy/AddDeliveryboy.php(19): view('Include/header.php')
 6 SYSTEMPATH/View/View.php(228): include('/home/satarait/public_html/solapurzp.satarait.com/app/Views/Admin/Deliveryboy/AddDeliveryboy.php')
 7 SYSTEMPATH/View/View.php(231): CodeIgniter\View\View->CodeIgniter\View\{closure}()
 8 SYSTEMPATH/Common.php(1190): CodeIgniter\View\View->render('Admin/Deliveryboy/AddDeliveryboy', [], true)
 9 APPPATH/Controllers/DeliveryboyController.php(193): view('Admin/Deliveryboy/AddDeliveryboy', [...])
10 SYSTEMPATH/CodeIgniter.php(942): App\Controllers\DeliveryboyController->UpdateDeliveryboy()
11 SYSTEMPATH/CodeIgniter.php(502): CodeIgniter\CodeIgniter->runController(Object(App\Controllers\DeliveryboyController))
12 SYSTEMPATH/CodeIgniter.php(361): CodeIgniter\CodeIgniter->handleRequest(null, Object(Config\Cache), false)
13 FCPATH/index.php(79): CodeIgniter\CodeIgniter->run()
CRITICAL - 2024-01-19 09:51:53 --> Undefined array key "role"
in APPPATH/Views/Include/header.php on line 6.
 1 APPPATH/Views/Include/header.php(6): CodeIgniter\Debug\Exceptions->errorHandler(2, 'Undefined array key "role"', '/home/satarait/public_html/solapurzp.satarait.com/app/Views/Include/header.php', 6)
 2 SYSTEMPATH/View/View.php(228): include('/home/satarait/public_html/solapurzp.satarait.com/app/Views/Include/header.php')
 3 SYSTEMPATH/View/View.php(231): CodeIgniter\View\View->CodeIgniter\View\{closure}()
 4 SYSTEMPATH/Common.php(1190): CodeIgniter\View\View->render('Include/header.php', [], true)
 5 APPPATH/Views/Admin/Deliveryboy/AddDeliveryboy.php(19): view('Include/header.php')
 6 SYSTEMPATH/View/View.php(228): include('/home/satarait/public_html/solapurzp.satarait.com/app/Views/Admin/Deliveryboy/AddDeliveryboy.php')
 7 SYSTEMPATH/View/View.php(231): CodeIgniter\View\View->CodeIgniter\View\{closure}()
 8 SYSTEMPATH/Common.php(1190): CodeIgniter\View\View->render('Admin/Deliveryboy/AddDeliveryboy', [], true)
 9 APPPATH/Controllers/DeliveryboyController.php(193): view('Admin/Deliveryboy/AddDeliveryboy', [...])
10 SYSTEMPATH/CodeIgniter.php(942): App\Controllers\DeliveryboyController->UpdateDeliveryboy()
11 SYSTEMPATH/CodeIgniter.php(502): CodeIgniter\CodeIgniter->runController(Object(App\Controllers\DeliveryboyController))
12 SYSTEMPATH/CodeIgniter.php(361): CodeIgniter\CodeIgniter->handleRequest(null, Object(Config\Cache), false)
13 FCPATH/index.php(79): CodeIgniter\CodeIgniter->run()
CRITICAL - 2024-01-19 11:06:15 --> Undefined array key "role"
in APPPATH/Views/Include/header.php on line 6.
 1 APPPATH/Views/Include/header.php(6): CodeIgniter\Debug\Exceptions->errorHandler(2, 'Undefined array key "role"', '/home/satarait/public_html/solapurzp.satarait.com/app/Views/Include/header.php', 6)
 2 SYSTEMPATH/View/View.php(228): include('/home/satarait/public_html/solapurzp.satarait.com/app/Views/Include/header.php')
 3 SYSTEMPATH/View/View.php(231): CodeIgniter\View\View->CodeIgniter\View\{closure}()
 4 SYSTEMPATH/Common.php(1190): CodeIgniter\View\View->render('Include/header.php', [], true)
 5 APPPATH/Views/Admin/AdminDashboard.php(13): view('Include/header.php')
 6 SYSTEMPATH/View/View.php(228): include('/home/satarait/public_html/solapurzp.satarait.com/app/Views/Admin/AdminDashboard.php')
 7 SYSTEMPATH/View/View.php(231): CodeIgniter\View\View->CodeIgniter\View\{closure}()
 8 SYSTEMPATH/Common.php(1190): CodeIgniter\View\View->render('Admin/AdminDashboard', [], true)
 9 APPPATH/Controllers/DashboardController.php(9): view('Admin/AdminDashboard')
10 SYSTEMPATH/CodeIgniter.php(942): App\Controllers\DashboardController->AdminDashboard()
11 SYSTEMPATH/CodeIgniter.php(502): CodeIgniter\CodeIgniter->runController(Object(App\Controllers\DashboardController))
12 SYSTEMPATH/CodeIgniter.php(361): CodeIgniter\CodeIgniter->handleRequest(null, Object(Config\Cache), false)
13 FCPATH/index.php(79): CodeIgniter\CodeIgniter->run()
CRITICAL - 2024-01-19 11:06:22 --> Undefined array key "role"
in APPPATH/Views/Include/header.php on line 6.
 1 APPPATH/Views/Include/header.php(6): CodeIgniter\Debug\Exceptions->errorHandler(2, 'Undefined array key "role"', '/home/satarait/public_html/solapurzp.satarait.com/app/Views/Include/header.php', 6)
 2 SYSTEMPATH/View/View.php(228): include('/home/satarait/public_html/solapurzp.satarait.com/app/Views/Include/header.php')
 3 SYSTEMPATH/View/View.php(231): CodeIgniter\View\View->CodeIgniter\View\{closure}()
 4 SYSTEMPATH/Common.php(1190): CodeIgniter\View\View->render('Include/header.php', [], true)
 5 APPPATH/Views/Admin/AdminDashboard.php(13): view('Include/header.php')
 6 SYSTEMPATH/View/View.php(228): include('/home/satarait/public_html/solapurzp.satarait.com/app/Views/Admin/AdminDashboard.php')
 7 SYSTEMPATH/View/View.php(231): CodeIgniter\View\View->CodeIgniter\View\{closure}()
 8 SYSTEMPATH/Common.php(1190): CodeIgniter\View\View->render('Admin/AdminDashboard', [], true)
 9 APPPATH/Controllers/DashboardController.php(9): view('Admin/AdminDashboard')
10 SYSTEMPATH/CodeIgniter.php(942): App\Controllers\DashboardController->AdminDashboard()
11 SYSTEMPATH/CodeIgniter.php(502): CodeIgniter\CodeIgniter->runController(Object(App\Controllers\DashboardController))
12 SYSTEMPATH/CodeIgniter.php(361): CodeIgniter\CodeIgniter->handleRequest(null, Object(Config\Cache), false)
13 FCPATH/index.php(79): CodeIgniter\CodeIgniter->run()
CRITICAL - 2024-01-19 11:06:25 --> Undefined array key "role"
in APPPATH/Views/Include/header.php on line 6.
 1 APPPATH/Views/Include/header.php(6): CodeIgniter\Debug\Exceptions->errorHandler(2, 'Undefined array key "role"', '/home/satarait/public_html/solapurzp.satarait.com/app/Views/Include/header.php', 6)
 2 SYSTEMPATH/View/View.php(228): include('/home/satarait/public_html/solapurzp.satarait.com/app/Views/Include/header.php')
 3 SYSTEMPATH/View/View.php(231): CodeIgniter\View\View->CodeIgniter\View\{closure}()
 4 SYSTEMPATH/Common.php(1190): CodeIgniter\View\View->render('Include/header.php', [], true)
 5 APPPATH/Views/Admin/Vendor/AddVendor.php(19): view('Include/header.php')
 6 SYSTEMPATH/View/View.php(228): include('/home/satarait/public_html/solapurzp.satarait.com/app/Views/Admin/Vendor/AddVendor.php')
 7 SYSTEMPATH/View/View.php(231): CodeIgniter\View\View->CodeIgniter\View\{closure}()
 8 SYSTEMPATH/Common.php(1190): CodeIgniter\View\View->render('Admin/Vendor/AddVendor', [], true)
 9 APPPATH/Controllers/VendorController.php(19): view('Admin/Vendor/AddVendor')
10 SYSTEMPATH/CodeIgniter.php(942): App\Controllers\VendorController->AddVendor()
11 SYSTEMPATH/CodeIgniter.php(502): CodeIgniter\CodeIgniter->runController(Object(App\Controllers\VendorController))
12 SYSTEMPATH/CodeIgniter.php(361): CodeIgniter\CodeIgniter->handleRequest(null, Object(Config\Cache), false)
13 FCPATH/index.php(79): CodeIgniter\CodeIgniter->run()
CRITICAL - 2024-01-19 11:06:28 --> Undefined array key "role"
in APPPATH/Views/Include/header.php on line 6.
 1 APPPATH/Views/Include/header.php(6): CodeIgniter\Debug\Exceptions->errorHandler(2, 'Undefined array key "role"', '/home/satarait/public_html/solapurzp.satarait.com/app/Views/Include/header.php', 6)
 2 SYSTEMPATH/View/View.php(228): include('/home/satarait/public_html/solapurzp.satarait.com/app/Views/Include/header.php')
 3 SYSTEMPATH/View/View.php(231): CodeIgniter\View\View->CodeIgniter\View\{closure}()
 4 SYSTEMPATH/Common.php(1190): CodeIgniter\View\View->render('Include/header.php', [], true)
 5 APPPATH/Views/Admin/Vendor/viewVendor.php(19): view('Include/header.php')
 6 SYSTEMPATH/View/View.php(228): include('/home/satarait/public_html/solapurzp.satarait.com/app/Views/Admin/Vendor/viewVendor.php')
 7 SYSTEMPATH/View/View.php(231): CodeIgniter\View\View->CodeIgniter\View\{closure}()
 8 SYSTEMPATH/Common.php(1190): CodeIgniter\View\View->render('Admin/Vendor/viewVendor', [], true)
 9 APPPATH/Controllers/VendorController.php(14): view('Admin/Vendor/viewVendor', [...])
10 SYSTEMPATH/CodeIgniter.php(942): App\Controllers\VendorController->viewVendor()
11 SYSTEMPATH/CodeIgniter.php(502): CodeIgniter\CodeIgniter->runController(Object(App\Controllers\VendorController))
12 SYSTEMPATH/CodeIgniter.php(361): CodeIgniter\CodeIgniter->handleRequest(null, Object(Config\Cache), false)
13 FCPATH/index.php(79): CodeIgniter\CodeIgniter->run()
CRITICAL - 2024-01-19 11:06:30 --> Undefined array key "role"
in APPPATH/Views/Include/header.php on line 6.
 1 APPPATH/Views/Include/header.php(6): CodeIgniter\Debug\Exceptions->errorHandler(2, 'Undefined array key "role"', '/home/satarait/public_html/solapurzp.satarait.com/app/Views/Include/header.php', 6)
 2 SYSTEMPATH/View/View.php(228): include('/home/satarait/public_html/solapurzp.satarait.com/app/Views/Include/header.php')
 3 SYSTEMPATH/View/View.php(231): CodeIgniter\View\View->CodeIgniter\View\{closure}()
 4 SYSTEMPATH/Common.php(1190): CodeIgniter\View\View->render('Include/header.php', [], true)
 5 APPPATH/Views/Admin/Menu/ViewMenu.php(19): view('Include/header.php')
 6 SYSTEMPATH/View/View.php(228): include('/home/satarait/public_html/solapurzp.satarait.com/app/Views/Admin/Menu/ViewMenu.php')
 7 SYSTEMPATH/View/View.php(231): CodeIgniter\View\View->CodeIgniter\View\{closure}()
 8 SYSTEMPATH/Common.php(1190): CodeIgniter\View\View->render('Admin/Menu/ViewMenu', [], true)
 9 APPPATH/Controllers/MenuController.php(121): view('Admin/Menu/ViewMenu', [...])
10 SYSTEMPATH/CodeIgniter.php(942): App\Controllers\MenuController->ViewMenu()
11 SYSTEMPATH/CodeIgniter.php(502): CodeIgniter\CodeIgniter->runController(Object(App\Controllers\MenuController))
12 SYSTEMPATH/CodeIgniter.php(361): CodeIgniter\CodeIgniter->handleRequest(null, Object(Config\Cache), false)
13 FCPATH/index.php(79): CodeIgniter\CodeIgniter->run()
CRITICAL - 2024-01-19 11:20:04 --> Invalid file: "Login.php"
in SYSTEMPATH/Exceptions/FrameworkException.php on line 39.
 1 SYSTEMPATH/View/View.php(216): CodeIgniter\Exceptions\FrameworkException::forInvalidFile('Login.php')
 2 SYSTEMPATH/Common.php(1190): CodeIgniter\View\View->render('Login', [], true)
 3 APPPATH/Controllers/Home.php(24): view('Login')
 4 SYSTEMPATH/CodeIgniter.php(942): App\Controllers\Home->Login()
 5 SYSTEMPATH/CodeIgniter.php(502): CodeIgniter\CodeIgniter->runController(Object(App\Controllers\Home))
 6 SYSTEMPATH/CodeIgniter.php(361): CodeIgniter\CodeIgniter->handleRequest(null, Object(Config\Cache), false)
 7 FCPATH/index.php(79): CodeIgniter\CodeIgniter->run()
CRITICAL - 2024-01-19 11:48:05 --> Undefined array key "role"
in APPPATH/Views/Include/header.php on line 6.
 1 APPPATH/Views/Include/header.php(6): CodeIgniter\Debug\Exceptions->errorHandler(2, 'Undefined array key "role"', '/home/satarait/public_html/solapurzp.satarait.com/app/Views/Include/header.php', 6)
 2 SYSTEMPATH/View/View.php(228): include('/home/satarait/public_html/solapurzp.satarait.com/app/Views/Include/header.php')
 3 SYSTEMPATH/View/View.php(231): CodeIgniter\View\View->CodeIgniter\View\{closure}()
 4 SYSTEMPATH/Common.php(1190): CodeIgniter\View\View->render('Include/header.php', [], true)
 5 APPPATH/Views/Admin/User/AddUser.php(19): view('Include/header.php')
 6 SYSTEMPATH/View/View.php(228): include('/home/satarait/public_html/solapurzp.satarait.com/app/Views/Admin/User/AddUser.php')
 7 SYSTEMPATH/View/View.php(231): CodeIgniter\View\View->CodeIgniter\View\{closure}()
 8 SYSTEMPATH/Common.php(1190): CodeIgniter\View\View->render('Admin/User/AddUser', [], true)
 9 APPPATH/Controllers/UserController.php(116): view('Admin/User/AddUser', [...])
10 SYSTEMPATH/CodeIgniter.php(942): App\Controllers\UserController->AddUserProcess()
11 SYSTEMPATH/CodeIgniter.php(502): CodeIgniter\CodeIgniter->runController(Object(App\Controllers\UserController))
12 SYSTEMPATH/CodeIgniter.php(361): CodeIgniter\CodeIgniter->handleRequest(null, Object(Config\Cache), false)
13 FCPATH/index.php(79): CodeIgniter\CodeIgniter->run()
CRITICAL - 2024-01-19 12:26:27 --> Undefined variable $MenuD
in APPPATH/Views/index.php on line 357.
 1 APPPATH/Views/index.php(357): CodeIgniter\Debug\Exceptions->errorHandler(2, 'Undefined variable $MenuD', '/home/satarait/public_html/solapurzp.satarait.com/app/Views/index.php', 357)
 2 SYSTEMPATH/View/View.php(228): include('/home/satarait/public_html/solapurzp.satarait.com/app/Views/index.php')
 3 SYSTEMPATH/View/View.php(231): CodeIgniter\View\View->CodeIgniter\View\{closure}()
 4 SYSTEMPATH/Common.php(1190): CodeIgniter\View\View->render('index', [], true)
 5 APPPATH/Controllers/Home.php(19): view('index')
 6 SYSTEMPATH/CodeIgniter.php(942): App\Controllers\Home->index()
 7 SYSTEMPATH/CodeIgniter.php(502): CodeIgniter\CodeIgniter->runController(Object(App\Controllers\Home))
 8 SYSTEMPATH/CodeIgniter.php(361): CodeIgniter\CodeIgniter->handleRequest(null, Object(Config\Cache), false)
 9 FCPATH/index.php(79): CodeIgniter\CodeIgniter->run()
CRITICAL - 2024-01-19 12:28:03 --> Undefined variable $MenuD
in APPPATH/Views/index.php on line 357.
 1 APPPATH/Views/index.php(357): CodeIgniter\Debug\Exceptions->errorHandler(2, 'Undefined variable $MenuD', '/home/satarait/public_html/solapurzp.satarait.com/app/Views/index.php', 357)
 2 SYSTEMPATH/View/View.php(228): include('/home/satarait/public_html/solapurzp.satarait.com/app/Views/index.php')
 3 SYSTEMPATH/View/View.php(231): CodeIgniter\View\View->CodeIgniter\View\{closure}()
 4 SYSTEMPATH/Common.php(1190): CodeIgniter\View\View->render('index', [], true)
 5 APPPATH/Controllers/Home.php(20): view('index')
 6 SYSTEMPATH/CodeIgniter.php(942): App\Controllers\Home->index()
 7 SYSTEMPATH/CodeIgniter.php(502): CodeIgniter\CodeIgniter->runController(Object(App\Controllers\Home))
 8 SYSTEMPATH/CodeIgniter.php(361): CodeIgniter\CodeIgniter->handleRequest(null, Object(Config\Cache), false)
 9 FCPATH/index.php(79): CodeIgniter\CodeIgniter->run()
CRITICAL - 2024-01-19 12:28:38 --> Undefined variable $MenuD
in APPPATH/Views/index.php on line 357.
 1 APPPATH/Views/index.php(357): CodeIgniter\Debug\Exceptions->errorHandler(2, 'Undefined variable $MenuD', '/home/satarait/public_html/solapurzp.satarait.com/app/Views/index.php', 357)
 2 SYSTEMPATH/View/View.php(228): include('/home/satarait/public_html/solapurzp.satarait.com/app/Views/index.php')
 3 SYSTEMPATH/View/View.php(231): CodeIgniter\View\View->CodeIgniter\View\{closure}()
 4 SYSTEMPATH/Common.php(1190): CodeIgniter\View\View->render('index', [], true)
 5 APPPATH/Controllers/Home.php(21): view('index')
 6 SYSTEMPATH/CodeIgniter.php(942): App\Controllers\Home->index()
 7 SYSTEMPATH/CodeIgniter.php(502): CodeIgniter\CodeIgniter->runController(Object(App\Controllers\Home))
 8 SYSTEMPATH/CodeIgniter.php(361): CodeIgniter\CodeIgniter->handleRequest(null, Object(Config\Cache), false)
 9 FCPATH/index.php(79): CodeIgniter\CodeIgniter->run()
CRITICAL - 2024-01-19 12:31:14 --> Undefined array key "image"
in APPPATH/Views/index.php on line 363.
 1 APPPATH/Views/index.php(363): CodeIgniter\Debug\Exceptions->errorHandler(2, 'Undefined array key "image"', '/home/satarait/public_html/solapurzp.satarait.com/app/Views/index.php', 363)
 2 SYSTEMPATH/View/View.php(228): include('/home/satarait/public_html/solapurzp.satarait.com/app/Views/index.php')
 3 SYSTEMPATH/View/View.php(231): CodeIgniter\View\View->CodeIgniter\View\{closure}()
 4 SYSTEMPATH/Common.php(1190): CodeIgniter\View\View->render('index', [], true)
 5 APPPATH/Controllers/Home.php(22): view('index', [...])
 6 SYSTEMPATH/CodeIgniter.php(942): App\Controllers\Home->index()
 7 SYSTEMPATH/CodeIgniter.php(502): CodeIgniter\CodeIgniter->runController(Object(App\Controllers\Home))
 8 SYSTEMPATH/CodeIgniter.php(361): CodeIgniter\CodeIgniter->handleRequest(null, Object(Config\Cache), false)
 9 FCPATH/index.php(79): CodeIgniter\CodeIgniter->run()
CRITICAL - 2024-01-19 12:31:48 --> Undefined array key "image"
in APPPATH/Views/index.php on line 363.
 1 APPPATH/Views/index.php(363): CodeIgniter\Debug\Exceptions->errorHandler(2, 'Undefined array key "image"', '/home/satarait/public_html/solapurzp.satarait.com/app/Views/index.php', 363)
 2 SYSTEMPATH/View/View.php(228): include('/home/satarait/public_html/solapurzp.satarait.com/app/Views/index.php')
 3 SYSTEMPATH/View/View.php(231): CodeIgniter\View\View->CodeIgniter\View\{closure}()
 4 SYSTEMPATH/Common.php(1190): CodeIgniter\View\View->render('index', [], true)
 5 APPPATH/Controllers/Home.php(22): view('index', [...])
 6 SYSTEMPATH/CodeIgniter.php(942): App\Controllers\Home->index()
 7 SYSTEMPATH/CodeIgniter.php(502): CodeIgniter\CodeIgniter->runController(Object(App\Controllers\Home))
 8 SYSTEMPATH/CodeIgniter.php(361): CodeIgniter\CodeIgniter->handleRequest(null, Object(Config\Cache), false)
 9 FCPATH/index.php(79): CodeIgniter\CodeIgniter->run()
